           1           7   704.741943     F  -43.343337576570320       -33.624658318166702        141.72743843876603        2.5405342181187875        5.0647498533185997       0.93133131415927883        1.9698003804586748       0.31460812397356736       0.20398464869020250     
           2           7   723.905518     F  -39.187645323094621       -29.462706068541657        132.51797357867000        2.4650114618020651        5.1426967016551277        1.0049557531555884        1.9132972363155800       0.31063360985997762       0.21249767764142799     
           3           7   723.905518     F  -39.187645323094621       -29.462706068541657        132.51797357867000        2.4650114618020651        5.1426967016551277        1.0049557531555884        1.9132972363155800       0.31063360985997762       0.21249767764142799     
           4           7   1043.56592     F  -39.674555631580674       -29.696440956002697        116.25056876998414        2.4478135421353082        5.9304291582005266       0.61956431181899385        1.5668345435988220       0.33367088257952493       0.21146462703135444     
           5           7   1179.96289     F  -41.336353324589510       -31.566179175816366        107.13851444729157        2.2004075874519402        5.6163493843094798       0.68148117044054279        1.6130018550782965       0.32158234974814554       0.19470543038813165     
           6           7   1070.37793     F  -29.414561931270423       -19.711238981641497        130.83222136690779        2.1736958971052847        5.9903114538620033       0.37008766794219489        1.5293064757872323       0.27798324696543653       0.18602128142715524     
           7           7   1228.53076     F  -25.050310862052569       -15.242357071454423        131.47027818315121        2.0017921759254866        6.3235591165856357       0.11474251196563735        1.2803777910177951       0.29965215066687567       0.16174634541696953     
           8           7   1019.71582     F  -22.260800725960035       -12.561517175461281        142.31432308547406        2.3199013890431521        5.5000110670867732       -6.3216565310516976E-002   1.4898690090364164       0.29306802946366545       0.12497926524285113     
           9           7   1019.71582     F  -22.260800725960035       -12.561517175461281        142.31432308547406        2.3199013890431521        5.5000110670867732       -6.3216565310516976E-002   1.4898690090364164       0.29306802946366545       0.12497926524285113     
          10           7   1019.71582     F  -22.260800725960035       -12.561517175461281        142.31432308547406        2.3199013890431521        5.5000110670867732       -6.3216565310516976E-002   1.4898690090364164       0.29306802946366545       0.12497926524285113     
          11           7   1019.71582     F  -22.260800725960035       -12.561517175461281        142.31432308547406        2.3199013890431521        5.5000110670867732       -6.3216565310516976E-002   1.4898690090364164       0.29306802946366545       0.12497926524285113     
          12           7   1076.83105     F  -15.916493628467389       -4.9443264051367866        187.46305838303232        2.2491580304870453        8.7626654857801665      -0.11105702038123673        1.4040331720998538       0.26076876100594398       0.15111958386510502     
          13           7   1076.83105     F  -15.916493628467389       -4.9443264051367866        187.46305838303232        2.2491580304870453        8.7626654857801665      -0.11105702038123673        1.4040331720998538       0.26076876100594398       0.15111958386510502     
          14           7   1076.83105     F  -15.916493628467389       -4.9443264051367866        187.46305838303232        2.2491580304870453        8.7626654857801665      -0.11105702038123673        1.4040331720998538       0.26076876100594398       0.15111958386510502     
          15           7   1076.83105     F  -15.916493628467389       -4.9443264051367866        187.46305838303232        2.2491580304870453        8.7626654857801665      -0.11105702038123673        1.4040331720998538       0.26076876100594398       0.15111958386510502     
          16           7   1076.83105     F  -15.916493628467389       -4.9443264051367866        187.46305838303232        2.2491580304870453        8.7626654857801665      -0.11105702038123673        1.4040331720998538       0.26076876100594398       0.15111958386510502     
          17           7   1076.83105     F  -15.916493628467389       -4.9443264051367866        187.46305838303232        2.2491580304870453        8.7626654857801665      -0.11105702038123673        1.4040331720998538       0.26076876100594398       0.15111958386510502     
          18           7   1076.83105     F  -15.916493628467389       -4.9443264051367866        187.46305838303232        2.2491580304870453        8.7626654857801665      -0.11105702038123673        1.4040331720998538       0.26076876100594398       0.15111958386510502     
          19           7   1076.83105     F  -15.916493628467389       -4.9443264051367866        187.46305838303232        2.2491580304870453        8.7626654857801665      -0.11105702038123673        1.4040331720998538       0.26076876100594398       0.15111958386510502     
          20           7   1076.83105     F  -15.916493628467389       -4.9443264051367866        187.46305838303232        2.2491580304870453        8.7626654857801665      -0.11105702038123673        1.4040331720998538       0.26076876100594398       0.15111958386510502     
          21           7   1136.64844     F  -16.653434663393345       -4.8041845195591737        209.24068980997725        1.9236234979747346        9.9380621444454125       0.16544008666931118        1.2136080100934739       0.32692769037075947       0.16390447537806399     
          22           7   1136.64844     F  -16.653434663393345       -4.8041845195591737        209.24068980997725        1.9236234979747346        9.9380621444454125       0.16544008666931118        1.2136080100934739       0.32692769037075947       0.16390447537806399     
          23           7   1136.64844     F  -16.653434663393345       -4.8041845195591737        209.24068980997725        1.9236234979747346        9.9380621444454125       0.16544008666931118        1.2136080100934739       0.32692769037075947       0.16390447537806399     
          24           7   1136.64844     F  -16.653434663393345       -4.8041845195591737        209.24068980997725        1.9236234979747346        9.9380621444454125       0.16544008666931118        1.2136080100934739       0.32692769037075947       0.16390447537806399     
          25           7   1136.64844     F  -16.653434663393345       -4.8041845195591737        209.24068980997725        1.9236234979747346        9.9380621444454125       0.16544008666931118        1.2136080100934739       0.32692769037075947       0.16390447537806399     
          26           7   1136.64844     F  -16.653434663393345       -4.8041845195591737        209.24068980997725        1.9236234979747346        9.9380621444454125       0.16544008666931118        1.2136080100934739       0.32692769037075947       0.16390447537806399     
          27           7   1136.64844     F  -16.653434663393345       -4.8041845195591737        209.24068980997725        1.9236234979747346        9.9380621444454125       0.16544008666931118        1.2136080100934739       0.32692769037075947       0.16390447537806399     
          28           7   1136.64844     F  -16.653434663393345       -4.8041845195591737        209.24068980997725        1.9236234979747346        9.9380621444454125       0.16544008666931118        1.2136080100934739       0.32692769037075947       0.16390447537806399     
          29           7   1060.56641     F  -15.360835347683597       -4.3027061150682817        190.26268225744747        2.2629362007780327        8.8635226494675354       -6.6777424660449197E-002   1.4227197924217745       0.25500513687552667       0.13759848162375388     
          30           7   1060.56641     F  -15.360835347683597       -4.3027061150682817        190.26268225744747        2.2629362007780327        8.8635226494675354       -6.6777424660449197E-002   1.4227197924217745       0.25500513687552667       0.13759848162375388     
          31           7   1060.56641     T  -15.360835347683597       -4.3027061150682817        190.26268225744747        2.2629362007780327        8.8635226494675354       -6.6777424660449197E-002   1.4227197924217745       0.25500513687552667       0.13759848162375388     
          32           7   1060.56641     T  -15.360835347683597       -4.3027061150682817        190.26268225744747        2.2629362007780327        8.8635226494675354       -6.6777424660449197E-002   1.4227197924217745       0.25500513687552667       0.13759848162375388     
          33           7   1060.56641     T  -15.360835347683597       -4.3027061150682817        190.26268225744747        2.2629362007780327        8.8635226494675354       -6.6777424660449197E-002   1.4227197924217745       0.25500513687552667       0.13759848162375388     
          34           7   1060.56641     T  -15.360835347683597       -4.3027061150682817        190.26268225744747        2.2629362007780327        8.8635226494675354       -6.6777424660449197E-002   1.4227197924217745       0.25500513687552667       0.13759848162375388     
          35           7   1091.32422     T  -15.578124246353202       -4.3661260738819472        198.86419765742835        2.2490080887003430        9.0504505608880894      -0.20512913673664313        1.2764176368154465       0.25990661144064597       0.14184849451138248     
          36           7   1107.32031     T  -16.073725452384021       -4.9465908931215372        194.83410030067446        2.2377738667871299        8.9329123862651052      -0.22886374337083487        1.2693999005934864       0.26988589893045417       0.15408912354698279     
          37           7   1053.80469     T  -15.616552233267202       -3.4682443984705120        212.74610237474138        1.7666966397235211        6.6218242141543122       -2.9793256499617771E-002   1.4023650885478744       0.15042598262601289       0.34825979855354716     
          38           7   1053.80469     T  -15.616552233267202       -3.4682443984705120        212.74610237474138        1.7666966397235211        6.6218242141543122       -2.9793256499617771E-002   1.4023650885478744       0.15042598262601289       0.34825979855354716     
          39           7   1053.80469     T  -15.616552233267202       -3.4682443984705120        212.74610237474138        1.7666966397235211        6.6218242141543122       -2.9793256499617771E-002   1.4023650885478744       0.15042598262601289       0.34825979855354716     
          40           7   1053.80469     T  -15.616552233267202       -3.4682443984705120        212.74610237474138        1.7666966397235211        6.6218242141543122       -2.9793256499617771E-002   1.4023650885478744       0.15042598262601289       0.34825979855354716     
          41           7   1006.50781     T  -16.328573477761253       -3.8858456865244384        213.91570946994460        1.8077517356769806        6.7384196704429424       -8.6451272156360920E-002   1.3541123662279315       0.15528766524262622       0.38016939401669231     
          42           7   1006.50781     T  -16.328573477761253       -3.8858456865244384        213.91570946994460        1.8077517356769806        6.7384196704429424       -8.6451272156360920E-002   1.3541123662279315       0.15528766524262622       0.38016939401669231     
          43           7   1006.50781     T  -16.328573477761253       -3.8858456865244384        213.91570946994460        1.8077517356769806        6.7384196704429424       -8.6451272156360920E-002   1.3541123662279315       0.15528766524262622       0.38016939401669231     
          44           7   1006.50781     T  -16.328573477761253       -3.8858456865244384        213.91570946994460        1.8077517356769806        6.7384196704429424       -8.6451272156360920E-002   1.3541123662279315       0.15528766524262622       0.38016939401669231     
          45           7   1006.50781     T  -16.328573477761253       -3.8858456865244384        213.91570946994460        1.8077517356769806        6.7384196704429424       -8.6451272156360920E-002   1.3541123662279315       0.15528766524262622       0.38016939401669231     
          46           7   1006.50781     T  -16.328573477761253       -3.8858456865244384        213.91570946994460        1.8077517356769806        6.7384196704429424       -8.6451272156360920E-002   1.3541123662279315       0.15528766524262622       0.38016939401669231     
          47           7   1006.50781     T  -16.328573477761253       -3.8858456865244384        213.91570946994460        1.8077517356769806        6.7384196704429424       -8.6451272156360920E-002   1.3541123662279315       0.15528766524262622       0.38016939401669231     
          48           7   1006.50781     T  -16.328573477761253       -3.8858456865244384        213.91570946994460        1.8077517356769806        6.7384196704429424       -8.6451272156360920E-002   1.3541123662279315       0.15528766524262622       0.38016939401669231     
          49           7   1006.50781     T  -16.328573477761253       -3.8858456865244384        213.91570946994460        1.8077517356769806        6.7384196704429424       -8.6451272156360920E-002   1.3541123662279315       0.15528766524262622       0.38016939401669231     
          50           7   1006.50781     T  -16.328573477761253       -3.8858456865244384        213.91570946994460        1.8077517356769806        6.7384196704429424       -8.6451272156360920E-002   1.3541123662279315       0.15528766524262622       0.38016939401669231     
          51           7   1006.50781     T  -16.328573477761253       -3.8858456865244384        213.91570946994460        1.8077517356769806        6.7384196704429424       -8.6451272156360920E-002   1.3541123662279315       0.15528766524262622       0.38016939401669231     
          52           7   1021.55469     T  -15.733425990250467       -4.7248819626167800        257.70114043606350        1.4912880121726535        3.4810176905034886      -0.30958275691535186        1.1197117377747730       0.21381379087039060       0.26095699593463761     
          53           7   1105.89844     T  -15.181816494140312       -4.1380720989102269        208.83706776960372        2.0067579262597550        6.9406870064614248      -0.30351996555065835        1.3880915347916780       0.21688390920619613       0.25763187826765610     
          54           7   969.195312     T  -14.785688731157991       -4.2799660561502026        188.93729318221966        2.3992778613261092        5.1445897143951518      -0.58599919185867133        1.6057524372958683       0.14825837866403255       0.22814809463859689     
          55           7   969.195312     T  -14.785688731157991       -4.2799660561502026        188.93729318221966        2.3992778613261092        5.1445897143951518      -0.58599919185867133        1.6057524372958683       0.14825837866403255       0.22814809463859689     
          56           7   969.195312     T  -14.785688731157991       -4.2799660561502026        188.93729318221966        2.3992778613261092        5.1445897143951518      -0.58599919185867133        1.6057524372958683       0.14825837866403255       0.22814809463859689     
          57           7   969.195312     T  -14.785688731157991       -4.2799660561502026        188.93729318221966        2.3992778613261092        5.1445897143951518      -0.58599919185867133        1.6057524372958683       0.14825837866403255       0.22814809463859689     
          58           7   969.195312     T  -14.785688731157991       -4.2799660561502026        188.93729318221966        2.3992778613261092        5.1445897143951518      -0.58599919185867133        1.6057524372958683       0.14825837866403255       0.22814809463859689     
          59           7   969.195312     T  -14.785688731157991       -4.2799660561502026        188.93729318221966        2.3992778613261092        5.1445897143951518      -0.58599919185867133        1.6057524372958683       0.14825837866403255       0.22814809463859689     
          60           7   969.195312     T  -14.785688731157991       -4.2799660561502026        188.93729318221966        2.3992778613261092        5.1445897143951518      -0.58599919185867133        1.6057524372958683       0.14825837866403255       0.22814809463859689     
          61           7   1022.42969     T  -15.111179502924731       -4.0669413797581386        197.25017911078044        2.3584142090308640        6.6868063636761734      -0.49665791101040019        1.6085192827005210       0.13587075557871417       0.20290122225371560     
          62           7   1022.42969     T  -15.111179502924731       -4.0669413797581386        197.25017911078044        2.3584142090308640        6.6868063636761734      -0.49665791101040019        1.6085192827005210       0.13587075557871417       0.20290122225371560     
          63           7   1022.42969     T  -15.111179502924731       -4.0669413797581386        197.25017911078044        2.3584142090308640        6.6868063636761734      -0.49665791101040019        1.6085192827005210       0.13587075557871417       0.20290122225371560     
          64           7   1044.91406     T  -17.079131669919878       -4.2644758449726234        172.36730629085400        2.8454414972508140        8.6935181877385901       -1.0537171986620510        1.5018074192561284        9.5399735914386399E-002  0.24820229984024716     
          65           7   1071.88281     T  -17.328963614731478       -4.1922884441562394        184.25371334281533        2.3023373953433111        11.991560839041377      -0.15439423444444569        1.3409412659488158       0.12935248736911462       0.23074054710434075     
          66           7   994.539062     T  -14.789101745463777       -4.3040532040601782        189.74351997865790        2.4004829666948244        5.1539063259685101      -0.58849757196144248        1.5901959117135698       0.14850898050307443       0.22392068861370529     
          67           7   1001.53125     T  -14.694980451314247       -4.1791356316127386        178.41700792911652        2.2654638748138765        6.0494943901668528      -0.33387980952815899        1.6717579893972194       0.15263044802494105       0.21755063812919176     
          68           7   1001.53125     T  -14.694980451314247       -4.1791356316127386        178.41700792911652        2.2654638748138765        6.0494943901668528      -0.33387980952815899        1.6717579893972194       0.15263044802494105       0.21755063812919176     
          69           7   949.140625     T  -14.740955665046794       -4.1879281092433738        178.44530832717473        2.2637377009216011        6.1697429033433195      -0.32378311789218994        1.6640085903647215       0.15242988753899564       0.21742245671041707     
          70           7   949.140625     T  -14.740955665046794       -4.1879281092433738        178.44530832717473        2.2637377009216011        6.1697429033433195      -0.32378311789218994        1.6640085903647215       0.15242988753899564       0.21742245671041707     
          71           7   949.140625     T  -14.740955665046794       -4.1879281092433738        178.44530832717473        2.2637377009216011        6.1697429033433195      -0.32378311789218994        1.6640085903647215       0.15242988753899564       0.21742245671041707     
          72           7   949.140625     T  -14.740955665046794       -4.1879281092433738        178.44530832717473        2.2637377009216011        6.1697429033433195      -0.32378311789218994        1.6640085903647215       0.15242988753899564       0.21742245671041707     
          73           7   1105.17969     T  -15.590084712837037       -4.9504967270764455        241.79672352973486        1.2750920299790003        4.8436927098708509       -6.3873571362827300E-002   1.1508323618133762       0.21573421332532511       0.22794705531012857     
          74           7   1105.17969     T  -15.590084712837037       -4.9504967270764455        241.79672352973486        1.2750920299790003        4.8436927098708509       -6.3873571362827300E-002   1.1508323618133762       0.21573421332532511       0.22794705531012857     
          75           7   1105.17969     T  -15.590084712837037       -4.9504967270764455        241.79672352973486        1.2750920299790003        4.8436927098708509       -6.3873571362827300E-002   1.1508323618133762       0.21573421332532511       0.22794705531012857     
          76           7   1105.17969     T  -15.590084712837037       -4.9504967270764455        241.79672352973486        1.2750920299790003        4.8436927098708509       -6.3873571362827300E-002   1.1508323618133762       0.21573421332532511       0.22794705531012857     
          77           7   1105.17969     T  -15.590084712837037       -4.9504967270764455        241.79672352973486        1.2750920299790003        4.8436927098708509       -6.3873571362827300E-002   1.1508323618133762       0.21573421332532511       0.22794705531012857     
          78           7   1105.17969     T  -15.590084712837037       -4.9504967270764455        241.79672352973486        1.2750920299790003        4.8436927098708509       -6.3873571362827300E-002   1.1508323618133762       0.21573421332532511       0.22794705531012857     
          79           7   1105.17969     T  -15.590084712837037       -4.9504967270764455        241.79672352973486        1.2750920299790003        4.8436927098708509       -6.3873571362827300E-002   1.1508323618133762       0.21573421332532511       0.22794705531012857     
          80           7   1105.17969     T  -15.590084712837037       -4.9504967270764455        241.79672352973486        1.2750920299790003        4.8436927098708509       -6.3873571362827300E-002   1.1508323618133762       0.21573421332532511       0.22794705531012857     
          81           7   1105.17969     T  -15.590084712837037       -4.9504967270764455        241.79672352973486        1.2750920299790003        4.8436927098708509       -6.3873571362827300E-002   1.1508323618133762       0.21573421332532511       0.22794705531012857     
          82           7   1105.17969     T  -15.590084712837037       -4.9504967270764455        241.79672352973486        1.2750920299790003        4.8436927098708509       -6.3873571362827300E-002   1.1508323618133762       0.21573421332532511       0.22794705531012857     
          83           7   1105.17969     T  -15.590084712837037       -4.9504967270764455        241.79672352973486        1.2750920299790003        4.8436927098708509       -6.3873571362827300E-002   1.1508323618133762       0.21573421332532511       0.22794705531012857     
          84           7   905.460938     T  -14.890709742230772       -4.1539693517307272        200.71641927793277        2.0230612243936870        5.0880731285410050       0.35882284069940351        1.4940831147298983       0.14928741180759864       0.24674929904074425     
          85           7   905.460938     T  -14.890709742230772       -4.1539693517307272        200.71641927793277        2.0230612243936870        5.0880731285410050       0.35882284069940351        1.4940831147298983       0.14928741180759864       0.24674929904074425     
          86           7   905.460938     T  -14.890709742230772       -4.1539693517307272        200.71641927793277        2.0230612243936870        5.0880731285410050       0.35882284069940351        1.4940831147298983       0.14928741180759864       0.24674929904074425     
          87           7   905.460938     T  -14.890709742230772       -4.1539693517307272        200.71641927793277        2.0230612243936870        5.0880731285410050       0.35882284069940351        1.4940831147298983       0.14928741180759864       0.24674929904074425     
          88           7   905.460938     T  -14.890709742230772       -4.1539693517307272        200.71641927793277        2.0230612243936870        5.0880731285410050       0.35882284069940351        1.4940831147298983       0.14928741180759864       0.24674929904074425     
          89           7   905.460938     T  -14.890709742230772       -4.1539693517307272        200.71641927793277        2.0230612243936870        5.0880731285410050       0.35882284069940351        1.4940831147298983       0.14928741180759864       0.24674929904074425     
          90           7   905.460938     T  -14.890709742230772       -4.1539693517307272        200.71641927793277        2.0230612243936870        5.0880731285410050       0.35882284069940351        1.4940831147298983       0.14928741180759864       0.24674929904074425     
          91           7   905.460938     T  -14.890709742230772       -4.1539693517307272        200.71641927793277        2.0230612243936870        5.0880731285410050       0.35882284069940351        1.4940831147298983       0.14928741180759864       0.24674929904074425     
          92           7   905.460938     T  -14.890709742230772       -4.1539693517307272        200.71641927793277        2.0230612243936870        5.0880731285410050       0.35882284069940351        1.4940831147298983       0.14928741180759864       0.24674929904074425     
          93           7   830.445312     T  -14.255156143918285       -3.5839138528764263        212.62967659017892        1.6820656314433664        5.8888138804040047       0.61441433424625624        1.8435228418852092       0.14928213522453021       0.13862317004454688     
          94           7   909.710938     T  -14.534095976558845       -3.8195977711722380        206.53059163509604        1.7501259230402328        7.2012054297988461       0.26649698138600075        1.5952313530777655       0.18684531256559173       0.17458384325849627     
          95           7   909.710938     T  -14.534095976558845       -3.8195977711722380        206.53059163509604        1.7501259230402328        7.2012054297988461       0.26649698138600075        1.5952313530777655       0.18684531256559173       0.17458384325849627     
          96           7   909.710938     T  -14.534095976558845       -3.8195977711722380        206.53059163509604        1.7501259230402328        7.2012054297988461       0.26649698138600075        1.5952313530777655       0.18684531256559173       0.17458384325849627     
          97           7   909.710938     T  -14.534095976558845       -3.8195977711722380        206.53059163509604        1.7501259230402328        7.2012054297988461       0.26649698138600075        1.5952313530777655       0.18684531256559173       0.17458384325849627     
          98           7   909.710938     T  -14.534095976558845       -3.8195977711722380        206.53059163509604        1.7501259230402328        7.2012054297988461       0.26649698138600075        1.5952313530777655       0.18684531256559173       0.17458384325849627     
          99           7   909.710938     T  -14.534095976558845       -3.8195977711722380        206.53059163509604        1.7501259230402328        7.2012054297988461       0.26649698138600075        1.5952313530777655       0.18684531256559173       0.17458384325849627     
         100           7   1011.73438     T  -14.200157016455721       -4.3696192559511839        171.48153277352370        1.9266485055012954        5.2018764818577345      -0.92902977295514733        2.1844816649227665       0.21581331878898230       0.11613545097382991     
         101           7   1011.73438     T  -14.200157016455721       -4.3696192559511839        171.48153277352370        1.9266485055012954        5.2018764818577345      -0.92902977295514733        2.1844816649227665       0.21581331878898230       0.11613545097382991     
         102           7   1011.73438     T  -14.200157016455721       -4.3696192559511839        171.48153277352370        1.9266485055012954        5.2018764818577345      -0.92902977295514733        2.1844816649227665       0.21581331878898230       0.11613545097382991     
         103           7   1011.73438     T  -14.200157016455721       -4.3696192559511839        171.48153277352370        1.9266485055012954        5.2018764818577345      -0.92902977295514733        2.1844816649227665       0.21581331878898230       0.11613545097382991     
         104           7   1423.84375     T  -16.672720393572334       -4.6998102074405521        227.67000732538511        1.0108872382016907        8.9989082558042561      -0.71325346244760035        1.9630312085527868       0.30157182525223158       0.10157276910428295     
         105           7   1423.84375     T  -16.672720393572334       -4.6998102074405521        227.67000732538511        1.0108872382016907        8.9989082558042561      -0.71325346244760035        1.9630312085527868       0.30157182525223158       0.10157276910428295     
         106           7   1107.98438     T  -14.756145540676783       -4.8369113003373210        182.28118524722211        1.6028164949690014        2.9797694887916109       -1.8790695835248181        1.8729816263618140       0.30477136576307007       0.18403348575658141     
         107           7   1107.98438     T  -14.756145540676783       -4.8369113003373210        182.28118524722211        1.6028164949690014        2.9797694887916109       -1.8790695835248181        1.8729816263618140       0.30477136576307007       0.18403348575658141     
         108           7   1107.98438     T  -14.756145540676783       -4.8369113003373210        182.28118524722211        1.6028164949690014        2.9797694887916109       -1.8790695835248181        1.8729816263618140       0.30477136576307007       0.18403348575658141     
         109           7   1142.45312     T  -16.105384446381038       -3.9867411573240688        237.58956074790146        1.2571584206277326        10.360585168870953      -0.36097067993175819        1.2261591068220015       0.24043668884739630       0.14479753382972868     
         110           7   1142.45312     T  -16.105384446381038       -3.9867411573240688        237.58956074790146        1.2571584206277326        10.360585168870953      -0.36097067993175819        1.2261591068220015       0.24043668884739630       0.14479753382972868     
         111           7   1307.71875     T  -15.945274374202864       -4.4205212923049961        249.48053915216201       0.84927049163030366        8.2209654458798003      -0.19756073128038043        1.4268017527696446       0.28297269002455233       0.15571349537430051     
         112           7   1307.71875     T  -15.945274374202864       -4.4205212923049961        249.48053915216201       0.84927049163030366        8.2209654458798003      -0.19756073128038043        1.4268017527696446       0.28297269002455233       0.15571349537430051     
         113           7   1307.71875     T  -15.945274374202864       -4.4205212923049961        249.48053915216201       0.84927049163030366        8.2209654458798003      -0.19756073128038043        1.4268017527696446       0.28297269002455233       0.15571349537430051     
         114           7   1261.75000     T  -14.667748410519756       -4.9630188005249476        177.09509974313352       0.63194956026976368        4.4058237283968218      -0.38479211269939828        3.5839724350029361       0.17852305829567305       0.15644705239700948     
         115           7   1261.75000     T  -14.667748410519756       -4.9630188005249476        177.09509974313352       0.63194956026976368        4.4058237283968218      -0.38479211269939828        3.5839724350029361       0.17852305829567305       0.15644705239700948     
         116           7   1261.75000     T  -14.667748410519756       -4.9630188005249476        177.09509974313352       0.63194956026976368        4.4058237283968218      -0.38479211269939828        3.5839724350029361       0.17852305829567305       0.15644705239700948     
         117           7   1503.37500     T  -14.659704115563205       -4.5066619795521063        139.62973865342099       0.41719264803433975        2.2778513928559212       -1.0933114715024705        4.5170741009857069       0.16156264158577277       0.18495440392236612     
         118           7   1503.37500     T  -14.659704115563205       -4.5066619795521063        139.62973865342099       0.41719264803433975        2.2778513928559212       -1.0933114715024705        4.5170741009857069       0.16156264158577277       0.18495440392236612     
         119           7   1503.37500     T  -14.659704115563205       -4.5066619795521063        139.62973865342099       0.41719264803433975        2.2778513928559212       -1.0933114715024705        4.5170741009857069       0.16156264158577277       0.18495440392236612     
         120           7   1503.37500     T  -14.659704115563205       -4.5066619795521063        139.62973865342099       0.41719264803433975        2.2778513928559212       -1.0933114715024705        4.5170741009857069       0.16156264158577277       0.18495440392236612     
         121           7   1503.37500     T  -14.659704115563205       -4.5066619795521063        139.62973865342099       0.41719264803433975        2.2778513928559212       -1.0933114715024705        4.5170741009857069       0.16156264158577277       0.18495440392236612     
         122           7   1503.37500     T  -14.659704115563205       -4.5066619795521063        139.62973865342099       0.41719264803433975        2.2778513928559212       -1.0933114715024705        4.5170741009857069       0.16156264158577277       0.18495440392236612     
         123           7   1503.37500     T  -14.659704115563205       -4.5066619795521063        139.62973865342099       0.41719264803433975        2.2778513928559212       -1.0933114715024705        4.5170741009857069       0.16156264158577277       0.18495440392236612     
         124           7   1503.37500     T  -14.659704115563205       -4.5066619795521063        139.62973865342099       0.41719264803433975        2.2778513928559212       -1.0933114715024705        4.5170741009857069       0.16156264158577277       0.18495440392236612     
         125           7   1503.37500     T  -14.659704115563205       -4.5066619795521063        139.62973865342099       0.41719264803433975        2.2778513928559212       -1.0933114715024705        4.5170741009857069       0.16156264158577277       0.18495440392236612     
         126           7   1503.37500     T  -14.659704115563205       -4.5066619795521063        139.62973865342099       0.41719264803433975        2.2778513928559212       -1.0933114715024705        4.5170741009857069       0.16156264158577277       0.18495440392236612     
         127           7   1503.37500     T  -14.659704115563205       -4.5066619795521063        139.62973865342099       0.41719264803433975        2.2778513928559212       -1.0933114715024705        4.5170741009857069       0.16156264158577277       0.18495440392236612     
         128           7   1503.37500     T  -14.659704115563205       -4.5066619795521063        139.62973865342099       0.41719264803433975        2.2778513928559212       -1.0933114715024705        4.5170741009857069       0.16156264158577277       0.18495440392236612     
         129           7   1503.37500     T  -14.659704115563205       -4.5066619795521063        139.62973865342099       0.41719264803433975        2.2778513928559212       -1.0933114715024705        4.5170741009857069       0.16156264158577277       0.18495440392236612     
         130           7   1503.37500     T  -14.659704115563205       -4.5066619795521063        139.62973865342099       0.41719264803433975        2.2778513928559212       -1.0933114715024705        4.5170741009857069       0.16156264158577277       0.18495440392236612     
         131           7   1503.37500     T  -14.659704115563205       -4.5066619795521063        139.62973865342099       0.41719264803433975        2.2778513928559212       -1.0933114715024705        4.5170741009857069       0.16156264158577277       0.18495440392236612     
         132           7   1503.37500     T  -14.659704115563205       -4.5066619795521063        139.62973865342099       0.41719264803433975        2.2778513928559212       -1.0933114715024705        4.5170741009857069       0.16156264158577277       0.18495440392236612     
         133           7   1503.37500     T  -14.659704115563205       -4.5066619795521063        139.62973865342099       0.41719264803433975        2.2778513928559212       -1.0933114715024705        4.5170741009857069       0.16156264158577277       0.18495440392236612     
         134           7   1503.37500     T  -14.659704115563205       -4.5066619795521063        139.62973865342099       0.41719264803433975        2.2778513928559212       -1.0933114715024705        4.5170741009857069       0.16156264158577277       0.18495440392236612     
         135           7   1071.68750     T  -13.802535986916233       -4.0364355742450213        196.09434122606743        1.5291109822838482        3.7407771455336962       -1.2219644886413128        1.4231021950457985       0.21252366848391921       0.17424830895740837     
         136           7   1071.68750     T  -13.802535986916233       -4.0364355742450213        196.09434122606743        1.5291109822838482        3.7407771455336962       -1.2219644886413128        1.4231021950457985       0.21252366848391921       0.17424830895740837     
         137           7   1071.68750     T  -13.802535986916233       -4.0364355742450213        196.09434122606743        1.5291109822838482        3.7407771455336962       -1.2219644886413128        1.4231021950457985       0.21252366848391921       0.17424830895740837     
         138           7   1071.68750     T  -13.802535986916233       -4.0364355742450213        196.09434122606743        1.5291109822838482        3.7407771455336962       -1.2219644886413128        1.4231021950457985       0.21252366848391921       0.17424830895740837     
         139           7   1071.68750     T  -13.802535986916233       -4.0364355742450213        196.09434122606743        1.5291109822838482        3.7407771455336962       -1.2219644886413128        1.4231021950457985       0.21252366848391921       0.17424830895740837     
         140           7   1071.68750     T  -13.802535986916233       -4.0364355742450213        196.09434122606743        1.5291109822838482        3.7407771455336962       -1.2219644886413128        1.4231021950457985       0.21252366848391921       0.17424830895740837     
         141           7   1071.68750     T  -13.802535986916233       -4.0364355742450213        196.09434122606743        1.5291109822838482        3.7407771455336962       -1.2219644886413128        1.4231021950457985       0.21252366848391921       0.17424830895740837     
         142           7   1071.68750     T  -13.802535986916233       -4.0364355742450213        196.09434122606743        1.5291109822838482        3.7407771455336962       -1.2219644886413128        1.4231021950457985       0.21252366848391921       0.17424830895740837     
         143           7   1329.81250     T  -14.109724004136986       -4.1225243164091321        136.75613704453880       0.44075630562685403        2.4325123274674314       -1.1563966215282719        4.4708113603297193       0.16465740031202572       0.18696727021770349     
         144           7   1329.81250     T  -14.109724004136986       -4.1225243164091321        136.75613704453880       0.44075630562685403        2.4325123274674314       -1.1563966215282719        4.4708113603297193       0.16465740031202572       0.18696727021770349     
         145           7   1329.81250     T  -14.109724004136986       -4.1225243164091321        136.75613704453880       0.44075630562685403        2.4325123274674314       -1.1563966215282719        4.4708113603297193       0.16465740031202572       0.18696727021770349     
         146           7   1329.81250     T  -14.109724004136986       -4.1225243164091321        136.75613704453880       0.44075630562685403        2.4325123274674314       -1.1563966215282719        4.4708113603297193       0.16465740031202572       0.18696727021770349     
         147           7   1329.81250     T  -14.109724004136986       -4.1225243164091321        136.75613704453880       0.44075630562685403        2.4325123274674314       -1.1563966215282719        4.4708113603297193       0.16465740031202572       0.18696727021770349     
         148           7   1329.81250     T  -14.109724004136986       -4.1225243164091321        136.75613704453880       0.44075630562685403        2.4325123274674314       -1.1563966215282719        4.4708113603297193       0.16465740031202572       0.18696727021770349     
         149           7   1329.81250     T  -14.109724004136986       -4.1225243164091321        136.75613704453880       0.44075630562685403        2.4325123274674314       -1.1563966215282719        4.4708113603297193       0.16465740031202572       0.18696727021770349     
         150           7   1329.81250     T  -14.109724004136986       -4.1225243164091321        136.75613704453880       0.44075630562685403        2.4325123274674314       -1.1563966215282719        4.4708113603297193       0.16465740031202572       0.18696727021770349     
         151           7   1329.81250     T  -14.109724004136986       -4.1225243164091321        136.75613704453880       0.44075630562685403        2.4325123274674314       -1.1563966215282719        4.4708113603297193       0.16465740031202572       0.18696727021770349     
         152           7   1329.81250     T  -14.109724004136986       -4.1225243164091321        136.75613704453880       0.44075630562685403        2.4325123274674314       -1.1563966215282719        4.4708113603297193       0.16465740031202572       0.18696727021770349     
         153           7   1329.81250     T  -14.109724004136986       -4.1225243164091321        136.75613704453880       0.44075630562685403        2.4325123274674314       -1.1563966215282719        4.4708113603297193       0.16465740031202572       0.18696727021770349     
         154           7   1329.81250     T  -14.109724004136986       -4.1225243164091321        136.75613704453880       0.44075630562685403        2.4325123274674314       -1.1563966215282719        4.4708113603297193       0.16465740031202572       0.18696727021770349     
         155           7   1329.81250     T  -14.109724004136986       -4.1225243164091321        136.75613704453880       0.44075630562685403        2.4325123274674314       -1.1563966215282719        4.4708113603297193       0.16465740031202572       0.18696727021770349     
         156           7   975.890625     T  -14.007006434619131       -3.6613959875924622        147.50599056116644        1.0217574150221054        4.0611118960133004      -0.40363277501617978        4.6809473855670891       0.11654372453044820       0.19085940128833184     
         157           7   975.890625     T  -14.007006434619131       -3.6613959875924622        147.50599056116644        1.0217574150221054        4.0611118960133004      -0.40363277501617978        4.6809473855670891       0.11654372453044820       0.19085940128833184     
         158           7   975.890625     T  -14.007006434619131       -3.6613959875924622        147.50599056116644        1.0217574150221054        4.0611118960133004      -0.40363277501617978        4.6809473855670891       0.11654372453044820       0.19085940128833184     
         159           7   931.125000     T  -14.025096477509477       -3.6703405972807133        171.08258356879381       0.98494740624398636        4.0840706389534072      -0.57441342941378692        4.5846674166939518       0.12283938728455709       0.18222678343031945     
         160           7   1167.10938     T  -14.157819276347716       -4.1909837427073491        211.05430635739563        1.6037257005572745        3.9728614577214407      -0.94435829008652794        1.4875113714794188       0.20417706586190829       0.18150363921635701     
         161           7   1167.10938     T  -14.157819276347716       -4.1909837427073491        211.05430635739563        1.6037257005572745        3.9728614577214407      -0.94435829008652794        1.4875113714794188       0.20417706586190829       0.18150363921635701     
         162           7   966.890625     T  -13.814888545096661       -3.8378120758488619        211.93045117054965        1.7021681774862931        3.9657732358280930      -0.96634097213851766        1.4919593859355698       0.20389260752846472       0.18144026798149079     
         163           7   966.890625     T  -13.814888545096661       -3.8378120758488619        211.93045117054965        1.7021681774862931        3.9657732358280930      -0.96634097213851766        1.4919593859355698       0.20389260752846472       0.18144026798149079     
         164           7   966.890625     T  -13.814888545096661       -3.8378120758488619        211.93045117054965        1.7021681774862931        3.9657732358280930      -0.96634097213851766        1.4919593859355698       0.20389260752846472       0.18144026798149079     
         165           7   966.890625     T  -13.814888545096661       -3.8378120758488619        211.93045117054965        1.7021681774862931        3.9657732358280930      -0.96634097213851766        1.4919593859355698       0.20389260752846472       0.18144026798149079     
         166           7   802.765625     T  -16.913267824825390       -4.6596478872491964        254.82951900543193        1.7520532714626187        1.9028572717847925       -1.3145223957732668        2.0384469919311394       0.13200562512070016       0.11575214778636182     
         167           7   1289.62500     T  -14.787362100787210       -4.8966371799359845        188.54598450527737        1.1926016440117195        3.7817278649874124      -0.80965684360600276        1.6484167280759128       0.17499379347587810       0.19034370398152531     
         168           7   1289.62500     T  -14.787362100787210       -4.8966371799359845        188.54598450527737        1.1926016440117195        3.7817278649874124      -0.80965684360600276        1.6484167280759128       0.17499379347587810       0.19034370398152531     
         169           7   1289.62500     T  -14.787362100787210       -4.8966371799359845        188.54598450527737        1.1926016440117195        3.7817278649874124      -0.80965684360600276        1.6484167280759128       0.17499379347587810       0.19034370398152531     
         170           7   1289.62500     T  -14.787362100787210       -4.8966371799359845        188.54598450527737        1.1926016440117195        3.7817278649874124      -0.80965684360600276        1.6484167280759128       0.17499379347587810       0.19034370398152531     
         171           7   1289.62500     T  -14.787362100787210       -4.8966371799359845        188.54598450527737        1.1926016440117195        3.7817278649874124      -0.80965684360600276        1.6484167280759128       0.17499379347587810       0.19034370398152531     
         172           7   1289.62500     T  -14.787362100787210       -4.8966371799359845        188.54598450527737        1.1926016440117195        3.7817278649874124      -0.80965684360600276        1.6484167280759128       0.17499379347587810       0.19034370398152531     
         173           7   849.359375     T  -13.599973513290921       -3.2610662790616183        170.05839263934328        1.0550083504081420        4.0931109967888846      -0.55472375356948167        4.7093110457477136       0.12312584793339063       0.18187377888448911     
         174           7   849.359375     T  -13.599973513290921       -3.2610662790616183        170.05839263934328        1.0550083504081420        4.0931109967888846      -0.55472375356948167        4.7093110457477136       0.12312584793339063       0.18187377888448911     
         175           7   849.359375     T  -13.599973513290921       -3.2610662790616183        170.05839263934328        1.0550083504081420        4.0931109967888846      -0.55472375356948167        4.7093110457477136       0.12312584793339063       0.18187377888448911     
         176           7   849.359375     T  -13.599973513290921       -3.2610662790616183        170.05839263934328        1.0550083504081420        4.0931109967888846      -0.55472375356948167        4.7093110457477136       0.12312584793339063       0.18187377888448911     
         177           7   849.359375     T  -13.599973513290921       -3.2610662790616183        170.05839263934328        1.0550083504081420        4.0931109967888846      -0.55472375356948167        4.7093110457477136       0.12312584793339063       0.18187377888448911     
         178           7   849.359375     T  -13.599973513290921       -3.2610662790616183        170.05839263934328        1.0550083504081420        4.0931109967888846      -0.55472375356948167        4.7093110457477136       0.12312584793339063       0.18187377888448911     
         179           7   849.359375     T  -13.599973513290921       -3.2610662790616183        170.05839263934328        1.0550083504081420        4.0931109967888846      -0.55472375356948167        4.7093110457477136       0.12312584793339063       0.18187377888448911     
         180           7   849.359375     T  -13.599973513290921       -3.2610662790616183        170.05839263934328        1.0550083504081420        4.0931109967888846      -0.55472375356948167        4.7093110457477136       0.12312584793339063       0.18187377888448911     
         181           7   978.281250     T  -13.697532191428916       -3.3587961114094655        170.12263398009785        1.0586676499864700        4.0931993348853446      -0.56516742499956663        4.6858481376632977       0.12314977579397916       0.18180176528170786     
         182           7   978.281250     T  -13.697532191428916       -3.3587961114094655        170.12263398009785        1.0586676499864700        4.0931993348853446      -0.56516742499956663        4.6858481376632977       0.12314977579397916       0.18180176528170786     
         183           7   978.281250     T  -13.697532191428916       -3.3587961114094655        170.12263398009785        1.0586676499864700        4.0931993348853446      -0.56516742499956663        4.6858481376632977       0.12314977579397916       0.18180176528170786     
         184           7   978.281250     T  -13.697532191428916       -3.3587961114094655        170.12263398009785        1.0586676499864700        4.0931993348853446      -0.56516742499956663        4.6858481376632977       0.12314977579397916       0.18180176528170786     
         185           7   1129.81250     T  -14.206346284078755       -4.1081293138922037        214.01596060659762        1.1523156590694548        3.8284966593380410      -0.97776341975591918        1.5881172410024156       0.18015956540584549       0.18134129236376723     
         186           7   701.968750     T  -13.915877760736297       -3.8002740158782524        193.15803802007576        1.5133755189103593        4.2509593385018869      -0.75997825042353673        4.5433399425349403       0.15059366338403435       0.17436580059546511     
         187           7   701.968750     T  -13.915877760736297       -3.8002740158782524        193.15803802007576        1.5133755189103593        4.2509593385018869      -0.75997825042353673        4.5433399425349403       0.15059366338403435       0.17436580059546511     
         188           7   701.968750     T  -13.915877760736297       -3.8002740158782524        193.15803802007576        1.5133755189103593        4.2509593385018869      -0.75997825042353673        4.5433399425349403       0.15059366338403435       0.17436580059546511     
         189           7   1179.03125     T  -14.174498000320165       -3.8281213913957988        223.53816071747514        1.6331592711893919        5.6676083787193425       -1.7821839750268496        2.3820353267417507       0.26864532694482290       0.15726362951328299     
         190           7   1179.03125     T  -14.174498000320165       -3.8281213913957988        223.53816071747514        1.6331592711893919        5.6676083787193425       -1.7821839750268496        2.3820353267417507       0.26864532694482290       0.15726362951328299     
         191           7   1179.03125     T  -14.174498000320165       -3.8281213913957988        223.53816071747514        1.6331592711893919        5.6676083787193425       -1.7821839750268496        2.3820353267417507       0.26864532694482290       0.15726362951328299     
         192           7   1179.03125     T  -14.174498000320165       -3.8281213913957988        223.53816071747514        1.6331592711893919        5.6676083787193425       -1.7821839750268496        2.3820353267417507       0.26864532694482290       0.15726362951328299     
         193           7   1179.03125     T  -14.174498000320165       -3.8281213913957988        223.53816071747514        1.6331592711893919        5.6676083787193425       -1.7821839750268496        2.3820353267417507       0.26864532694482290       0.15726362951328299     
         194           7   1179.03125     T  -14.174498000320165       -3.8281213913957988        223.53816071747514        1.6331592711893919        5.6676083787193425       -1.7821839750268496        2.3820353267417507       0.26864532694482290       0.15726362951328299     
         195           7   1179.03125     T  -14.174498000320165       -3.8281213913957988        223.53816071747514        1.6331592711893919        5.6676083787193425       -1.7821839750268496        2.3820353267417507       0.26864532694482290       0.15726362951328299     
         196           7   1179.03125     T  -14.174498000320165       -3.8281213913957988        223.53816071747514        1.6331592711893919        5.6676083787193425       -1.7821839750268496        2.3820353267417507       0.26864532694482290       0.15726362951328299     
         197           7   1179.03125     T  -14.174498000320165       -3.8281213913957988        223.53816071747514        1.6331592711893919        5.6676083787193425       -1.7821839750268496        2.3820353267417507       0.26864532694482290       0.15726362951328299     
         198           7   1179.03125     T  -14.174498000320165       -3.8281213913957988        223.53816071747514        1.6331592711893919        5.6676083787193425       -1.7821839750268496        2.3820353267417507       0.26864532694482290       0.15726362951328299     
         199           7   1179.03125     T  -14.174498000320165       -3.8281213913957988        223.53816071747514        1.6331592711893919        5.6676083787193425       -1.7821839750268496        2.3820353267417507       0.26864532694482290       0.15726362951328299     
         200           7   1179.03125     T  -14.174498000320165       -3.8281213913957988        223.53816071747514        1.6331592711893919        5.6676083787193425       -1.7821839750268496        2.3820353267417507       0.26864532694482290       0.15726362951328299     
         201           7   1179.03125     T  -14.174498000320165       -3.8281213913957988        223.53816071747514        1.6331592711893919        5.6676083787193425       -1.7821839750268496        2.3820353267417507       0.26864532694482290       0.15726362951328299     
         202           7   1179.03125     T  -14.174498000320165       -3.8281213913957988        223.53816071747514        1.6331592711893919        5.6676083787193425       -1.7821839750268496        2.3820353267417507       0.26864532694482290       0.15726362951328299     
         203           7   1088.28125     T  -14.828764345528089       -4.2059182016500829        229.34978922861606        2.0068557000784448        5.1693043964061838       -1.6202152113063182        1.2627432696763312       0.21811307611480399       0.23799850931866573     
         204           7   880.406250     T  -16.008650117153337       -5.4252702908698911        207.65401557792998        2.1423922282468797        6.2948527076905600      -0.95855545936317188        2.1359708231870758       0.25474283040675244       0.22369823384413742     
         205           7   880.406250     T  -16.008650117153337       -5.4252702908698911        207.65401557792998        2.1423922282468797        6.2948527076905600      -0.95855545936317188        2.1359708231870758       0.25474283040675244       0.22369823384413742     
         206           7   766.000000     T  -18.715515710516780       -7.1347823193676527        190.67705291625390        2.5011099924290514        5.8989315557871276      -0.38654210079224055        2.1518614443327797       0.15688507264907822       0.34396112287316888     
         207           7   791.312500     T  -14.227585145207637       -3.9177836871853402        187.95832260259175        1.7881374932665297        5.4008418859611007       -1.3106480148785573        4.0719443764816790       0.16724823555228924       0.21971781901759771     
         208           7   791.312500     T  -14.227585145207637       -3.9177836871853402        187.95832260259175        1.7881374932665297        5.4008418859611007       -1.3106480148785573        4.0719443764816790       0.16724823555228924       0.21971781901759771     
         209           7   791.312500     T  -14.227585145207637       -3.9177836871853402        187.95832260259175        1.7881374932665297        5.4008418859611007       -1.3106480148785573        4.0719443764816790       0.16724823555228924       0.21971781901759771     
         210           7   673.593750     T  -14.798535352988962       -3.6246343660497318        173.15169768482312        2.1274032318077896        4.7324305862792011       -1.5276693874173466        4.8283770901500809       0.10648130138885789       0.23945843818220230     
         211           7   673.593750     T  -14.798535352988962       -3.6246343660497318        173.15169768482312        2.1274032318077896        4.7324305862792011       -1.5276693874173466        4.8283770901500809       0.10648130138885789       0.23945843818220230     
         212           7   673.593750     T  -14.798535352988962       -3.6246343660497318        173.15169768482312        2.1274032318077896        4.7324305862792011       -1.5276693874173466        4.8283770901500809       0.10648130138885789       0.23945843818220230     
         213           7   673.593750     T  -14.798535352988962       -3.6246343660497318        173.15169768482312        2.1274032318077896        4.7324305862792011       -1.5276693874173466        4.8283770901500809       0.10648130138885789       0.23945843818220230     
         214           7   673.593750     T  -14.798535352988962       -3.6246343660497318        173.15169768482312        2.1274032318077896        4.7324305862792011       -1.5276693874173466        4.8283770901500809       0.10648130138885789       0.23945843818220230     
         215           7   673.593750     T  -14.798535352988962       -3.6246343660497318        173.15169768482312        2.1274032318077896        4.7324305862792011       -1.5276693874173466        4.8283770901500809       0.10648130138885789       0.23945843818220230     
         216           7   673.593750     T  -14.798535352988962       -3.6246343660497318        173.15169768482312        2.1274032318077896        4.7324305862792011       -1.5276693874173466        4.8283770901500809       0.10648130138885789       0.23945843818220230     
         217           7   673.593750     T  -14.798535352988962       -3.6246343660497318        173.15169768482312        2.1274032318077896        4.7324305862792011       -1.5276693874173466        4.8283770901500809       0.10648130138885789       0.23945843818220230     
         218           7   703.562500     T  -15.160449335094405       -4.1333594766409396        213.25939551744594        1.8317243643582837        3.7673333295845817       -1.9834419178433489        4.2956904718798103       0.14445581424917711       0.27603408180684791     
         219           7   703.562500     T  -15.160449335094405       -4.1333594766409396        213.25939551744594        1.8317243643582837        3.7673333295845817       -1.9834419178433489        4.2956904718798103       0.14445581424917711       0.27603408180684791     
         220           7   703.562500     T  -15.160449335094405       -4.1333594766409396        213.25939551744594        1.8317243643582837        3.7673333295845817       -1.9834419178433489        4.2956904718798103       0.14445581424917711       0.27603408180684791     
         221           7   703.562500     T  -15.160449335094405       -4.1333594766409396        213.25939551744594        1.8317243643582837        3.7673333295845817       -1.9834419178433489        4.2956904718798103       0.14445581424917711       0.27603408180684791     
         222           7   798.750000     T  -14.703423426254606       -4.6256761770760901        178.95070373072440        1.7118423582782700        4.6611514663953955      -0.22761770733097139        2.5192957183590896       0.18081756520071757       0.10346267319631815     
         223           7   798.750000     T  -14.703423426254606       -4.6256761770760901        178.95070373072440        1.7118423582782700        4.6611514663953955      -0.22761770733097139        2.5192957183590896       0.18081756520071757       0.10346267319631815     
         224           7   798.750000     T  -14.703423426254606       -4.6256761770760901        178.95070373072440        1.7118423582782700        4.6611514663953955      -0.22761770733097139        2.5192957183590896       0.18081756520071757       0.10346267319631815     
         225           7   798.750000     T  -14.703423426254606       -4.6256761770760901        178.95070373072440        1.7118423582782700        4.6611514663953955      -0.22761770733097139        2.5192957183590896       0.18081756520071757       0.10346267319631815     
         226           7   798.750000     T  -14.703423426254606       -4.6256761770760901        178.95070373072440        1.7118423582782700        4.6611514663953955      -0.22761770733097139        2.5192957183590896       0.18081756520071757       0.10346267319631815     
         227           7   801.437500     T  -14.718519052439326       -4.7374130615242249        174.93512631994167        1.7004008571826659        4.6559134450740851      -0.15530032087619516        2.5096196452578590       0.17339508388946573       0.11095512982111068     
         228           7   801.437500     T  -14.718519052439326       -4.7374130615242249        174.93512631994167        1.7004008571826659        4.6559134450740851      -0.15530032087619516        2.5096196452578590       0.17339508388946573       0.11095512982111068     
         229           7   811.562500     T  -15.055059687436749       -5.0808217117787171        174.19643109931118        1.7019157910511939        4.6520171321006547      -0.15793219818450521        2.4689928728741979       0.17334467513516641       0.11094034959640163     
         230           7   811.562500     T  -15.055059687436749       -5.0808217117787171        174.19643109931118        1.7019157910511939        4.6520171321006547      -0.15793219818450521        2.4689928728741979       0.17334467513516641       0.11094034959640163     
         231           7   811.562500     T  -15.055059687436749       -5.0808217117787171        174.19643109931118        1.7019157910511939        4.6520171321006547      -0.15793219818450521        2.4689928728741979       0.17334467513516641       0.11094034959640163     
         232           7   811.562500     T  -15.055059687436749       -5.0808217117787171        174.19643109931118        1.7019157910511939        4.6520171321006547      -0.15793219818450521        2.4689928728741979       0.17334467513516641       0.11094034959640163     
         233           7   814.968750     T  -14.893998908807252       -4.9069863652219494        173.49984846791534        1.7093983035369524        4.6318216251231403      -0.14805126261348603        2.4654949588979447       0.17312173814991427       0.10929990402797247     
         234           7   1122.06250     T  -16.409490211997404       -6.4251848189677556        215.50864572113750        2.4725300723440831        3.9557071598796205      -0.59356752158664206      -0.85751353288914645       0.23807250136048769       0.13299768025559752     
         235           7   1122.06250     T  -16.409490211997404       -6.4251848189677556        215.50864572113750        2.4725300723440831        3.9557071598796205      -0.59356752158664206      -0.85751353288914645       0.23807250136048769       0.13299768025559752     
         236           7   1122.06250     T  -16.409490211997404       -6.4251848189677556        215.50864572113750        2.4725300723440831        3.9557071598796205      -0.59356752158664206      -0.85751353288914645       0.23807250136048769       0.13299768025559752     
         237           7   1049.59375     T  -17.338248974174036       -7.3586462614798194        214.52731080943511        2.5522949916148621        3.9448882466407111      -0.58860660315270652      -0.80197196480054633       0.23807522840163817       0.13166024961385167     
         238           7   999.562500     T  -16.972813596243846       -6.9753186232931821        214.62280377902351        2.5444522218565009        3.9835346408191912      -0.59760217544045824      -0.80906490752837035       0.23502054451514059       0.12862813981700741     
         239           7   999.562500     T  -16.972813596243846       -6.9753186232931821        214.62280377902351        2.5444522218565009        3.9835346408191912      -0.59760217544045824      -0.80906490752837035       0.23502054451514059       0.12862813981700741     
         240           7   999.562500     T  -16.972813596243846       -6.9753186232931821        214.62280377902351        2.5444522218565009        3.9835346408191912      -0.59760217544045824      -0.80906490752837035       0.23502054451514059       0.12862813981700741     
         241           7   959.968750     T  -14.558198414663181       -4.7858917138647739        175.32431563147716        1.1520954753913324        3.7915778915175760      -0.96734280040132326        3.5999659065318328       0.19429413846964022       0.21198880424271399     
         242           7   959.968750     T  -14.558198414663181       -4.7858917138647739        175.32431563147716        1.1520954753913324        3.7915778915175760      -0.96734280040132326        3.5999659065318328       0.19429413846964022       0.21198880424271399     
         243           7   824.343750     T  -14.222819773484858       -4.3488970631721875        178.35193951177115        1.1534974723651410        3.8167968739528755      -0.97286962515804165        3.7491959124264049       0.17736359618615860       0.21024757115902157     
         244           7   837.531250     T  -14.397596608876722       -4.5325603335484193        178.18985101578338        1.1293037218477116        3.8307128975990565       -1.0036857665240699        3.7685191515167946       0.17895356897899400       0.21070100805739489     
         245           7   837.531250     T  -14.397596608876722       -4.5325603335484193        178.18985101578338        1.1293037218477116        3.8307128975990565       -1.0036857665240699        3.7685191515167946       0.17895356897899400       0.21070100805739489     
         246           7   837.531250     T  -14.397596608876722       -4.5325603335484193        178.18985101578338        1.1293037218477116        3.8307128975990565       -1.0036857665240699        3.7685191515167946       0.17895356897899400       0.21070100805739489     
         247           7   837.531250     T  -14.397596608876722       -4.5325603335484193        178.18985101578338        1.1293037218477116        3.8307128975990565       -1.0036857665240699        3.7685191515167946       0.17895356897899400       0.21070100805739489     
         248           7   856.062500     T  -14.277843457799575       -4.4351191189751447        177.44153367478413        1.1442862045056366        3.8233412315433295       -1.0188998640598845        3.8145184222579638       0.17940545589551607       0.20845950873664365     
         249           7   856.062500     T  -14.277843457799575       -4.4351191189751447        177.44153367478413        1.1442862045056366        3.8233412315433295       -1.0188998640598845        3.8145184222579638       0.17940545589551607       0.20845950873664365     
         250           7   856.062500     T  -14.277843457799575       -4.4351191189751447        177.44153367478413        1.1442862045056366        3.8233412315433295       -1.0188998640598845        3.8145184222579638       0.17940545589551607       0.20845950873664365     
         251           7   990.062500     T  -14.932137154874487       -4.7858013128039367        219.36008043950213        1.1750213650149788        3.8004235746048014       -1.5901227159919917        3.6779910242142684       0.28917396336261109       0.18952765603474303     
         252           7   990.062500     T  -14.932137154874487       -4.7858013128039367        219.36008043950213        1.1750213650149788        3.8004235746048014       -1.5901227159919917        3.6779910242142684       0.28917396336261109       0.18952765603474303     
         253           7   990.062500     T  -14.932137154874487       -4.7858013128039367        219.36008043950213        1.1750213650149788        3.8004235746048014       -1.5901227159919917        3.6779910242142684       0.28917396336261109       0.18952765603474303     
         254           7   990.062500     T  -14.932137154874487       -4.7858013128039367        219.36008043950213        1.1750213650149788        3.8004235746048014       -1.5901227159919917        3.6779910242142684       0.28917396336261109       0.18952765603474303     
         255           7   846.218750     T  -14.703614341397316       -4.5574497934811538        219.38978770250000        1.1759170960548797        3.8098068712983775       -1.5894081137075862        3.6653383551984771       0.28900355505714392       0.18958009073757143     
         256           7   846.218750     T  -14.703614341397316       -4.5574497934811538        219.38978770250000        1.1759170960548797        3.8098068712983775       -1.5894081137075862        3.6653383551984771       0.28900355505714392       0.18958009073757143     
         257           7   846.218750     T  -14.703614341397316       -4.5574497934811538        219.38978770250000        1.1759170960548797        3.8098068712983775       -1.5894081137075862        3.6653383551984771       0.28900355505714392       0.18958009073757143     
         258           7   793.593750     T  -14.931073769227503       -4.8002482617019711        219.36839672370755        1.2182586637557327        3.8021473855484609       -1.6230203801180940        3.8273856679305092       0.28477238215399858       0.18880985181848425     
         259           7   793.593750     T  -14.931073769227503       -4.8002482617019711        219.36839672370755        1.2182586637557327        3.8021473855484609       -1.6230203801180940        3.8273856679305092       0.28477238215399858       0.18880985181848425     
         260           7   793.593750     T  -14.931073769227503       -4.8002482617019711        219.36839672370755        1.2182586637557327        3.8021473855484609       -1.6230203801180940        3.8273856679305092       0.28477238215399858       0.18880985181848425     
         261           7   793.593750     T  -14.931073769227503       -4.8002482617019711        219.36839672370755        1.2182586637557327        3.8021473855484609       -1.6230203801180940        3.8273856679305092       0.28477238215399858       0.18880985181848425     
         262           7   1200.03125     T  -14.870786930600927       -4.9958542281560128        195.87337858516091        1.0993139619012473        3.8564232462814769       -1.6798861445454527        3.0915048544554780       0.25158214788722877       0.11884239105637326     
         263           7   1200.03125     T  -14.870786930600927       -4.9958542281560128        195.87337858516091        1.0993139619012473        3.8564232462814769       -1.6798861445454527        3.0915048544554780       0.25158214788722877       0.11884239105637326     
         264           7   1200.03125     T  -14.870786930600927       -4.9958542281560128        195.87337858516091        1.0993139619012473        3.8564232462814769       -1.6798861445454527        3.0915048544554780       0.25158214788722877       0.11884239105637326     
         265           7   1103.28125     T  -14.360068918566009       -4.3264668111341607        194.17551747871022        1.1286273034357217        2.9344312543347861       -1.6758156929985550        3.1801209970117061       0.25111705275792567       0.11702478654347587     
         266           7   1103.28125     T  -14.360068918566009       -4.3264668111341607        194.17551747871022        1.1286273034357217        2.9344312543347861       -1.6758156929985550        3.1801209970117061       0.25111705275792567       0.11702478654347587     
         267           7   1103.28125     T  -14.360068918566009       -4.3264668111341607        194.17551747871022        1.1286273034357217        2.9344312543347861       -1.6758156929985550        3.1801209970117061       0.25111705275792567       0.11702478654347587     
         268           7   1210.90625     T  -14.199506926690475       -4.0954574366543905        196.27504776921151        1.1014903248577770        2.7602273796460906       -1.6510971219534809        3.0742269820949235       0.24906744751462706       0.11985205709452817     
         269           7   1210.90625     T  -14.199506926690475       -4.0954574366543905        196.27504776921151        1.1014903248577770        2.7602273796460906       -1.6510971219534809        3.0742269820949235       0.24906744751462706       0.11985205709452817     
         270           7   1210.90625     T  -14.199506926690475       -4.0954574366543905        196.27504776921151        1.1014903248577770        2.7602273796460906       -1.6510971219534809        3.0742269820949235       0.24906744751462706       0.11985205709452817     
         271           7   1210.90625     T  -14.199506926690475       -4.0954574366543905        196.27504776921151        1.1014903248577770        2.7602273796460906       -1.6510971219534809        3.0742269820949235       0.24906744751462706       0.11985205709452817     
         272           7   1210.90625     T  -14.199506926690475       -4.0954574366543905        196.27504776921151        1.1014903248577770        2.7602273796460906       -1.6510971219534809        3.0742269820949235       0.24906744751462706       0.11985205709452817     
         273           7   1324.84375     T  -14.269230420122542       -4.1654114866741576        196.34894134564237        1.1305537853802390        2.7587767848527376       -1.6501894797422936        3.0551615682628550       0.24859521357570083       0.11999631474775274     
         274           7   1324.84375     T  -14.269230420122542       -4.1654114866741576        196.34894134564237        1.1305537853802390        2.7587767848527376       -1.6501894797422936        3.0551615682628550       0.24859521357570083       0.11999631474775274     
         275           7   1324.84375     T  -14.269230420122542       -4.1654114866741576        196.34894134564237        1.1305537853802390        2.7587767848527376       -1.6501894797422936        3.0551615682628550       0.24859521357570083       0.11999631474775274     
         276           7   946.656250     T  -14.166201900597891       -3.9901451356698727        195.89362233336274        1.2797666433291732        2.7656098310077417       -1.6464330289308129        3.1835644374627909       0.24599484350083448       0.11188416354899233     
         277           7   946.656250     T  -14.166201900597891       -3.9901451356698727        195.89362233336274        1.2797666433291732        2.7656098310077417       -1.6464330289308129        3.1835644374627909       0.24599484350083448       0.11188416354899233     
         278           7   1185.96875     T  -14.203075984940558       -4.0484089984490437        195.74976200652850        1.2405659532439626        2.7717000737997841       -1.6322963618893849        3.0254184238583375       0.25735323450246578       0.11456823298951140     
         279           7   1185.96875     T  -14.203075984940558       -4.0484089984490437        195.74976200652850        1.2405659532439626        2.7717000737997841       -1.6322963618893849        3.0254184238583375       0.25735323450246578       0.11456823298951140     
         280           7   1185.96875     T  -14.203075984940558       -4.0484089984490437        195.74976200652850        1.2405659532439626        2.7717000737997841       -1.6322963618893849        3.0254184238583375       0.25735323450246578       0.11456823298951140     
         281           7   1185.96875     T  -14.203075984940558       -4.0484089984490437        195.74976200652850        1.2405659532439626        2.7717000737997841       -1.6322963618893849        3.0254184238583375       0.25735323450246578       0.11456823298951140     
         282           7   1185.96875     T  -14.203075984940558       -4.0484089984490437        195.74976200652850        1.2405659532439626        2.7717000737997841       -1.6322963618893849        3.0254184238583375       0.25735323450246578       0.11456823298951140     
         283           7   952.093750     T  -15.430223025577769       -4.7787779644281887        203.81588229041844        1.7059169829095873        2.8224971808946409      -0.72797832375302318        1.2086699627088973       0.13282456302427406       0.16256113921656556     
         284           7   1015.65625     T  -14.572359022800244       -4.3182363197438374        207.27273493740563        1.7750548394247765        3.5416963785828579      -0.71492828408089115        1.2482409299182322       0.15017856937465293       0.16350194980387631     
         285           7   1015.65625     T  -14.572359022800244       -4.3182363197438374        207.27273493740563        1.7750548394247765        3.5416963785828579      -0.71492828408089115        1.2482409299182322       0.15017856937465293       0.16350194980387631     
         286           7   1015.65625     T  -14.572359022800244       -4.3182363197438374        207.27273493740563        1.7750548394247765        3.5416963785828579      -0.71492828408089115        1.2482409299182322       0.15017856937465293       0.16350194980387631     
         287           7   1015.65625     T  -14.572359022800244       -4.3182363197438374        207.27273493740563        1.7750548394247765        3.5416963785828579      -0.71492828408089115        1.2482409299182322       0.15017856937465293       0.16350194980387631     
         288           7   937.031250     T  -14.407618970163380       -3.9764557232412221        212.24922888756890        1.7222198326626834        2.9124228533507761      -0.55742289771381415        1.4045089605171410       0.15262488029246862       0.16242091912538986     
         289           7   937.031250     T  -14.407618970163380       -3.9764557232412221        212.24922888756890        1.7222198326626834        2.9124228533507761      -0.55742289771381415        1.4045089605171410       0.15262488029246862       0.16242091912538986     
         290           7   937.031250     T  -14.407618970163380       -3.9764557232412221        212.24922888756890        1.7222198326626834        2.9124228533507761      -0.55742289771381415        1.4045089605171410       0.15262488029246862       0.16242091912538986     
         291           7   1047.03125     T  -14.291089912353993       -3.9190581283859798        212.12291111309500        1.7171437056925321        2.8805850308810643      -0.55777673694787355        1.3961571098424816       0.15951559320184766       0.16297022612455367     
         292           7   1047.03125     T  -14.291089912353993       -3.9190581283859798        212.12291111309500        1.7171437056925321        2.8805850308810643      -0.55777673694787355        1.3961571098424816       0.15951559320184766       0.16297022612455367     
         293           7   1065.71875     T  -14.286589686063675       -3.9080530761269894        212.18228159182786        1.7187695035285424        2.7313512801863449      -0.55714933222062135        1.2863241174007627       0.16675938045322436       0.16286497246339574     
         294           7   1065.71875     T  -14.286589686063675       -3.9080530761269894        212.18228159182786        1.7187695035285424        2.7313512801863449      -0.55714933222062135        1.2863241174007627       0.16675938045322436       0.16286497246339574     
         295           7   1065.71875     T  -14.286589686063675       -3.9080530761269894        212.18228159182786        1.7187695035285424        2.7313512801863449      -0.55714933222062135        1.2863241174007627       0.16675938045322436       0.16286497246339574     
         296           7   1070.59375     T  -14.367314411371822       -3.9912743282047156        211.19148240862646        1.7302652902150502        2.5595986933951189      -0.57023005667627058        1.0231455831646525       0.18036109906143147       0.16416017508428052     
