           1          10   699.356018     F  -35.254649310422522       -25.595760639661478        140.01098194065770        2.4440211308490496        5.3691836264805843       0.95371358695912067        1.9255653150096665       0.26155272050288553       0.20994585783977388     
           2          10   751.522339     F  -25.956117675840247       -16.048351240037928        150.46650144277075        2.3963416428709428        5.4985458614481715       0.80372207199783074        1.7247040083407956       0.29558266819968948       0.22146292334898987     
           3          10   751.522339     F  -25.956117675840247       -16.048351240037928        150.46650144277075        2.3963416428709428        5.4985458614481715       0.80372207199783074        1.7247040083407956       0.29558266819968948       0.22146292334898987     
           4          10   829.310303     F  -19.185919513856696       -9.1471661000902387        161.79834426430796        2.2587244360876078        5.8440814263148209       0.62554581196528258        1.6759527924637350       0.28505527472618014       0.21937885455434075     
           5          10   829.310303     F  -19.185919513856696       -9.1471661000902387        161.79834426430796        2.2587244360876078        5.8440814263148209       0.62554581196528258        1.6759527924637350       0.28505527472618014       0.21937885455434075     
           6          10   829.310303     F  -19.185919513856696       -9.1471661000902387        161.79834426430796        2.2587244360876078        5.8440814263148209       0.62554581196528258        1.6759527924637350       0.28505527472618014       0.21937885455434075     
           7          10   829.310303     F  -19.185919513856696       -9.1471661000902387        161.79834426430796        2.2587244360876078        5.8440814263148209       0.62554581196528258        1.6759527924637350       0.28505527472618014       0.21937885455434075     
           8          10   829.310303     F  -19.185919513856696       -9.1471661000902387        161.79834426430796        2.2587244360876078        5.8440814263148209       0.62554581196528258        1.6759527924637350       0.28505527472618014       0.21937885455434075     
           9          10   1187.68848     F  -18.541447922254584       -8.5918882795672094        158.66232110215898        1.9582985794492471        6.3466694348103392      -0.48506948467121075        1.0426536669498514       0.29114715555029130       0.14829801744297758     
          10          10   1181.47461     F  -16.809817355443386       -5.3285636775774776        181.26309428965931        1.8898044803054344        8.8287985104964637      -0.69431676969872202        1.1119363686487214       0.17760466831997129       0.24650912212296791     
          11          10   1116.99023     F  -15.643840403685001       -3.6589952823016931        225.77416447017444        1.4669203292536417        8.1779158343961171       -1.0712576585265559       0.73597000836732129       0.16934565673287830       0.27242389477646667     
          12          10   1116.99023     F  -15.643840403685001       -3.6589952823016931        225.77416447017444        1.4669203292536417        8.1779158343961171       -1.0712576585265559       0.73597000836732129       0.16934565673287830       0.27242389477646667     
          13          10   1116.99023     F  -15.643840403685001       -3.6589952823016931        225.77416447017444        1.4669203292536417        8.1779158343961171       -1.0712576585265559       0.73597000836732129       0.16934565673287830       0.27242389477646667     
          14          10   1116.99023     F  -15.643840403685001       -3.6589952823016931        225.77416447017444        1.4669203292536417        8.1779158343961171       -1.0712576585265559       0.73597000836732129       0.16934565673287830       0.27242389477646667     
          15          10   1206.02344     F  -18.218422889688284       -3.9760251786673084        271.04870086607229        1.3968261866420040        11.184637870238767       -1.1308143096054353       0.65178373963080793       0.13745518520091632       0.29929230202200863     
          16          10   1206.02344     F  -18.218422889688284       -3.9760251786673084        271.04870086607229        1.3968261866420040        11.184637870238767       -1.1308143096054353       0.65178373963080793       0.13745518520091632       0.29929230202200863     
          17          10   1206.02344     F  -18.218422889688284       -3.9760251786673084        271.04870086607229        1.3968261866420040        11.184637870238767       -1.1308143096054353       0.65178373963080793       0.13745518520091632       0.29929230202200863     
          18          10   1206.02344     F  -18.218422889688284       -3.9760251786673084        271.04870086607229        1.3968261866420040        11.184637870238767       -1.1308143096054353       0.65178373963080793       0.13745518520091632       0.29929230202200863     
          19          10   1216.93555     F  -18.265980717863815       -3.9790138614387440        270.85711440506611        1.3876199107417682        11.145915083248298       -1.1449127823708347       0.64839542770542513       0.13720441096860109       0.30586347424821997     
          20          10   1263.05664     F  -18.301513469551466       -4.7801472447436657        253.39938661091733        1.8208197130693238        12.406235948286874      -0.51162303802216869       0.83428515072097453       0.33786644650513686       0.11525547340250035     
          21          10   1190.92578     F  -18.250224808841836       -4.8145857157518170        252.35388894960704        1.8348730897225618        12.377848685400403      -0.52320169912592085       0.83233450563966593       0.33807179916299562       0.12215089562032672     
          22          10   1190.92578     F  -18.250224808841836       -4.8145857157518170        252.35388894960704        1.8348730897225618        12.377848685400403      -0.52320169912592085       0.83233450563966593       0.33807179916299562       0.12215089562032672     
          23          10   1190.92578     F  -18.250224808841836       -4.8145857157518170        252.35388894960704        1.8348730897225618        12.377848685400403      -0.52320169912592085       0.83233450563966593       0.33807179916299562       0.12215089562032672     
          24          10   1190.92578     F  -18.250224808841836       -4.8145857157518170        252.35388894960704        1.8348730897225618        12.377848685400403      -0.52320169912592085       0.83233450563966593       0.33807179916299562       0.12215089562032672     
          25          10   1190.92578     F  -18.250224808841836       -4.8145857157518170        252.35388894960704        1.8348730897225618        12.377848685400403      -0.52320169912592085       0.83233450563966593       0.33807179916299562       0.12215089562032672     
          26          10   1190.92578     F  -18.250224808841836       -4.8145857157518170        252.35388894960704        1.8348730897225618        12.377848685400403      -0.52320169912592085       0.83233450563966593       0.33807179916299562       0.12215089562032672     
          27          10   1190.92578     F  -18.250224808841836       -4.8145857157518170        252.35388894960704        1.8348730897225618        12.377848685400403      -0.52320169912592085       0.83233450563966593       0.33807179916299562       0.12215089562032672     
          28          10   1190.92578     F  -18.250224808841836       -4.8145857157518170        252.35388894960704        1.8348730897225618        12.377848685400403      -0.52320169912592085       0.83233450563966593       0.33807179916299562       0.12215089562032672     
          29          10   1190.92578     F  -18.250224808841836       -4.8145857157518170        252.35388894960704        1.8348730897225618        12.377848685400403      -0.52320169912592085       0.83233450563966593       0.33807179916299562       0.12215089562032672     
          30          10   1190.92578     F  -18.250224808841836       -4.8145857157518170        252.35388894960704        1.8348730897225618        12.377848685400403      -0.52320169912592085       0.83233450563966593       0.33807179916299562       0.12215089562032672     
          31          10   1200.15625     T  -18.260787880569666       -4.7717016270122112        251.84258794965496        1.8398233011806830        12.556504271648537      -0.51268055993942041       0.84217887473502751       0.32853607835947951       0.11825297545815246     
          32          10   1200.15625     T  -18.260787880569666       -4.7717016270122112        251.84258794965496        1.8398233011806830        12.556504271648537      -0.51268055993942041       0.84217887473502751       0.32853607835947951       0.11825297545815246     
          33          10   1041.54688     T  -16.233801366935140       -5.1885568671677040        191.61738565905438        2.2629098091233324        8.7489060041872087      -0.27801377435852337        1.3629005116402559       0.27648806278059646       0.16374719565277471     
          34          10   943.207031     T  -14.900392456738722       -3.6881234278903721        204.12418868943823        2.0124748252317488        7.7467069747707953      -0.12581639817028883        1.4285534456984128       0.20583642374441341       0.24735214656108523     
          35          10   943.207031     T  -14.900392456738722       -3.6881234278903721        204.12418868943823        2.0124748252317488        7.7467069747707953      -0.12581639817028883        1.4285534456984128       0.20583642374441341       0.24735214656108523     
          36          10   943.207031     T  -14.900392456738722       -3.6881234278903721        204.12418868943823        2.0124748252317488        7.7467069747707953      -0.12581639817028883        1.4285534456984128       0.20583642374441341       0.24735214656108523     
          37          10   943.207031     T  -14.900392456738722       -3.6881234278903721        204.12418868943823        2.0124748252317488        7.7467069747707953      -0.12581639817028883        1.4285534456984128       0.20583642374441341       0.24735214656108523     
          38          10   943.207031     T  -14.900392456738722       -3.6881234278903721        204.12418868943823        2.0124748252317488        7.7467069747707953      -0.12581639817028883        1.4285534456984128       0.20583642374441341       0.24735214656108523     
          39          10   943.207031     T  -14.900392456738722       -3.6881234278903721        204.12418868943823        2.0124748252317488        7.7467069747707953      -0.12581639817028883        1.4285534456984128       0.20583642374441341       0.24735214656108523     
          40          10   943.207031     T  -14.900392456738722       -3.6881234278903721        204.12418868943823        2.0124748252317488        7.7467069747707953      -0.12581639817028883        1.4285534456984128       0.20583642374441341       0.24735214656108523     
          41          10   943.207031     T  -14.900392456738722       -3.6881234278903721        204.12418868943823        2.0124748252317488        7.7467069747707953      -0.12581639817028883        1.4285534456984128       0.20583642374441341       0.24735214656108523     
          42          10   943.207031     T  -14.900392456738722       -3.6881234278903721        204.12418868943823        2.0124748252317488        7.7467069747707953      -0.12581639817028883        1.4285534456984128       0.20583642374441341       0.24735214656108523     
          43          10   943.207031     T  -14.900392456738722       -3.6881234278903721        204.12418868943823        2.0124748252317488        7.7467069747707953      -0.12581639817028883        1.4285534456984128       0.20583642374441341       0.24735214656108523     
          44          10   943.207031     T  -14.900392456738722       -3.6881234278903721        204.12418868943823        2.0124748252317488        7.7467069747707953      -0.12581639817028883        1.4285534456984128       0.20583642374441341       0.24735214656108523     
          45          10   943.207031     T  -14.900392456738722       -3.6881234278903721        204.12418868943823        2.0124748252317488        7.7467069747707953      -0.12581639817028883        1.4285534456984128       0.20583642374441341       0.24735214656108523     
          46          10   943.207031     T  -14.900392456738722       -3.6881234278903721        204.12418868943823        2.0124748252317488        7.7467069747707953      -0.12581639817028883        1.4285534456984128       0.20583642374441341       0.24735214656108523     
          47          10   943.207031     T  -14.900392456738722       -3.6881234278903721        204.12418868943823        2.0124748252317488        7.7467069747707953      -0.12581639817028883        1.4285534456984128       0.20583642374441341       0.24735214656108523     
          48          10   943.207031     T  -14.900392456738722       -3.6881234278903721        204.12418868943823        2.0124748252317488        7.7467069747707953      -0.12581639817028883        1.4285534456984128       0.20583642374441341       0.24735214656108523     
          49          10   1030.50000     T  -14.837314973865793       -3.6850105451682178        204.44204969778653        2.0094423741723322        7.6507897056897178      -0.12184763734346828        1.4363782405914822       0.20679478630672993       0.24368805826433593     
          50          10   1030.50000     T  -14.837314973865793       -3.6850105451682178        204.44204969778653        2.0094423741723322        7.6507897056897178      -0.12184763734346828        1.4363782405914822       0.20679478630672993       0.24368805826433593     
          51          10   1022.90625     T  -14.825362041565754       -3.6620612636471987        204.50316728324549        2.0033810069421145        7.6696383024223236      -0.11979969903800730        1.4898236006335355       0.20472760040990240       0.24349206951318603     
          52          10   1022.90625     T  -14.825362041565754       -3.6620612636471987        204.50316728324549        2.0033810069421145        7.6696383024223236      -0.11979969903800730        1.4898236006335355       0.20472760040990240       0.24349206951318603     
          53          10   1022.90625     T  -14.825362041565754       -3.6620612636471987        204.50316728324549        2.0033810069421145        7.6696383024223236      -0.11979969903800730        1.4898236006335355       0.20472760040990240       0.24349206951318603     
          54          10   1022.90625     T  -14.825362041565754       -3.6620612636471987        204.50316728324549        2.0033810069421145        7.6696383024223236      -0.11979969903800730        1.4898236006335355       0.20472760040990240       0.24349206951318603     
          55          10   962.562500     T  -14.800663158766900       -4.2887674188909486        189.03305168072026        2.3997534407318448        5.1645176307912681      -0.58853354872958263        1.6092601506310762       0.14817578090052178       0.22812519953263580     
          56          10   962.562500     T  -14.800663158766900       -4.2887674188909486        189.03305168072026        2.3997534407318448        5.1645176307912681      -0.58853354872958263        1.6092601506310762       0.14817578090052178       0.22812519953263580     
          57          10   962.562500     T  -14.800663158766900       -4.2887674188909486        189.03305168072026        2.3997534407318448        5.1645176307912681      -0.58853354872958263        1.6092601506310762       0.14817578090052178       0.22812519953263580     
          58          10   962.562500     T  -14.800663158766900       -4.2887674188909486        189.03305168072026        2.3997534407318448        5.1645176307912681      -0.58853354872958263        1.6092601506310762       0.14817578090052178       0.22812519953263580     
          59          10   962.562500     T  -14.800663158766900       -4.2887674188909486        189.03305168072026        2.3997534407318448        5.1645176307912681      -0.58853354872958263        1.6092601506310762       0.14817578090052178       0.22812519953263580     
          60          10   962.562500     T  -14.800663158766900       -4.2887674188909486        189.03305168072026        2.3997534407318448        5.1645176307912681      -0.58853354872958263        1.6092601506310762       0.14817578090052178       0.22812519953263580     
          61          10   962.562500     T  -14.800663158766900       -4.2887674188909486        189.03305168072026        2.3997534407318448        5.1645176307912681      -0.58853354872958263        1.6092601506310762       0.14817578090052178       0.22812519953263580     
          62          10   962.562500     T  -14.800663158766900       -4.2887674188909486        189.03305168072026        2.3997534407318448        5.1645176307912681      -0.58853354872958263        1.6092601506310762       0.14817578090052178       0.22812519953263580     
          63          10   962.562500     T  -14.800663158766900       -4.2887674188909486        189.03305168072026        2.3997534407318448        5.1645176307912681      -0.58853354872958263        1.6092601506310762       0.14817578090052178       0.22812519953263580     
          64          10   962.562500     T  -14.800663158766900       -4.2887674188909486        189.03305168072026        2.3997534407318448        5.1645176307912681      -0.58853354872958263        1.6092601506310762       0.14817578090052178       0.22812519953263580     
          65          10   962.562500     T  -14.800663158766900       -4.2887674188909486        189.03305168072026        2.3997534407318448        5.1645176307912681      -0.58853354872958263        1.6092601506310762       0.14817578090052178       0.22812519953263580     
          66          10   962.562500     T  -14.800663158766900       -4.2887674188909486        189.03305168072026        2.3997534407318448        5.1645176307912681      -0.58853354872958263        1.6092601506310762       0.14817578090052178       0.22812519953263580     
          67          10   962.562500     T  -14.800663158766900       -4.2887674188909486        189.03305168072026        2.3997534407318448        5.1645176307912681      -0.58853354872958263        1.6092601506310762       0.14817578090052178       0.22812519953263580     
          68          10   962.562500     T  -14.800663158766900       -4.2887674188909486        189.03305168072026        2.3997534407318448        5.1645176307912681      -0.58853354872958263        1.6092601506310762       0.14817578090052178       0.22812519953263580     
          69          10   962.562500     T  -14.800663158766900       -4.2887674188909486        189.03305168072026        2.3997534407318448        5.1645176307912681      -0.58853354872958263        1.6092601506310762       0.14817578090052178       0.22812519953263580     
          70          10   962.562500     T  -14.800663158766900       -4.2887674188909486        189.03305168072026        2.3997534407318448        5.1645176307912681      -0.58853354872958263        1.6092601506310762       0.14817578090052178       0.22812519953263580     
          71          10   962.562500     T  -14.800663158766900       -4.2887674188909486        189.03305168072026        2.3997534407318448        5.1645176307912681      -0.58853354872958263        1.6092601506310762       0.14817578090052178       0.22812519953263580     
          72          10   962.562500     T  -14.800663158766900       -4.2887674188909486        189.03305168072026        2.3997534407318448        5.1645176307912681      -0.58853354872958263        1.6092601506310762       0.14817578090052178       0.22812519953263580     
          73          10   962.562500     T  -14.800663158766900       -4.2887674188909486        189.03305168072026        2.3997534407318448        5.1645176307912681      -0.58853354872958263        1.6092601506310762       0.14817578090052178       0.22812519953263580     
          74          10   962.562500     T  -14.800663158766900       -4.2887674188909486        189.03305168072026        2.3997534407318448        5.1645176307912681      -0.58853354872958263        1.6092601506310762       0.14817578090052178       0.22812519953263580     
          75          10   962.562500     T  -14.800663158766900       -4.2887674188909486        189.03305168072026        2.3997534407318448        5.1645176307912681      -0.58853354872958263        1.6092601506310762       0.14817578090052178       0.22812519953263580     
          76          10   1108.45312     T  -14.551370742629658       -3.8823035843264293        190.74437722074202        1.9063214806122584        2.0166690771634528       -1.7224008264091264        1.6068306567581561       0.18941006109146422       0.18275367280548246     
          77          10   1108.45312     T  -14.551370742629658       -3.8823035843264293        190.74437722074202        1.9063214806122584        2.0166690771634528       -1.7224008264091264        1.6068306567581561       0.18941006109146422       0.18275367280548246     
          78          10   1108.45312     T  -14.551370742629658       -3.8823035843264293        190.74437722074202        1.9063214806122584        2.0166690771634528       -1.7224008264091264        1.6068306567581561       0.18941006109146422       0.18275367280548246     
          79          10   1108.45312     T  -14.551370742629658       -3.8823035843264293        190.74437722074202        1.9063214806122584        2.0166690771634528       -1.7224008264091264        1.6068306567581561       0.18941006109146422       0.18275367280548246     
          80          10   1108.45312     T  -14.551370742629658       -3.8823035843264293        190.74437722074202        1.9063214806122584        2.0166690771634528       -1.7224008264091264        1.6068306567581561       0.18941006109146422       0.18275367280548246     
          81          10   1108.45312     T  -14.551370742629658       -3.8823035843264293        190.74437722074202        1.9063214806122584        2.0166690771634528       -1.7224008264091264        1.6068306567581561       0.18941006109146422       0.18275367280548246     
          82          10   1108.45312     T  -14.551370742629658       -3.8823035843264293        190.74437722074202        1.9063214806122584        2.0166690771634528       -1.7224008264091264        1.6068306567581561       0.18941006109146422       0.18275367280548246     
          83          10   1108.45312     T  -14.551370742629658       -3.8823035843264293        190.74437722074202        1.9063214806122584        2.0166690771634528       -1.7224008264091264        1.6068306567581561       0.18941006109146422       0.18275367280548246     
          84          10   1108.45312     T  -14.551370742629658       -3.8823035843264293        190.74437722074202        1.9063214806122584        2.0166690771634528       -1.7224008264091264        1.6068306567581561       0.18941006109146422       0.18275367280548246     
          85          10   1108.45312     T  -14.551370742629658       -3.8823035843264293        190.74437722074202        1.9063214806122584        2.0166690771634528       -1.7224008264091264        1.6068306567581561       0.18941006109146422       0.18275367280548246     
          86          10   1108.45312     T  -14.551370742629658       -3.8823035843264293        190.74437722074202        1.9063214806122584        2.0166690771634528       -1.7224008264091264        1.6068306567581561       0.18941006109146422       0.18275367280548246     
          87          10   1108.45312     T  -14.551370742629658       -3.8823035843264293        190.74437722074202        1.9063214806122584        2.0166690771634528       -1.7224008264091264        1.6068306567581561       0.18941006109146422       0.18275367280548246     
          88          10   927.929688     T  -14.613601483475154       -4.1844049578334372        217.14901959029498        1.4877755723470174        2.5692681583712833      -0.81062471505310363        1.5939213971754860       0.21917496479039503       0.19966820295776577     
          89          10   927.929688     T  -14.613601483475154       -4.1844049578334372        217.14901959029498        1.4877755723470174        2.5692681583712833      -0.81062471505310363        1.5939213971754860       0.21917496479039503       0.19966820295776577     
          90          10   927.929688     T  -14.613601483475154       -4.1844049578334372        217.14901959029498        1.4877755723470174        2.5692681583712833      -0.81062471505310363        1.5939213971754860       0.21917496479039503       0.19966820295776577     
          91          10   927.929688     T  -14.613601483475154       -4.1844049578334372        217.14901959029498        1.4877755723470174        2.5692681583712833      -0.81062471505310363        1.5939213971754860       0.21917496479039503       0.19966820295776577     
          92          10   927.929688     T  -14.613601483475154       -4.1844049578334372        217.14901959029498        1.4877755723470174        2.5692681583712833      -0.81062471505310363        1.5939213971754860       0.21917496479039503       0.19966820295776577     
          93          10   927.929688     T  -14.613601483475154       -4.1844049578334372        217.14901959029498        1.4877755723470174        2.5692681583712833      -0.81062471505310363        1.5939213971754860       0.21917496479039503       0.19966820295776577     
          94          10   927.929688     T  -14.613601483475154       -4.1844049578334372        217.14901959029498        1.4877755723470174        2.5692681583712833      -0.81062471505310363        1.5939213971754860       0.21917496479039503       0.19966820295776577     
          95          10   927.929688     T  -14.613601483475154       -4.1844049578334372        217.14901959029498        1.4877755723470174        2.5692681583712833      -0.81062471505310363        1.5939213971754860       0.21917496479039503       0.19966820295776577     
          96          10   927.929688     T  -14.613601483475154       -4.1844049578334372        217.14901959029498        1.4877755723470174        2.5692681583712833      -0.81062471505310363        1.5939213971754860       0.21917496479039503       0.19966820295776577     
          97          10   884.718750     T  -15.698116838902287       -3.9676214137461328        219.58195089016226        2.1583575987032986        6.3155390820748272       0.22504472732953820        1.0930292471871721       0.11544705160800518       0.22780864472223480     
          98          10   884.718750     T  -15.698116838902287       -3.9676214137461328        219.58195089016226        2.1583575987032986        6.3155390820748272       0.22504472732953820        1.0930292471871721       0.11544705160800518       0.22780864472223480     
          99          10   884.718750     T  -15.698116838902287       -3.9676214137461328        219.58195089016226        2.1583575987032986        6.3155390820748272       0.22504472732953820        1.0930292471871721       0.11544705160800518       0.22780864472223480     
         100          10   884.718750     T  -15.698116838902287       -3.9676214137461328        219.58195089016226        2.1583575987032986        6.3155390820748272       0.22504472732953820        1.0930292471871721       0.11544705160800518       0.22780864472223480     
         101          10   1133.76562     T  -13.850516289461634       -3.9080480837813942        214.45263104132562        1.5076844845095916        3.8764628449762952       -1.2468900482260148        1.3624757077927714       0.21544589189941299       0.16598181729155984     
         102          10   1133.76562     T  -13.850516289461634       -3.9080480837813942        214.45263104132562        1.5076844845095916        3.8764628449762952       -1.2468900482260148        1.3624757077927714       0.21544589189941299       0.16598181729155984     
         103          10   1133.76562     T  -13.850516289461634       -3.9080480837813942        214.45263104132562        1.5076844845095916        3.8764628449762952       -1.2468900482260148        1.3624757077927714       0.21544589189941299       0.16598181729155984     
         104          10   1133.76562     T  -13.850516289461634       -3.9080480837813942        214.45263104132562        1.5076844845095916        3.8764628449762952       -1.2468900482260148        1.3624757077927714       0.21544589189941299       0.16598181729155984     
         105          10   901.171875     T  -14.411223868461699       -3.6472892566236985        206.15739170034644        1.7525389816669987        7.3532215107976766       0.24855791143291486        1.5974567236398227       0.18662804808986228       0.17468414136606172     
         106          10   933.203125     T  -14.407235827902129       -3.6205871552763380        206.31395987620746        1.7518588799106354        7.4176121811573754       0.25270704519287823        1.5974680235738234       0.18701234307084078       0.17487614436349480     
         107          10   933.203125     T  -14.407235827902129       -3.6205871552763380        206.31395987620746        1.7518588799106354        7.4176121811573754       0.25270704519287823        1.5974680235738234       0.18701234307084078       0.17487614436349480     
         108          10   933.203125     T  -14.407235827902129       -3.6205871552763380        206.31395987620746        1.7518588799106354        7.4176121811573754       0.25270704519287823        1.5974680235738234       0.18701234307084078       0.17487614436349480     
         109          10   933.203125     T  -14.407235827902129       -3.6205871552763380        206.31395987620746        1.7518588799106354        7.4176121811573754       0.25270704519287823        1.5974680235738234       0.18701234307084078       0.17487614436349480     
         110          10   933.203125     T  -14.407235827902129       -3.6205871552763380        206.31395987620746        1.7518588799106354        7.4176121811573754       0.25270704519287823        1.5974680235738234       0.18701234307084078       0.17487614436349480     
         111          10   933.203125     T  -14.407235827902129       -3.6205871552763380        206.31395987620746        1.7518588799106354        7.4176121811573754       0.25270704519287823        1.5974680235738234       0.18701234307084078       0.17487614436349480     
         112          10   933.203125     T  -14.407235827902129       -3.6205871552763380        206.31395987620746        1.7518588799106354        7.4176121811573754       0.25270704519287823        1.5974680235738234       0.18701234307084078       0.17487614436349480     
         113          10   933.203125     T  -14.407235827902129       -3.6205871552763380        206.31395987620746        1.7518588799106354        7.4176121811573754       0.25270704519287823        1.5974680235738234       0.18701234307084078       0.17487614436349480     
         114          10   933.203125     T  -14.407235827902129       -3.6205871552763380        206.31395987620746        1.7518588799106354        7.4176121811573754       0.25270704519287823        1.5974680235738234       0.18701234307084078       0.17487614436349480     
         115          10   933.203125     T  -14.407235827902129       -3.6205871552763380        206.31395987620746        1.7518588799106354        7.4176121811573754       0.25270704519287823        1.5974680235738234       0.18701234307084078       0.17487614436349480     
         116          10   933.203125     T  -14.407235827902129       -3.6205871552763380        206.31395987620746        1.7518588799106354        7.4176121811573754       0.25270704519287823        1.5974680235738234       0.18701234307084078       0.17487614436349480     
         117          10   933.203125     T  -14.407235827902129       -3.6205871552763380        206.31395987620746        1.7518588799106354        7.4176121811573754       0.25270704519287823        1.5974680235738234       0.18701234307084078       0.17487614436349480     
         118          10   933.203125     T  -14.407235827902129       -3.6205871552763380        206.31395987620746        1.7518588799106354        7.4176121811573754       0.25270704519287823        1.5974680235738234       0.18701234307084078       0.17487614436349480     
         119          10   933.203125     T  -14.407235827902129       -3.6205871552763380        206.31395987620746        1.7518588799106354        7.4176121811573754       0.25270704519287823        1.5974680235738234       0.18701234307084078       0.17487614436349480     
         120          10   933.203125     T  -14.407235827902129       -3.6205871552763380        206.31395987620746        1.7518588799106354        7.4176121811573754       0.25270704519287823        1.5974680235738234       0.18701234307084078       0.17487614436349480     
         121          10   933.203125     T  -14.407235827902129       -3.6205871552763380        206.31395987620746        1.7518588799106354        7.4176121811573754       0.25270704519287823        1.5974680235738234       0.18701234307084078       0.17487614436349480     
         122          10   933.203125     T  -14.407235827902129       -3.6205871552763380        206.31395987620746        1.7518588799106354        7.4176121811573754       0.25270704519287823        1.5974680235738234       0.18701234307084078       0.17487614436349480     
         123          10   933.203125     T  -14.407235827902129       -3.6205871552763380        206.31395987620746        1.7518588799106354        7.4176121811573754       0.25270704519287823        1.5974680235738234       0.18701234307084078       0.17487614436349480     
         124          10   933.203125     T  -14.407235827902129       -3.6205871552763380        206.31395987620746        1.7518588799106354        7.4176121811573754       0.25270704519287823        1.5974680235738234       0.18701234307084078       0.17487614436349480     
         125          10   933.203125     T  -14.407235827902129       -3.6205871552763380        206.31395987620746        1.7518588799106354        7.4176121811573754       0.25270704519287823        1.5974680235738234       0.18701234307084078       0.17487614436349480     
         126          10   933.203125     T  -14.407235827902129       -3.6205871552763380        206.31395987620746        1.7518588799106354        7.4176121811573754       0.25270704519287823        1.5974680235738234       0.18701234307084078       0.17487614436349480     
         127          10   933.203125     T  -14.407235827902129       -3.6205871552763380        206.31395987620746        1.7518588799106354        7.4176121811573754       0.25270704519287823        1.5974680235738234       0.18701234307084078       0.17487614436349480     
         128          10   991.875000     T  -14.555806937406430       -3.7477195986080760        206.95268181557717        1.7522360074848005        7.4501066143208821       0.26110226397373909        1.6154730187102053       0.18721780867245744       0.17636059431714668     
         129          10   952.609375     T  -15.730262605057888       -4.7424377895793413        231.53887141587950        1.1507387405742915        6.8155887841286029       0.46763134742101914        2.2327847845349393       0.20081055441774279       0.11388928363053610     
         130          10   952.609375     T  -15.730262605057888       -4.7424377895793413        231.53887141587950        1.1507387405742915        6.8155887841286029       0.46763134742101914        2.2327847845349393       0.20081055441774279       0.11388928363053610     
         131          10   1286.93750     T  -16.894946301550320       -5.6153317540858083        211.11456851782197       0.69525893058027866        8.4895891365697054       -7.0592295977614503E-002   3.2564328925774566       0.22898701009053074       0.11536183919902454     
         132          10   1286.93750     T  -16.894946301550320       -5.6153317540858083        211.11456851782197       0.69525893058027866        8.4895891365697054       -7.0592295977614503E-002   3.2564328925774566       0.22898701009053074       0.11536183919902454     
         133          10   1286.93750     T  -16.894946301550320       -5.6153317540858083        211.11456851782197       0.69525893058027866        8.4895891365697054       -7.0592295977614503E-002   3.2564328925774566       0.22898701009053074       0.11536183919902454     
         134          10   1286.93750     T  -16.894946301550320       -5.6153317540858083        211.11456851782197       0.69525893058027866        8.4895891365697054       -7.0592295977614503E-002   3.2564328925774566       0.22898701009053074       0.11536183919902454     
         135          10   1286.93750     T  -16.894946301550320       -5.6153317540858083        211.11456851782197       0.69525893058027866        8.4895891365697054       -7.0592295977614503E-002   3.2564328925774566       0.22898701009053074       0.11536183919902454     
         136          10   1286.93750     T  -16.894946301550320       -5.6153317540858083        211.11456851782197       0.69525893058027866        8.4895891365697054       -7.0592295977614503E-002   3.2564328925774566       0.22898701009053074       0.11536183919902454     
         137          10   1286.93750     T  -16.894946301550320       -5.6153317540858083        211.11456851782197       0.69525893058027866        8.4895891365697054       -7.0592295977614503E-002   3.2564328925774566       0.22898701009053074       0.11536183919902454     
         138          10   1286.93750     T  -16.894946301550320       -5.6153317540858083        211.11456851782197       0.69525893058027866        8.4895891365697054       -7.0592295977614503E-002   3.2564328925774566       0.22898701009053074       0.11536183919902454     
         139          10   1286.93750     T  -16.894946301550320       -5.6153317540858083        211.11456851782197       0.69525893058027866        8.4895891365697054       -7.0592295977614503E-002   3.2564328925774566       0.22898701009053074       0.11536183919902454     
         140          10   1286.93750     T  -16.894946301550320       -5.6153317540858083        211.11456851782197       0.69525893058027866        8.4895891365697054       -7.0592295977614503E-002   3.2564328925774566       0.22898701009053074       0.11536183919902454     
         141          10   1260.90625     T  -16.490505247529825       -5.1615256265601674        210.36118696530113       0.69721642481102986        8.5003695690121432       -7.0968599668894267E-002   3.2620560163524805       0.22882177068970291       0.11063201168261669     
         142          10   1260.90625     T  -16.490505247529825       -5.1615256265601674        210.36118696530113       0.69721642481102986        8.5003695690121432       -7.0968599668894267E-002   3.2620560163524805       0.22882177068970291       0.11063201168261669     
         143          10   1270.18750     T  -14.908843204958279       -4.6475224744991124        181.76223163934478        1.4391887844499736        3.2289330038115200       -1.6183443435279949        1.5013670950969755       0.24667428715522999       0.27073550754934905     
         144          10   1155.42188     T  -16.760301699914965       -6.0714816030921197        175.81102224234724       0.34037634807447126        3.5690983604292801       -1.1699565382010855        4.7210327097205820       0.20575421312639303       0.32962713375242420     
         145          10   1155.42188     T  -16.760301699914965       -6.0714816030921197        175.81102224234724       0.34037634807447126        3.5690983604292801       -1.1699565382010855        4.7210327097205820       0.20575421312639303       0.32962713375242420     
         146          10   1155.42188     T  -16.760301699914965       -6.0714816030921197        175.81102224234724       0.34037634807447126        3.5690983604292801       -1.1699565382010855        4.7210327097205820       0.20575421312639303       0.32962713375242420     
         147          10   1155.42188     T  -16.760301699914965       -6.0714816030921197        175.81102224234724       0.34037634807447126        3.5690983604292801       -1.1699565382010855        4.7210327097205820       0.20575421312639303       0.32962713375242420     
         148          10   1155.42188     T  -16.760301699914965       -6.0714816030921197        175.81102224234724       0.34037634807447126        3.5690983604292801       -1.1699565382010855        4.7210327097205820       0.20575421312639303       0.32962713375242420     
         149          10   1399.40625     T  -16.560625467217832       -5.6459225631820829        130.39226735645957       0.33317485627568605        1.9526970548090008       -1.4315438312056015        4.6015260947128933       0.19911281021869320       0.28184247880034707     
         150          10   1399.40625     T  -16.560625467217832       -5.6459225631820829        130.39226735645957       0.33317485627568605        1.9526970548090008       -1.4315438312056015        4.6015260947128933       0.19911281021869320       0.28184247880034707     
         151          10   1399.40625     T  -16.560625467217832       -5.6459225631820829        130.39226735645957       0.33317485627568605        1.9526970548090008       -1.4315438312056015        4.6015260947128933       0.19911281021869320       0.28184247880034707     
         152          10   1399.40625     T  -16.560625467217832       -5.6459225631820829        130.39226735645957       0.33317485627568605        1.9526970548090008       -1.4315438312056015        4.6015260947128933       0.19911281021869320       0.28184247880034707     
         153          10   1399.40625     T  -16.560625467217832       -5.6459225631820829        130.39226735645957       0.33317485627568605        1.9526970548090008       -1.4315438312056015        4.6015260947128933       0.19911281021869320       0.28184247880034707     
         154          10   1425.09375     T  -16.845296429149105       -5.3285232836671295        100.85428134523006       0.41135137446597347        2.3614334285932008       -1.0840134432425688        4.6150024789669031       0.11758154064733078       0.29860145446575603     
         155          10   1425.09375     T  -16.845296429149105       -5.3285232836671295        100.85428134523006       0.41135137446597347        2.3614334285932008       -1.0840134432425688        4.6150024789669031       0.11758154064733078       0.29860145446575603     
         156          10   1425.09375     T  -16.845296429149105       -5.3285232836671295        100.85428134523006       0.41135137446597347        2.3614334285932008       -1.0840134432425688        4.6150024789669031       0.11758154064733078       0.29860145446575603     
         157          10   1425.09375     T  -16.845296429149105       -5.3285232836671295        100.85428134523006       0.41135137446597347        2.3614334285932008       -1.0840134432425688        4.6150024789669031       0.11758154064733078       0.29860145446575603     
         158          10   1425.09375     T  -16.845296429149105       -5.3285232836671295        100.85428134523006       0.41135137446597347        2.3614334285932008       -1.0840134432425688        4.6150024789669031       0.11758154064733078       0.29860145446575603     
         159          10   1425.09375     T  -16.845296429149105       -5.3285232836671295        100.85428134523006       0.41135137446597347        2.3614334285932008       -1.0840134432425688        4.6150024789669031       0.11758154064733078       0.29860145446575603     
         160          10   1425.09375     T  -16.845296429149105       -5.3285232836671295        100.85428134523006       0.41135137446597347        2.3614334285932008       -1.0840134432425688        4.6150024789669031       0.11758154064733078       0.29860145446575603     
         161          10   1425.09375     T  -16.845296429149105       -5.3285232836671295        100.85428134523006       0.41135137446597347        2.3614334285932008       -1.0840134432425688        4.6150024789669031       0.11758154064733078       0.29860145446575603     
         162          10   1351.50000     T  -16.694357848096004       -5.1734450515126271        102.06432079364636       0.39484547180868845        2.3523769582473695       -1.1028069195331969        4.5741841664650735       0.11735131276732946       0.29834421107619657     
         163          10   1351.50000     T  -16.694357848096004       -5.1734450515126271        102.06432079364636       0.39484547180868845        2.3523769582473695       -1.1028069195331969        4.5741841664650735       0.11735131276732946       0.29834421107619657     
         164          10   1474.00000     T  -16.839148642256269       -5.3690601497110180        101.30992117589965       0.40734625721046941        2.4129750025056151       -1.0816228199768072        4.5688517243246221       0.11746014553807620       0.29806787862826289     
         165          10   1474.00000     T  -16.839148642256269       -5.3690601497110180        101.30992117589965       0.40734625721046941        2.4129750025056151       -1.0816228199768072        4.5688517243246221       0.11746014553807620       0.29806787862826289     
         166          10   1474.00000     T  -16.839148642256269       -5.3690601497110180        101.30992117589965       0.40734625721046941        2.4129750025056151       -1.0816228199768072        4.5688517243246221       0.11746014553807620       0.29806787862826289     
         167          10   1474.00000     T  -16.839148642256269       -5.3690601497110180        101.30992117589965       0.40734625721046941        2.4129750025056151       -1.0816228199768072        4.5688517243246221       0.11746014553807620       0.29806787862826289     
         168          10   1474.00000     T  -16.839148642256269       -5.3690601497110180        101.30992117589965       0.40734625721046941        2.4129750025056151       -1.0816228199768072        4.5688517243246221       0.11746014553807620       0.29806787862826289     
         169          10   1474.00000     T  -16.839148642256269       -5.3690601497110180        101.30992117589965       0.40734625721046941        2.4129750025056151       -1.0816228199768072        4.5688517243246221       0.11746014553807620       0.29806787862826289     
         170          10   1474.00000     T  -16.839148642256269       -5.3690601497110180        101.30992117589965       0.40734625721046941        2.4129750025056151       -1.0816228199768072        4.5688517243246221       0.11746014553807620       0.29806787862826289     
         171          10   1474.00000     T  -16.839148642256269       -5.3690601497110180        101.30992117589965       0.40734625721046941        2.4129750025056151       -1.0816228199768072        4.5688517243246221       0.11746014553807620       0.29806787862826289     
         172          10   1474.00000     T  -16.839148642256269       -5.3690601497110180        101.30992117589965       0.40734625721046941        2.4129750025056151       -1.0816228199768072        4.5688517243246221       0.11746014553807620       0.29806787862826289     
         173          10   1474.00000     T  -16.839148642256269       -5.3690601497110180        101.30992117589965       0.40734625721046941        2.4129750025056151       -1.0816228199768072        4.5688517243246221       0.11746014553807620       0.29806787862826289     
         174          10   1682.95312     T  -17.282953315626226       -6.3616111083737765        141.39216814809501       0.48181514929225344        2.1721405357808963       -1.4454183287547875        1.4853666460404462       0.17818437981554155       0.29743933957963792     
         175          10   1682.95312     T  -17.282953315626226       -6.3616111083737765        141.39216814809501       0.48181514929225344        2.1721405357808963       -1.4454183287547875        1.4853666460404462       0.17818437981554155       0.29743933957963792     
         176          10   1682.95312     T  -17.282953315626226       -6.3616111083737765        141.39216814809501       0.48181514929225344        2.1721405357808963       -1.4454183287547875        1.4853666460404462       0.17818437981554155       0.29743933957963792     
         177          10   1682.95312     T  -17.282953315626226       -6.3616111083737765        141.39216814809501       0.48181514929225344        2.1721405357808963       -1.4454183287547875        1.4853666460404462       0.17818437981554155       0.29743933957963792     
         178          10   1682.95312     T  -17.282953315626226       -6.3616111083737765        141.39216814809501       0.48181514929225344        2.1721405357808963       -1.4454183287547875        1.4853666460404462       0.17818437981554155       0.29743933957963792     
         179          10   1682.95312     T  -17.282953315626226       -6.3616111083737765        141.39216814809501       0.48181514929225344        2.1721405357808963       -1.4454183287547875        1.4853666460404462       0.17818437981554155       0.29743933957963792     
         180          10   1257.39062     T  -14.859021568504879       -3.9409939592569510        169.69587216690346       0.54729366931925538        4.0635558041833901      -0.49156544763805782        4.8696864855924060       0.10104215268485577       0.18158584183416462     
         181          10   1257.39062     T  -14.859021568504879       -3.9409939592569510        169.69587216690346       0.54729366931925538        4.0635558041833901      -0.49156544763805782        4.8696864855924060       0.10104215268485577       0.18158584183416462     
         182          10   1257.39062     T  -14.859021568504879       -3.9409939592569510        169.69587216690346       0.54729366931925538        4.0635558041833901      -0.49156544763805782        4.8696864855924060       0.10104215268485577       0.18158584183416462     
         183          10   1257.39062     T  -14.859021568504879       -3.9409939592569510        169.69587216690346       0.54729366931925538        4.0635558041833901      -0.49156544763805782        4.8696864855924060       0.10104215268485577       0.18158584183416462     
         184          10   1257.39062     T  -14.859021568504879       -3.9409939592569510        169.69587216690346       0.54729366931925538        4.0635558041833901      -0.49156544763805782        4.8696864855924060       0.10104215268485577       0.18158584183416462     
         185          10   1257.39062     T  -14.859021568504879       -3.9409939592569510        169.69587216690346       0.54729366931925538        4.0635558041833901      -0.49156544763805782        4.8696864855924060       0.10104215268485577       0.18158584183416462     
         186          10   1257.39062     T  -14.859021568504879       -3.9409939592569510        169.69587216690346       0.54729366931925538        4.0635558041833901      -0.49156544763805782        4.8696864855924060       0.10104215268485577       0.18158584183416462     
         187          10   1295.03125     T  -15.997603548894624       -5.4331452619558140        161.09274485387908       0.66214349929904492        2.5935093212977063       -1.5715599033530487        4.1934543438770699       0.16672552006570840       0.27139757321388941     
         188          10   1295.03125     T  -15.997603548894624       -5.4331452619558140        161.09274485387908       0.66214349929904492        2.5935093212977063       -1.5715599033530487        4.1934543438770699       0.16672552006570840       0.27139757321388941     
         189          10   1295.03125     T  -15.997603548894624       -5.4331452619558140        161.09274485387908       0.66214349929904492        2.5935093212977063       -1.5715599033530487        4.1934543438770699       0.16672552006570840       0.27139757321388941     
         190          10   1112.21875     T  -15.978137558905690       -5.4001983942209142        161.50925088741627       0.65759941813995582        2.5817262395763478       -1.5637970867150102        4.2024844339211862       0.16663734004723119       0.27164058839837568     
         191          10   1112.21875     T  -15.978137558905690       -5.4001983942209142        161.50925088741627       0.65759941813995582        2.5817262395763478       -1.5637970867150102        4.2024844339211862       0.16663734004723119       0.27164058839837568     
         192          10   1112.21875     T  -15.978137558905690       -5.4001983942209142        161.50925088741627       0.65759941813995582        2.5817262395763478       -1.5637970867150102        4.2024844339211862       0.16663734004723119       0.27164058839837568     
         193          10   989.781250     T  -14.014381429628820       -4.1002963527510916        187.76890600681324        1.8462768327587615        3.7086066547255534      -0.75833641089114234        1.4487231503072080       0.18972538600945071       0.21181406777626044     
         194          10   651.687500     T  -14.188977418614620       -3.7794956850465793        170.54296671188226        2.0471891990011608        3.9974256492605620      -0.50909937672508365        3.1830908457699465       0.12635470999568879       0.21076420117547426     
         195          10   651.687500     T  -14.188977418614620       -3.7794956850465793        170.54296671188226        2.0471891990011608        3.9974256492605620      -0.50909937672508365        3.1830908457699465       0.12635470999568879       0.21076420117547426     
         196          10   651.687500     T  -14.188977418614620       -3.7794956850465793        170.54296671188226        2.0471891990011608        3.9974256492605620      -0.50909937672508365        3.1830908457699465       0.12635470999568879       0.21076420117547426     
         197          10   651.687500     T  -14.188977418614620       -3.7794956850465793        170.54296671188226        2.0471891990011608        3.9974256492605620      -0.50909937672508365        3.1830908457699465       0.12635470999568879       0.21076420117547426     
         198          10   651.687500     T  -14.188977418614620       -3.7794956850465793        170.54296671188226        2.0471891990011608        3.9974256492605620      -0.50909937672508365        3.1830908457699465       0.12635470999568879       0.21076420117547426     
         199          10   651.687500     T  -14.188977418614620       -3.7794956850465793        170.54296671188226        2.0471891990011608        3.9974256492605620      -0.50909937672508365        3.1830908457699465       0.12635470999568879       0.21076420117547426     
         200          10   692.468750     T  -14.289651475540049       -3.8946612022256306        170.25130934244865        2.0482267413088655        4.0045407932995154      -0.45447690095141746        3.3196838609234063       0.12703425669646565       0.21094361046155921     
         201          10   692.468750     T  -14.289651475540049       -3.8946612022256306        170.25130934244865        2.0482267413088655        4.0045407932995154      -0.45447690095141746        3.3196838609234063       0.12703425669646565       0.21094361046155921     
         202          10   692.468750     T  -14.289651475540049       -3.8946612022256306        170.25130934244865        2.0482267413088655        4.0045407932995154      -0.45447690095141746        3.3196838609234063       0.12703425669646565       0.21094361046155921     
         203          10   974.906250     T  -14.744887511147384       -4.7713719926672340        193.34651426855618        1.8388779539737952        3.7016050877614401      -0.70959568114363991        1.3882320446661438       0.18941202755975908       0.21188148584321498     
         204          10   974.906250     T  -14.744887511147384       -4.7713719926672340        193.34651426855618        1.8388779539737952        3.7016050877614401      -0.70959568114363991        1.3882320446661438       0.18941202755975908       0.21188148584321498     
         205          10   974.906250     T  -14.744887511147384       -4.7713719926672340        193.34651426855618        1.8388779539737952        3.7016050877614401      -0.70959568114363991        1.3882320446661438       0.18941202755975908       0.21188148584321498     
         206          10   1084.25000     T  -14.262239289351434       -4.5928676724324706        184.09771792209813        1.4733397528007754        4.1773994088537973      -0.86928226141463538        2.5130919426444143       0.24052565718505592       0.13082531520874788     
         207          10   1084.25000     T  -14.262239289351434       -4.5928676724324706        184.09771792209813        1.4733397528007754        4.1773994088537973      -0.86928226141463538        2.5130919426444143       0.24052565718505592       0.13082531520874788     
         208          10   1084.25000     T  -14.262239289351434       -4.5928676724324706        184.09771792209813        1.4733397528007754        4.1773994088537973      -0.86928226141463538        2.5130919426444143       0.24052565718505592       0.13082531520874788     
         209          10   950.437500     T  -14.410297384893461       -4.6722117109585248        177.64125779785061        1.1952512993143682        3.6427807330485669      -0.94546499911790505        3.8516004434917530       0.18838821847969139       0.12427937707169799     
         210          10   950.437500     T  -14.410297384893461       -4.6722117109585248        177.64125779785061        1.1952512993143682        3.6427807330485669      -0.94546499911790505        3.8516004434917530       0.18838821847969139       0.12427937707169799     
         211          10   950.437500     T  -14.410297384893461       -4.6722117109585248        177.64125779785061        1.1952512993143682        3.6427807330485669      -0.94546499911790505        3.8516004434917530       0.18838821847969139       0.12427937707169799     
         212          10   1047.96875     T  -12.948221417867007       -3.1047223280391214        164.36387636010204        1.0480237952614861        4.5996888536540999      -0.47943494249596819        4.9939698433371564       0.19619154041439210       0.10502816606180114     
         213          10   1047.96875     T  -12.948221417867007       -3.1047223280391214        164.36387636010204        1.0480237952614861        4.5996888536540999      -0.47943494249596819        4.9939698433371564       0.19619154041439210       0.10502816606180114     
         214          10   1047.96875     T  -12.948221417867007       -3.1047223280391214        164.36387636010204        1.0480237952614861        4.5996888536540999      -0.47943494249596819        4.9939698433371564       0.19619154041439210       0.10502816606180114     
         215          10   1047.96875     T  -12.948221417867007       -3.1047223280391214        164.36387636010204        1.0480237952614861        4.5996888536540999      -0.47943494249596819        4.9939698433371564       0.19619154041439210       0.10502816606180114     
         216          10   1047.96875     T  -12.948221417867007       -3.1047223280391214        164.36387636010204        1.0480237952614861        4.5996888536540999      -0.47943494249596819        4.9939698433371564       0.19619154041439210       0.10502816606180114     
         217          10   1047.96875     T  -12.948221417867007       -3.1047223280391214        164.36387636010204        1.0480237952614861        4.5996888536540999      -0.47943494249596819        4.9939698433371564       0.19619154041439210       0.10502816606180114     
         218          10   1047.96875     T  -12.948221417867007       -3.1047223280391214        164.36387636010204        1.0480237952614861        4.5996888536540999      -0.47943494249596819        4.9939698433371564       0.19619154041439210       0.10502816606180114     
         219          10   1047.96875     T  -12.948221417867007       -3.1047223280391214        164.36387636010204        1.0480237952614861        4.5996888536540999      -0.47943494249596819        4.9939698433371564       0.19619154041439210       0.10502816606180114     
         220          10   1047.96875     T  -12.948221417867007       -3.1047223280391214        164.36387636010204        1.0480237952614861        4.5996888536540999      -0.47943494249596819        4.9939698433371564       0.19619154041439210       0.10502816606180114     
         221          10   728.281250     T  -15.363197105879673       -5.8031738046998242        155.01617244779655        1.6552534742686207        3.9056845772068116      -0.81203520418556940        3.8276389902384365       0.22010183321904564       0.21530595273658459     
         222          10   1515.75000     T  -16.513837487318078       -6.4222831028213605        178.97972393524441       0.61635852779174505        3.6487823445331928       -1.8353991593315186        1.6388193016343293       0.17237311693202673       0.23678880402779426     
         223          10   1515.75000     T  -16.513837487318078       -6.4222831028213605        178.97972393524441       0.61635852779174505        3.6487823445331928       -1.8353991593315186        1.6388193016343293       0.17237311693202673       0.23678880402779426     
         224          10   1515.75000     T  -16.513837487318078       -6.4222831028213605        178.97972393524441       0.61635852779174505        3.6487823445331928       -1.8353991593315186        1.6388193016343293       0.17237311693202673       0.23678880402779426     
         225          10   1012.03125     T  -12.854189863502949       -3.0002214446798803        164.33052355662861        1.0537453327605011        4.5946002651275677      -0.49653381934398905        4.9161434310801200       0.19743953909770448       0.10399159384127826     
         226          10   1012.03125     T  -12.854189863502949       -3.0002214446798803        164.33052355662861        1.0537453327605011        4.5946002651275677      -0.49653381934398905        4.9161434310801200       0.19743953909770448       0.10399159384127826     
         227          10   1012.03125     T  -12.854189863502949       -3.0002214446798803        164.33052355662861        1.0537453327605011        4.5946002651275677      -0.49653381934398905        4.9161434310801200       0.19743953909770448       0.10399159384127826     
         228          10   1012.03125     T  -12.854189863502949       -3.0002214446798803        164.33052355662861        1.0537453327605011        4.5946002651275677      -0.49653381934398905        4.9161434310801200       0.19743953909770448       0.10399159384127826     
         229          10   1012.03125     T  -12.854189863502949       -3.0002214446798803        164.33052355662861        1.0537453327605011        4.5946002651275677      -0.49653381934398905        4.9161434310801200       0.19743953909770448       0.10399159384127826     
         230          10   1012.03125     T  -12.854189863502949       -3.0002214446798803        164.33052355662861        1.0537453327605011        4.5946002651275677      -0.49653381934398905        4.9161434310801200       0.19743953909770448       0.10399159384127826     
         231          10   1012.03125     T  -12.854189863502949       -3.0002214446798803        164.33052355662861        1.0537453327605011        4.5946002651275677      -0.49653381934398905        4.9161434310801200       0.19743953909770448       0.10399159384127826     
         232          10   1012.03125     T  -12.854189863502949       -3.0002214446798803        164.33052355662861        1.0537453327605011        4.5946002651275677      -0.49653381934398905        4.9161434310801200       0.19743953909770448       0.10399159384127826     
         233          10   1012.03125     T  -12.854189863502949       -3.0002214446798803        164.33052355662861        1.0537453327605011        4.5946002651275677      -0.49653381934398905        4.9161434310801200       0.19743953909770448       0.10399159384127826     
         234          10   1012.03125     T  -12.854189863502949       -3.0002214446798803        164.33052355662861        1.0537453327605011        4.5946002651275677      -0.49653381934398905        4.9161434310801200       0.19743953909770448       0.10399159384127826     
         235          10   1012.03125     T  -12.854189863502949       -3.0002214446798803        164.33052355662861        1.0537453327605011        4.5946002651275677      -0.49653381934398905        4.9161434310801200       0.19743953909770448       0.10399159384127826     
         236          10   1036.62500     T  -12.843251071902465       -3.0344828077373402        164.11379842474540        1.0623635277770274        4.5615590230198819      -0.48665617237538483        4.9703115105572522       0.19729206976352770       0.10663004480322753     
         237          10   1036.62500     T  -12.843251071902465       -3.0344828077373402        164.11379842474540        1.0623635277770274        4.5615590230198819      -0.48665617237538483        4.9703115105572522       0.19729206976352770       0.10663004480322753     
         238          10   1036.62500     T  -12.843251071902465       -3.0344828077373402        164.11379842474540        1.0623635277770274        4.5615590230198819      -0.48665617237538483        4.9703115105572522       0.19729206976352770       0.10663004480322753     
         239          10   1036.62500     T  -12.843251071902465       -3.0344828077373402        164.11379842474540        1.0623635277770274        4.5615590230198819      -0.48665617237538483        4.9703115105572522       0.19729206976352770       0.10663004480322753     
         240          10   1036.62500     T  -12.843251071902465       -3.0344828077373402        164.11379842474540        1.0623635277770274        4.5615590230198819      -0.48665617237538483        4.9703115105572522       0.19729206976352770       0.10663004480322753     
         241          10   1036.62500     T  -12.843251071902465       -3.0344828077373402        164.11379842474540        1.0623635277770274        4.5615590230198819      -0.48665617237538483        4.9703115105572522       0.19729206976352770       0.10663004480322753     
         242          10   1036.62500     T  -12.843251071902465       -3.0344828077373402        164.11379842474540        1.0623635277770274        4.5615590230198819      -0.48665617237538483        4.9703115105572522       0.19729206976352770       0.10663004480322753     
         243          10   1036.62500     T  -12.843251071902465       -3.0344828077373402        164.11379842474540        1.0623635277770274        4.5615590230198819      -0.48665617237538483        4.9703115105572522       0.19729206976352770       0.10663004480322753     
         244          10   1033.68750     T  -14.827387353176729       -5.0488507533565654        173.13358875730759        1.1507608318457314        3.7114570560663789      -0.95011180879126911        3.5141847928618257       0.20342296145034541       0.22068484090750831     
         245          10   940.625000     T  -14.869829109132294       -5.0900405407133524        173.26045295114500        1.1882746013737640        3.7012194687781959      -0.94892994485341431        3.4898241683541200       0.20346379786849747       0.22063155214149277     
         246          10   940.625000     T  -14.869829109132294       -5.0900405407133524        173.26045295114500        1.1882746013737640        3.7012194687781959      -0.94892994485341431        3.4898241683541200       0.20346379786849747       0.22063155214149277     
         247          10   940.625000     T  -14.869829109132294       -5.0900405407133524        173.26045295114500        1.1882746013737640        3.7012194687781959      -0.94892994485341431        3.4898241683541200       0.20346379786849747       0.22063155214149277     
         248          10   940.625000     T  -14.869829109132294       -5.0900405407133524        173.26045295114500        1.1882746013737640        3.7012194687781959      -0.94892994485341431        3.4898241683541200       0.20346379786849747       0.22063155214149277     
         249          10   940.625000     T  -14.869829109132294       -5.0900405407133524        173.26045295114500        1.1882746013737640        3.7012194687781959      -0.94892994485341431        3.4898241683541200       0.20346379786849747       0.22063155214149277     
         250          10   940.625000     T  -14.869829109132294       -5.0900405407133524        173.26045295114500        1.1882746013737640        3.7012194687781959      -0.94892994485341431        3.4898241683541200       0.20346379786849747       0.22063155214149277     
         251          10   940.625000     T  -14.869829109132294       -5.0900405407133524        173.26045295114500        1.1882746013737640        3.7012194687781959      -0.94892994485341431        3.4898241683541200       0.20346379786849747       0.22063155214149277     
         252          10   838.718750     T  -15.151764516850822       -5.3876924114573406        172.49119234376317        1.2004842264973417        3.6907247045937646      -0.94791117977582140        3.5397609404310839       0.20374511958666955       0.21926550372748219     
         253          10   989.031250     T  -15.568704219895363       -4.5966758185847505        180.63825993933779        1.3465329719565162        2.7962268444792415       -1.4218934281894269        2.1643812467925461       0.21014616511803175       0.33435790652604680     
         254          10   989.031250     T  -15.568704219895363       -4.5966758185847505        180.63825993933779        1.3465329719565162        2.7962268444792415       -1.4218934281894269        2.1643812467925461       0.21014616511803175       0.33435790652604680     
         255          10   989.031250     T  -15.568704219895363       -4.5966758185847505        180.63825993933779        1.3465329719565162        2.7962268444792415       -1.4218934281894269        2.1643812467925461       0.21014616511803175       0.33435790652604680     
         256          10   989.031250     T  -15.568704219895363       -4.5966758185847505        180.63825993933779        1.3465329719565162        2.7962268444792415       -1.4218934281894269        2.1643812467925461       0.21014616511803175       0.33435790652604680     
         257          10   989.031250     T  -15.568704219895363       -4.5966758185847505        180.63825993933779        1.3465329719565162        2.7962268444792415       -1.4218934281894269        2.1643812467925461       0.21014616511803175       0.33435790652604680     
         258          10   989.031250     T  -15.568704219895363       -4.5966758185847505        180.63825993933779        1.3465329719565162        2.7962268444792415       -1.4218934281894269        2.1643812467925461       0.21014616511803175       0.33435790652604680     
         259          10   989.031250     T  -15.568704219895363       -4.5966758185847505        180.63825993933779        1.3465329719565162        2.7962268444792415       -1.4218934281894269        2.1643812467925461       0.21014616511803175       0.33435790652604680     
         260          10   989.031250     T  -15.568704219895363       -4.5966758185847505        180.63825993933779        1.3465329719565162        2.7962268444792415       -1.4218934281894269        2.1643812467925461       0.21014616511803175       0.33435790652604680     
         261          10   1254.62500     T  -14.759759071240222       -4.8841270893438073        195.90196205636323        1.0753160897601126        3.8625245881450350       -1.6659734485937059        3.0419936367152784       0.25259455480165721       0.11892675981231871     
         262          10   1323.93750     T  -14.711095319965182       -4.8356703549337920        195.68836076109059        1.0737291675112772        3.8657212026425993       -1.6699789996264651        3.0415489124246857       0.25428614838639862       0.11893773451799103     
         263          10   1323.93750     T  -14.711095319965182       -4.8356703549337920        195.68836076109059        1.0737291675112772        3.8657212026425993       -1.6699789996264651        3.0415489124246857       0.25428614838639862       0.11893773451799103     
         264          10   1349.75000     T  -14.803097493066801       -4.9014831934433811        197.59687317071942        1.0468013822102760        3.5202575777725098       -1.6495129184256851        2.9480968022144984       0.26105182932718818       0.12180399565255678     
         265          10   1349.75000     T  -14.803097493066801       -4.9014831934433811        197.59687317071942        1.0468013822102760        3.5202575777725098       -1.6495129184256851        2.9480968022144984       0.26105182932718818       0.12180399565255678     
         266          10   1349.75000     T  -14.803097493066801       -4.9014831934433811        197.59687317071942        1.0468013822102760        3.5202575777725098       -1.6495129184256851        2.9480968022144984       0.26105182932718818       0.12180399565255678     
         267          10   1349.75000     T  -14.803097493066801       -4.9014831934433811        197.59687317071942        1.0468013822102760        3.5202575777725098       -1.6495129184256851        2.9480968022144984       0.26105182932718818       0.12180399565255678     
         268          10   1270.43750     T  -14.440753076897538       -4.4691104353804523        197.96113573373600        1.0423361332441479        3.3552523761043043       -1.6192210944370165        2.8933271875133992       0.25959421731297661       0.11681997156480255     
         269          10   1270.25000     T  -14.583450538946321       -4.5989178371797035        197.71212390650629        1.0700487199736899        3.3948620398681304       -1.6142303303071799        2.9276531606585143       0.25920430963796826       0.11459329766234494     
         270          10   1147.40625     T  -14.832324010453579       -4.8147970343818995        183.00319924327488        1.4956870815171293        2.5430472962649979       -1.1389448053748841        1.1526995649867200       0.21453453661141125       0.13221399850256518     
         271          10   1197.71875     T  -14.919710800657615       -4.9421700723780253        182.29747405020572        1.4006292658787616        2.5436288862087042       -1.1371268391157037       0.90540541677798547       0.22714958716305234       0.13671896286055829     
         272          10   1197.71875     T  -14.919710800657615       -4.9421700723780253        182.29747405020572        1.4006292658787616        2.5436288862087042       -1.1371268391157037       0.90540541677798547       0.22714958716305234       0.13671896286055829     
         273          10   1197.71875     T  -14.919710800657615       -4.9421700723780253        182.29747405020572        1.4006292658787616        2.5436288862087042       -1.1371268391157037       0.90540541677798547       0.22714958716305234       0.13671896286055829     
         274          10   1197.71875     T  -14.919710800657615       -4.9421700723780253        182.29747405020572        1.4006292658787616        2.5436288862087042       -1.1371268391157037       0.90540541677798547       0.22714958716305234       0.13671896286055829     
         275          10   1197.71875     T  -14.919710800657615       -4.9421700723780253        182.29747405020572        1.4006292658787616        2.5436288862087042       -1.1371268391157037       0.90540541677798547       0.22714958716305234       0.13671896286055829     
         276          10   1314.00000     T  -14.660046330961890       -5.0314896126238216        182.22454041363918        1.3736238526220448        3.4006130154863623       -1.1337777778788314        1.0606985492792129       0.22333910141039112       0.14552958012357123     
         277          10   1314.00000     T  -14.660046330961890       -5.0314896126238216        182.22454041363918        1.3736238526220448        3.4006130154863623       -1.1337777778788314        1.0606985492792129       0.22333910141039112       0.14552958012357123     
         278          10   1083.03125     T  -16.902098512514026       -7.2233754132395145        149.12895606628015        1.1262715603017843        5.0466895740452609       -1.3191765869664668E-003   2.8710676895727141       0.16529780989380261       0.15053242462473698     
         279          10   1016.84375     T  -14.275547379020734       -3.5093889379682803        185.54447255641060        2.3537027225822373        2.4807196978300556      -0.43024405779149288      -0.73798045240023502       0.12703262683983674       0.16427060770809962     
         280          10   1016.84375     T  -14.275547379020734       -3.5093889379682803        185.54447255641060        2.3537027225822373        2.4807196978300556      -0.43024405779149288      -0.73798045240023502       0.12703262683983674       0.16427060770809962     
         281          10   1016.84375     T  -14.275547379020734       -3.5093889379682803        185.54447255641060        2.3537027225822373        2.4807196978300556      -0.43024405779149288      -0.73798045240023502       0.12703262683983674       0.16427060770809962     
         282          10   1090.25000     T  -15.334239303475961       -4.6227559553419084        187.21396026742224        2.1774764435335485        2.4804583957136015      -0.43460096758637423      -0.93600913769596061       0.13146332417589515       0.16998189219097068     
         283          10   1087.87500     T  -12.735990477845538       -2.9803384150706989        160.28750038263621       0.91469108288734868        3.8619739931515662      -0.49607271299088657        4.7133470828873127       0.19269860098157771       0.10588423011713348     
         284          10   1087.87500     T  -12.735990477845538       -2.9803384150706989        160.28750038263621       0.91469108288734868        3.8619739931515662      -0.49607271299088657        4.7133470828873127       0.19269860098157771       0.10588423011713348     
         285          10   1120.56250     T  -12.840821017403066       -3.0887729603926912        160.37300558577124       0.91106285238368889        3.8558447545040568      -0.49860022954429084        4.7191502315356635       0.19377337960355862       0.10589195192583384     
         286          10   1086.37500     T  -12.724249478651434       -3.0237981836105927        162.69159403147066        1.0297432070445720        4.4103647082367274      -0.53371914661526398        4.9860676963555939       0.18422840939411386       0.11802648129354035     
         287          10   1086.37500     T  -12.724249478651434       -3.0237981836105927        162.69159403147066        1.0297432070445720        4.4103647082367274      -0.53371914661526398        4.9860676963555939       0.18422840939411386       0.11802648129354035     
         288          10   1086.37500     T  -12.724249478651434       -3.0237981836105927        162.69159403147066        1.0297432070445720        4.4103647082367274      -0.53371914661526398        4.9860676963555939       0.18422840939411386       0.11802648129354035     
         289          10   1086.37500     T  -12.724249478651434       -3.0237981836105927        162.69159403147066        1.0297432070445720        4.4103647082367274      -0.53371914661526398        4.9860676963555939       0.18422840939411386       0.11802648129354035     
         290          10   1086.37500     T  -12.724249478651434       -3.0237981836105927        162.69159403147066        1.0297432070445720        4.4103647082367274      -0.53371914661526398        4.9860676963555939       0.18422840939411386       0.11802648129354035     
         291          10   1086.37500     T  -12.724249478651434       -3.0237981836105927        162.69159403147066        1.0297432070445720        4.4103647082367274      -0.53371914661526398        4.9860676963555939       0.18422840939411386       0.11802648129354035     
         292          10   1086.37500     T  -12.724249478651434       -3.0237981836105927        162.69159403147066        1.0297432070445720        4.4103647082367274      -0.53371914661526398        4.9860676963555939       0.18422840939411386       0.11802648129354035     
         293          10   1086.37500     T  -12.724249478651434       -3.0237981836105927        162.69159403147066        1.0297432070445720        4.4103647082367274      -0.53371914661526398        4.9860676963555939       0.18422840939411386       0.11802648129354035     
         294          10   953.687500     T  -12.797174111299014       -3.1221203494953969        162.41849871305996        1.0326107072321493        4.3251792180567872      -0.53681982111466620        4.8853361811318381       0.19058646561592593       0.11640614800975500     
         295          10   953.687500     T  -12.797174111299014       -3.1221203494953969        162.41849871305996        1.0326107072321493        4.3251792180567872      -0.53681982111466620        4.8853361811318381       0.19058646561592593       0.11640614800975500     
         296          10   953.687500     T  -12.797174111299014       -3.1221203494953969        162.41849871305996        1.0326107072321493        4.3251792180567872      -0.53681982111466620        4.8853361811318381       0.19058646561592593       0.11640614800975500     
