           1           6   721.223633     F  -36.713392776575944       -26.964186328719030        142.28603526648607        2.4844397825666693        5.2374390458261368       0.96194606275403549        1.9421974758100811       0.29788815991034612       0.21275874335893613     
           2           6   633.068604     F  -35.979179124033458       -26.268197671521307        147.14227739468458        2.6225086160474880        5.1762858758337531        1.0359854083945925        2.1020083866482344       0.27616597957048744       0.21424973247676948     
           3           6   633.068604     F  -35.979179124033458       -26.268197671521307        147.14227739468458        2.6225086160474880        5.1762858758337531        1.0359854083945925        2.1020083866482344       0.27616597957048744       0.21424973247676948     
           4           6   632.263916     F  -25.654273653884147       -15.575211285356437        164.54945173328574        2.4909690503633231        5.6665929795389571       0.86171780176723689        1.9535539843010747       0.27355100875424937       0.23380185062809436     
           5           6   632.263916     F  -25.654273653884147       -15.575211285356437        164.54945173328574        2.4909690503633231        5.6665929795389571       0.86171780176723689        1.9535539843010747       0.27355100875424937       0.23380185062809436     
           6           6   632.263916     F  -25.654273653884147       -15.575211285356437        164.54945173328574        2.4909690503633231        5.6665929795389571       0.86171780176723689        1.9535539843010747       0.27355100875424937       0.23380185062809436     
           7           6   632.263916     F  -25.654273653884147       -15.575211285356437        164.54945173328574        2.4909690503633231        5.6665929795389571       0.86171780176723689        1.9535539843010747       0.27355100875424937       0.23380185062809436     
           8           6   810.975098     F  -22.798924704731544       -9.7825806356665090        201.81669377990062        2.1018519280999737        9.2751091784431345       0.72624663051057936        1.6434497631096916       0.21136866313187871       0.39254291551061782     
           9           6   828.158203     F  -19.659723710410397       -7.4374623845745997        196.94781947678331        2.2777548515919968        8.3016506026812724       0.53474638705039834        1.7836163131169513       0.18082861728860553       0.33969921703164679     
          10           6   828.158203     F  -19.659723710410397       -7.4374623845745997        196.94781947678331        2.2777548515919968        8.3016506026812724       0.53474638705039834        1.7836163131169513       0.18082861728860553       0.33969921703164679     
          11           6   1011.42969     F  -18.364074569201080       -8.8100935414871291        156.34687519060748        2.0755801045630267        4.7609630383386765       0.12373460268464335        1.5635058679958074       0.22657883712650984       0.19862711549047143     
          12           6   1011.42969     F  -18.364074569201080       -8.8100935414871291        156.34687519060748        2.0755801045630267        4.7609630383386765       0.12373460268464335        1.5635058679958074       0.22657883712650984       0.19862711549047143     
          13           6   1011.42969     F  -18.364074569201080       -8.8100935414871291        156.34687519060748        2.0755801045630267        4.7609630383386765       0.12373460268464335        1.5635058679958074       0.22657883712650984       0.19862711549047143     
          14           6   1011.42969     F  -18.364074569201080       -8.8100935414871291        156.34687519060748        2.0755801045630267        4.7609630383386765       0.12373460268464335        1.5635058679958074       0.22657883712650984       0.19862711549047143     
          15           6   1011.42969     F  -18.364074569201080       -8.8100935414871291        156.34687519060748        2.0755801045630267        4.7609630383386765       0.12373460268464335        1.5635058679958074       0.22657883712650984       0.19862711549047143     
          16           6   1011.42969     F  -18.364074569201080       -8.8100935414871291        156.34687519060748        2.0755801045630267        4.7609630383386765       0.12373460268464335        1.5635058679958074       0.22657883712650984       0.19862711549047143     
          17           6   1011.42969     F  -18.364074569201080       -8.8100935414871291        156.34687519060748        2.0755801045630267        4.7609630383386765       0.12373460268464335        1.5635058679958074       0.22657883712650984       0.19862711549047143     
          18           6   1045.32227     F  -14.848634545389496       -3.7367449213907498        201.33008642603630        2.0199990217475627        7.7589882970895143        5.3410358133506169E-002   1.4764525917937579       0.19431697026325717       0.23202216369192236     
          19           6   1045.32227     F  -14.848634545389496       -3.7367449213907498        201.33008642603630        2.0199990217475627        7.7589882970895143        5.3410358133506169E-002   1.4764525917937579       0.19431697026325717       0.23202216369192236     
          20           6   1045.32227     F  -14.848634545389496       -3.7367449213907498        201.33008642603630        2.0199990217475627        7.7589882970895143        5.3410358133506169E-002   1.4764525917937579       0.19431697026325717       0.23202216369192236     
          21           6   1045.32227     F  -14.848634545389496       -3.7367449213907498        201.33008642603630        2.0199990217475627        7.7589882970895143        5.3410358133506169E-002   1.4764525917937579       0.19431697026325717       0.23202216369192236     
          22           6   1045.32227     F  -14.848634545389496       -3.7367449213907498        201.33008642603630        2.0199990217475627        7.7589882970895143        5.3410358133506169E-002   1.4764525917937579       0.19431697026325717       0.23202216369192236     
          23           6   1045.32227     F  -14.848634545389496       -3.7367449213907498        201.33008642603630        2.0199990217475627        7.7589882970895143        5.3410358133506169E-002   1.4764525917937579       0.19431697026325717       0.23202216369192236     
          24           6   1045.32227     F  -14.848634545389496       -3.7367449213907498        201.33008642603630        2.0199990217475627        7.7589882970895143        5.3410358133506169E-002   1.4764525917937579       0.19431697026325717       0.23202216369192236     
          25           6   1045.32227     F  -14.848634545389496       -3.7367449213907498        201.33008642603630        2.0199990217475627        7.7589882970895143        5.3410358133506169E-002   1.4764525917937579       0.19431697026325717       0.23202216369192236     
          26           6   1045.32227     F  -14.848634545389496       -3.7367449213907498        201.33008642603630        2.0199990217475627        7.7589882970895143        5.3410358133506169E-002   1.4764525917937579       0.19431697026325717       0.23202216369192236     
          27           6   1045.32227     F  -14.848634545389496       -3.7367449213907498        201.33008642603630        2.0199990217475627        7.7589882970895143        5.3410358133506169E-002   1.4764525917937579       0.19431697026325717       0.23202216369192236     
          28           6   1045.32227     F  -14.848634545389496       -3.7367449213907498        201.33008642603630        2.0199990217475627        7.7589882970895143        5.3410358133506169E-002   1.4764525917937579       0.19431697026325717       0.23202216369192236     
          29           6   1045.32227     F  -14.848634545389496       -3.7367449213907498        201.33008642603630        2.0199990217475627        7.7589882970895143        5.3410358133506169E-002   1.4764525917937579       0.19431697026325717       0.23202216369192236     
          30           6   1266.27734     F  -18.184116356917926       -4.3845352429342732        204.18237345581645        2.3396732243662575        15.949440602441140       -1.8378693735234990       0.33705161890009955       0.25246056971209035       0.16348183874701286     
          31           6   1144.87500     T  -17.861568267240489       -3.8191467355025752        210.57542911605105        2.1034215912665606        14.672847967998010       -1.7535361812318269       0.37773180938684242       0.19924890282179930       0.26869941052979246     
          32           6   1144.87500     T  -17.861568267240489       -3.8191467355025752        210.57542911605105        2.1034215912665606        14.672847967998010       -1.7535361812318269       0.37773180938684242       0.19924890282179930       0.26869941052979246     
          33           6   1144.87500     T  -17.861568267240489       -3.8191467355025752        210.57542911605105        2.1034215912665606        14.672847967998010       -1.7535361812318269       0.37773180938684242       0.19924890282179930       0.26869941052979246     
          34           6   1087.25000     T  -18.612183836958813       -3.6397825466319089        216.25500420721738        1.8673387337236222        13.413286072049587       -1.6717272739693765       0.41589831284992468       0.14649743317206124       0.37411131379016704     
          35           6   1087.25000     T  -18.612183836958813       -3.6397825466319089        216.25500420721738        1.8673387337236222        13.413286072049587       -1.6717272739693765       0.41589831284992468       0.14649743317206124       0.37411131379016704     
          36           6   1177.94531     T  -18.671240232437778       -3.6411784696449461        216.83735956191265        1.8730417729927760        13.482669981059800       -1.6755267561712268       0.44748264768002355       0.14089850043216537       0.36873120178939711     
          37           6   1177.94531     T  -18.671240232437778       -3.6411784696449461        216.83735956191265        1.8730417729927760        13.482669981059800       -1.6755267561712268       0.44748264768002355       0.14089850043216537       0.36873120178939711     
          38           6   1177.94531     T  -18.671240232437778       -3.6411784696449461        216.83735956191265        1.8730417729927760        13.482669981059800       -1.6755267561712268       0.44748264768002355       0.14089850043216537       0.36873120178939711     
          39           6   1177.94531     T  -18.671240232437778       -3.6411784696449461        216.83735956191265        1.8730417729927760        13.482669981059800       -1.6755267561712268       0.44748264768002355       0.14089850043216537       0.36873120178939711     
          40           6   1177.94531     T  -18.671240232437778       -3.6411784696449461        216.83735956191265        1.8730417729927760        13.482669981059800       -1.6755267561712268       0.44748264768002355       0.14089850043216537       0.36873120178939711     
          41           6   1177.94531     T  -18.671240232437778       -3.6411784696449461        216.83735956191265        1.8730417729927760        13.482669981059800       -1.6755267561712268       0.44748264768002355       0.14089850043216537       0.36873120178939711     
          42           6   1177.94531     T  -18.671240232437778       -3.6411784696449461        216.83735956191265        1.8730417729927760        13.482669981059800       -1.6755267561712268       0.44748264768002355       0.14089850043216537       0.36873120178939711     
          43           6   1177.94531     T  -18.671240232437778       -3.6411784696449461        216.83735956191265        1.8730417729927760        13.482669981059800       -1.6755267561712268       0.44748264768002355       0.14089850043216537       0.36873120178939711     
          44           6   1177.94531     T  -18.671240232437778       -3.6411784696449461        216.83735956191265        1.8730417729927760        13.482669981059800       -1.6755267561712268       0.44748264768002355       0.14089850043216537       0.36873120178939711     
          45           6   1042.16406     T  -15.284797628203933       -3.9926530967294305        290.76530046682137        1.3787754435062811        4.5699876589544122        8.0059412451629744E-002   1.2074776377165639       0.16855984884865918       0.21050756754953714     
          46           6   1042.16406     T  -15.284797628203933       -3.9926530967294305        290.76530046682137        1.3787754435062811        4.5699876589544122        8.0059412451629744E-002   1.2074776377165639       0.16855984884865918       0.21050756754953714     
          47           6   1042.16406     T  -15.284797628203933       -3.9926530967294305        290.76530046682137        1.3787754435062811        4.5699876589544122        8.0059412451629744E-002   1.2074776377165639       0.16855984884865918       0.21050756754953714     
          48           6   1042.16406     T  -15.284797628203933       -3.9926530967294305        290.76530046682137        1.3787754435062811        4.5699876589544122        8.0059412451629744E-002   1.2074776377165639       0.16855984884865918       0.21050756754953714     
          49           6   1042.16406     T  -15.284797628203933       -3.9926530967294305        290.76530046682137        1.3787754435062811        4.5699876589544122        8.0059412451629744E-002   1.2074776377165639       0.16855984884865918       0.21050756754953714     
          50           6   1042.16406     T  -15.284797628203933       -3.9926530967294305        290.76530046682137        1.3787754435062811        4.5699876589544122        8.0059412451629744E-002   1.2074776377165639       0.16855984884865918       0.21050756754953714     
          51           6   1042.16406     T  -15.284797628203933       -3.9926530967294305        290.76530046682137        1.3787754435062811        4.5699876589544122        8.0059412451629744E-002   1.2074776377165639       0.16855984884865918       0.21050756754953714     
          52           6   1042.16406     T  -15.284797628203933       -3.9926530967294305        290.76530046682137        1.3787754435062811        4.5699876589544122        8.0059412451629744E-002   1.2074776377165639       0.16855984884865918       0.21050756754953714     
          53           6   844.132812     T  -16.891214740367182       -4.6590950935557958        271.04363176994593        1.7671751208804076        2.9192828213342707      -0.21499283545769998        1.4167356157538566       0.10103782688958320       0.18541100306000197     
          54           6   844.132812     T  -16.891214740367182       -4.6590950935557958        271.04363176994593        1.7671751208804076        2.9192828213342707      -0.21499283545769998        1.4167356157538566       0.10103782688958320       0.18541100306000197     
          55           6   906.695312     T  -16.477040578667680       -4.2926656173695878        270.05561223132133        1.7757164544445723        3.0937383412986090      -0.22001335545261244        1.3445220389178094       0.10128660523942977       0.19338730446477373     
          56           6   906.695312     T  -16.477040578667680       -4.2926656173695878        270.05561223132133        1.7757164544445723        3.0937383412986090      -0.22001335545261244        1.3445220389178094       0.10128660523942977       0.19338730446477373     
          57           6   959.898438     T  -16.168470246050394       -4.7344081163702336        242.65171144579315        1.8830722889055349        3.7993095198983795      -0.63440857537074258        1.2228167037659547       0.15641095367180852       0.29995472250128175     
          58           6   956.523438     T  -15.588371614052908       -5.1102985144403803        233.99680924706973        1.9297703931178893        4.8325977468438026      -0.20989030362742439        1.5518975904805379       0.17230310544098240       0.18272697878233543     
          59           6   956.523438     T  -15.588371614052908       -5.1102985144403803        233.99680924706973        1.9297703931178893        4.8325977468438026      -0.20989030362742439        1.5518975904805379       0.17230310544098240       0.18272697878233543     
          60           6   956.523438     T  -15.588371614052908       -5.1102985144403803        233.99680924706973        1.9297703931178893        4.8325977468438026      -0.20989030362742439        1.5518975904805379       0.17230310544098240       0.18272697878233543     
          61           6   956.523438     T  -15.588371614052908       -5.1102985144403803        233.99680924706973        1.9297703931178893        4.8325977468438026      -0.20989030362742439        1.5518975904805379       0.17230310544098240       0.18272697878233543     
          62           6   956.523438     T  -15.588371614052908       -5.1102985144403803        233.99680924706973        1.9297703931178893        4.8325977468438026      -0.20989030362742439        1.5518975904805379       0.17230310544098240       0.18272697878233543     
          63           6   956.523438     T  -15.588371614052908       -5.1102985144403803        233.99680924706973        1.9297703931178893        4.8325977468438026      -0.20989030362742439        1.5518975904805379       0.17230310544098240       0.18272697878233543     
          64           6   944.304688     T  -15.138350372230388       -4.2320944373609128        258.06123357295695        1.4450993975824358        6.0722340035357405       0.33609225692919270        1.4531968132320965       0.20501816921896188       0.13575228329057532     
          65           6   962.625000     T  -14.997719283915030       -3.7304337671939796        200.43823982609399        1.8554536746673072        8.4303541114110985       0.31388570786122083        1.4539161527952404       0.18207433785499516       0.21088067230256474     
          66           6   962.625000     T  -14.997719283915030       -3.7304337671939796        200.43823982609399        1.8554536746673072        8.4303541114110985       0.31388570786122083        1.4539161527952404       0.18207433785499516       0.21088067230256474     
          67           6   962.625000     T  -14.997719283915030       -3.7304337671939796        200.43823982609399        1.8554536746673072        8.4303541114110985       0.31388570786122083        1.4539161527952404       0.18207433785499516       0.21088067230256474     
          68           6   962.625000     T  -14.997719283915030       -3.7304337671939796        200.43823982609399        1.8554536746673072        8.4303541114110985       0.31388570786122083        1.4539161527952404       0.18207433785499516       0.21088067230256474     
          69           6   962.625000     T  -14.997719283915030       -3.7304337671939796        200.43823982609399        1.8554536746673072        8.4303541114110985       0.31388570786122083        1.4539161527952404       0.18207433785499516       0.21088067230256474     
          70           6   962.625000     T  -14.997719283915030       -3.7304337671939796        200.43823982609399        1.8554536746673072        8.4303541114110985       0.31388570786122083        1.4539161527952404       0.18207433785499516       0.21088067230256474     
          71           6   962.625000     T  -14.997719283915030       -3.7304337671939796        200.43823982609399        1.8554536746673072        8.4303541114110985       0.31388570786122083        1.4539161527952404       0.18207433785499516       0.21088067230256474     
          72           6   962.625000     T  -14.997719283915030       -3.7304337671939796        200.43823982609399        1.8554536746673072        8.4303541114110985       0.31388570786122083        1.4539161527952404       0.18207433785499516       0.21088067230256474     
          73           6   962.625000     T  -14.997719283915030       -3.7304337671939796        200.43823982609399        1.8554536746673072        8.4303541114110985       0.31388570786122083        1.4539161527952404       0.18207433785499516       0.21088067230256474     
          74           6   999.148438     T  -15.221339385953653       -3.3319619566236756        199.17880994470886        2.2788137036546776        7.7139372428218937        3.5318658018024945E-002   1.6092506298411671       0.10860742832520236       0.17552773073556885     
          75           6   752.054688     T  -15.475304737096696       -4.0772826685575714        199.34204288938918        1.9300230118761148        7.6675331250317544       0.75722839370202866        1.5828727945890206       0.13730118511632095       0.20673335273665766     
          76           6   752.054688     T  -15.475304737096696       -4.0772826685575714        199.34204288938918        1.9300230118761148        7.6675331250317544       0.75722839370202866        1.5828727945890206       0.13730118511632095       0.20673335273665766     
          77           6   752.054688     T  -15.475304737096696       -4.0772826685575714        199.34204288938918        1.9300230118761148        7.6675331250317544       0.75722839370202866        1.5828727945890206       0.13730118511632095       0.20673335273665766     
          78           6   1027.83594     T  -15.043170888277398       -3.8650661246769427        196.05712299876629        2.0690315505331407        6.8575087678558484       -1.5707446595912448E-002   1.2469126802472215       0.18731641487068393       0.28388000672123109     
          79           6   1027.83594     T  -15.043170888277398       -3.8650661246769427        196.05712299876629        2.0690315505331407        6.8575087678558484       -1.5707446595912448E-002   1.2469126802472215       0.18731641487068393       0.28388000672123109     
          80           6   1027.83594     T  -15.043170888277398       -3.8650661246769427        196.05712299876629        2.0690315505331407        6.8575087678558484       -1.5707446595912448E-002   1.2469126802472215       0.18731641487068393       0.28388000672123109     
          81           6   1027.83594     T  -15.043170888277398       -3.8650661246769427        196.05712299876629        2.0690315505331407        6.8575087678558484       -1.5707446595912448E-002   1.2469126802472215       0.18731641487068393       0.28388000672123109     
          82           6   1027.83594     T  -15.043170888277398       -3.8650661246769427        196.05712299876629        2.0690315505331407        6.8575087678558484       -1.5707446595912448E-002   1.2469126802472215       0.18731641487068393       0.28388000672123109     
          83           6   1147.96094     T  -14.574159052806024       -4.6735666190453911        171.30337048399403        1.8983066013722916        5.4836025925714633      -0.98850741985192336        2.1827219545790872       0.21616225417568327       0.11559709482306492     
          84           6   1147.96094     T  -14.574159052806024       -4.6735666190453911        171.30337048399403        1.8983066013722916        5.4836025925714633      -0.98850741985192336        2.1827219545790872       0.21616225417568327       0.11559709482306492     
          85           6   1147.96094     T  -14.574159052806024       -4.6735666190453911        171.30337048399403        1.8983066013722916        5.4836025925714633      -0.98850741985192336        2.1827219545790872       0.21616225417568327       0.11559709482306492     
          86           6   1147.96094     T  -14.574159052806024       -4.6735666190453911        171.30337048399403        1.8983066013722916        5.4836025925714633      -0.98850741985192336        2.1827219545790872       0.21616225417568327       0.11559709482306492     
          87           6   1147.96094     T  -14.574159052806024       -4.6735666190453911        171.30337048399403        1.8983066013722916        5.4836025925714633      -0.98850741985192336        2.1827219545790872       0.21616225417568327       0.11559709482306492     
          88           6   1147.96094     T  -14.574159052806024       -4.6735666190453911        171.30337048399403        1.8983066013722916        5.4836025925714633      -0.98850741985192336        2.1827219545790872       0.21616225417568327       0.11559709482306492     
          89           6   1147.96094     T  -14.574159052806024       -4.6735666190453911        171.30337048399403        1.8983066013722916        5.4836025925714633      -0.98850741985192336        2.1827219545790872       0.21616225417568327       0.11559709482306492     
          90           6   1147.96094     T  -14.574159052806024       -4.6735666190453911        171.30337048399403        1.8983066013722916        5.4836025925714633      -0.98850741985192336        2.1827219545790872       0.21616225417568327       0.11559709482306492     
          91           6   1147.96094     T  -14.574159052806024       -4.6735666190453911        171.30337048399403        1.8983066013722916        5.4836025925714633      -0.98850741985192336        2.1827219545790872       0.21616225417568327       0.11559709482306492     
          92           6   1306.80469     T  -15.057183379984359       -4.6325244550791425        198.36146068104406        1.5632935247995676        6.6906741128943041       -1.6318075292903598        1.3958652701615812       0.29041992253426419       0.15731457826124151     
          93           6   1306.80469     T  -15.057183379984359       -4.6325244550791425        198.36146068104406        1.5632935247995676        6.6906741128943041       -1.6318075292903598        1.3958652701615812       0.29041992253426419       0.15731457826124151     
          94           6   1306.80469     T  -15.057183379984359       -4.6325244550791425        198.36146068104406        1.5632935247995676        6.6906741128943041       -1.6318075292903598        1.3958652701615812       0.29041992253426419       0.15731457826124151     
          95           6   1306.80469     T  -15.057183379984359       -4.6325244550791425        198.36146068104406        1.5632935247995676        6.6906741128943041       -1.6318075292903598        1.3958652701615812       0.29041992253426419       0.15731457826124151     
          96           6   1306.80469     T  -15.057183379984359       -4.6325244550791425        198.36146068104406        1.5632935247995676        6.6906741128943041       -1.6318075292903598        1.3958652701615812       0.29041992253426419       0.15731457826124151     
          97           6   1306.80469     T  -15.057183379984359       -4.6325244550791425        198.36146068104406        1.5632935247995676        6.6906741128943041       -1.6318075292903598        1.3958652701615812       0.29041992253426419       0.15731457826124151     
          98           6   1306.80469     T  -15.057183379984359       -4.6325244550791425        198.36146068104406        1.5632935247995676        6.6906741128943041       -1.6318075292903598        1.3958652701615812       0.29041992253426419       0.15731457826124151     
          99           6   1306.80469     T  -15.057183379984359       -4.6325244550791425        198.36146068104406        1.5632935247995676        6.6906741128943041       -1.6318075292903598        1.3958652701615812       0.29041992253426419       0.15731457826124151     
         100           6   1306.80469     T  -15.057183379984359       -4.6325244550791425        198.36146068104406        1.5632935247995676        6.6906741128943041       -1.6318075292903598        1.3958652701615812       0.29041992253426419       0.15731457826124151     
         101           6   1306.80469     T  -15.057183379984359       -4.6325244550791425        198.36146068104406        1.5632935247995676        6.6906741128943041       -1.6318075292903598        1.3958652701615812       0.29041992253426419       0.15731457826124151     
         102           6   1306.80469     T  -15.057183379984359       -4.6325244550791425        198.36146068104406        1.5632935247995676        6.6906741128943041       -1.6318075292903598        1.3958652701615812       0.29041992253426419       0.15731457826124151     
         103           6   1221.85938     T  -14.987647626641561       -4.9844217721470994        192.14680766997347        1.8414801241057681        4.3336835218251855       -1.5126026603430849        1.2914482124496038       0.25276130136629077       0.22787028478595925     
         104           6   1221.85938     T  -14.987647626641561       -4.9844217721470994        192.14680766997347        1.8414801241057681        4.3336835218251855       -1.5126026603430849        1.2914482124496038       0.25276130136629077       0.22787028478595925     
         105           6   1221.85938     T  -14.987647626641561       -4.9844217721470994        192.14680766997347        1.8414801241057681        4.3336835218251855       -1.5126026603430849        1.2914482124496038       0.25276130136629077       0.22787028478595925     
         106           6   1221.85938     T  -14.987647626641561       -4.9844217721470994        192.14680766997347        1.8414801241057681        4.3336835218251855       -1.5126026603430849        1.2914482124496038       0.25276130136629077       0.22787028478595925     
         107           6   1221.85938     T  -14.987647626641561       -4.9844217721470994        192.14680766997347        1.8414801241057681        4.3336835218251855       -1.5126026603430849        1.2914482124496038       0.25276130136629077       0.22787028478595925     
         108           6   1221.85938     T  -14.987647626641561       -4.9844217721470994        192.14680766997347        1.8414801241057681        4.3336835218251855       -1.5126026603430849        1.2914482124496038       0.25276130136629077       0.22787028478595925     
         109           6   931.250000     T  -16.402410239780821       -6.5488924729521196        166.19615049006435        1.5317078557503407        5.6280929492177521      -0.43037388102226498        2.5268887177388977       0.21794592652123429       0.20307958197219309     
         110           6   931.250000     T  -16.402410239780821       -6.5488924729521196        166.19615049006435        1.5317078557503407        5.6280929492177521      -0.43037388102226498        2.5268887177388977       0.21794592652123429       0.20307958197219309     
         111           6   931.250000     T  -16.402410239780821       -6.5488924729521196        166.19615049006435        1.5317078557503407        5.6280929492177521      -0.43037388102226498        2.5268887177388977       0.21794592652123429       0.20307958197219309     
         112           6   931.250000     T  -16.402410239780821       -6.5488924729521196        166.19615049006435        1.5317078557503407        5.6280929492177521      -0.43037388102226498        2.5268887177388977       0.21794592652123429       0.20307958197219309     
         113           6   1301.50000     T  -15.372029659271117       -4.6748114758215582        240.84754074854078        1.1711203329776096        4.1757000594136109       -1.5091027432984343       0.83563928408519672       0.28932842510177742       0.23889524485623456     
         114           6   1301.50000     T  -15.372029659271117       -4.6748114758215582        240.84754074854078        1.1711203329776096        4.1757000594136109       -1.5091027432984343       0.83563928408519672       0.28932842510177742       0.23889524485623456     
         115           6   1301.50000     T  -15.372029659271117       -4.6748114758215582        240.84754074854078        1.1711203329776096        4.1757000594136109       -1.5091027432984343       0.83563928408519672       0.28932842510177742       0.23889524485623456     
         116           6   1301.50000     T  -15.372029659271117       -4.6748114758215582        240.84754074854078        1.1711203329776096        4.1757000594136109       -1.5091027432984343       0.83563928408519672       0.28932842510177742       0.23889524485623456     
         117           6   1301.50000     T  -15.372029659271117       -4.6748114758215582        240.84754074854078        1.1711203329776096        4.1757000594136109       -1.5091027432984343       0.83563928408519672       0.28932842510177742       0.23889524485623456     
         118           6   1301.50000     T  -15.372029659271117       -4.6748114758215582        240.84754074854078        1.1711203329776096        4.1757000594136109       -1.5091027432984343       0.83563928408519672       0.28932842510177742       0.23889524485623456     
         119           6   1301.50000     T  -15.372029659271117       -4.6748114758215582        240.84754074854078        1.1711203329776096        4.1757000594136109       -1.5091027432984343       0.83563928408519672       0.28932842510177742       0.23889524485623456     
         120           6   815.921875     T  -15.700966799152015       -3.8809081551662992        226.68253452237340        1.7578524624323983        3.5806025251501254       0.11616938602507866        1.2700915037368279       0.11103861092204273       0.27388506321077583     
         121           6   815.921875     T  -15.700966799152015       -3.8809081551662992        226.68253452237340        1.7578524624323983        3.5806025251501254       0.11616938602507866        1.2700915037368279       0.11103861092204273       0.27388506321077583     
         122           6   815.921875     T  -15.700966799152015       -3.8809081551662992        226.68253452237340        1.7578524624323983        3.5806025251501254       0.11616938602507866        1.2700915037368279       0.11103861092204273       0.27388506321077583     
         123           6   815.921875     T  -15.700966799152015       -3.8809081551662992        226.68253452237340        1.7578524624323983        3.5806025251501254       0.11616938602507866        1.2700915037368279       0.11103861092204273       0.27388506321077583     
         124           6   1307.56250     T  -15.211621205845169       -4.9219291694067797        181.61108532909401        1.4441265563986150        3.2228794058659815       -1.6274049503595529        1.5271355373288662       0.24602403003636117       0.27426622117430083     
         125           6   1307.56250     T  -15.211621205845169       -4.9219291694067797        181.61108532909401        1.4441265563986150        3.2228794058659815       -1.6274049503595529        1.5271355373288662       0.24602403003636117       0.27426622117430083     
         126           6   1097.89062     T  -14.884354390424669       -4.6156934559871123        181.65109022294340        1.4352590822441100        3.2364791404349189       -1.6072060760243005        1.5278050244939760       0.24455394643837047       0.27218742010258190     
         127           6   1166.40625     T  -14.921822038241899       -4.6700296341583156        181.44875496631894        1.4369984216557909        3.2436511047667125       -1.6082045956875686        1.4959458482180090       0.24554531257514728       0.27047065630059791     
         128           6   1166.40625     T  -14.921822038241899       -4.6700296341583156        181.44875496631894        1.4369984216557909        3.2436511047667125       -1.6082045956875686        1.4959458482180090       0.24554531257514728       0.27047065630059791     
         129           6   1166.40625     T  -14.921822038241899       -4.6700296341583156        181.44875496631894        1.4369984216557909        3.2436511047667125       -1.6082045956875686        1.4959458482180090       0.24554531257514728       0.27047065630059791     
         130           6   1166.40625     T  -14.921822038241899       -4.6700296341583156        181.44875496631894        1.4369984216557909        3.2436511047667125       -1.6082045956875686        1.4959458482180090       0.24554531257514728       0.27047065630059791     
         131           6   1123.43750     T  -14.932872341837747       -4.6814697419446416        181.55590432069746        1.4400857527393771        3.2332030073291289       -1.6182199975916411        1.4585517497141307       0.24669338240962527       0.26988441670286983     
         132           6   1123.43750     T  -14.932872341837747       -4.6814697419446416        181.55590432069746        1.4400857527393771        3.2332030073291289       -1.6182199975916411        1.4585517497141307       0.24669338240962527       0.26988441670286983     
         133           6   1123.43750     T  -14.932872341837747       -4.6814697419446416        181.55590432069746        1.4400857527393771        3.2332030073291289       -1.6182199975916411        1.4585517497141307       0.24669338240962527       0.26988441670286983     
         134           6   1123.43750     T  -14.932872341837747       -4.6814697419446416        181.55590432069746        1.4400857527393771        3.2332030073291289       -1.6182199975916411        1.4585517497141307       0.24669338240962527       0.26988441670286983     
         135           6   1123.43750     T  -14.932872341837747       -4.6814697419446416        181.55590432069746        1.4400857527393771        3.2332030073291289       -1.6182199975916411        1.4585517497141307       0.24669338240962527       0.26988441670286983     
         136           6   1123.43750     T  -14.932872341837747       -4.6814697419446416        181.55590432069746        1.4400857527393771        3.2332030073291289       -1.6182199975916411        1.4585517497141307       0.24669338240962527       0.26988441670286983     
         137           6   1123.43750     T  -14.932872341837747       -4.6814697419446416        181.55590432069746        1.4400857527393771        3.2332030073291289       -1.6182199975916411        1.4585517497141307       0.24669338240962527       0.26988441670286983     
         138           6   1123.43750     T  -14.932872341837747       -4.6814697419446416        181.55590432069746        1.4400857527393771        3.2332030073291289       -1.6182199975916411        1.4585517497141307       0.24669338240962527       0.26988441670286983     
         139           6   1123.43750     T  -14.932872341837747       -4.6814697419446416        181.55590432069746        1.4400857527393771        3.2332030073291289       -1.6182199975916411        1.4585517497141307       0.24669338240962527       0.26988441670286983     
         140           6   1123.43750     T  -14.932872341837747       -4.6814697419446416        181.55590432069746        1.4400857527393771        3.2332030073291289       -1.6182199975916411        1.4585517497141307       0.24669338240962527       0.26988441670286983     
         141           6   1123.43750     T  -14.932872341837747       -4.6814697419446416        181.55590432069746        1.4400857527393771        3.2332030073291289       -1.6182199975916411        1.4585517497141307       0.24669338240962527       0.26988441670286983     
         142           6   1123.43750     T  -14.932872341837747       -4.6814697419446416        181.55590432069746        1.4400857527393771        3.2332030073291289       -1.6182199975916411        1.4585517497141307       0.24669338240962527       0.26988441670286983     
         143           6   1123.43750     T  -14.932872341837747       -4.6814697419446416        181.55590432069746        1.4400857527393771        3.2332030073291289       -1.6182199975916411        1.4585517497141307       0.24669338240962527       0.26988441670286983     
         144           6   1123.43750     T  -14.932872341837747       -4.6814697419446416        181.55590432069746        1.4400857527393771        3.2332030073291289       -1.6182199975916411        1.4585517497141307       0.24669338240962527       0.26988441670286983     
         145           6   1123.43750     T  -14.932872341837747       -4.6814697419446416        181.55590432069746        1.4400857527393771        3.2332030073291289       -1.6182199975916411        1.4585517497141307       0.24669338240962527       0.26988441670286983     
         146           6   1098.85938     T  -14.785351565522561       -3.7005977304889353        240.34772246630627        1.0655129553536902        7.0456710612238682       -1.4690873931851560        2.5780878954443995       0.24667956950116532       0.20509635361601022     
         147           6   1098.85938     T  -14.785351565522561       -3.7005977304889353        240.34772246630627        1.0655129553536902        7.0456710612238682       -1.4690873931851560        2.5780878954443995       0.24667956950116532       0.20509635361601022     
         148           6   1099.65625     T  -15.241025018602805       -3.6701798858426442        275.57654816141462        1.0672025572245696        7.1855121158219815       -1.5150608835114194        2.5169950622462207       0.25541435661169681       0.20445803744334254     
         149           6   1099.65625     T  -15.241025018602805       -3.6701798858426442        275.57654816141462        1.0672025572245696        7.1855121158219815       -1.5150608835114194        2.5169950622462207       0.25541435661169681       0.20445803744334254     
         150           6   1099.65625     T  -15.241025018602805       -3.6701798858426442        275.57654816141462        1.0672025572245696        7.1855121158219815       -1.5150608835114194        2.5169950622462207       0.25541435661169681       0.20445803744334254     
         151           6   1099.65625     T  -15.241025018602805       -3.6701798858426442        275.57654816141462        1.0672025572245696        7.1855121158219815       -1.5150608835114194        2.5169950622462207       0.25541435661169681       0.20445803744334254     
         152           6   1099.65625     T  -15.241025018602805       -3.6701798858426442        275.57654816141462        1.0672025572245696        7.1855121158219815       -1.5150608835114194        2.5169950622462207       0.25541435661169681       0.20445803744334254     
         153           6   1099.65625     T  -15.241025018602805       -3.6701798858426442        275.57654816141462        1.0672025572245696        7.1855121158219815       -1.5150608835114194        2.5169950622462207       0.25541435661169681       0.20445803744334254     
         154           6   1099.65625     T  -15.241025018602805       -3.6701798858426442        275.57654816141462        1.0672025572245696        7.1855121158219815       -1.5150608835114194        2.5169950622462207       0.25541435661169681       0.20445803744334254     
         155           6   1292.35938     T  -14.145515449715854       -3.8009724310600514        229.96652984422320        1.0651700229144256        5.5003010118292357       -1.7608281319728623        2.4064471034546808       0.24590311131440362       0.15678983143356337     
         156           6   1292.35938     T  -14.145515449715854       -3.8009724310600514        229.96652984422320        1.0651700229144256        5.5003010118292357       -1.7608281319728623        2.4064471034546808       0.24590311131440362       0.15678983143356337     
         157           6   1292.35938     T  -14.145515449715854       -3.8009724310600514        229.96652984422320        1.0651700229144256        5.5003010118292357       -1.7608281319728623        2.4064471034546808       0.24590311131440362       0.15678983143356337     
         158           6   1292.35938     T  -14.145515449715854       -3.8009724310600514        229.96652984422320        1.0651700229144256        5.5003010118292357       -1.7608281319728623        2.4064471034546808       0.24590311131440362       0.15678983143356337     
         159           6   1292.35938     T  -14.145515449715854       -3.8009724310600514        229.96652984422320        1.0651700229144256        5.5003010118292357       -1.7608281319728623        2.4064471034546808       0.24590311131440362       0.15678983143356337     
         160           6   1292.35938     T  -14.145515449715854       -3.8009724310600514        229.96652984422320        1.0651700229144256        5.5003010118292357       -1.7608281319728623        2.4064471034546808       0.24590311131440362       0.15678983143356337     
         161           6   1292.35938     T  -14.145515449715854       -3.8009724310600514        229.96652984422320        1.0651700229144256        5.5003010118292357       -1.7608281319728623        2.4064471034546808       0.24590311131440362       0.15678983143356337     
         162           6   1292.35938     T  -14.145515449715854       -3.8009724310600514        229.96652984422320        1.0651700229144256        5.5003010118292357       -1.7608281319728623        2.4064471034546808       0.24590311131440362       0.15678983143356337     
         163           6   1292.35938     T  -14.145515449715854       -3.8009724310600514        229.96652984422320        1.0651700229144256        5.5003010118292357       -1.7608281319728623        2.4064471034546808       0.24590311131440362       0.15678983143356337     
         164           6   1292.35938     T  -14.145515449715854       -3.8009724310600514        229.96652984422320        1.0651700229144256        5.5003010118292357       -1.7608281319728623        2.4064471034546808       0.24590311131440362       0.15678983143356337     
         165           6   1292.35938     T  -14.145515449715854       -3.8009724310600514        229.96652984422320        1.0651700229144256        5.5003010118292357       -1.7608281319728623        2.4064471034546808       0.24590311131440362       0.15678983143356337     
         166           6   1149.68750     T  -13.947494958671570       -3.8619258211893959        207.05450604208463        1.2201209072481567        5.5046426997078974       -1.5997626855827300        2.5150875559800250       0.23968142162013692       0.16472038624222424     
         167           6   1149.68750     T  -13.947494958671570       -3.8619258211893959        207.05450604208463        1.2201209072481567        5.5046426997078974       -1.5997626855827300        2.5150875559800250       0.23968142162013692       0.16472038624222424     
         168           6   1149.68750     T  -13.947494958671570       -3.8619258211893959        207.05450604208463        1.2201209072481567        5.5046426997078974       -1.5997626855827300        2.5150875559800250       0.23968142162013692       0.16472038624222424     
         169           6   1149.68750     T  -13.947494958671570       -3.8619258211893959        207.05450604208463        1.2201209072481567        5.5046426997078974       -1.5997626855827300        2.5150875559800250       0.23968142162013692       0.16472038624222424     
         170           6   1149.68750     T  -13.947494958671570       -3.8619258211893959        207.05450604208463        1.2201209072481567        5.5046426997078974       -1.5997626855827300        2.5150875559800250       0.23968142162013692       0.16472038624222424     
         171           6   1149.68750     T  -13.947494958671570       -3.8619258211893959        207.05450604208463        1.2201209072481567        5.5046426997078974       -1.5997626855827300        2.5150875559800250       0.23968142162013692       0.16472038624222424     
         172           6   1023.73438     T  -14.198124133785164       -4.2325314505840579        210.71471715539928        1.6321221480761434        3.9454184838693691      -0.97645022385108582        1.4308813751136853       0.20397749307160398       0.18223490562016298     
         173           6   1023.73438     T  -14.198124133785164       -4.2325314505840579        210.71471715539928        1.6321221480761434        3.9454184838693691      -0.97645022385108582        1.4308813751136853       0.20397749307160398       0.18223490562016298     
         174           6   1023.73438     T  -14.198124133785164       -4.2325314505840579        210.71471715539928        1.6321221480761434        3.9454184838693691      -0.97645022385108582        1.4308813751136853       0.20397749307160398       0.18223490562016298     
         175           6   1023.73438     T  -14.198124133785164       -4.2325314505840579        210.71471715539928        1.6321221480761434        3.9454184838693691      -0.97645022385108582        1.4308813751136853       0.20397749307160398       0.18223490562016298     
         176           6   1023.73438     T  -14.198124133785164       -4.2325314505840579        210.71471715539928        1.6321221480761434        3.9454184838693691      -0.97645022385108582        1.4308813751136853       0.20397749307160398       0.18223490562016298     
         177           6   956.437500     T  -13.682053707829109       -3.3461748665418223        170.14790927493229        1.0542893846328585        4.0935046338386414      -0.55505639403193507        4.6797928354249274       0.12329188734675831       0.18175941089129136     
         178           6   956.437500     T  -13.682053707829109       -3.3461748665418223        170.14790927493229        1.0542893846328585        4.0935046338386414      -0.55505639403193507        4.6797928354249274       0.12329188734675831       0.18175941089129136     
         179           6   956.437500     T  -13.682053707829109       -3.3461748665418223        170.14790927493229        1.0542893846328585        4.0935046338386414      -0.55505639403193507        4.6797928354249274       0.12329188734675831       0.18175941089129136     
         180           6   956.437500     T  -13.682053707829109       -3.3461748665418223        170.14790927493229        1.0542893846328585        4.0935046338386414      -0.55505639403193507        4.6797928354249274       0.12329188734675831       0.18175941089129136     
         181           6   956.437500     T  -13.682053707829109       -3.3461748665418223        170.14790927493229        1.0542893846328585        4.0935046338386414      -0.55505639403193507        4.6797928354249274       0.12329188734675831       0.18175941089129136     
         182           6   956.437500     T  -13.682053707829109       -3.3461748665418223        170.14790927493229        1.0542893846328585        4.0935046338386414      -0.55505639403193507        4.6797928354249274       0.12329188734675831       0.18175941089129136     
         183           6   956.437500     T  -13.682053707829109       -3.3461748665418223        170.14790927493229        1.0542893846328585        4.0935046338386414      -0.55505639403193507        4.6797928354249274       0.12329188734675831       0.18175941089129136     
         184           6   956.437500     T  -13.682053707829109       -3.3461748665418223        170.14790927493229        1.0542893846328585        4.0935046338386414      -0.55505639403193507        4.6797928354249274       0.12329188734675831       0.18175941089129136     
         185           6   956.437500     T  -13.682053707829109       -3.3461748665418223        170.14790927493229        1.0542893846328585        4.0935046338386414      -0.55505639403193507        4.6797928354249274       0.12329188734675831       0.18175941089129136     
         186           6   956.437500     T  -13.682053707829109       -3.3461748665418223        170.14790927493229        1.0542893846328585        4.0935046338386414      -0.55505639403193507        4.6797928354249274       0.12329188734675831       0.18175941089129136     
         187           6   981.750000     T  -14.479267262716757       -4.3321905619154224        193.11487396626859        1.5469692716490457        3.9022552478735784      -0.74380667124493527        2.3969340421712291       0.15354768210743913       0.19611123206908934     
         188           6   981.750000     T  -14.479267262716757       -4.3321905619154224        193.11487396626859        1.5469692716490457        3.9022552478735784      -0.74380667124493527        2.3969340421712291       0.15354768210743913       0.19611123206908934     
         189           6   934.656250     T  -13.756346284213468       -3.7957952352107158        193.27701478040524        2.0566528838922036        3.9360860678988634      -0.82125594572865568        2.1659354657192784       0.17560184322427505       0.19629961159008008     
         190           6   1097.96875     T  -13.903853087705905       -3.8682670681898119        213.94531374760015        1.8518638376816621        3.6640580544243746       -1.0665170783905669       0.32516416606849285       0.23915932407578802       0.19726880658070997     
         191           6   1097.96875     T  -13.903853087705905       -3.8682670681898119        213.94531374760015        1.8518638376816621        3.6640580544243746       -1.0665170783905669       0.32516416606849285       0.23915932407578802       0.19726880658070997     
         192           6   1097.96875     T  -13.903853087705905       -3.8682670681898119        213.94531374760015        1.8518638376816621        3.6640580544243746       -1.0665170783905669       0.32516416606849285       0.23915932407578802       0.19726880658070997     
         193           6   1097.96875     T  -13.903853087705905       -3.8682670681898119        213.94531374760015        1.8518638376816621        3.6640580544243746       -1.0665170783905669       0.32516416606849285       0.23915932407578802       0.19726880658070997     
         194           6   1097.96875     T  -13.903853087705905       -3.8682670681898119        213.94531374760015        1.8518638376816621        3.6640580544243746       -1.0665170783905669       0.32516416606849285       0.23915932407578802       0.19726880658070997     
         195           6   1097.96875     T  -13.903853087705905       -3.8682670681898119        213.94531374760015        1.8518638376816621        3.6640580544243746       -1.0665170783905669       0.32516416606849285       0.23915932407578802       0.19726880658070997     
         196           6   1097.96875     T  -13.903853087705905       -3.8682670681898119        213.94531374760015        1.8518638376816621        3.6640580544243746       -1.0665170783905669       0.32516416606849285       0.23915932407578802       0.19726880658070997     
         197           6   1097.96875     T  -13.903853087705905       -3.8682670681898119        213.94531374760015        1.8518638376816621        3.6640580544243746       -1.0665170783905669       0.32516416606849285       0.23915932407578802       0.19726880658070997     
         198           6   1097.96875     T  -13.903853087705905       -3.8682670681898119        213.94531374760015        1.8518638376816621        3.6640580544243746       -1.0665170783905669       0.32516416606849285       0.23915932407578802       0.19726880658070997     
         199           6   1097.96875     T  -13.903853087705905       -3.8682670681898119        213.94531374760015        1.8518638376816621        3.6640580544243746       -1.0665170783905669       0.32516416606849285       0.23915932407578802       0.19726880658070997     
         200           6   1097.96875     T  -13.903853087705905       -3.8682670681898119        213.94531374760015        1.8518638376816621        3.6640580544243746       -1.0665170783905669       0.32516416606849285       0.23915932407578802       0.19726880658070997     
         201           6   1125.56250     T  -13.881836742306017       -3.7523017110099248        155.27385077264748        1.0262372086894478        4.3573337673320376      -0.55763457379591375        4.5463783596874672       0.12629554639354881       0.16110194269207820     
         202           6   1125.56250     T  -13.881836742306017       -3.7523017110099248        155.27385077264748        1.0262372086894478        4.3573337673320376      -0.55763457379591375        4.5463783596874672       0.12629554639354881       0.16110194269207820     
         203           6   1125.56250     T  -13.881836742306017       -3.7523017110099248        155.27385077264748        1.0262372086894478        4.3573337673320376      -0.55763457379591375        4.5463783596874672       0.12629554639354881       0.16110194269207820     
         204           6   1125.56250     T  -13.881836742306017       -3.7523017110099248        155.27385077264748        1.0262372086894478        4.3573337673320376      -0.55763457379591375        4.5463783596874672       0.12629554639354881       0.16110194269207820     
         205           6   1125.56250     T  -13.881836742306017       -3.7523017110099248        155.27385077264748        1.0262372086894478        4.3573337673320376      -0.55763457379591375        4.5463783596874672       0.12629554639354881       0.16110194269207820     
         206           6   1125.56250     T  -13.881836742306017       -3.7523017110099248        155.27385077264748        1.0262372086894478        4.3573337673320376      -0.55763457379591375        4.5463783596874672       0.12629554639354881       0.16110194269207820     
         207           6   1125.56250     T  -13.881836742306017       -3.7523017110099248        155.27385077264748        1.0262372086894478        4.3573337673320376      -0.55763457379591375        4.5463783596874672       0.12629554639354881       0.16110194269207820     
         208           6   1125.56250     T  -13.881836742306017       -3.7523017110099248        155.27385077264748        1.0262372086894478        4.3573337673320376      -0.55763457379591375        4.5463783596874672       0.12629554639354881       0.16110194269207820     
         209           6   1125.56250     T  -13.881836742306017       -3.7523017110099248        155.27385077264748        1.0262372086894478        4.3573337673320376      -0.55763457379591375        4.5463783596874672       0.12629554639354881       0.16110194269207820     
         210           6   1125.56250     T  -13.881836742306017       -3.7523017110099248        155.27385077264748        1.0262372086894478        4.3573337673320376      -0.55763457379591375        4.5463783596874672       0.12629554639354881       0.16110194269207820     
         211           6   1125.56250     T  -13.881836742306017       -3.7523017110099248        155.27385077264748        1.0262372086894478        4.3573337673320376      -0.55763457379591375        4.5463783596874672       0.12629554639354881       0.16110194269207820     
         212           6   1125.56250     T  -13.881836742306017       -3.7523017110099248        155.27385077264748        1.0262372086894478        4.3573337673320376      -0.55763457379591375        4.5463783596874672       0.12629554639354881       0.16110194269207820     
         213           6   1125.56250     T  -13.881836742306017       -3.7523017110099248        155.27385077264748        1.0262372086894478        4.3573337673320376      -0.55763457379591375        4.5463783596874672       0.12629554639354881       0.16110194269207820     
         214           6   1125.56250     T  -13.881836742306017       -3.7523017110099248        155.27385077264748        1.0262372086894478        4.3573337673320376      -0.55763457379591375        4.5463783596874672       0.12629554639354881       0.16110194269207820     
         215           6   1125.56250     T  -13.881836742306017       -3.7523017110099248        155.27385077264748        1.0262372086894478        4.3573337673320376      -0.55763457379591375        4.5463783596874672       0.12629554639354881       0.16110194269207820     
         216           6   1125.56250     T  -13.881836742306017       -3.7523017110099248        155.27385077264748        1.0262372086894478        4.3573337673320376      -0.55763457379591375        4.5463783596874672       0.12629554639354881       0.16110194269207820     
         217           6   1125.56250     T  -13.881836742306017       -3.7523017110099248        155.27385077264748        1.0262372086894478        4.3573337673320376      -0.55763457379591375        4.5463783596874672       0.12629554639354881       0.16110194269207820     
         218           6   877.000000     T  -16.037822697830961       -5.7814560143805176        173.68536171394456        1.6822272017968962        4.4220663124371038      -0.34207099914342320        2.0763382840838296       0.12791496553573292       0.15354740586170401     
         219           6   877.000000     T  -16.037822697830961       -5.7814560143805176        173.68536171394456        1.6822272017968962        4.4220663124371038      -0.34207099914342320        2.0763382840838296       0.12791496553573292       0.15354740586170401     
         220           6   877.000000     T  -16.037822697830961       -5.7814560143805176        173.68536171394456        1.6822272017968962        4.4220663124371038      -0.34207099914342320        2.0763382840838296       0.12791496553573292       0.15354740586170401     
         221           6   877.000000     T  -16.037822697830961       -5.7814560143805176        173.68536171394456        1.6822272017968962        4.4220663124371038      -0.34207099914342320        2.0763382840838296       0.12791496553573292       0.15354740586170401     
         222           6   877.000000     T  -16.037822697830961       -5.7814560143805176        173.68536171394456        1.6822272017968962        4.4220663124371038      -0.34207099914342320        2.0763382840838296       0.12791496553573292       0.15354740586170401     
         223           6   877.000000     T  -16.037822697830961       -5.7814560143805176        173.68536171394456        1.6822272017968962        4.4220663124371038      -0.34207099914342320        2.0763382840838296       0.12791496553573292       0.15354740586170401     
         224           6   877.000000     T  -16.037822697830961       -5.7814560143805176        173.68536171394456        1.6822272017968962        4.4220663124371038      -0.34207099914342320        2.0763382840838296       0.12791496553573292       0.15354740586170401     
         225           6   877.000000     T  -16.037822697830961       -5.7814560143805176        173.68536171394456        1.6822272017968962        4.4220663124371038      -0.34207099914342320        2.0763382840838296       0.12791496553573292       0.15354740586170401     
         226           6   877.000000     T  -16.037822697830961       -5.7814560143805176        173.68536171394456        1.6822272017968962        4.4220663124371038      -0.34207099914342320        2.0763382840838296       0.12791496553573292       0.15354740586170401     
         227           6   877.000000     T  -16.037822697830961       -5.7814560143805176        173.68536171394456        1.6822272017968962        4.4220663124371038      -0.34207099914342320        2.0763382840838296       0.12791496553573292       0.15354740586170401     
         228           6   877.000000     T  -16.037822697830961       -5.7814560143805176        173.68536171394456        1.6822272017968962        4.4220663124371038      -0.34207099914342320        2.0763382840838296       0.12791496553573292       0.15354740586170401     
         229           6   999.500000     T  -14.216901084591058       -4.3582937269155506        158.55756302152284        1.0241029950200218        4.3726774921652707      -0.62202640986770286        4.5308764704875246       0.14454508257344895       0.15284020868424250     
         230           6   999.500000     T  -14.216901084591058       -4.3582937269155506        158.55756302152284        1.0241029950200218        4.3726774921652707      -0.62202640986770286        4.5308764704875246       0.14454508257344895       0.15284020868424250     
         231           6   999.500000     T  -14.216901084591058       -4.3582937269155506        158.55756302152284        1.0241029950200218        4.3726774921652707      -0.62202640986770286        4.5308764704875246       0.14454508257344895       0.15284020868424250     
         232           6   999.500000     T  -14.216901084591058       -4.3582937269155506        158.55756302152284        1.0241029950200218        4.3726774921652707      -0.62202640986770286        4.5308764704875246       0.14454508257344895       0.15284020868424250     
         233           6   999.500000     T  -14.216901084591058       -4.3582937269155506        158.55756302152284        1.0241029950200218        4.3726774921652707      -0.62202640986770286        4.5308764704875246       0.14454508257344895       0.15284020868424250     
         234           6   999.500000     T  -14.216901084591058       -4.3582937269155506        158.55756302152284        1.0241029950200218        4.3726774921652707      -0.62202640986770286        4.5308764704875246       0.14454508257344895       0.15284020868424250     
         235           6   999.500000     T  -14.216901084591058       -4.3582937269155506        158.55756302152284        1.0241029950200218        4.3726774921652707      -0.62202640986770286        4.5308764704875246       0.14454508257344895       0.15284020868424250     
         236           6   821.437500     T  -14.751437624047709       -4.6823935827932690        177.32380530142837        1.6516204418805023        4.6438357622745352      -0.28462666887490867        2.5475584937672622       0.18256798879670896       0.10228168946969389     
         237           6   821.437500     T  -14.751437624047709       -4.6823935827932690        177.32380530142837        1.6516204418805023        4.6438357622745352      -0.28462666887490867        2.5475584937672622       0.18256798879670896       0.10228168946969389     
         238           6   1006.28125     T  -14.037177138593570       -4.2151971792003682        196.93003371055187        1.8469640172182369        3.7159279411849790      -0.92855955564744730        1.1350962580893491       0.20142890200164165       0.18095818118420365     
         239           6   1218.68750     T  -13.937392394621249       -4.1078990196319873        196.03759871411148        1.8523511948910729        3.7193397357593145      -0.92556201451610198        1.1583982162417787       0.19298332070712379       0.17711444891968536     
         240           6   1218.68750     T  -13.937392394621249       -4.1078990196319873        196.03759871411148        1.8523511948910729        3.7193397357593145      -0.92556201451610198        1.1583982162417787       0.19298332070712379       0.17711444891968536     
         241           6   1218.68750     T  -13.937392394621249       -4.1078990196319873        196.03759871411148        1.8523511948910729        3.7193397357593145      -0.92556201451610198        1.1583982162417787       0.19298332070712379       0.17711444891968536     
         242           6   1218.68750     T  -13.937392394621249       -4.1078990196319873        196.03759871411148        1.8523511948910729        3.7193397357593145      -0.92556201451610198        1.1583982162417787       0.19298332070712379       0.17711444891968536     
         243           6   1218.68750     T  -13.937392394621249       -4.1078990196319873        196.03759871411148        1.8523511948910729        3.7193397357593145      -0.92556201451610198        1.1583982162417787       0.19298332070712379       0.17711444891968536     
         244           6   986.687500     T  -14.069685405384618       -4.0550576310127591        201.97391724697275        1.8504189762973602        3.8111225417187740      -0.94828758754521869        1.3850908851038788       0.16849265019907614       0.17092591926038045     
         245           6   986.687500     T  -14.069685405384618       -4.0550576310127591        201.97391724697275        1.8504189762973602        3.8111225417187740      -0.94828758754521869        1.3850908851038788       0.16849265019907614       0.17092591926038045     
         246           6   1116.87500     T  -14.273356204890234       -4.2243030308585796        205.01790886663539        1.8290866179903948        3.8961384801385588      -0.94942353326710627        1.4257538242887153       0.16710499830487244       0.16622639394529348     
         247           6   1116.87500     T  -14.273356204890234       -4.2243030308585796        205.01790886663539        1.8290866179903948        3.8961384801385588      -0.94942353326710627        1.4257538242887153       0.16710499830487244       0.16622639394529348     
         248           6   1116.87500     T  -14.273356204890234       -4.2243030308585796        205.01790886663539        1.8290866179903948        3.8961384801385588      -0.94942353326710627        1.4257538242887153       0.16710499830487244       0.16622639394529348     
         249           6   1116.87500     T  -14.273356204890234       -4.2243030308585796        205.01790886663539        1.8290866179903948        3.8961384801385588      -0.94942353326710627        1.4257538242887153       0.16710499830487244       0.16622639394529348     
         250           6   1181.09375     T  -14.098630005790884       -4.0580991227770662        205.00792789182347        1.8300422144811750        3.8979050020825743      -0.94746958149742866        1.1001109959703610       0.16815860019338130       0.16618354319665618     
         251           6   1181.09375     T  -14.098630005790884       -4.0580991227770662        205.00792789182347        1.8300422144811750        3.8979050020825743      -0.94746958149742866        1.1001109959703610       0.16815860019338130       0.16618354319665618     
         252           6   988.500000     T  -14.149966625530174       -4.1185329566516842        204.25121872639485        1.8440440909620117        3.8892645708264815      -0.96887057770275786        1.1325063083988440       0.16800960409337387       0.16483809904609339     
         253           6   988.500000     T  -14.149966625530174       -4.1185329566516842        204.25121872639485        1.8440440909620117        3.8892645708264815      -0.96887057770275786        1.1325063083988440       0.16800960409337387       0.16483809904609339     
         254           6   988.500000     T  -14.149966625530174       -4.1185329566516842        204.25121872639485        1.8440440909620117        3.8892645708264815      -0.96887057770275786        1.1325063083988440       0.16800960409337387       0.16483809904609339     
         255           6   988.500000     T  -14.149966625530174       -4.1185329566516842        204.25121872639485        1.8440440909620117        3.8892645708264815      -0.96887057770275786        1.1325063083988440       0.16800960409337387       0.16483809904609339     
         256           6   1008.62500     T  -14.179073730331258       -4.1531214949574586        204.38187545166772        1.8490191532027629        3.8765200377978970      -0.94163887692567183        1.0627075666813766       0.16881144809968349       0.16430425332736942     
         257           6   924.000000     T  -13.091052914957890       -3.1352894156654041        164.18094206450107        1.0639628565582588        5.0430182829142280      -0.48733128614345272        4.9481130974512917       0.19792484350954476       0.10238127258274130     
         258           6   924.000000     T  -13.091052914957890       -3.1352894156654041        164.18094206450107        1.0639628565582588        5.0430182829142280      -0.48733128614345272        4.9481130974512917       0.19792484350954476       0.10238127258274130     
         259           6   924.000000     T  -13.091052914957890       -3.1352894156654041        164.18094206450107        1.0639628565582588        5.0430182829142280      -0.48733128614345272        4.9481130974512917       0.19792484350954476       0.10238127258274130     
         260           6   1044.81250     T  -13.644698530695942       -3.5963380926666955        165.00604771401325        1.0483708565706238        5.5035831367740817      -0.48950648701081734        4.9053847226759633       0.19903045274625242       0.10339279264995806     
         261           6   1044.81250     T  -13.644698530695942       -3.5963380926666955        165.00604771401325        1.0483708565706238        5.5035831367740817      -0.48950648701081734        4.9053847226759633       0.19903045274625242       0.10339279264995806     
         262           6   1044.81250     T  -13.644698530695942       -3.5963380926666955        165.00604771401325        1.0483708565706238        5.5035831367740817      -0.48950648701081734        4.9053847226759633       0.19903045274625242       0.10339279264995806     
         263           6   1044.81250     T  -13.644698530695942       -3.5963380926666955        165.00604771401325        1.0483708565706238        5.5035831367740817      -0.48950648701081734        4.9053847226759633       0.19903045274625242       0.10339279264995806     
         264           6   1044.81250     T  -13.644698530695942       -3.5963380926666955        165.00604771401325        1.0483708565706238        5.5035831367740817      -0.48950648701081734        4.9053847226759633       0.19903045274625242       0.10339279264995806     
         265           6   1044.81250     T  -13.644698530695942       -3.5963380926666955        165.00604771401325        1.0483708565706238        5.5035831367740817      -0.48950648701081734        4.9053847226759633       0.19903045274625242       0.10339279264995806     
         266           6   1044.81250     T  -13.644698530695942       -3.5963380926666955        165.00604771401325        1.0483708565706238        5.5035831367740817      -0.48950648701081734        4.9053847226759633       0.19903045274625242       0.10339279264995806     
         267           6   1044.81250     T  -13.644698530695942       -3.5963380926666955        165.00604771401325        1.0483708565706238        5.5035831367740817      -0.48950648701081734        4.9053847226759633       0.19903045274625242       0.10339279264995806     
         268           6   1044.81250     T  -13.644698530695942       -3.5963380926666955        165.00604771401325        1.0483708565706238        5.5035831367740817      -0.48950648701081734        4.9053847226759633       0.19903045274625242       0.10339279264995806     
         269           6   1044.81250     T  -13.644698530695942       -3.5963380926666955        165.00604771401325        1.0483708565706238        5.5035831367740817      -0.48950648701081734        4.9053847226759633       0.19903045274625242       0.10339279264995806     
         270           6   1044.81250     T  -13.644698530695942       -3.5963380926666955        165.00604771401325        1.0483708565706238        5.5035831367740817      -0.48950648701081734        4.9053847226759633       0.19903045274625242       0.10339279264995806     
         271           6   1044.81250     T  -13.644698530695942       -3.5963380926666955        165.00604771401325        1.0483708565706238        5.5035831367740817      -0.48950648701081734        4.9053847226759633       0.19903045274625242       0.10339279264995806     
         272           6   1044.81250     T  -13.644698530695942       -3.5963380926666955        165.00604771401325        1.0483708565706238        5.5035831367740817      -0.48950648701081734        4.9053847226759633       0.19903045274625242       0.10339279264995806     
         273           6   1071.53125     T  -14.073133226806885       -3.4547714273736227        189.62393244233411        2.2982783694246658        3.0246485246790877      -0.46875903854227247      -0.68942900399684637       0.12372594805622918       0.17603195652920872     
         274           6   1071.53125     T  -14.073133226806885       -3.4547714273736227        189.62393244233411        2.2982783694246658        3.0246485246790877      -0.46875903854227247      -0.68942900399684637       0.12372594805622918       0.17603195652920872     
         275           6   1071.53125     T  -14.073133226806885       -3.4547714273736227        189.62393244233411        2.2982783694246658        3.0246485246790877      -0.46875903854227247      -0.68942900399684637       0.12372594805622918       0.17603195652920872     
         276           6   1216.06250     T  -14.196067996699579       -4.0831444397247978        196.94339598243440        1.1287592198225374        2.7531852171307638       -1.6489036023777752        3.0584343720960923       0.24816360561827505       0.11994720015929516     
         277           6   1216.06250     T  -14.196067996699579       -4.0831444397247978        196.94339598243440        1.1287592198225374        2.7531852171307638       -1.6489036023777752        3.0584343720960923       0.24816360561827505       0.11994720015929516     
         278           6   1208.31250     T  -13.024993882466784       -3.2299988303204890        165.05543754442886       0.88205215798543257        4.5684865084420299      -0.49859647926963918        4.7835893318038387       0.20184157713543471       0.10721280060700952     
         279           6   1208.31250     T  -13.024993882466784       -3.2299988303204890        165.05543754442886       0.88205215798543257        4.5684865084420299      -0.49859647926963918        4.7835893318038387       0.20184157713543471       0.10721280060700952     
         280           6   1208.31250     T  -13.024993882466784       -3.2299988303204890        165.05543754442886       0.88205215798543257        4.5684865084420299      -0.49859647926963918        4.7835893318038387       0.20184157713543471       0.10721280060700952     
         281           6   1208.31250     T  -13.024993882466784       -3.2299988303204890        165.05543754442886       0.88205215798543257        4.5684865084420299      -0.49859647926963918        4.7835893318038387       0.20184157713543471       0.10721280060700952     
         282           6   1208.31250     T  -13.024993882466784       -3.2299988303204890        165.05543754442886       0.88205215798543257        4.5684865084420299      -0.49859647926963918        4.7835893318038387       0.20184157713543471       0.10721280060700952     
         283           6   1208.31250     T  -13.024993882466784       -3.2299988303204890        165.05543754442886       0.88205215798543257        4.5684865084420299      -0.49859647926963918        4.7835893318038387       0.20184157713543471       0.10721280060700952     
         284           6   1208.31250     T  -13.024993882466784       -3.2299988303204890        165.05543754442886       0.88205215798543257        4.5684865084420299      -0.49859647926963918        4.7835893318038387       0.20184157713543471       0.10721280060700952     
         285           6   1208.31250     T  -13.024993882466784       -3.2299988303204890        165.05543754442886       0.88205215798543257        4.5684865084420299      -0.49859647926963918        4.7835893318038387       0.20184157713543471       0.10721280060700952     
         286           6   1208.31250     T  -13.024993882466784       -3.2299988303204890        165.05543754442886       0.88205215798543257        4.5684865084420299      -0.49859647926963918        4.7835893318038387       0.20184157713543471       0.10721280060700952     
         287           6   1208.31250     T  -13.024993882466784       -3.2299988303204890        165.05543754442886       0.88205215798543257        4.5684865084420299      -0.49859647926963918        4.7835893318038387       0.20184157713543471       0.10721280060700952     
         288           6   1208.31250     T  -13.024993882466784       -3.2299988303204890        165.05543754442886       0.88205215798543257        4.5684865084420299      -0.49859647926963918        4.7835893318038387       0.20184157713543471       0.10721280060700952     
         289           6   1217.40625     T  -12.930248524261115       -3.1493705445020161        165.00727716467625       0.88216482584753175        4.5544301457624430      -0.49559715669907606        4.7486062823590265       0.20288593824156284       0.10785103049679950     
         290           6   1217.40625     T  -12.930248524261115       -3.1493705445020161        165.00727716467625       0.88216482584753175        4.5544301457624430      -0.49559715669907606        4.7486062823590265       0.20288593824156284       0.10785103049679950     
         291           6   1217.40625     T  -12.930248524261115       -3.1493705445020161        165.00727716467625       0.88216482584753175        4.5544301457624430      -0.49559715669907606        4.7486062823590265       0.20288593824156284       0.10785103049679950     
         292           6   1098.34375     T  -13.170607288277289       -3.3782736429919527        164.97201235408144       0.84077824056698403        4.5351555308892104      -0.48974233967401104        4.7638348740643197       0.20126985073226070       0.10714594178499354     
         293           6   1098.34375     T  -13.170607288277289       -3.3782736429919527        164.97201235408144       0.84077824056698403        4.5351555308892104      -0.48974233967401104        4.7638348740643197       0.20126985073226070       0.10714594178499354     
         294           6   992.468750     T  -12.816710768101856       -3.1097706270651728        162.66370314716480        1.0295035949098572        4.4102721165309342      -0.53669970364300945        4.9856159357551837       0.18423220870784018       0.11731876698017044     
         295           6   992.468750     T  -12.816710768101856       -3.1097706270651728        162.66370314716480        1.0295035949098572        4.4102721165309342      -0.53669970364300945        4.9856159357551837       0.18423220870784018       0.11731876698017044     
         296           6   940.187500     T  -12.955543716780715       -3.3077295391749622        162.49681745428950        1.0251904957127933        4.2944840598609550      -0.53769029032169646        4.8139878712950992       0.19720410847260403       0.11635690896978279     
