           1           2   724.705139     F  -46.550884701246325       -36.917195119299620        141.74420704569857        2.5356996602365722        4.7326108262117446       0.91721071982888125        1.9131662507612366       0.31410140979276191       0.19989096330985098     
           2           2   630.973022     F  -39.713217677954503       -29.986129591497878        145.56390874817961        2.4438677328153222        4.6603720999374953        1.1734279479524692        2.0690868041085344       0.31784407929789471       0.21252043858018715     
           3           2   753.783203     F  -30.171701177972672       -20.120360093417485        150.27418604536791        2.2202248963093889        5.1646300100045179       0.91425697215384916        1.6695038545568459       0.32656727275106612       0.23773102391092329     
           4           2   869.159668     F  -21.101994804890957       -10.252724765300753        166.97246183595198        2.0830480569418088        6.8136094766116377       0.82052258282092760        1.5338304047000710       0.31574433580350647       0.26978338267067903     
           5           2   869.159668     F  -21.101994804890957       -10.252724765300753        166.97246183595198        2.0830480569418088        6.8136094766116377       0.82052258282092760        1.5338304047000710       0.31574433580350647       0.26978338267067903     
           6           2   869.159668     F  -21.101994804890957       -10.252724765300753        166.97246183595198        2.0830480569418088        6.8136094766116377       0.82052258282092760        1.5338304047000710       0.31574433580350647       0.26978338267067903     
           7           2   869.159668     F  -21.101994804890957       -10.252724765300753        166.97246183595198        2.0830480569418088        6.8136094766116377       0.82052258282092760        1.5338304047000710       0.31574433580350647       0.26978338267067903     
           8           2   869.159668     F  -21.101994804890957       -10.252724765300753        166.97246183595198        2.0830480569418088        6.8136094766116377       0.82052258282092760        1.5338304047000710       0.31574433580350647       0.26978338267067903     
           9           2   869.345703     F  -17.917201651660019       -5.8533764563089568        186.25205999473383        2.6691645092789522        6.0739472304869357      -0.10066985937026841        2.0377742566394752        8.5818128633287305E-002  0.18064697508180833     
          10           2   972.041992     F  -15.187803275594245       -3.9205753882196142        193.06569662590749        2.3216835795560899        7.3926621915388600      -0.16138368779345189        1.6570799134750256       0.13722601302377721       0.21215462564569235     
          11           2   972.041992     F  -15.187803275594245       -3.9205753882196142        193.06569662590749        2.3216835795560899        7.3926621915388600      -0.16138368779345189        1.6570799134750256       0.13722601302377721       0.21215462564569235     
          12           2   972.041992     F  -15.187803275594245       -3.9205753882196142        193.06569662590749        2.3216835795560899        7.3926621915388600      -0.16138368779345189        1.6570799134750256       0.13722601302377721       0.21215462564569235     
          13           2   972.041992     F  -15.187803275594245       -3.9205753882196142        193.06569662590749        2.3216835795560899        7.3926621915388600      -0.16138368779345189        1.6570799134750256       0.13722601302377721       0.21215462564569235     
          14           2   972.041992     F  -15.187803275594245       -3.9205753882196142        193.06569662590749        2.3216835795560899        7.3926621915388600      -0.16138368779345189        1.6570799134750256       0.13722601302377721       0.21215462564569235     
          15           2   972.041992     F  -15.187803275594245       -3.9205753882196142        193.06569662590749        2.3216835795560899        7.3926621915388600      -0.16138368779345189        1.6570799134750256       0.13722601302377721       0.21215462564569235     
          16           2   972.041992     F  -15.187803275594245       -3.9205753882196142        193.06569662590749        2.3216835795560899        7.3926621915388600      -0.16138368779345189        1.6570799134750256       0.13722601302377721       0.21215462564569235     
          17           2   972.041992     F  -15.187803275594245       -3.9205753882196142        193.06569662590749        2.3216835795560899        7.3926621915388600      -0.16138368779345189        1.6570799134750256       0.13722601302377721       0.21215462564569235     
          18           2   972.041992     F  -15.187803275594245       -3.9205753882196142        193.06569662590749        2.3216835795560899        7.3926621915388600      -0.16138368779345189        1.6570799134750256       0.13722601302377721       0.21215462564569235     
          19           2   924.205078     F  -15.704405374482562       -4.2373897766029964        214.76523077939805        1.9729310697787175        8.5521076589239069       0.11735758475392777        1.4673603859346387       0.20362574340651640       0.22438839113842540     
          20           2   924.205078     F  -15.704405374482562       -4.2373897766029964        214.76523077939805        1.9729310697787175        8.5521076589239069       0.11735758475392777        1.4673603859346387       0.20362574340651640       0.22438839113842540     
          21           2   1000.13281     F  -15.148834402248470       -3.8855899471776727        192.15091467868589        2.3208800538749994        7.3669038862648986      -0.16641594798084067        1.6560807146646348       0.13615660746730895       0.21175312129657445     
          22           2   1000.13281     F  -15.148834402248470       -3.8855899471776727        192.15091467868589        2.3208800538749994        7.3669038862648986      -0.16641594798084067        1.6560807146646348       0.13615660746730895       0.21175312129657445     
          23           2   1000.13281     F  -15.148834402248470       -3.8855899471776727        192.15091467868589        2.3208800538749994        7.3669038862648986      -0.16641594798084067        1.6560807146646348       0.13615660746730895       0.21175312129657445     
          24           2   1000.13281     F  -15.148834402248470       -3.8855899471776727        192.15091467868589        2.3208800538749994        7.3669038862648986      -0.16641594798084067        1.6560807146646348       0.13615660746730895       0.21175312129657445     
          25           2   1000.13281     F  -15.148834402248470       -3.8855899471776727        192.15091467868589        2.3208800538749994        7.3669038862648986      -0.16641594798084067        1.6560807146646348       0.13615660746730895       0.21175312129657445     
          26           2   1000.13281     F  -15.148834402248470       -3.8855899471776727        192.15091467868589        2.3208800538749994        7.3669038862648986      -0.16641594798084067        1.6560807146646348       0.13615660746730895       0.21175312129657445     
          27           2   1000.13281     F  -15.148834402248470       -3.8855899471776727        192.15091467868589        2.3208800538749994        7.3669038862648986      -0.16641594798084067        1.6560807146646348       0.13615660746730895       0.21175312129657445     
          28           2   1000.13281     F  -15.148834402248470       -3.8855899471776727        192.15091467868589        2.3208800538749994        7.3669038862648986      -0.16641594798084067        1.6560807146646348       0.13615660746730895       0.21175312129657445     
          29           2   1000.13281     F  -15.148834402248470       -3.8855899471776727        192.15091467868589        2.3208800538749994        7.3669038862648986      -0.16641594798084067        1.6560807146646348       0.13615660746730895       0.21175312129657445     
          30           2   1025.74219     F  -14.939617768896898       -3.8409627599323510        185.66059576828687        2.3392493260866170        7.0400040582079217      -0.21664442567266112        1.6386990143817448       0.14235759220410801       0.22853259951946814     
          31           2   1025.74219     T  -14.939617768896898       -3.8409627599323510        185.66059576828687        2.3392493260866170        7.0400040582079217      -0.21664442567266112        1.6386990143817448       0.14235759220410801       0.22853259951946814     
          32           2   1025.74219     T  -14.939617768896898       -3.8409627599323510        185.66059576828687        2.3392493260866170        7.0400040582079217      -0.21664442567266112        1.6386990143817448       0.14235759220410801       0.22853259951946814     
          33           2   1093.14062     T  -15.042594485305013       -3.9267531165637832        277.20135435184096        1.4726839284309656        4.1143984476866740      -0.24232159252930124        1.0718412997127778       0.20515277150825087       0.24351837108081081     
          34           2   872.449219     T  -16.721357805643159       -5.4120924983847409        269.75642238529059        1.7846512508988692        3.5324587531973553      -0.47271858702575914        1.2489834943395193       0.14955663215800347       0.23065800538069317     
          35           2   872.449219     T  -16.721357805643159       -5.4120924983847409        269.75642238529059        1.7846512508988692        3.5324587531973553      -0.47271858702575914        1.2489834943395193       0.14955663215800347       0.23065800538069317     
          36           2   1061.20312     T  -16.010105299880777       -4.9847644862557949        276.54681734827290        1.7125682819132546        5.6119422599113262      -0.25678493353100579       0.89708609306146625       0.25885345960334077       0.12939081291635665     
          37           2   1032.58203     T  -16.904958459488839       -5.0192273319914502        210.95750817664756        2.2514351189029140        10.030981220715788        6.1873433650089127E-002   1.2449928230784935       0.25238622622159196       0.11341959337490684     
          38           2   1032.58203     T  -16.904958459488839       -5.0192273319914502        210.95750817664756        2.2514351189029140        10.030981220715788        6.1873433650089127E-002   1.2449928230784935       0.25238622622159196       0.11341959337490684     
          39           2   1032.58203     T  -16.904958459488839       -5.0192273319914502        210.95750817664756        2.2514351189029140        10.030981220715788        6.1873433650089127E-002   1.2449928230784935       0.25238622622159196       0.11341959337490684     
          40           2   1017.24609     T  -15.161913814338444       -4.2159145830952616        176.64883883400805        2.3589271143435058        6.4679061447472197      -0.24545868462297071        1.6652210696326508       0.13183464832046701       0.22196880586888709     
          41           2   1017.24609     T  -15.161913814338444       -4.2159145830952616        176.64883883400805        2.3589271143435058        6.4679061447472197      -0.24545868462297071        1.6652210696326508       0.13183464832046701       0.22196880586888709     
          42           2   1017.24609     T  -15.161913814338444       -4.2159145830952616        176.64883883400805        2.3589271143435058        6.4679061447472197      -0.24545868462297071        1.6652210696326508       0.13183464832046701       0.22196880586888709     
          43           2   1017.24609     T  -15.161913814338444       -4.2159145830952616        176.64883883400805        2.3589271143435058        6.4679061447472197      -0.24545868462297071        1.6652210696326508       0.13183464832046701       0.22196880586888709     
          44           2   1017.24609     T  -15.161913814338444       -4.2159145830952616        176.64883883400805        2.3589271143435058        6.4679061447472197      -0.24545868462297071        1.6652210696326508       0.13183464832046701       0.22196880586888709     
          45           2   1017.24609     T  -15.161913814338444       -4.2159145830952616        176.64883883400805        2.3589271143435058        6.4679061447472197      -0.24545868462297071        1.6652210696326508       0.13183464832046701       0.22196880586888709     
          46           2   1017.24609     T  -15.161913814338444       -4.2159145830952616        176.64883883400805        2.3589271143435058        6.4679061447472197      -0.24545868462297071        1.6652210696326508       0.13183464832046701       0.22196880586888709     
          47           2   1017.24609     T  -15.161913814338444       -4.2159145830952616        176.64883883400805        2.3589271143435058        6.4679061447472197      -0.24545868462297071        1.6652210696326508       0.13183464832046701       0.22196880586888709     
          48           2   1017.24609     T  -15.161913814338444       -4.2159145830952616        176.64883883400805        2.3589271143435058        6.4679061447472197      -0.24545868462297071        1.6652210696326508       0.13183464832046701       0.22196880586888709     
          49           2   1009.35156     T  -14.732033020074009       -3.9187666785224389        184.27687172271445        2.4108713305699960        6.0549374282173369      -0.40902868269843345        1.6402941374160145       0.13680529798758112       0.22211690567608103     
          50           2   1009.35156     T  -14.732033020074009       -3.9187666785224389        184.27687172271445        2.4108713305699960        6.0549374282173369      -0.40902868269843345        1.6402941374160145       0.13680529798758112       0.22211690567608103     
          51           2   1009.35156     T  -14.732033020074009       -3.9187666785224389        184.27687172271445        2.4108713305699960        6.0549374282173369      -0.40902868269843345        1.6402941374160145       0.13680529798758112       0.22211690567608103     
          52           2   1009.35156     T  -14.732033020074009       -3.9187666785224389        184.27687172271445        2.4108713305699960        6.0549374282173369      -0.40902868269843345        1.6402941374160145       0.13680529798758112       0.22211690567608103     
          53           2   1009.35156     T  -14.732033020074009       -3.9187666785224389        184.27687172271445        2.4108713305699960        6.0549374282173369      -0.40902868269843345        1.6402941374160145       0.13680529798758112       0.22211690567608103     
          54           2   1009.35156     T  -14.732033020074009       -3.9187666785224389        184.27687172271445        2.4108713305699960        6.0549374282173369      -0.40902868269843345        1.6402941374160145       0.13680529798758112       0.22211690567608103     
          55           2   931.273438     T  -16.148491771502712       -4.2670887879175918        172.11670964548341        2.7523479144557310        3.7489481490854697      -0.85418782464594756        1.7933029825842051        8.0013671792682442E-002  0.19443192791702804     
          56           2   931.273438     T  -16.148491771502712       -4.2670887879175918        172.11670964548341        2.7523479144557310        3.7489481490854697      -0.85418782464594756        1.7933029825842051        8.0013671792682442E-002  0.19443192791702804     
          57           2   931.273438     T  -16.148491771502712       -4.2670887879175918        172.11670964548341        2.7523479144557310        3.7489481490854697      -0.85418782464594756        1.7933029825842051        8.0013671792682442E-002  0.19443192791702804     
          58           2   931.273438     T  -16.148491771502712       -4.2670887879175918        172.11670964548341        2.7523479144557310        3.7489481490854697      -0.85418782464594756        1.7933029825842051        8.0013671792682442E-002  0.19443192791702804     
          59           2   931.273438     T  -16.148491771502712       -4.2670887879175918        172.11670964548341        2.7523479144557310        3.7489481490854697      -0.85418782464594756        1.7933029825842051        8.0013671792682442E-002  0.19443192791702804     
          60           2   952.203125     T  -15.969485901552927       -5.3143966672057878        201.93194835460383        2.3197512349097780        2.7256870936549622      -0.77059545170960342        1.6800969928168641       0.13810176415171641       0.18663751867707215     
          61           2   926.281250     T  -15.808181833068998       -4.5675320185992483        204.07109397465541        2.3703794101017972        5.8595934360501358      -0.29037795303464226        1.6586051815210392       0.11441375426521276       0.19063284697258998     
          62           2   926.281250     T  -15.808181833068998       -4.5675320185992483        204.07109397465541        2.3703794101017972        5.8595934360501358      -0.29037795303464226        1.6586051815210392       0.11441375426521276       0.19063284697258998     
          63           2   812.679688     T  -15.766210367699383       -5.1509012009737214        240.22124403555253        1.9402948215520037        3.9899617362780782       -9.4633950716753218E-004   1.5997247981650204       0.15152926051996368       0.17055676211630733     
          64           2   875.734375     T  -15.290795758801570       -4.5578195334046363        245.14037553033674        1.8625067932018646        4.6081324360898561       -7.3452320624798201E-002   1.7477809267502740       0.15475232337536982       0.13197650991160406     
          65           2   875.734375     T  -15.290795758801570       -4.5578195334046363        245.14037553033674        1.8625067932018646        4.6081324360898561       -7.3452320624798201E-002   1.7477809267502740       0.15475232337536982       0.13197650991160406     
          66           2   947.054688     T  -15.781675357168069       -4.5419966292378797        203.99675361027991        2.3690940750286504        5.8566918670137937      -0.29172893097460578        1.6563990666177812       0.11437600682883002       0.19056396048702509     
          67           2   947.054688     T  -15.781675357168069       -4.5419966292378797        203.99675361027991        2.3690940750286504        5.8566918670137937      -0.29172893097460578        1.6563990666177812       0.11437600682883002       0.19056396048702509     
          68           2   947.054688     T  -15.781675357168069       -4.5419966292378797        203.99675361027991        2.3690940750286504        5.8566918670137937      -0.29172893097460578        1.6563990666177812       0.11437600682883002       0.19056396048702509     
          69           2   1057.91406     T  -14.775835894424279       -3.5073289401648258        200.68142665612132        1.8481722092115238        8.4295395839235692       0.31592352816129776        1.4527157812634366       0.18232375155323019       0.21092594526133499     
          70           2   1057.91406     T  -14.775835894424279       -3.5073289401648258        200.68142665612132        1.8481722092115238        8.4295395839235692       0.31592352816129776        1.4527157812634366       0.18232375155323019       0.21092594526133499     
          71           2   975.750000     T  -15.688095067583017       -4.4566124079516536        204.21896235514691        2.3581708545846491        5.8592914507442888      -0.28763176524270329        1.6577313788980537       0.11491332307126649       0.19103322011953397     
          72           2   975.750000     T  -15.688095067583017       -4.4566124079516536        204.21896235514691        2.3581708545846491        5.8592914507442888      -0.28763176524270329        1.6577313788980537       0.11491332307126649       0.19103322011953397     
          73           2   975.750000     T  -15.688095067583017       -4.4566124079516536        204.21896235514691        2.3581708545846491        5.8592914507442888      -0.28763176524270329        1.6577313788980537       0.11491332307126649       0.19103322011953397     
          74           2   975.750000     T  -15.688095067583017       -4.4566124079516536        204.21896235514691        2.3581708545846491        5.8592914507442888      -0.28763176524270329        1.6577313788980537       0.11491332307126649       0.19103322011953397     
          75           2   975.750000     T  -15.688095067583017       -4.4566124079516536        204.21896235514691        2.3581708545846491        5.8592914507442888      -0.28763176524270329        1.6577313788980537       0.11491332307126649       0.19103322011953397     
          76           2   975.750000     T  -15.688095067583017       -4.4566124079516536        204.21896235514691        2.3581708545846491        5.8592914507442888      -0.28763176524270329        1.6577313788980537       0.11491332307126649       0.19103322011953397     
          77           2   975.750000     T  -15.688095067583017       -4.4566124079516536        204.21896235514691        2.3581708545846491        5.8592914507442888      -0.28763176524270329        1.6577313788980537       0.11491332307126649       0.19103322011953397     
          78           2   975.750000     T  -15.688095067583017       -4.4566124079516536        204.21896235514691        2.3581708545846491        5.8592914507442888      -0.28763176524270329        1.6577313788980537       0.11491332307126649       0.19103322011953397     
          79           2   1180.60156     T  -16.762859365667488       -5.4039693534425641        226.22001828205384        1.1890668924073000        8.6796119901569817       0.42291125496297499        1.5285223301761521       0.24130544460349296       0.14276913526353832     
          80           2   1317.17188     T  -13.675653951100248       -3.7144533761020115        211.38366912001129        1.3065890383540517        3.2494635855184737       -1.5356237749545580        1.5419080213347884       0.24599866223318526       0.14910905868589450     
          81           2   1317.17188     T  -13.675653951100248       -3.7144533761020115        211.38366912001129        1.3065890383540517        3.2494635855184737       -1.5356237749545580        1.5419080213347884       0.24599866223318526       0.14910905868589450     
          82           2   1317.17188     T  -13.675653951100248       -3.7144533761020115        211.38366912001129        1.3065890383540517        3.2494635855184737       -1.5356237749545580        1.5419080213347884       0.24599866223318526       0.14910905868589450     
          83           2   1161.67969     T  -13.715739367389524       -3.7478331670572751        216.74336326306508        1.4993397664959556        3.7785535746635013       -1.2611570269754608        1.3510014717489232       0.21623316473395635       0.16515522022115375     
          84           2   1161.67969     T  -13.715739367389524       -3.7478331670572751        216.74336326306508        1.4993397664959556        3.7785535746635013       -1.2611570269754608        1.3510014717489232       0.21623316473395635       0.16515522022115375     
          85           2   1161.67969     T  -13.715739367389524       -3.7478331670572751        216.74336326306508        1.4993397664959556        3.7785535746635013       -1.2611570269754608        1.3510014717489232       0.21623316473395635       0.16515522022115375     
          86           2   1161.67969     T  -13.715739367389524       -3.7478331670572751        216.74336326306508        1.4993397664959556        3.7785535746635013       -1.2611570269754608        1.3510014717489232       0.21623316473395635       0.16515522022115375     
          87           2   1161.67969     T  -13.715739367389524       -3.7478331670572751        216.74336326306508        1.4993397664959556        3.7785535746635013       -1.2611570269754608        1.3510014717489232       0.21623316473395635       0.16515522022115375     
          88           2   1161.67969     T  -13.715739367389524       -3.7478331670572751        216.74336326306508        1.4993397664959556        3.7785535746635013       -1.2611570269754608        1.3510014717489232       0.21623316473395635       0.16515522022115375     
          89           2   1161.67969     T  -13.715739367389524       -3.7478331670572751        216.74336326306508        1.4993397664959556        3.7785535746635013       -1.2611570269754608        1.3510014717489232       0.21623316473395635       0.16515522022115375     
          90           2   867.718750     T  -14.845107470178075       -4.0719403740505804        201.18415818747582        2.0077613607244529        5.2168904359601580       0.34342777258360241        1.4968008935815535       0.14918060018440496       0.24702992467924162     
          91           2   867.718750     T  -14.845107470178075       -4.0719403740505804        201.18415818747582        2.0077613607244529        5.2168904359601580       0.34342777258360241        1.4968008935815535       0.14918060018440496       0.24702992467924162     
          92           2   867.718750     T  -14.845107470178075       -4.0719403740505804        201.18415818747582        2.0077613607244529        5.2168904359601580       0.34342777258360241        1.4968008935815535       0.14918060018440496       0.24702992467924162     
          93           2   867.718750     T  -14.845107470178075       -4.0719403740505804        201.18415818747582        2.0077613607244529        5.2168904359601580       0.34342777258360241        1.4968008935815535       0.14918060018440496       0.24702992467924162     
          94           2   867.718750     T  -14.845107470178075       -4.0719403740505804        201.18415818747582        2.0077613607244529        5.2168904359601580       0.34342777258360241        1.4968008935815535       0.14918060018440496       0.24702992467924162     
          95           2   867.718750     T  -14.845107470178075       -4.0719403740505804        201.18415818747582        2.0077613607244529        5.2168904359601580       0.34342777258360241        1.4968008935815535       0.14918060018440496       0.24702992467924162     
          96           2   867.718750     T  -14.845107470178075       -4.0719403740505804        201.18415818747582        2.0077613607244529        5.2168904359601580       0.34342777258360241        1.4968008935815535       0.14918060018440496       0.24702992467924162     
          97           2   867.718750     T  -14.845107470178075       -4.0719403740505804        201.18415818747582        2.0077613607244529        5.2168904359601580       0.34342777258360241        1.4968008935815535       0.14918060018440496       0.24702992467924162     
          98           2   867.718750     T  -14.845107470178075       -4.0719403740505804        201.18415818747582        2.0077613607244529        5.2168904359601580       0.34342777258360241        1.4968008935815535       0.14918060018440496       0.24702992467924162     
          99           2   858.687500     T  -14.845384684158688       -4.0718595256794083        201.17743280669092        2.0092346183094727        5.1919283698928842       0.34015740877718115        1.4982913783048979       0.14882191812565448       0.24725268069621562     
         100           2   858.687500     T  -14.845384684158688       -4.0718595256794083        201.17743280669092        2.0092346183094727        5.1919283698928842       0.34015740877718115        1.4982913783048979       0.14882191812565448       0.24725268069621562     
         101           2   858.687500     T  -14.845384684158688       -4.0718595256794083        201.17743280669092        2.0092346183094727        5.1919283698928842       0.34015740877718115        1.4982913783048979       0.14882191812565448       0.24725268069621562     
         102           2   858.687500     T  -14.845384684158688       -4.0718595256794083        201.17743280669092        2.0092346183094727        5.1919283698928842       0.34015740877718115        1.4982913783048979       0.14882191812565448       0.24725268069621562     
         103           2   858.687500     T  -14.845384684158688       -4.0718595256794083        201.17743280669092        2.0092346183094727        5.1919283698928842       0.34015740877718115        1.4982913783048979       0.14882191812565448       0.24725268069621562     
         104           2   858.687500     T  -14.845384684158688       -4.0718595256794083        201.17743280669092        2.0092346183094727        5.1919283698928842       0.34015740877718115        1.4982913783048979       0.14882191812565448       0.24725268069621562     
         105           2   858.687500     T  -14.845384684158688       -4.0718595256794083        201.17743280669092        2.0092346183094727        5.1919283698928842       0.34015740877718115        1.4982913783048979       0.14882191812565448       0.24725268069621562     
         106           2   858.687500     T  -14.845384684158688       -4.0718595256794083        201.17743280669092        2.0092346183094727        5.1919283698928842       0.34015740877718115        1.4982913783048979       0.14882191812565448       0.24725268069621562     
         107           2   858.687500     T  -14.845384684158688       -4.0718595256794083        201.17743280669092        2.0092346183094727        5.1919283698928842       0.34015740877718115        1.4982913783048979       0.14882191812565448       0.24725268069621562     
         108           2   858.687500     T  -14.845384684158688       -4.0718595256794083        201.17743280669092        2.0092346183094727        5.1919283698928842       0.34015740877718115        1.4982913783048979       0.14882191812565448       0.24725268069621562     
         109           2   858.687500     T  -14.845384684158688       -4.0718595256794083        201.17743280669092        2.0092346183094727        5.1919283698928842       0.34015740877718115        1.4982913783048979       0.14882191812565448       0.24725268069621562     
         110           2   858.687500     T  -14.845384684158688       -4.0718595256794083        201.17743280669092        2.0092346183094727        5.1919283698928842       0.34015740877718115        1.4982913783048979       0.14882191812565448       0.24725268069621562     
         111           2   858.687500     T  -14.845384684158688       -4.0718595256794083        201.17743280669092        2.0092346183094727        5.1919283698928842       0.34015740877718115        1.4982913783048979       0.14882191812565448       0.24725268069621562     
         112           2   858.687500     T  -14.845384684158688       -4.0718595256794083        201.17743280669092        2.0092346183094727        5.1919283698928842       0.34015740877718115        1.4982913783048979       0.14882191812565448       0.24725268069621562     
         113           2   858.687500     T  -14.845384684158688       -4.0718595256794083        201.17743280669092        2.0092346183094727        5.1919283698928842       0.34015740877718115        1.4982913783048979       0.14882191812565448       0.24725268069621562     
         114           2   858.687500     T  -14.845384684158688       -4.0718595256794083        201.17743280669092        2.0092346183094727        5.1919283698928842       0.34015740877718115        1.4982913783048979       0.14882191812565448       0.24725268069621562     
         115           2   858.687500     T  -14.845384684158688       -4.0718595256794083        201.17743280669092        2.0092346183094727        5.1919283698928842       0.34015740877718115        1.4982913783048979       0.14882191812565448       0.24725268069621562     
         116           2   858.687500     T  -14.845384684158688       -4.0718595256794083        201.17743280669092        2.0092346183094727        5.1919283698928842       0.34015740877718115        1.4982913783048979       0.14882191812565448       0.24725268069621562     
         117           2   1247.64062     T  -14.911851446553303       -4.6221144444353008        181.80469542593391        1.4462617985365445        3.2218131883131451       -1.6296196413830764        1.5253054136149746       0.24620066063158644       0.27399493148698123     
         118           2   1247.64062     T  -14.911851446553303       -4.6221144444353008        181.80469542593391        1.4462617985365445        3.2218131883131451       -1.6296196413830764        1.5253054136149746       0.24620066063158644       0.27399493148698123     
         119           2   1247.64062     T  -14.911851446553303       -4.6221144444353008        181.80469542593391        1.4462617985365445        3.2218131883131451       -1.6296196413830764        1.5253054136149746       0.24620066063158644       0.27399493148698123     
         120           2   1247.64062     T  -14.911851446553303       -4.6221144444353008        181.80469542593391        1.4462617985365445        3.2218131883131451       -1.6296196413830764        1.5253054136149746       0.24620066063158644       0.27399493148698123     
         121           2   1247.64062     T  -14.911851446553303       -4.6221144444353008        181.80469542593391        1.4462617985365445        3.2218131883131451       -1.6296196413830764        1.5253054136149746       0.24620066063158644       0.27399493148698123     
         122           2   1247.64062     T  -14.911851446553303       -4.6221144444353008        181.80469542593391        1.4462617985365445        3.2218131883131451       -1.6296196413830764        1.5253054136149746       0.24620066063158644       0.27399493148698123     
         123           2   1247.64062     T  -14.911851446553303       -4.6221144444353008        181.80469542593391        1.4462617985365445        3.2218131883131451       -1.6296196413830764        1.5253054136149746       0.24620066063158644       0.27399493148698123     
         124           2   1247.64062     T  -14.911851446553303       -4.6221144444353008        181.80469542593391        1.4462617985365445        3.2218131883131451       -1.6296196413830764        1.5253054136149746       0.24620066063158644       0.27399493148698123     
         125           2   1247.64062     T  -14.911851446553303       -4.6221144444353008        181.80469542593391        1.4462617985365445        3.2218131883131451       -1.6296196413830764        1.5253054136149746       0.24620066063158644       0.27399493148698123     
         126           2   1247.64062     T  -14.911851446553303       -4.6221144444353008        181.80469542593391        1.4462617985365445        3.2218131883131451       -1.6296196413830764        1.5253054136149746       0.24620066063158644       0.27399493148698123     
         127           2   1247.64062     T  -14.911851446553303       -4.6221144444353008        181.80469542593391        1.4462617985365445        3.2218131883131451       -1.6296196413830764        1.5253054136149746       0.24620066063158644       0.27399493148698123     
         128           2   1324.42188     T  -15.161496104670846       -4.5947220498013186        239.94236159014650       0.88775212186969277        3.3390832345947756       -1.0996904755420285        1.9699611719743311       0.23798419826168193       0.10577784015297141     
         129           2   1324.42188     T  -15.161496104670846       -4.5947220498013186        239.94236159014650       0.88775212186969277        3.3390832345947756       -1.0996904755420285        1.9699611719743311       0.23798419826168193       0.10577784015297141     
         130           2   1348.09375     T  -14.600691881983309       -3.4882278900195987        293.75351837770165       0.92413487297592234        2.9233774699531887       -1.9725552396384323       0.74237074601442432       0.27910821494915461       0.15941195994520541     
         131           2   1348.09375     T  -14.600691881983309       -3.4882278900195987        293.75351837770165       0.92413487297592234        2.9233774699531887       -1.9725552396384323       0.74237074601442432       0.27910821494915461       0.15941195994520541     
         132           2   1348.09375     T  -14.600691881983309       -3.4882278900195987        293.75351837770165       0.92413487297592234        2.9233774699531887       -1.9725552396384323       0.74237074601442432       0.27910821494915461       0.15941195994520541     
         133           2   1348.09375     T  -14.600691881983309       -3.4882278900195987        293.75351837770165       0.92413487297592234        2.9233774699531887       -1.9725552396384323       0.74237074601442432       0.27910821494915461       0.15941195994520541     
         134           2   1348.09375     T  -14.600691881983309       -3.4882278900195987        293.75351837770165       0.92413487297592234        2.9233774699531887       -1.9725552396384323       0.74237074601442432       0.27910821494915461       0.15941195994520541     
         135           2   1348.09375     T  -14.600691881983309       -3.4882278900195987        293.75351837770165       0.92413487297592234        2.9233774699531887       -1.9725552396384323       0.74237074601442432       0.27910821494915461       0.15941195994520541     
         136           2   1348.09375     T  -14.600691881983309       -3.4882278900195987        293.75351837770165       0.92413487297592234        2.9233774699531887       -1.9725552396384323       0.74237074601442432       0.27910821494915461       0.15941195994520541     
         137           2   1348.09375     T  -14.600691881983309       -3.4882278900195987        293.75351837770165       0.92413487297592234        2.9233774699531887       -1.9725552396384323       0.74237074601442432       0.27910821494915461       0.15941195994520541     
         138           2   1348.09375     T  -14.600691881983309       -3.4882278900195987        293.75351837770165       0.92413487297592234        2.9233774699531887       -1.9725552396384323       0.74237074601442432       0.27910821494915461       0.15941195994520541     
         139           2   1348.09375     T  -14.600691881983309       -3.4882278900195987        293.75351837770165       0.92413487297592234        2.9233774699531887       -1.9725552396384323       0.74237074601442432       0.27910821494915461       0.15941195994520541     
         140           2   1348.09375     T  -14.600691881983309       -3.4882278900195987        293.75351837770165       0.92413487297592234        2.9233774699531887       -1.9725552396384323       0.74237074601442432       0.27910821494915461       0.15941195994520541     
         141           2   1348.09375     T  -14.600691881983309       -3.4882278900195987        293.75351837770165       0.92413487297592234        2.9233774699531887       -1.9725552396384323       0.74237074601442432       0.27910821494915461       0.15941195994520541     
         142           2   1348.09375     T  -14.600691881983309       -3.4882278900195987        293.75351837770165       0.92413487297592234        2.9233774699531887       -1.9725552396384323       0.74237074601442432       0.27910821494915461       0.15941195994520541     
         143           2   1348.09375     T  -14.600691881983309       -3.4882278900195987        293.75351837770165       0.92413487297592234        2.9233774699531887       -1.9725552396384323       0.74237074601442432       0.27910821494915461       0.15941195994520541     
         144           2   1348.09375     T  -14.600691881983309       -3.4882278900195987        293.75351837770165       0.92413487297592234        2.9233774699531887       -1.9725552396384323       0.74237074601442432       0.27910821494915461       0.15941195994520541     
         145           2   1348.09375     T  -14.600691881983309       -3.4882278900195987        293.75351837770165       0.92413487297592234        2.9233774699531887       -1.9725552396384323       0.74237074601442432       0.27910821494915461       0.15941195994520541     
         146           2   1348.09375     T  -14.600691881983309       -3.4882278900195987        293.75351837770165       0.92413487297592234        2.9233774699531887       -1.9725552396384323       0.74237074601442432       0.27910821494915461       0.15941195994520541     
         147           2   1348.09375     T  -14.600691881983309       -3.4882278900195987        293.75351837770165       0.92413487297592234        2.9233774699531887       -1.9725552396384323       0.74237074601442432       0.27910821494915461       0.15941195994520541     
         148           2   1348.09375     T  -14.600691881983309       -3.4882278900195987        293.75351837770165       0.92413487297592234        2.9233774699531887       -1.9725552396384323       0.74237074601442432       0.27910821494915461       0.15941195994520541     
         149           2   1348.09375     T  -14.600691881983309       -3.4882278900195987        293.75351837770165       0.92413487297592234        2.9233774699531887       -1.9725552396384323       0.74237074601442432       0.27910821494915461       0.15941195994520541     
         150           2   1348.09375     T  -14.600691881983309       -3.4882278900195987        293.75351837770165       0.92413487297592234        2.9233774699531887       -1.9725552396384323       0.74237074601442432       0.27910821494915461       0.15941195994520541     
         151           2   1348.09375     T  -14.600691881983309       -3.4882278900195987        293.75351837770165       0.92413487297592234        2.9233774699531887       -1.9725552396384323       0.74237074601442432       0.27910821494915461       0.15941195994520541     
         152           2   1348.09375     T  -14.600691881983309       -3.4882278900195987        293.75351837770165       0.92413487297592234        2.9233774699531887       -1.9725552396384323       0.74237074601442432       0.27910821494915461       0.15941195994520541     
         153           2   1259.40625     T  -14.286319479737553       -3.9334942497168246        229.38657568456031        1.0644544422430371        5.5608133262243848       -1.7785231090277358        2.4045069155984935       0.24562108051748285       0.15671484480889097     
         154           2   1259.40625     T  -14.286319479737553       -3.9334942497168246        229.38657568456031        1.0644544422430371        5.5608133262243848       -1.7785231090277358        2.4045069155984935       0.24562108051748285       0.15671484480889097     
         155           2   1259.40625     T  -14.286319479737553       -3.9334942497168246        229.38657568456031        1.0644544422430371        5.5608133262243848       -1.7785231090277358        2.4045069155984935       0.24562108051748285       0.15671484480889097     
         156           2   1259.40625     T  -14.286319479737553       -3.9334942497168246        229.38657568456031        1.0644544422430371        5.5608133262243848       -1.7785231090277358        2.4045069155984935       0.24562108051748285       0.15671484480889097     
         157           2   1259.40625     T  -14.286319479737553       -3.9334942497168246        229.38657568456031        1.0644544422430371        5.5608133262243848       -1.7785231090277358        2.4045069155984935       0.24562108051748285       0.15671484480889097     
         158           2   1259.40625     T  -14.286319479737553       -3.9334942497168246        229.38657568456031        1.0644544422430371        5.5608133262243848       -1.7785231090277358        2.4045069155984935       0.24562108051748285       0.15671484480889097     
         159           2   1259.40625     T  -14.286319479737553       -3.9334942497168246        229.38657568456031        1.0644544422430371        5.5608133262243848       -1.7785231090277358        2.4045069155984935       0.24562108051748285       0.15671484480889097     
         160           2   1014.12500     T  -14.128036196162054       -3.6895285252922170        170.93439393035052       0.98167573776700867        4.2193172539575139      -0.55159537554517557        4.5809448024085349       0.11923168506216215       0.18173095733844116     
         161           2   1014.12500     T  -14.128036196162054       -3.6895285252922170        170.93439393035052       0.98167573776700867        4.2193172539575139      -0.55159537554517557        4.5809448024085349       0.11923168506216215       0.18173095733844116     
         162           2   998.062500     T  -13.992992117417902       -3.6374533070229420        170.58433018367896       0.98994405484556580        4.0790990240547202      -0.56604745666101830        4.6031750365885031       0.12259549674130593       0.18232164407573997     
         163           2   998.062500     T  -13.992992117417902       -3.6374533070229420        170.58433018367896       0.98994405484556580        4.0790990240547202      -0.56604745666101830        4.6031750365885031       0.12259549674130593       0.18232164407573997     
         164           2   998.062500     T  -13.992992117417902       -3.6374533070229420        170.58433018367896       0.98994405484556580        4.0790990240547202      -0.56604745666101830        4.6031750365885031       0.12259549674130593       0.18232164407573997     
         165           2   998.062500     T  -13.992992117417902       -3.6374533070229420        170.58433018367896       0.98994405484556580        4.0790990240547202      -0.56604745666101830        4.6031750365885031       0.12259549674130593       0.18232164407573997     
         166           2   998.062500     T  -13.992992117417902       -3.6374533070229420        170.58433018367896       0.98994405484556580        4.0790990240547202      -0.56604745666101830        4.6031750365885031       0.12259549674130593       0.18232164407573997     
         167           2   998.062500     T  -13.992992117417902       -3.6374533070229420        170.58433018367896       0.98994405484556580        4.0790990240547202      -0.56604745666101830        4.6031750365885031       0.12259549674130593       0.18232164407573997     
         168           2   998.062500     T  -13.992992117417902       -3.6374533070229420        170.58433018367896       0.98994405484556580        4.0790990240547202      -0.56604745666101830        4.6031750365885031       0.12259549674130593       0.18232164407573997     
         169           2   998.062500     T  -13.992992117417902       -3.6374533070229420        170.58433018367896       0.98994405484556580        4.0790990240547202      -0.56604745666101830        4.6031750365885031       0.12259549674130593       0.18232164407573997     
         170           2   1014.09375     T  -14.559001320188912       -4.0789178677551874        239.71140120524913        1.6063327209422673        2.9010961448752508       -1.2369367642206122        1.3018833690579836       0.20125629604519318       0.13390232000626559     
         171           2   745.562500     T  -13.633373327664923       -3.5445864553188446        192.39646713044067        1.4937531968746718        4.2602921033703378      -0.72105688364331222        4.4952864340010992       0.15217283885780741       0.17374996034761578     
         172           2   745.562500     T  -13.633373327664923       -3.5445864553188446        192.39646713044067        1.4937531968746718        4.2602921033703378      -0.72105688364331222        4.4952864340010992       0.15217283885780741       0.17374996034761578     
         173           2   745.562500     T  -13.633373327664923       -3.5445864553188446        192.39646713044067        1.4937531968746718        4.2602921033703378      -0.72105688364331222        4.4952864340010992       0.15217283885780741       0.17374996034761578     
         174           2   1227.31250     T  -16.772312781698766       -6.0358561768283510        123.03218213716002       0.83820514318179307        2.5789344585841474       -1.2492773446360950        4.3548444648018920       0.14645605335306319       0.28992173647079439     
         175           2   1227.31250     T  -16.772312781698766       -6.0358561768283510        123.03218213716002       0.83820514318179307        2.5789344585841474       -1.2492773446360950        4.3548444648018920       0.14645605335306319       0.28992173647079439     
         176           2   1227.31250     T  -16.772312781698766       -6.0358561768283510        123.03218213716002       0.83820514318179307        2.5789344585841474       -1.2492773446360950        4.3548444648018920       0.14645605335306319       0.28992173647079439     
         177           2   1227.31250     T  -16.772312781698766       -6.0358561768283510        123.03218213716002       0.83820514318179307        2.5789344585841474       -1.2492773446360950        4.3548444648018920       0.14645605335306319       0.28992173647079439     
         178           2   1250.65625     T  -15.899270932855845       -5.3299787048241267        161.17576166645790       0.65949589499919858        2.5956063767950788       -1.5713077877167652        4.2171579185700763       0.16603894320606744       0.27138292234296879     
         179           2   1250.65625     T  -15.899270932855845       -5.3299787048241267        161.17576166645790       0.65949589499919858        2.5956063767950788       -1.5713077877167652        4.2171579185700763       0.16603894320606744       0.27138292234296879     
         180           2   1250.65625     T  -15.899270932855845       -5.3299787048241267        161.17576166645790       0.65949589499919858        2.5956063767950788       -1.5713077877167652        4.2171579185700763       0.16603894320606744       0.27138292234296879     
         181           2   1250.65625     T  -15.899270932855845       -5.3299787048241267        161.17576166645790       0.65949589499919858        2.5956063767950788       -1.5713077877167652        4.2171579185700763       0.16603894320606744       0.27138292234296879     
         182           2   1250.65625     T  -15.899270932855845       -5.3299787048241267        161.17576166645790       0.65949589499919858        2.5956063767950788       -1.5713077877167652        4.2171579185700763       0.16603894320606744       0.27138292234296879     
         183           2   1250.65625     T  -15.899270932855845       -5.3299787048241267        161.17576166645790       0.65949589499919858        2.5956063767950788       -1.5713077877167652        4.2171579185700763       0.16603894320606744       0.27138292234296879     
         184           2   1250.65625     T  -15.899270932855845       -5.3299787048241267        161.17576166645790       0.65949589499919858        2.5956063767950788       -1.5713077877167652        4.2171579185700763       0.16603894320606744       0.27138292234296879     
         185           2   1250.65625     T  -15.899270932855845       -5.3299787048241267        161.17576166645790       0.65949589499919858        2.5956063767950788       -1.5713077877167652        4.2171579185700763       0.16603894320606744       0.27138292234296879     
         186           2   1250.65625     T  -15.899270932855845       -5.3299787048241267        161.17576166645790       0.65949589499919858        2.5956063767950788       -1.5713077877167652        4.2171579185700763       0.16603894320606744       0.27138292234296879     
         187           2   1250.65625     T  -15.899270932855845       -5.3299787048241267        161.17576166645790       0.65949589499919858        2.5956063767950788       -1.5713077877167652        4.2171579185700763       0.16603894320606744       0.27138292234296879     
         188           2   1153.90625     T  -14.389595893646948       -4.3752437750182542        200.53538742746980        1.1755856886474743        5.5036480027624162       -1.5885374071865621        2.5283405360877662       0.24139753667279348       0.16426542414228654     
         189           2   1329.78125     T  -15.142553200379250       -5.2872200914671348        177.78253178229744       0.68439636964225525        5.7213107428494121       -1.4101199097969606        4.8138037704141672       0.21138365194270348       0.14953060288705161     
         190           2   844.468750     T  -13.651678139300671       -3.6883655765536236        193.23383435089042        2.0561684751705234        3.9318669904297705      -0.81422475580047660        2.1630654090778920       0.17509468374777720       0.19628576690065797     
         191           2   844.468750     T  -13.651678139300671       -3.6883655765536236        193.23383435089042        2.0561684751705234        3.9318669904297705      -0.81422475580047660        2.1630654090778920       0.17509468374777720       0.19628576690065797     
         192           2   844.468750     T  -13.651678139300671       -3.6883655765536236        193.23383435089042        2.0561684751705234        3.9318669904297705      -0.81422475580047660        2.1630654090778920       0.17509468374777720       0.19628576690065797     
         193           2   844.468750     T  -13.651678139300671       -3.6883655765536236        193.23383435089042        2.0561684751705234        3.9318669904297705      -0.81422475580047660        2.1630654090778920       0.17509468374777720       0.19628576690065797     
         194           2   844.468750     T  -13.651678139300671       -3.6883655765536236        193.23383435089042        2.0561684751705234        3.9318669904297705      -0.81422475580047660        2.1630654090778920       0.17509468374777720       0.19628576690065797     
         195           2   844.468750     T  -13.651678139300671       -3.6883655765536236        193.23383435089042        2.0561684751705234        3.9318669904297705      -0.81422475580047660        2.1630654090778920       0.17509468374777720       0.19628576690065797     
         196           2   844.468750     T  -13.651678139300671       -3.6883655765536236        193.23383435089042        2.0561684751705234        3.9318669904297705      -0.81422475580047660        2.1630654090778920       0.17509468374777720       0.19628576690065797     
         197           2   991.156250     T  -13.720989951584222       -3.7558970613060878        193.10581330360176        2.0512721857137510        3.9298501079174839      -0.81066429398433149        2.0967112830091774       0.17452813751058469       0.19615245920471708     
         198           2   991.156250     T  -13.720989951584222       -3.7558970613060878        193.10581330360176        2.0512721857137510        3.9298501079174839      -0.81066429398433149        2.0967112830091774       0.17452813751058469       0.19615245920471708     
         199           2   991.156250     T  -13.720989951584222       -3.7558970613060878        193.10581330360176        2.0512721857137510        3.9298501079174839      -0.81066429398433149        2.0967112830091774       0.17452813751058469       0.19615245920471708     
         200           2   1059.28125     T  -14.362477500334251       -4.0340359535838326        236.76169637517461        1.8616088396035853        3.5907780531738802       -1.3795011065907181      -0.77648162748447680       0.28664897617258689       0.18256247009075713     
         201           2   1273.31250     T  -14.607769163358771       -4.3243065290783393        237.10058896343315        1.8766000465083499        3.5786008042447048       -1.4345021741078221      -0.77409729628675639       0.28634652926078380       0.15950839756671933     
         202           2   1273.31250     T  -14.607769163358771       -4.3243065290783393        237.10058896343315        1.8766000465083499        3.5786008042447048       -1.4345021741078221      -0.77409729628675639       0.28634652926078380       0.15950839756671933     
         203           2   1273.31250     T  -14.607769163358771       -4.3243065290783393        237.10058896343315        1.8766000465083499        3.5786008042447048       -1.4345021741078221      -0.77409729628675639       0.28634652926078380       0.15950839756671933     
         204           2   1273.31250     T  -14.607769163358771       -4.3243065290783393        237.10058896343315        1.8766000465083499        3.5786008042447048       -1.4345021741078221      -0.77409729628675639       0.28634652926078380       0.15950839756671933     
         205           2   994.843750     T  -13.967888064189395       -3.9979397068614491        193.13219046187595        1.8558457952438245        3.7002871789353979      -0.71328975479060430        1.4011879503868883       0.18939739653238366       0.21162781471433453     
         206           2   994.843750     T  -13.967888064189395       -3.9979397068614491        193.13219046187595        1.8558457952438245        3.7002871789353979      -0.71328975479060430        1.4011879503868883       0.18939739653238366       0.21162781471433453     
         207           2   994.843750     T  -13.967888064189395       -3.9979397068614491        193.13219046187595        1.8558457952438245        3.7002871789353979      -0.71328975479060430        1.4011879503868883       0.18939739653238366       0.21162781471433453     
         208           2   994.843750     T  -13.967888064189395       -3.9979397068614491        193.13219046187595        1.8558457952438245        3.7002871789353979      -0.71328975479060430        1.4011879503868883       0.18939739653238366       0.21162781471433453     
         209           2   994.843750     T  -13.967888064189395       -3.9979397068614491        193.13219046187595        1.8558457952438245        3.7002871789353979      -0.71328975479060430        1.4011879503868883       0.18939739653238366       0.21162781471433453     
         210           2   994.843750     T  -13.967888064189395       -3.9979397068614491        193.13219046187595        1.8558457952438245        3.7002871789353979      -0.71328975479060430        1.4011879503868883       0.18939739653238366       0.21162781471433453     
         211           2   994.843750     T  -13.967888064189395       -3.9979397068614491        193.13219046187595        1.8558457952438245        3.7002871789353979      -0.71328975479060430        1.4011879503868883       0.18939739653238366       0.21162781471433453     
         212           2   994.843750     T  -13.967888064189395       -3.9979397068614491        193.13219046187595        1.8558457952438245        3.7002871789353979      -0.71328975479060430        1.4011879503868883       0.18939739653238366       0.21162781471433453     
         213           2   994.843750     T  -13.967888064189395       -3.9979397068614491        193.13219046187595        1.8558457952438245        3.7002871789353979      -0.71328975479060430        1.4011879503868883       0.18939739653238366       0.21162781471433453     
         214           2   1040.00000     T  -15.380214159201099       -4.2053261374761695        205.37952551355249        1.9911241964700981        2.7613005893320244       -1.1680665161038695       0.30683517888702061       0.19037869710423178       0.31977874184284050     
         215           2   1040.00000     T  -15.380214159201099       -4.2053261374761695        205.37952551355249        1.9911241964700981        2.7613005893320244       -1.1680665161038695       0.30683517888702061       0.19037869710423178       0.31977874184284050     
         216           2   1040.00000     T  -15.380214159201099       -4.2053261374761695        205.37952551355249        1.9911241964700981        2.7613005893320244       -1.1680665161038695       0.30683517888702061       0.19037869710423178       0.31977874184284050     
         217           2   1040.00000     T  -15.380214159201099       -4.2053261374761695        205.37952551355249        1.9911241964700981        2.7613005893320244       -1.1680665161038695       0.30683517888702061       0.19037869710423178       0.31977874184284050     
         218           2   1040.00000     T  -15.380214159201099       -4.2053261374761695        205.37952551355249        1.9911241964700981        2.7613005893320244       -1.1680665161038695       0.30683517888702061       0.19037869710423178       0.31977874184284050     
         219           2   1040.00000     T  -15.380214159201099       -4.2053261374761695        205.37952551355249        1.9911241964700981        2.7613005893320244       -1.1680665161038695       0.30683517888702061       0.19037869710423178       0.31977874184284050     
         220           2   1040.00000     T  -15.380214159201099       -4.2053261374761695        205.37952551355249        1.9911241964700981        2.7613005893320244       -1.1680665161038695       0.30683517888702061       0.19037869710423178       0.31977874184284050     
         221           2   1040.00000     T  -15.380214159201099       -4.2053261374761695        205.37952551355249        1.9911241964700981        2.7613005893320244       -1.1680665161038695       0.30683517888702061       0.19037869710423178       0.31977874184284050     
         222           2   1040.00000     T  -15.380214159201099       -4.2053261374761695        205.37952551355249        1.9911241964700981        2.7613005893320244       -1.1680665161038695       0.30683517888702061       0.19037869710423178       0.31977874184284050     
         223           2   1040.00000     T  -15.380214159201099       -4.2053261374761695        205.37952551355249        1.9911241964700981        2.7613005893320244       -1.1680665161038695       0.30683517888702061       0.19037869710423178       0.31977874184284050     
         224           2   1040.00000     T  -15.380214159201099       -4.2053261374761695        205.37952551355249        1.9911241964700981        2.7613005893320244       -1.1680665161038695       0.30683517888702061       0.19037869710423178       0.31977874184284050     
         225           2   1040.00000     T  -15.380214159201099       -4.2053261374761695        205.37952551355249        1.9911241964700981        2.7613005893320244       -1.1680665161038695       0.30683517888702061       0.19037869710423178       0.31977874184284050     
         226           2   1011.65625     T  -15.488844191195000       -4.3135751237143696        205.38819081892572        2.0734999386455590        2.7462711229334493       -1.1534405907839465       0.31285622165982008       0.19023922369731036       0.31890257039651054     
         227           2   1011.65625     T  -15.488844191195000       -4.3135751237143696        205.38819081892572        2.0734999386455590        2.7462711229334493       -1.1534405907839465       0.31285622165982008       0.19023922369731036       0.31890257039651054     
         228           2   1011.65625     T  -15.488844191195000       -4.3135751237143696        205.38819081892572        2.0734999386455590        2.7462711229334493       -1.1534405907839465       0.31285622165982008       0.19023922369731036       0.31890257039651054     
         229           2   1011.65625     T  -15.488844191195000       -4.3135751237143696        205.38819081892572        2.0734999386455590        2.7462711229334493       -1.1534405907839465       0.31285622165982008       0.19023922369731036       0.31890257039651054     
         230           2   996.906250     T  -15.366830931436242       -4.1289289387454922        201.59860244737371        2.0614859250159649        2.7526110260465071       -1.0933243482362220       0.30628448784844042       0.18271266519320420       0.32673696559987481     
         231           2   996.906250     T  -15.366830931436242       -4.1289289387454922        201.59860244737371        2.0614859250159649        2.7526110260465071       -1.0933243482362220       0.30628448784844042       0.18271266519320420       0.32673696559987481     
         232           2   996.906250     T  -15.366830931436242       -4.1289289387454922        201.59860244737371        2.0614859250159649        2.7526110260465071       -1.0933243482362220       0.30628448784844042       0.18271266519320420       0.32673696559987481     
         233           2   893.906250     T  -14.932101436239495       -5.1861973678129347        172.45885103034266        1.1546083717283915        3.7257398594744844      -0.94920022967213802        3.5137764173933497       0.20273061913090346       0.21620819001989178     
         234           2   893.906250     T  -14.932101436239495       -5.1861973678129347        172.45885103034266        1.1546083717283915        3.7257398594744844      -0.94920022967213802        3.5137764173933497       0.20273061913090346       0.21620819001989178     
         235           2   893.906250     T  -14.932101436239495       -5.1861973678129347        172.45885103034266        1.1546083717283915        3.7257398594744844      -0.94920022967213802        3.5137764173933497       0.20273061913090346       0.21620819001989178     
         236           2   893.906250     T  -14.932101436239495       -5.1861973678129347        172.45885103034266        1.1546083717283915        3.7257398594744844      -0.94920022967213802        3.5137764173933497       0.20273061913090346       0.21620819001989178     
         237           2   893.906250     T  -14.932101436239495       -5.1861973678129347        172.45885103034266        1.1546083717283915        3.7257398594744844      -0.94920022967213802        3.5137764173933497       0.20273061913090346       0.21620819001989178     
         238           2   893.906250     T  -14.932101436239495       -5.1861973678129347        172.45885103034266        1.1546083717283915        3.7257398594744844      -0.94920022967213802        3.5137764173933497       0.20273061913090346       0.21620819001989178     
         239           2   893.906250     T  -14.932101436239495       -5.1861973678129347        172.45885103034266        1.1546083717283915        3.7257398594744844      -0.94920022967213802        3.5137764173933497       0.20273061913090346       0.21620819001989178     
         240           2   893.906250     T  -14.932101436239495       -5.1861973678129347        172.45885103034266        1.1546083717283915        3.7257398594744844      -0.94920022967213802        3.5137764173933497       0.20273061913090346       0.21620819001989178     
         241           2   893.906250     T  -14.932101436239495       -5.1861973678129347        172.45885103034266        1.1546083717283915        3.7257398594744844      -0.94920022967213802        3.5137764173933497       0.20273061913090346       0.21620819001989178     
         242           2   893.906250     T  -14.932101436239495       -5.1861973678129347        172.45885103034266        1.1546083717283915        3.7257398594744844      -0.94920022967213802        3.5137764173933497       0.20273061913090346       0.21620819001989178     
         243           2   893.906250     T  -14.932101436239495       -5.1861973678129347        172.45885103034266        1.1546083717283915        3.7257398594744844      -0.94920022967213802        3.5137764173933497       0.20273061913090346       0.21620819001989178     
         244           2   909.375000     T  -15.026362189444521       -5.1113699240852632        200.67008592860600        1.4415558913134645        3.5090035102296802       -1.4227267992247576        2.9733545991930113       0.28345374470798862       0.18243890723573303     
         245           2   909.375000     T  -15.026362189444521       -5.1113699240852632        200.67008592860600        1.4415558913134645        3.5090035102296802       -1.4227267992247576        2.9733545991930113       0.28345374470798862       0.18243890723573303     
         246           2   842.031250     T  -15.025535492858126       -5.1105363965753083        200.83632300902121        1.4777804984805130        3.4955632977532116       -1.3929131398348846        2.9287936729759965       0.28317557559857864       0.18166358371457589     
         247           2   977.343750     T  -14.970054477274555       -5.2694589415393134        169.56037695705999        1.2092364867357999        3.6261852052455521      -0.91477737632925893        3.3947908664495059       0.20376514600612544       0.21236380037571728     
         248           2   1043.46875     T  -15.231977685878295       -4.9931522850679277        197.29711272726428        1.3808641786676927        3.2900319573025318       -1.3117003608069626        2.5562486105899720       0.35795335092097580       0.19153447595479839     
         249           2   1024.43750     T  -15.821801690784527       -5.2785861474114206        219.35013127562726        2.0404114198902561        3.6539410866328810      -0.99872162878395410       0.70684718384652823       0.38036501511798371       0.12705081583655103     
         250           2   1024.43750     T  -15.821801690784527       -5.2785861474114206        219.35013127562726        2.0404114198902561        3.6539410866328810      -0.99872162878395410       0.70684718384652823       0.38036501511798371       0.12705081583655103     
         251           2   1024.43750     T  -15.821801690784527       -5.2785861474114206        219.35013127562726        2.0404114198902561        3.6539410866328810      -0.99872162878395410       0.70684718384652823       0.38036501511798371       0.12705081583655103     
         252           2   1107.00000     T  -15.779025374168331       -5.0654358969452602        218.62863510585703        2.0577064810122736        3.6354168415682953      -0.99255068122403556       0.72057723851942901       0.38104147733214394       0.10884793086906042     
         253           2   1107.00000     T  -15.779025374168331       -5.0654358969452602        218.62863510585703        2.0577064810122736        3.6354168415682953      -0.99255068122403556       0.72057723851942901       0.38104147733214394       0.10884793086906042     
         254           2   1107.00000     T  -15.779025374168331       -5.0654358969452602        218.62863510585703        2.0577064810122736        3.6354168415682953      -0.99255068122403556       0.72057723851942901       0.38104147733214394       0.10884793086906042     
         255           2   989.687500     T  -15.897828492838315       -5.1487739136922750        217.76393406130839        2.0753261521158097        3.6147126996220629      -0.95266688137144417       0.70548372440508789       0.38400978143902409       0.10676587313494415     
         256           2   989.687500     T  -15.897828492838315       -5.1487739136922750        217.76393406130839        2.0753261521158097        3.6147126996220629      -0.95266688137144417       0.70548372440508789       0.38400978143902409       0.10676587313494415     
         257           2   989.687500     T  -15.897828492838315       -5.1487739136922750        217.76393406130839        2.0753261521158097        3.6147126996220629      -0.95266688137144417       0.70548372440508789       0.38400978143902409       0.10676587313494415     
         258           2   989.687500     T  -15.897828492838315       -5.1487739136922750        217.76393406130839        2.0753261521158097        3.6147126996220629      -0.95266688137144417       0.70548372440508789       0.38400978143902409       0.10676587313494415     
         259           2   989.687500     T  -15.897828492838315       -5.1487739136922750        217.76393406130839        2.0753261521158097        3.6147126996220629      -0.95266688137144417       0.70548372440508789       0.38400978143902409       0.10676587313494415     
         260           2   1009.68750     T  -15.797761047478904       -5.0280453248519237        217.48184223453561        2.0553835725130565        3.6173973596667168      -0.98224614508652963       0.66231115453411282       0.39078077242660653       0.10757151654323896     
         261           2   1009.68750     T  -15.797761047478904       -5.0280453248519237        217.48184223453561        2.0553835725130565        3.6173973596667168      -0.98224614508652963       0.66231115453411282       0.39078077242660653       0.10757151654323896     
         262           2   1009.68750     T  -15.797761047478904       -5.0280453248519237        217.48184223453561        2.0553835725130565        3.6173973596667168      -0.98224614508652963       0.66231115453411282       0.39078077242660653       0.10757151654323896     
         263           2   960.531250     T  -13.628684582819570       -3.5434516042341762        164.55746199548551        1.0455559014946070        5.4940543897390706      -0.49313469947114075        4.9548855033328429       0.19278019151108416       0.10212593175534282     
         264           2   960.531250     T  -13.628684582819570       -3.5434516042341762        164.55746199548551        1.0455559014946070        5.4940543897390706      -0.49313469947114075        4.9548855033328429       0.19278019151108416       0.10212593175534282     
         265           2   960.531250     T  -13.628684582819570       -3.5434516042341762        164.55746199548551        1.0455559014946070        5.4940543897390706      -0.49313469947114075        4.9548855033328429       0.19278019151108416       0.10212593175534282     
         266           2   960.531250     T  -13.628684582819570       -3.5434516042341762        164.55746199548551        1.0455559014946070        5.4940543897390706      -0.49313469947114075        4.9548855033328429       0.19278019151108416       0.10212593175534282     
         267           2   926.250000     T  -13.574059178155764       -3.5726161310629840        164.19694999621018        1.0492794168123625        5.4884866439533475      -0.48942369048495676        4.9643572192720260       0.19279262843560543       0.10735684777827229     
         268           2   1187.43750     T  -14.818840032339381       -5.0037102008667560        195.03845559831458        1.0942699646424363        3.8390940708140042       -1.6802417283467239        3.1529889082294322       0.24240561961294749       0.12408549815583915     
         269           2   1152.12500     T  -14.366870049350755       -4.1696929806734397        203.34240596885778        1.8398304431186807        4.9568318960490290      -0.96849382202883949        1.1633029276724902       0.16168613573289559       0.16833931979930775     
         270           2   1152.12500     T  -14.366870049350755       -4.1696929806734397        203.34240596885778        1.8398304431186807        4.9568318960490290      -0.96849382202883949        1.1633029276724902       0.16168613573289559       0.16833931979930775     
         271           2   1152.12500     T  -14.366870049350755       -4.1696929806734397        203.34240596885778        1.8398304431186807        4.9568318960490290      -0.96849382202883949        1.1633029276724902       0.16168613573289559       0.16833931979930775     
         272           2   1152.12500     T  -14.366870049350755       -4.1696929806734397        203.34240596885778        1.8398304431186807        4.9568318960490290      -0.96849382202883949        1.1633029276724902       0.16168613573289559       0.16833931979930775     
         273           2   1179.87500     T  -14.519679499397107       -3.8838174777027819        189.61471785790425        2.2713549757346438        3.8537486797493465      -0.46076904007226033      -0.54239038628276626       0.11933074987211337       0.19033665505392969     
         274           2   1179.87500     T  -14.519679499397107       -3.8838174777027819        189.61471785790425        2.2713549757346438        3.8537486797493465      -0.46076904007226033      -0.54239038628276626       0.11933074987211337       0.19033665505392969     
         275           2   1179.87500     T  -14.519679499397107       -3.8838174777027819        189.61471785790425        2.2713549757346438        3.8537486797493465      -0.46076904007226033      -0.54239038628276626       0.11933074987211337       0.19033665505392969     
         276           2   1179.87500     T  -14.519679499397107       -3.8838174777027819        189.61471785790425        2.2713549757346438        3.8537486797493465      -0.46076904007226033      -0.54239038628276626       0.11933074987211337       0.19033665505392969     
         277           2   1077.71875     T  -12.926129184441107       -3.2219492103088760        162.78436331224984        1.0328269036470630        4.4128735562943193      -0.53477207875700083        4.9495627270727978       0.18461540602643114       0.11753402906833103     
         278           2   1077.71875     T  -12.926129184441107       -3.2219492103088760        162.78436331224984        1.0328269036470630        4.4128735562943193      -0.53477207875700083        4.9495627270727978       0.18461540602643114       0.11753402906833103     
         279           2   1077.71875     T  -12.926129184441107       -3.2219492103088760        162.78436331224984        1.0328269036470630        4.4128735562943193      -0.53477207875700083        4.9495627270727978       0.18461540602643114       0.11753402906833103     
         280           2   1077.71875     T  -12.926129184441107       -3.2219492103088760        162.78436331224984        1.0328269036470630        4.4128735562943193      -0.53477207875700083        4.9495627270727978       0.18461540602643114       0.11753402906833103     
         281           2   1077.71875     T  -12.926129184441107       -3.2219492103088760        162.78436331224984        1.0328269036470630        4.4128735562943193      -0.53477207875700083        4.9495627270727978       0.18461540602643114       0.11753402906833103     
         282           2   1077.71875     T  -12.926129184441107       -3.2219492103088760        162.78436331224984        1.0328269036470630        4.4128735562943193      -0.53477207875700083        4.9495627270727978       0.18461540602643114       0.11753402906833103     
         283           2   1077.71875     T  -12.926129184441107       -3.2219492103088760        162.78436331224984        1.0328269036470630        4.4128735562943193      -0.53477207875700083        4.9495627270727978       0.18461540602643114       0.11753402906833103     
         284           2   1077.71875     T  -12.926129184441107       -3.2219492103088760        162.78436331224984        1.0328269036470630        4.4128735562943193      -0.53477207875700083        4.9495627270727978       0.18461540602643114       0.11753402906833103     
         285           2   1077.71875     T  -12.926129184441107       -3.2219492103088760        162.78436331224984        1.0328269036470630        4.4128735562943193      -0.53477207875700083        4.9495627270727978       0.18461540602643114       0.11753402906833103     
         286           2   1077.71875     T  -12.926129184441107       -3.2219492103088760        162.78436331224984        1.0328269036470630        4.4128735562943193      -0.53477207875700083        4.9495627270727978       0.18461540602643114       0.11753402906833103     
         287           2   1077.71875     T  -12.926129184441107       -3.2219492103088760        162.78436331224984        1.0328269036470630        4.4128735562943193      -0.53477207875700083        4.9495627270727978       0.18461540602643114       0.11753402906833103     
         288           2   1077.71875     T  -12.926129184441107       -3.2219492103088760        162.78436331224984        1.0328269036470630        4.4128735562943193      -0.53477207875700083        4.9495627270727978       0.18461540602643114       0.11753402906833103     
         289           2   1077.71875     T  -12.926129184441107       -3.2219492103088760        162.78436331224984        1.0328269036470630        4.4128735562943193      -0.53477207875700083        4.9495627270727978       0.18461540602643114       0.11753402906833103     
         290           2   1077.71875     T  -12.926129184441107       -3.2219492103088760        162.78436331224984        1.0328269036470630        4.4128735562943193      -0.53477207875700083        4.9495627270727978       0.18461540602643114       0.11753402906833103     
         291           2   1080.75000     T  -12.986249314586292       -3.2950119907595874        162.81066443982326        1.0318078122790675        4.4078534757695786      -0.53627263429462824        4.9342000533235852       0.18589525101554830       0.11818685795468335     
         292           2   1080.75000     T  -12.986249314586292       -3.2950119907595874        162.81066443982326        1.0318078122790675        4.4078534757695786      -0.53627263429462824        4.9342000533235852       0.18589525101554830       0.11818685795468335     
         293           2   1080.75000     T  -12.986249314586292       -3.2950119907595874        162.81066443982326        1.0318078122790675        4.4078534757695786      -0.53627263429462824        4.9342000533235852       0.18589525101554830       0.11818685795468335     
         294           2   1080.75000     T  -12.986249314586292       -3.2950119907595874        162.81066443982326        1.0318078122790675        4.4078534757695786      -0.53627263429462824        4.9342000533235852       0.18589525101554830       0.11818685795468335     
         295           2   1080.75000     T  -12.986249314586292       -3.2950119907595874        162.81066443982326        1.0318078122790675        4.4078534757695786      -0.53627263429462824        4.9342000533235852       0.18589525101554830       0.11818685795468335     
         296           2   1080.75000     T  -12.986249314586292       -3.2950119907595874        162.81066443982326        1.0318078122790675        4.4078534757695786      -0.53627263429462824        4.9342000533235852       0.18589525101554830       0.11818685795468335     
