           1           3   701.205261     F  -32.387095079850830       -22.694847439789729        147.77742364435997        2.4699826559155689        5.2008935797784641       0.88633543488172672        1.9747434078619330       0.28622858536742596       0.20456873956256622     
           2           3   630.735840     F  -30.317883869859184       -20.625329097710626        154.96656795626407        2.4201261013192519        5.2208753530142467       0.89429724143209133        2.0474102858136090       0.26512715422406269       0.20402597967188216     
           3           3   630.735840     F  -30.317883869859184       -20.625329097710626        154.96656795626407        2.4201261013192519        5.2208753530142467       0.89429724143209133        2.0474102858136090       0.26512715422406269       0.20402597967188216     
           4           3   687.901123     F  -20.582611777586262       -10.472401553914361        162.79325544956961        2.3752102598940961        6.4739236351555212       0.80469978764098993        2.0319855586518143       0.24134283349733568       0.21161634881428684     
           5           3   687.901123     F  -20.582611777586262       -10.472401553914361        162.79325544956961        2.3752102598940961        6.4739236351555212       0.80469978764098993        2.0319855586518143       0.24134283349733568       0.21161634881428684     
           6           3   687.901123     F  -20.582611777586262       -10.472401553914361        162.79325544956961        2.3752102598940961        6.4739236351555212       0.80469978764098993        2.0319855586518143       0.24134283349733568       0.21161634881428684     
           7           3   687.901123     F  -20.582611777586262       -10.472401553914361        162.79325544956961        2.3752102598940961        6.4739236351555212       0.80469978764098993        2.0319855586518143       0.24134283349733568       0.21161634881428684     
           8           3   783.782715     F  -17.118737169861920       -6.9715232696512208        179.97529339943557        2.5380103971692520        5.9484993140915279       0.29494113106160913        2.0692120819346496       0.16641839460185795       0.15201968242976049     
           9           3   1033.44727     F  -14.732202803770660       -3.6609670133239258        201.57919670394878        2.0019302173844453        7.7702733948950895        6.8686482663758555E-002   1.4785440691475458       0.19489187781865017       0.22529019136839457     
          10           3   1033.44727     F  -14.732202803770660       -3.6609670133239258        201.57919670394878        2.0019302173844453        7.7702733948950895        6.8686482663758555E-002   1.4785440691475458       0.19489187781865017       0.22529019136839457     
          11           3   1033.44727     F  -14.732202803770660       -3.6609670133239258        201.57919670394878        2.0019302173844453        7.7702733948950895        6.8686482663758555E-002   1.4785440691475458       0.19489187781865017       0.22529019136839457     
          12           3   1033.44727     F  -14.732202803770660       -3.6609670133239258        201.57919670394878        2.0019302173844453        7.7702733948950895        6.8686482663758555E-002   1.4785440691475458       0.19489187781865017       0.22529019136839457     
          13           3   1033.44727     F  -14.732202803770660       -3.6609670133239258        201.57919670394878        2.0019302173844453        7.7702733948950895        6.8686482663758555E-002   1.4785440691475458       0.19489187781865017       0.22529019136839457     
          14           3   1033.44727     F  -14.732202803770660       -3.6609670133239258        201.57919670394878        2.0019302173844453        7.7702733948950895        6.8686482663758555E-002   1.4785440691475458       0.19489187781865017       0.22529019136839457     
          15           3   1033.44727     F  -14.732202803770660       -3.6609670133239258        201.57919670394878        2.0019302173844453        7.7702733948950895        6.8686482663758555E-002   1.4785440691475458       0.19489187781865017       0.22529019136839457     
          16           3   1033.44727     F  -14.732202803770660       -3.6609670133239258        201.57919670394878        2.0019302173844453        7.7702733948950895        6.8686482663758555E-002   1.4785440691475458       0.19489187781865017       0.22529019136839457     
          17           3   1033.44727     F  -14.732202803770660       -3.6609670133239258        201.57919670394878        2.0019302173844453        7.7702733948950895        6.8686482663758555E-002   1.4785440691475458       0.19489187781865017       0.22529019136839457     
          18           3   1033.44727     F  -14.732202803770660       -3.6609670133239258        201.57919670394878        2.0019302173844453        7.7702733948950895        6.8686482663758555E-002   1.4785440691475458       0.19489187781865017       0.22529019136839457     
          19           3   1033.44727     F  -14.732202803770660       -3.6609670133239258        201.57919670394878        2.0019302173844453        7.7702733948950895        6.8686482663758555E-002   1.4785440691475458       0.19489187781865017       0.22529019136839457     
          20           3   1033.44727     F  -14.732202803770660       -3.6609670133239258        201.57919670394878        2.0019302173844453        7.7702733948950895        6.8686482663758555E-002   1.4785440691475458       0.19489187781865017       0.22529019136839457     
          21           3   1034.04297     F  -14.716711158117054       -3.6399609065682914        199.72955439815451        2.0166817328486140        7.7125432159709622        5.6309156333568700E-002   1.4703951548591476       0.19497161750172648       0.23217527643688649     
          22           3   1034.04297     F  -14.716711158117054       -3.6399609065682914        199.72955439815451        2.0166817328486140        7.7125432159709622        5.6309156333568700E-002   1.4703951548591476       0.19497161750172648       0.23217527643688649     
          23           3   1034.04297     F  -14.716711158117054       -3.6399609065682914        199.72955439815451        2.0166817328486140        7.7125432159709622        5.6309156333568700E-002   1.4703951548591476       0.19497161750172648       0.23217527643688649     
          24           3   1034.04297     F  -14.716711158117054       -3.6399609065682914        199.72955439815451        2.0166817328486140        7.7125432159709622        5.6309156333568700E-002   1.4703951548591476       0.19497161750172648       0.23217527643688649     
          25           3   1071.01953     F  -14.751765021250570       -3.7089837122329712        194.74950158666445        2.0164825635660679        7.7189398503540874        2.7036980656933059E-002   1.4708864868548803       0.19030475229770857       0.23187692352954922     
          26           3   925.218750     F  -14.884264557207411       -3.8407031574181336        194.83968599566930        2.0249361675452917        7.6045863284967083        1.5139231952612003E-002   1.4621900077843701       0.19999163633858658       0.24260187291091659     
          27           3   925.218750     F  -14.884264557207411       -3.8407031574181336        194.83968599566930        2.0249361675452917        7.6045863284967083        1.5139231952612003E-002   1.4621900077843701       0.19999163633858658       0.24260187291091659     
          28           3   925.218750     F  -14.884264557207411       -3.8407031574181336        194.83968599566930        2.0249361675452917        7.6045863284967083        1.5139231952612003E-002   1.4621900077843701       0.19999163633858658       0.24260187291091659     
          29           3   925.218750     F  -14.884264557207411       -3.8407031574181336        194.83968599566930        2.0249361675452917        7.6045863284967083        1.5139231952612003E-002   1.4621900077843701       0.19999163633858658       0.24260187291091659     
          30           3   925.218750     F  -14.884264557207411       -3.8407031574181336        194.83968599566930        2.0249361675452917        7.6045863284967083        1.5139231952612003E-002   1.4621900077843701       0.19999163633858658       0.24260187291091659     
          31           3   925.218750     T  -14.884264557207411       -3.8407031574181336        194.83968599566930        2.0249361675452917        7.6045863284967083        1.5139231952612003E-002   1.4621900077843701       0.19999163633858658       0.24260187291091659     
          32           3   973.226562     T  -14.895872676125792       -3.8443725942184432        178.76048557481207        2.3359401715038626        6.5891223777843120      -0.21365729533509650        1.6680598436018319       0.12604810519754486       0.21222366561682052     
          33           3   897.824219     T  -15.080498518791401       -3.7523733852808268        191.46971352092268        2.3247475702412177        7.2635324077501151      -0.14299823384254276        1.6453374137507661       0.12557876724844552       0.19659771394531500     
          34           3   897.824219     T  -15.080498518791401       -3.7523733852808268        191.46971352092268        2.3247475702412177        7.2635324077501151      -0.14299823384254276        1.6453374137507661       0.12557876724844552       0.19659771394531500     
          35           3   897.824219     T  -15.080498518791401       -3.7523733852808268        191.46971352092268        2.3247475702412177        7.2635324077501151      -0.14299823384254276        1.6453374137507661       0.12557876724844552       0.19659771394531500     
          36           3   902.949219     T  -15.993137415809370       -3.9177510790361558        179.01175789357336        2.6343561420741963        6.3761413469847863      -0.59072281514551395        1.7613948799761339        8.8544828972921000E-002  0.20642762494363365     
          37           3   998.957031     T  -15.421908681665222       -4.4313878726246854        168.48379775427057        2.3786013835999205        6.5048141384248090       -5.4173283750320836E-002   1.6671701309096385       0.11656347231351399       0.18113028784268748     
          38           3   1088.44922     T  -15.188445262774106       -4.2374659551260683        173.96395676273971        2.3769144268872435        6.8035133961804783      -0.23956005155462828        1.6311733945069613       0.12727248003253588       0.19254602229165732     
          39           3   1088.44922     T  -15.188445262774106       -4.2374659551260683        173.96395676273971        2.3769144268872435        6.8035133961804783      -0.23956005155462828        1.6311733945069613       0.12727248003253588       0.19254602229165732     
          40           3   1088.44922     T  -15.188445262774106       -4.2374659551260683        173.96395676273971        2.3769144268872435        6.8035133961804783      -0.23956005155462828        1.6311733945069613       0.12727248003253588       0.19254602229165732     
          41           3   1088.44922     T  -15.188445262774106       -4.2374659551260683        173.96395676273971        2.3769144268872435        6.8035133961804783      -0.23956005155462828        1.6311733945069613       0.12727248003253588       0.19254602229165732     
          42           3   1088.44922     T  -15.188445262774106       -4.2374659551260683        173.96395676273971        2.3769144268872435        6.8035133961804783      -0.23956005155462828        1.6311733945069613       0.12727248003253588       0.19254602229165732     
          43           3   1088.44922     T  -15.188445262774106       -4.2374659551260683        173.96395676273971        2.3769144268872435        6.8035133961804783      -0.23956005155462828        1.6311733945069613       0.12727248003253588       0.19254602229165732     
          44           3   1088.44922     T  -15.188445262774106       -4.2374659551260683        173.96395676273971        2.3769144268872435        6.8035133961804783      -0.23956005155462828        1.6311733945069613       0.12727248003253588       0.19254602229165732     
          45           3   1088.44922     T  -15.188445262774106       -4.2374659551260683        173.96395676273971        2.3769144268872435        6.8035133961804783      -0.23956005155462828        1.6311733945069613       0.12727248003253588       0.19254602229165732     
          46           3   1088.44922     T  -15.188445262774106       -4.2374659551260683        173.96395676273971        2.3769144268872435        6.8035133961804783      -0.23956005155462828        1.6311733945069613       0.12727248003253588       0.19254602229165732     
          47           3   880.820312     T  -16.389683653413627       -5.0135549618275386        261.30838854461803        1.7518031605427618        3.2239122769730382      -0.45188438877470755        1.3246895571544082       0.13503117783710722       0.21769081073020408     
          48           3   1057.74219     T  -15.366298969710513       -4.0813182122814249        288.82653809868447        1.4051847511617623        4.5134332322826847      -0.32520462365917696        1.0901777881061965       0.20852245065274450       0.24272489229501015     
          49           3   1057.74219     T  -15.366298969710513       -4.0813182122814249        288.82653809868447        1.4051847511617623        4.5134332322826847      -0.32520462365917696        1.0901777881061965       0.20852245065274450       0.24272489229501015     
          50           3   1057.74219     T  -15.366298969710513       -4.0813182122814249        288.82653809868447        1.4051847511617623        4.5134332322826847      -0.32520462365917696        1.0901777881061965       0.20852245065274450       0.24272489229501015     
          51           3   1022.47656     T  -15.945203741096467       -4.6404478127750242        187.09337016559502        2.2974646923033788        7.2680560104349317      -0.82040621557652360        1.4833753880036846       0.19304226281938380       0.29620085921283212     
          52           3   939.328125     T  -15.519012962631802       -3.8384420742861867        182.51148934573564        2.3028880099752440        8.5406935315209473      -0.19045753961068915        1.6163807238314893       0.13531925027467168       0.22475822291153175     
          53           3   939.328125     T  -15.519012962631802       -3.8384420742861867        182.51148934573564        2.3028880099752440        8.5406935315209473      -0.19045753961068915        1.6163807238314893       0.13531925027467168       0.22475822291153175     
          54           3   939.328125     T  -15.519012962631802       -3.8384420742861867        182.51148934573564        2.3028880099752440        8.5406935315209473      -0.19045753961068915        1.6163807238314893       0.13531925027467168       0.22475822291153175     
          55           3   939.328125     T  -15.519012962631802       -3.8384420742861867        182.51148934573564        2.3028880099752440        8.5406935315209473      -0.19045753961068915        1.6163807238314893       0.13531925027467168       0.22475822291153175     
          56           3   1087.26562     T  -16.246007544868696       -5.4086999805839273        175.18597867495353        2.3636104985683852        6.9283891169537926      -0.63698513746855345        1.5633299168560946       0.16985336756249883       0.25140450833867034     
          57           3   1087.26562     T  -16.246007544868696       -5.4086999805839273        175.18597867495353        2.3636104985683852        6.9283891169537926      -0.63698513746855345        1.5633299168560946       0.16985336756249883       0.25140450833867034     
          58           3   1087.26562     T  -16.246007544868696       -5.4086999805839273        175.18597867495353        2.3636104985683852        6.9283891169537926      -0.63698513746855345        1.5633299168560946       0.16985336756249883       0.25140450833867034     
          59           3   1038.43750     T  -14.872999105196421       -4.3363470351027829        182.69225061766468        2.3905931586551619        5.9935021681031495      -0.79485358652893257        1.5604498331409269       0.16928037334986518       0.24001890945404666     
          60           3   986.593750     T  -15.228517110530118       -4.1663599036378596        197.73086123121951        2.3586415837197254        6.7137622934179380      -0.49883375042766898        1.6105114411146093       0.13560484198794381       0.20286635026983052     
          61           3   986.593750     T  -15.228517110530118       -4.1663599036378596        197.73086123121951        2.3586415837197254        6.7137622934179380      -0.49883375042766898        1.6105114411146093       0.13560484198794381       0.20286635026983052     
          62           3   986.593750     T  -15.228517110530118       -4.1663599036378596        197.73086123121951        2.3586415837197254        6.7137622934179380      -0.49883375042766898        1.6105114411146093       0.13560484198794381       0.20286635026983052     
          63           3   986.593750     T  -15.228517110530118       -4.1663599036378596        197.73086123121951        2.3586415837197254        6.7137622934179380      -0.49883375042766898        1.6105114411146093       0.13560484198794381       0.20286635026983052     
          64           3   989.179688     T  -15.149205870007467       -4.0450292929068210        197.50187317407131        2.3522209315827287        6.8809789786272084      -0.50823513643789675        1.6105800541376487       0.13595842373369696       0.20195756789524322     
          65           3   989.179688     T  -15.149205870007467       -4.0450292929068210        197.50187317407131        2.3522209315827287        6.8809789786272084      -0.50823513643789675        1.6105800541376487       0.13595842373369696       0.20195756789524322     
          66           3   989.179688     T  -15.149205870007467       -4.0450292929068210        197.50187317407131        2.3522209315827287        6.8809789786272084      -0.50823513643789675        1.6105800541376487       0.13595842373369696       0.20195756789524322     
          67           3   989.179688     T  -15.149205870007467       -4.0450292929068210        197.50187317407131        2.3522209315827287        6.8809789786272084      -0.50823513643789675        1.6105800541376487       0.13595842373369696       0.20195756789524322     
          68           3   989.179688     T  -15.149205870007467       -4.0450292929068210        197.50187317407131        2.3522209315827287        6.8809789786272084      -0.50823513643789675        1.6105800541376487       0.13595842373369696       0.20195756789524322     
          69           3   1028.68750     T  -15.582043418963973       -3.8082527788551719        211.14521709941548        1.7722380895560388        7.6642018884265726       0.33735789143341444        1.1548925631113769       0.14515120021194716       0.25932465911000274     
          70           3   1028.68750     T  -15.582043418963973       -3.8082527788551719        211.14521709941548        1.7722380895560388        7.6642018884265726       0.33735789143341444        1.1548925631113769       0.14515120021194716       0.25932465911000274     
          71           3   892.164062     T  -15.755362232177914       -3.9583292621050385        215.72241898456588        1.7791924763129059        5.7933728704913889       0.70236626040520789        1.4057994187715943       0.10394225591141759       0.21924136930602978     
          72           3   883.765625     T  -15.693549833500901       -4.2977222734295513        199.48575534103614        1.9349418663794242        7.6667825239658418       0.75684071530299324        1.5636842906623534       0.13758088091960327       0.20688807122840000     
          73           3   883.765625     T  -15.693549833500901       -4.2977222734295513        199.48575534103614        1.9349418663794242        7.6667825239658418       0.75684071530299324        1.5636842906623534       0.13758088091960327       0.20688807122840000     
          74           3   883.765625     T  -15.693549833500901       -4.2977222734295513        199.48575534103614        1.9349418663794242        7.6667825239658418       0.75684071530299324        1.5636842906623534       0.13758088091960327       0.20688807122840000     
          75           3   883.765625     T  -15.693549833500901       -4.2977222734295513        199.48575534103614        1.9349418663794242        7.6667825239658418       0.75684071530299324        1.5636842906623534       0.13758088091960327       0.20688807122840000     
          76           3   883.765625     T  -15.693549833500901       -4.2977222734295513        199.48575534103614        1.9349418663794242        7.6667825239658418       0.75684071530299324        1.5636842906623534       0.13758088091960327       0.20688807122840000     
          77           3   883.765625     T  -15.693549833500901       -4.2977222734295513        199.48575534103614        1.9349418663794242        7.6667825239658418       0.75684071530299324        1.5636842906623534       0.13758088091960327       0.20688807122840000     
          78           3   793.335938     T  -14.902046650193517       -4.1609368109409584        200.68951692037984        2.0239051085775874        5.0928114778220186       0.36250371639004664        1.4932348323231621       0.14911440326739964       0.24696129364671426     
          79           3   793.335938     T  -14.902046650193517       -4.1609368109409584        200.68951692037984        2.0239051085775874        5.0928114778220186       0.36250371639004664        1.4932348323231621       0.14911440326739964       0.24696129364671426     
          80           3   793.335938     T  -14.902046650193517       -4.1609368109409584        200.68951692037984        2.0239051085775874        5.0928114778220186       0.36250371639004664        1.4932348323231621       0.14911440326739964       0.24696129364671426     
          81           3   793.335938     T  -14.902046650193517       -4.1609368109409584        200.68951692037984        2.0239051085775874        5.0928114778220186       0.36250371639004664        1.4932348323231621       0.14911440326739964       0.24696129364671426     
          82           3   793.335938     T  -14.902046650193517       -4.1609368109409584        200.68951692037984        2.0239051085775874        5.0928114778220186       0.36250371639004664        1.4932348323231621       0.14911440326739964       0.24696129364671426     
          83           3   629.476562     T  -16.886550913666476       -4.7094600592002722        148.32011855707574        2.5956726272622204        2.7063862075479008      -0.17699909570757449        2.4822544105685074        7.4754219178546161E-002  0.14170333547775202     
          84           3   629.476562     T  -16.886550913666476       -4.7094600592002722        148.32011855707574        2.5956726272622204        2.7063862075479008      -0.17699909570757449        2.4822544105685074        7.4754219178546161E-002  0.14170333547775202     
          85           3   629.476562     T  -16.886550913666476       -4.7094600592002722        148.32011855707574        2.5956726272622204        2.7063862075479008      -0.17699909570757449        2.4822544105685074        7.4754219178546161E-002  0.14170333547775202     
          86           3   1079.48438     T  -14.418800521166240       -3.7365534313691455        190.58717714638161        1.9053678939310705        2.0066053603954801       -1.7254293301198467        1.6079696705948774       0.18888743911476261       0.18253677794146067     
          87           3   1079.48438     T  -14.418800521166240       -3.7365534313691455        190.58717714638161        1.9053678939310705        2.0066053603954801       -1.7254293301198467        1.6079696705948774       0.18888743911476261       0.18253677794146067     
          88           3   1079.48438     T  -14.418800521166240       -3.7365534313691455        190.58717714638161        1.9053678939310705        2.0066053603954801       -1.7254293301198467        1.6079696705948774       0.18888743911476261       0.18253677794146067     
          89           3   1079.48438     T  -14.418800521166240       -3.7365534313691455        190.58717714638161        1.9053678939310705        2.0066053603954801       -1.7254293301198467        1.6079696705948774       0.18888743911476261       0.18253677794146067     
          90           3   1079.48438     T  -14.418800521166240       -3.7365534313691455        190.58717714638161        1.9053678939310705        2.0066053603954801       -1.7254293301198467        1.6079696705948774       0.18888743911476261       0.18253677794146067     
          91           3   1079.48438     T  -14.418800521166240       -3.7365534313691455        190.58717714638161        1.9053678939310705        2.0066053603954801       -1.7254293301198467        1.6079696705948774       0.18888743911476261       0.18253677794146067     
          92           3   1079.48438     T  -14.418800521166240       -3.7365534313691455        190.58717714638161        1.9053678939310705        2.0066053603954801       -1.7254293301198467        1.6079696705948774       0.18888743911476261       0.18253677794146067     
          93           3   1079.48438     T  -14.418800521166240       -3.7365534313691455        190.58717714638161        1.9053678939310705        2.0066053603954801       -1.7254293301198467        1.6079696705948774       0.18888743911476261       0.18253677794146067     
          94           3   1079.48438     T  -14.418800521166240       -3.7365534313691455        190.58717714638161        1.9053678939310705        2.0066053603954801       -1.7254293301198467        1.6079696705948774       0.18888743911476261       0.18253677794146067     
          95           3   1079.48438     T  -14.418800521166240       -3.7365534313691455        190.58717714638161        1.9053678939310705        2.0066053603954801       -1.7254293301198467        1.6079696705948774       0.18888743911476261       0.18253677794146067     
          96           3   1079.48438     T  -14.418800521166240       -3.7365534313691455        190.58717714638161        1.9053678939310705        2.0066053603954801       -1.7254293301198467        1.6079696705948774       0.18888743911476261       0.18253677794146067     
          97           3   1079.48438     T  -14.418800521166240       -3.7365534313691455        190.58717714638161        1.9053678939310705        2.0066053603954801       -1.7254293301198467        1.6079696705948774       0.18888743911476261       0.18253677794146067     
          98           3   1079.48438     T  -14.418800521166240       -3.7365534313691455        190.58717714638161        1.9053678939310705        2.0066053603954801       -1.7254293301198467        1.6079696705948774       0.18888743911476261       0.18253677794146067     
          99           3   1079.48438     T  -14.418800521166240       -3.7365534313691455        190.58717714638161        1.9053678939310705        2.0066053603954801       -1.7254293301198467        1.6079696705948774       0.18888743911476261       0.18253677794146067     
         100           3   1060.53125     T  -15.275160649617405       -4.4330774959975008        201.71143680538961        2.0599752998382370        4.7638706962206827      -0.78144332107481573       0.96878693018114070       0.19628645812489612       0.30693203231544947     
         101           3   1060.53125     T  -15.275160649617405       -4.4330774959975008        201.71143680538961        2.0599752998382370        4.7638706962206827      -0.78144332107481573       0.96878693018114070       0.19628645812489612       0.30693203231544947     
         102           3   1012.43750     T  -15.311372592889910       -4.4682642555887275        201.77282292994553        2.0630727867141685        4.7827564912598444      -0.78677030966754880       0.96803993926244258       0.19706289722184175       0.30691594380874004     
         103           3   1012.43750     T  -15.311372592889910       -4.4682642555887275        201.77282292994553        2.0630727867141685        4.7827564912598444      -0.78677030966754880       0.96803993926244258       0.19706289722184175       0.30691594380874004     
         104           3   1012.43750     T  -15.311372592889910       -4.4682642555887275        201.77282292994553        2.0630727867141685        4.7827564912598444      -0.78677030966754880       0.96803993926244258       0.19706289722184175       0.30691594380874004     
         105           3   1012.43750     T  -15.311372592889910       -4.4682642555887275        201.77282292994553        2.0630727867141685        4.7827564912598444      -0.78677030966754880       0.96803993926244258       0.19706289722184175       0.30691594380874004     
         106           3   1007.64062     T  -14.497291423209342       -3.7572161231364873        224.11267520999766        1.7293408329255939        4.3213551242521380      -0.54244744009207890        1.0472502493510287       0.15996321318165668       0.24349310132501761     
         107           3   1007.64062     T  -14.497291423209342       -3.7572161231364873        224.11267520999766        1.7293408329255939        4.3213551242521380      -0.54244744009207890        1.0472502493510287       0.15996321318165668       0.24349310132501761     
         108           3   1007.64062     T  -14.497291423209342       -3.7572161231364873        224.11267520999766        1.7293408329255939        4.3213551242521380      -0.54244744009207890        1.0472502493510287       0.15996321318165668       0.24349310132501761     
         109           3   1007.64062     T  -14.497291423209342       -3.7572161231364873        224.11267520999766        1.7293408329255939        4.3213551242521380      -0.54244744009207890        1.0472502493510287       0.15996321318165668       0.24349310132501761     
         110           3   1007.64062     T  -14.497291423209342       -3.7572161231364873        224.11267520999766        1.7293408329255939        4.3213551242521380      -0.54244744009207890        1.0472502493510287       0.15996321318165668       0.24349310132501761     
         111           3   1007.64062     T  -14.497291423209342       -3.7572161231364873        224.11267520999766        1.7293408329255939        4.3213551242521380      -0.54244744009207890        1.0472502493510287       0.15996321318165668       0.24349310132501761     
         112           3   676.531250     T  -14.967426685697554       -4.4825443298644130        184.41348669376171        1.4173048101318866        2.8732051748805114       -9.5858422608433635E-002   2.4963304900956249       0.14213908506302173       0.21470224069295074     
         113           3   676.531250     T  -14.967426685697554       -4.4825443298644130        184.41348669376171        1.4173048101318866        2.8732051748805114       -9.5858422608433635E-002   2.4963304900956249       0.14213908506302173       0.21470224069295074     
         114           3   1269.29688     T  -14.837122286315823       -5.1385121458044338        176.80033692180214       0.63422742534209897        4.3896747896960795      -0.36384038511179301        3.5848524194101397       0.17879041644196916       0.15674214297294137     
         115           3   1269.29688     T  -14.837122286315823       -5.1385121458044338        176.80033692180214       0.63422742534209897        4.3896747896960795      -0.36384038511179301        3.5848524194101397       0.17879041644196916       0.15674214297294137     
         116           3   1576.10938     T  -15.995295320344503       -6.2429548392423486        156.28580622892483       0.17979931880683420        5.9873385212344417      -0.90391757725723532        4.7552617047680465       0.20705551337166711       0.15790460595688482     
         117           3   1245.09375     T  -14.890283928127417       -5.0520526511404675        150.96974746469496       0.43687798837747921        3.7747271475268325      -0.81823556091342764        4.6575256175221940       0.16829628839973959       0.23036768184135625     
         118           3   1245.09375     T  -14.890283928127417       -5.0520526511404675        150.96974746469496       0.43687798837747921        3.7747271475268325      -0.81823556091342764        4.6575256175221940       0.16829628839973959       0.23036768184135625     
         119           3   1245.09375     T  -14.890283928127417       -5.0520526511404675        150.96974746469496       0.43687798837747921        3.7747271475268325      -0.81823556091342764        4.6575256175221940       0.16829628839973959       0.23036768184135625     
         120           3   1245.09375     T  -14.890283928127417       -5.0520526511404675        150.96974746469496       0.43687798837747921        3.7747271475268325      -0.81823556091342764        4.6575256175221940       0.16829628839973959       0.23036768184135625     
         121           3   1245.09375     T  -14.890283928127417       -5.0520526511404675        150.96974746469496       0.43687798837747921        3.7747271475268325      -0.81823556091342764        4.6575256175221940       0.16829628839973959       0.23036768184135625     
         122           3   1245.09375     T  -14.890283928127417       -5.0520526511404675        150.96974746469496       0.43687798837747921        3.7747271475268325      -0.81823556091342764        4.6575256175221940       0.16829628839973959       0.23036768184135625     
         123           3   1245.09375     T  -14.890283928127417       -5.0520526511404675        150.96974746469496       0.43687798837747921        3.7747271475268325      -0.81823556091342764        4.6575256175221940       0.16829628839973959       0.23036768184135625     
         124           3   1245.09375     T  -14.890283928127417       -5.0520526511404675        150.96974746469496       0.43687798837747921        3.7747271475268325      -0.81823556091342764        4.6575256175221940       0.16829628839973959       0.23036768184135625     
         125           3   1245.09375     T  -14.890283928127417       -5.0520526511404675        150.96974746469496       0.43687798837747921        3.7747271475268325      -0.81823556091342764        4.6575256175221940       0.16829628839973959       0.23036768184135625     
         126           3   1267.06250     T  -13.880146455970243       -4.0299703858725149        151.86052207676769       0.43327440779532839        3.7628988985348681      -0.80525057438700898        4.6746055137110636       0.16815947180988688       0.23100822797837312     
         127           3   1267.06250     T  -13.880146455970243       -4.0299703858725149        151.86052207676769       0.43327440779532839        3.7628988985348681      -0.80525057438700898        4.6746055137110636       0.16815947180988688       0.23100822797837312     
         128           3   1267.06250     T  -13.880146455970243       -4.0299703858725149        151.86052207676769       0.43327440779532839        3.7628988985348681      -0.80525057438700898        4.6746055137110636       0.16815947180988688       0.23100822797837312     
         129           3   1267.06250     T  -13.880146455970243       -4.0299703858725149        151.86052207676769       0.43327440779532839        3.7628988985348681      -0.80525057438700898        4.6746055137110636       0.16815947180988688       0.23100822797837312     
         130           3   1267.06250     T  -13.880146455970243       -4.0299703858725149        151.86052207676769       0.43327440779532839        3.7628988985348681      -0.80525057438700898        4.6746055137110636       0.16815947180988688       0.23100822797837312     
         131           3   1267.06250     T  -13.880146455970243       -4.0299703858725149        151.86052207676769       0.43327440779532839        3.7628988985348681      -0.80525057438700898        4.6746055137110636       0.16815947180988688       0.23100822797837312     
         132           3   1267.06250     T  -13.880146455970243       -4.0299703858725149        151.86052207676769       0.43327440779532839        3.7628988985348681      -0.80525057438700898        4.6746055137110636       0.16815947180988688       0.23100822797837312     
         133           3   1267.06250     T  -13.880146455970243       -4.0299703858725149        151.86052207676769       0.43327440779532839        3.7628988985348681      -0.80525057438700898        4.6746055137110636       0.16815947180988688       0.23100822797837312     
         134           3   1267.06250     T  -13.880146455970243       -4.0299703858725149        151.86052207676769       0.43327440779532839        3.7628988985348681      -0.80525057438700898        4.6746055137110636       0.16815947180988688       0.23100822797837312     
         135           3   1212.68750     T  -15.304303541509208       -4.8714555857338500        164.35754005497355       0.44381387878003842        5.2409322782781675      -0.47843639240126845        4.7608429308374909       0.17363966630141725       0.27711938338016795     
         136           3   1212.68750     T  -15.304303541509208       -4.8714555857338500        164.35754005497355       0.44381387878003842        5.2409322782781675      -0.47843639240126845        4.7608429308374909       0.17363966630141725       0.27711938338016795     
         137           3   1212.68750     T  -15.304303541509208       -4.8714555857338500        164.35754005497355       0.44381387878003842        5.2409322782781675      -0.47843639240126845        4.7608429308374909       0.17363966630141725       0.27711938338016795     
         138           3   1212.68750     T  -15.304303541509208       -4.8714555857338500        164.35754005497355       0.44381387878003842        5.2409322782781675      -0.47843639240126845        4.7608429308374909       0.17363966630141725       0.27711938338016795     
         139           3   1212.68750     T  -15.304303541509208       -4.8714555857338500        164.35754005497355       0.44381387878003842        5.2409322782781675      -0.47843639240126845        4.7608429308374909       0.17363966630141725       0.27711938338016795     
         140           3   1212.68750     T  -15.304303541509208       -4.8714555857338500        164.35754005497355       0.44381387878003842        5.2409322782781675      -0.47843639240126845        4.7608429308374909       0.17363966630141725       0.27711938338016795     
         141           3   1212.68750     T  -15.304303541509208       -4.8714555857338500        164.35754005497355       0.44381387878003842        5.2409322782781675      -0.47843639240126845        4.7608429308374909       0.17363966630141725       0.27711938338016795     
         142           3   1212.68750     T  -15.304303541509208       -4.8714555857338500        164.35754005497355       0.44381387878003842        5.2409322782781675      -0.47843639240126845        4.7608429308374909       0.17363966630141725       0.27711938338016795     
         143           3   1228.59375     T  -15.088291423366311       -4.9364574901452443        190.13981177807838       0.43273085946439427        4.0990264485405801      -0.76872713382982638        4.6130514791105570       0.17139390872819174       0.22896105191214636     
         144           3   1295.35938     T  -15.552328830366628       -5.1109818750415954        118.16745098583984        1.0253815540774309        3.8488219374289105      -0.26200316343768881        4.8738199739629149       0.10882571612304311       0.19259319082457815     
         145           3   898.203125     T  -15.212942260165635       -5.2080859585326653        171.83766421595777        2.1379835892286896        5.1561523867083521      -0.31548050852689824        1.8123727774823903       0.15648368718235098       0.18091277115394194     
         146           3   898.203125     T  -15.212942260165635       -5.2080859585326653        171.83766421595777        2.1379835892286896        5.1561523867083521      -0.31548050852689824        1.8123727774823903       0.15648368718235098       0.18091277115394194     
         147           3   898.203125     T  -15.212942260165635       -5.2080859585326653        171.83766421595777        2.1379835892286896        5.1561523867083521      -0.31548050852689824        1.8123727774823903       0.15648368718235098       0.18091277115394194     
         148           3   898.203125     T  -15.212942260165635       -5.2080859585326653        171.83766421595777        2.1379835892286896        5.1561523867083521      -0.31548050852689824        1.8123727774823903       0.15648368718235098       0.18091277115394194     
         149           3   898.203125     T  -15.212942260165635       -5.2080859585326653        171.83766421595777        2.1379835892286896        5.1561523867083521      -0.31548050852689824        1.8123727774823903       0.15648368718235098       0.18091277115394194     
         150           3   1051.32812     T  -18.748350603945489       -8.0392938417666802        210.55122910546712        2.7164149075018376        6.6162324919968674       -1.3222518079982715      -0.61263867248322956       0.23250202195293276       0.10788428227552564     
         151           3   1051.32812     T  -18.748350603945489       -8.0392938417666802        210.55122910546712        2.7164149075018376        6.6162324919968674       -1.3222518079982715      -0.61263867248322956       0.23250202195293276       0.10788428227552564     
         152           3   1051.32812     T  -18.748350603945489       -8.0392938417666802        210.55122910546712        2.7164149075018376        6.6162324919968674       -1.3222518079982715      -0.61263867248322956       0.23250202195293276       0.10788428227552564     
         153           3   1051.32812     T  -18.748350603945489       -8.0392938417666802        210.55122910546712        2.7164149075018376        6.6162324919968674       -1.3222518079982715      -0.61263867248322956       0.23250202195293276       0.10788428227552564     
         154           3   1051.32812     T  -18.748350603945489       -8.0392938417666802        210.55122910546712        2.7164149075018376        6.6162324919968674       -1.3222518079982715      -0.61263867248322956       0.23250202195293276       0.10788428227552564     
         155           3   1051.32812     T  -18.748350603945489       -8.0392938417666802        210.55122910546712        2.7164149075018376        6.6162324919968674       -1.3222518079982715      -0.61263867248322956       0.23250202195293276       0.10788428227552564     
         156           3   1167.78125     T  -14.335322900478550       -3.6064656399731354        181.38575286822979        2.7949978814350218        6.9846203559561815      -0.97590503504052384      -0.55340305219153740       0.15134481718225198       0.12474266065490991     
         157           3   1167.78125     T  -14.335322900478550       -3.6064656399731354        181.38575286822979        2.7949978814350218        6.9846203559561815      -0.97590503504052384      -0.55340305219153740       0.15134481718225198       0.12474266065490991     
         158           3   1167.78125     T  -14.335322900478550       -3.6064656399731354        181.38575286822979        2.7949978814350218        6.9846203559561815      -0.97590503504052384      -0.55340305219153740       0.15134481718225198       0.12474266065490991     
         159           3   1167.78125     T  -14.335322900478550       -3.6064656399731354        181.38575286822979        2.7949978814350218        6.9846203559561815      -0.97590503504052384      -0.55340305219153740       0.15134481718225198       0.12474266065490991     
         160           3   1167.78125     T  -14.335322900478550       -3.6064656399731354        181.38575286822979        2.7949978814350218        6.9846203559561815      -0.97590503504052384      -0.55340305219153740       0.15134481718225198       0.12474266065490991     
         161           3   1167.78125     T  -14.335322900478550       -3.6064656399731354        181.38575286822979        2.7949978814350218        6.9846203559561815      -0.97590503504052384      -0.55340305219153740       0.15134481718225198       0.12474266065490991     
         162           3   1099.70312     T  -13.780295872568594       -3.7924227494812017        170.79980355292207       0.97047987009682901        4.2221824243882553      -0.58620134215223385        4.5804190180728970       0.14489231195715049       0.18139428001703667     
         163           3   617.171875     T  -13.816703470796758       -3.7260064846271082        192.38517307814772        1.4937343132213403        4.2592699260896758      -0.71913729668050086        4.4977959200292279       0.15197702289515183       0.17371088133199189     
         164           3   617.171875     T  -13.816703470796758       -3.7260064846271082        192.38517307814772        1.4937343132213403        4.2592699260896758      -0.71913729668050086        4.4977959200292279       0.15197702289515183       0.17371088133199189     
         165           3   617.171875     T  -13.816703470796758       -3.7260064846271082        192.38517307814772        1.4937343132213403        4.2592699260896758      -0.71913729668050086        4.4977959200292279       0.15197702289515183       0.17371088133199189     
         166           3   617.171875     T  -13.816703470796758       -3.7260064846271082        192.38517307814772        1.4937343132213403        4.2592699260896758      -0.71913729668050086        4.4977959200292279       0.15197702289515183       0.17371088133199189     
         167           3   617.171875     T  -13.816703470796758       -3.7260064846271082        192.38517307814772        1.4937343132213403        4.2592699260896758      -0.71913729668050086        4.4977959200292279       0.15197702289515183       0.17371088133199189     
         168           3   617.171875     T  -13.816703470796758       -3.7260064846271082        192.38517307814772        1.4937343132213403        4.2592699260896758      -0.71913729668050086        4.4977959200292279       0.15197702289515183       0.17371088133199189     
         169           3   617.171875     T  -13.816703470796758       -3.7260064846271082        192.38517307814772        1.4937343132213403        4.2592699260896758      -0.71913729668050086        4.4977959200292279       0.15197702289515183       0.17371088133199189     
         170           3   617.171875     T  -13.816703470796758       -3.7260064846271082        192.38517307814772        1.4937343132213403        4.2592699260896758      -0.71913729668050086        4.4977959200292279       0.15197702289515183       0.17371088133199189     
         171           3   617.171875     T  -13.816703470796758       -3.7260064846271082        192.38517307814772        1.4937343132213403        4.2592699260896758      -0.71913729668050086        4.4977959200292279       0.15197702289515183       0.17371088133199189     
         172           3   617.171875     T  -13.816703470796758       -3.7260064846271082        192.38517307814772        1.4937343132213403        4.2592699260896758      -0.71913729668050086        4.4977959200292279       0.15197702289515183       0.17371088133199189     
         173           3   716.593750     T  -13.823060206812492       -3.7245201871268785        192.34710839765714        1.4951497100405551        4.2546966832392759      -0.72347951532273358        4.4756771422826116       0.15129453804114551       0.17404191425998980     
         174           3   716.593750     T  -13.823060206812492       -3.7245201871268785        192.34710839765714        1.4951497100405551        4.2546966832392759      -0.72347951532273358        4.4756771422826116       0.15129453804114551       0.17404191425998980     
         175           3   716.593750     T  -13.823060206812492       -3.7245201871268785        192.34710839765714        1.4951497100405551        4.2546966832392759      -0.72347951532273358        4.4756771422826116       0.15129453804114551       0.17404191425998980     
         176           3   716.593750     T  -13.823060206812492       -3.7245201871268785        192.34710839765714        1.4951497100405551        4.2546966832392759      -0.72347951532273358        4.4756771422826116       0.15129453804114551       0.17404191425998980     
         177           3   716.593750     T  -13.823060206812492       -3.7245201871268785        192.34710839765714        1.4951497100405551        4.2546966832392759      -0.72347951532273358        4.4756771422826116       0.15129453804114551       0.17404191425998980     
         178           3   716.593750     T  -13.823060206812492       -3.7245201871268785        192.34710839765714        1.4951497100405551        4.2546966832392759      -0.72347951532273358        4.4756771422826116       0.15129453804114551       0.17404191425998980     
         179           3   716.593750     T  -13.823060206812492       -3.7245201871268785        192.34710839765714        1.4951497100405551        4.2546966832392759      -0.72347951532273358        4.4756771422826116       0.15129453804114551       0.17404191425998980     
         180           3   716.593750     T  -13.823060206812492       -3.7245201871268785        192.34710839765714        1.4951497100405551        4.2546966832392759      -0.72347951532273358        4.4756771422826116       0.15129453804114551       0.17404191425998980     
         181           3   910.937500     T  -14.163423821272030       -4.3637303571345507        193.76170890883643        2.2264958132195716        4.0799242761328269      -0.82065503495296199        1.3272342636016798       0.21214790140592737       0.19059114327292881     
         182           3   910.937500     T  -14.163423821272030       -4.3637303571345507        193.76170890883643        2.2264958132195716        4.0799242761328269      -0.82065503495296199        1.3272342636016798       0.21214790140592737       0.19059114327292881     
         183           3   910.937500     T  -14.163423821272030       -4.3637303571345507        193.76170890883643        2.2264958132195716        4.0799242761328269      -0.82065503495296199        1.3272342636016798       0.21214790140592737       0.19059114327292881     
         184           3   845.218750     T  -14.820875754137678       -5.0126567672807338        194.59951127513258        2.2138502809550542        4.0703173237706913      -0.82147868098307386        2.3180369657335507       0.21153797424016435       0.19036786950290691     
         185           3   845.218750     T  -14.820875754137678       -5.0126567672807338        194.59951127513258        2.2138502809550542        4.0703173237706913      -0.82147868098307386        2.3180369657335507       0.21153797424016435       0.19036786950290691     
         186           3   845.218750     T  -14.820875754137678       -5.0126567672807338        194.59951127513258        2.2138502809550542        4.0703173237706913      -0.82147868098307386        2.3180369657335507       0.21153797424016435       0.19036786950290691     
         187           3   845.218750     T  -14.820875754137678       -5.0126567672807338        194.59951127513258        2.2138502809550542        4.0703173237706913      -0.82147868098307386        2.3180369657335507       0.21153797424016435       0.19036786950290691     
         188           3   1088.25000     T  -13.886187799995426       -3.8474839786485004        214.22902263123288        1.8531719387077397        3.6587888076307462       -1.0694511458599991       0.32440735267767529       0.23844301088943262       0.19723006392775319     
         189           3   1088.25000     T  -13.886187799995426       -3.8474839786485004        214.22902263123288        1.8531719387077397        3.6587888076307462       -1.0694511458599991       0.32440735267767529       0.23844301088943262       0.19723006392775319     
         190           3   1088.25000     T  -13.886187799995426       -3.8474839786485004        214.22902263123288        1.8531719387077397        3.6587888076307462       -1.0694511458599991       0.32440735267767529       0.23844301088943262       0.19723006392775319     
         191           3   1088.25000     T  -13.886187799995426       -3.8474839786485004        214.22902263123288        1.8531719387077397        3.6587888076307462       -1.0694511458599991       0.32440735267767529       0.23844301088943262       0.19723006392775319     
         192           3   1088.25000     T  -13.886187799995426       -3.8474839786485004        214.22902263123288        1.8531719387077397        3.6587888076307462       -1.0694511458599991       0.32440735267767529       0.23844301088943262       0.19723006392775319     
         193           3   1088.25000     T  -13.886187799995426       -3.8474839786485004        214.22902263123288        1.8531719387077397        3.6587888076307462       -1.0694511458599991       0.32440735267767529       0.23844301088943262       0.19723006392775319     
         194           3   1088.25000     T  -13.886187799995426       -3.8474839786485004        214.22902263123288        1.8531719387077397        3.6587888076307462       -1.0694511458599991       0.32440735267767529       0.23844301088943262       0.19723006392775319     
         195           3   1088.25000     T  -13.886187799995426       -3.8474839786485004        214.22902263123288        1.8531719387077397        3.6587888076307462       -1.0694511458599991       0.32440735267767529       0.23844301088943262       0.19723006392775319     
         196           3   1088.25000     T  -13.886187799995426       -3.8474839786485004        214.22902263123288        1.8531719387077397        3.6587888076307462       -1.0694511458599991       0.32440735267767529       0.23844301088943262       0.19723006392775319     
         197           3   1088.25000     T  -13.886187799995426       -3.8474839786485004        214.22902263123288        1.8531719387077397        3.6587888076307462       -1.0694511458599991       0.32440735267767529       0.23844301088943262       0.19723006392775319     
         198           3   1088.25000     T  -13.886187799995426       -3.8474839786485004        214.22902263123288        1.8531719387077397        3.6587888076307462       -1.0694511458599991       0.32440735267767529       0.23844301088943262       0.19723006392775319     
         199           3   1088.25000     T  -13.886187799995426       -3.8474839786485004        214.22902263123288        1.8531719387077397        3.6587888076307462       -1.0694511458599991       0.32440735267767529       0.23844301088943262       0.19723006392775319     
         200           3   1216.21875     T  -13.971808994527230       -3.9078722460002595        216.44388856876600        1.8502223827138986        3.6618495872303716       -1.0697384580461273       0.33209034011409333       0.23833035209073311       0.19729623251172260     
         201           3   1216.21875     T  -13.971808994527230       -3.9078722460002595        216.44388856876600        1.8502223827138986        3.6618495872303716       -1.0697384580461273       0.33209034011409333       0.23833035209073311       0.19729623251172260     
         202           3   1245.12500     T  -14.419577823062404       -4.5382286672878047        201.62727575373918        1.0742040480060857        4.0374665818951057      -0.73839537206618866       0.96317857600845480       0.21928102646864361       0.19295668687783926     
         203           3   1245.12500     T  -14.419577823062404       -4.5382286672878047        201.62727575373918        1.0742040480060857        4.0374665818951057      -0.73839537206618866       0.96317857600845480       0.21928102646864361       0.19295668687783926     
         204           3   1191.62500     T  -14.245751687566450       -4.5393990132239521        186.85356696502470        1.5440686068425151        4.3248365116251914      -0.80254435326469542       0.56258676027742593       0.24432631478302128       0.18410650801332032     
         205           3   1191.62500     T  -14.245751687566450       -4.5393990132239521        186.85356696502470        1.5440686068425151        4.3248365116251914      -0.80254435326469542       0.56258676027742593       0.24432631478302128       0.18410650801332032     
         206           3   1471.68750     T  -14.469038913214662       -3.5727437884487325        169.93165678061001       0.55740289790083120        4.0664217339207260      -0.49270518108692846        4.9151311212632223       0.10095882918471372       0.17230069082325733     
         207           3   1471.68750     T  -14.469038913214662       -3.5727437884487325        169.93165678061001       0.55740289790083120        4.0664217339207260      -0.49270518108692846        4.9151311212632223       0.10095882918471372       0.17230069082325733     
         208           3   1471.68750     T  -14.469038913214662       -3.5727437884487325        169.93165678061001       0.55740289790083120        4.0664217339207260      -0.49270518108692846        4.9151311212632223       0.10095882918471372       0.17230069082325733     
         209           3   956.187500     T  -12.762514517269180       -2.8719325216165235        165.70272061060660        1.0484331062892114        4.5954783818861076      -0.47174313051100664        4.9752166834970373       0.18650519002709379       0.10529774623676615     
         210           3   956.187500     T  -12.762514517269180       -2.8719325216165235        165.70272061060660        1.0484331062892114        4.5954783818861076      -0.47174313051100664        4.9752166834970373       0.18650519002709379       0.10529774623676615     
         211           3   956.187500     T  -12.762514517269180       -2.8719325216165235        165.70272061060660        1.0484331062892114        4.5954783818861076      -0.47174313051100664        4.9752166834970373       0.18650519002709379       0.10529774623676615     
         212           3   956.187500     T  -12.762514517269180       -2.8719325216165235        165.70272061060660        1.0484331062892114        4.5954783818861076      -0.47174313051100664        4.9752166834970373       0.18650519002709379       0.10529774623676615     
         213           3   956.187500     T  -12.762514517269180       -2.8719325216165235        165.70272061060660        1.0484331062892114        4.5954783818861076      -0.47174313051100664        4.9752166834970373       0.18650519002709379       0.10529774623676615     
         214           3   956.187500     T  -12.762514517269180       -2.8719325216165235        165.70272061060660        1.0484331062892114        4.5954783818861076      -0.47174313051100664        4.9752166834970373       0.18650519002709379       0.10529774623676615     
         215           3   956.187500     T  -12.762514517269180       -2.8719325216165235        165.70272061060660        1.0484331062892114        4.5954783818861076      -0.47174313051100664        4.9752166834970373       0.18650519002709379       0.10529774623676615     
         216           3   956.187500     T  -12.762514517269180       -2.8719325216165235        165.70272061060660        1.0484331062892114        4.5954783818861076      -0.47174313051100664        4.9752166834970373       0.18650519002709379       0.10529774623676615     
         217           3   1117.25000     T  -13.843101768898944       -3.9795958423155620        203.41945667170012        1.8973328227195441        3.9704210763270491      -0.77473237903925174        1.5564508683853593       0.24352169864549664       0.13082377134941911     
         218           3   786.843750     T  -14.630093496714103       -4.5553996877186833        178.93744987262261        1.7199446174131567        4.6563720249154006      -0.22558132739694298        2.5196185338190160       0.18087700840009360       0.10358015447536197     
         219           3   786.843750     T  -14.630093496714103       -4.5553996877186833        178.93744987262261        1.7199446174131567        4.6563720249154006      -0.22558132739694298        2.5196185338190160       0.18087700840009360       0.10358015447536197     
         220           3   786.843750     T  -14.630093496714103       -4.5553996877186833        178.93744987262261        1.7199446174131567        4.6563720249154006      -0.22558132739694298        2.5196185338190160       0.18087700840009360       0.10358015447536197     
         221           3   786.843750     T  -14.630093496714103       -4.5553996877186833        178.93744987262261        1.7199446174131567        4.6563720249154006      -0.22558132739694298        2.5196185338190160       0.18087700840009360       0.10358015447536197     
         222           3   786.843750     T  -14.630093496714103       -4.5553996877186833        178.93744987262261        1.7199446174131567        4.6563720249154006      -0.22558132739694298        2.5196185338190160       0.18087700840009360       0.10358015447536197     
         223           3   786.843750     T  -14.630093496714103       -4.5553996877186833        178.93744987262261        1.7199446174131567        4.6563720249154006      -0.22558132739694298        2.5196185338190160       0.18087700840009360       0.10358015447536197     
         224           3   786.843750     T  -14.630093496714103       -4.5553996877186833        178.93744987262261        1.7199446174131567        4.6563720249154006      -0.22558132739694298        2.5196185338190160       0.18087700840009360       0.10358015447536197     
         225           3   991.812500     T  -12.977955503168268       -3.2334064054408058        160.19966946217741        1.0407096597802517        4.6010318235596666      -0.43583454498326712        4.9625325772827775       0.19004813660629072       0.11171422363628283     
         226           3   991.812500     T  -12.977955503168268       -3.2334064054408058        160.19966946217741        1.0407096597802517        4.6010318235596666      -0.43583454498326712        4.9625325772827775       0.19004813660629072       0.11171422363628283     
         227           3   991.812500     T  -12.977955503168268       -3.2334064054408058        160.19966946217741        1.0407096597802517        4.6010318235596666      -0.43583454498326712        4.9625325772827775       0.19004813660629072       0.11171422363628283     
         228           3   991.812500     T  -12.977955503168268       -3.2334064054408058        160.19966946217741        1.0407096597802517        4.6010318235596666      -0.43583454498326712        4.9625325772827775       0.19004813660629072       0.11171422363628283     
         229           3   991.812500     T  -12.977955503168268       -3.2334064054408058        160.19966946217741        1.0407096597802517        4.6010318235596666      -0.43583454498326712        4.9625325772827775       0.19004813660629072       0.11171422363628283     
         230           3   926.812500     T  -12.868202969889339       -2.9984945098877795        163.47785328690034        1.0635919892284575        4.5794933367251778      -0.48617389579573500        4.9692365638214469       0.19753235330799032       0.10240852367023080     
         231           3   926.812500     T  -12.868202969889339       -2.9984945098877795        163.47785328690034        1.0635919892284575        4.5794933367251778      -0.48617389579573500        4.9692365638214469       0.19753235330799032       0.10240852367023080     
         232           3   926.812500     T  -12.868202969889339       -2.9984945098877795        163.47785328690034        1.0635919892284575        4.5794933367251778      -0.48617389579573500        4.9692365638214469       0.19753235330799032       0.10240852367023080     
         233           3   926.812500     T  -12.868202969889339       -2.9984945098877795        163.47785328690034        1.0635919892284575        4.5794933367251778      -0.48617389579573500        4.9692365638214469       0.19753235330799032       0.10240852367023080     
         234           3   926.812500     T  -12.868202969889339       -2.9984945098877795        163.47785328690034        1.0635919892284575        4.5794933367251778      -0.48617389579573500        4.9692365638214469       0.19753235330799032       0.10240852367023080     
         235           3   926.812500     T  -12.868202969889339       -2.9984945098877795        163.47785328690034        1.0635919892284575        4.5794933367251778      -0.48617389579573500        4.9692365638214469       0.19753235330799032       0.10240852367023080     
         236           3   926.812500     T  -12.868202969889339       -2.9984945098877795        163.47785328690034        1.0635919892284575        4.5794933367251778      -0.48617389579573500        4.9692365638214469       0.19753235330799032       0.10240852367023080     
         237           3   926.812500     T  -12.868202969889339       -2.9984945098877795        163.47785328690034        1.0635919892284575        4.5794933367251778      -0.48617389579573500        4.9692365638214469       0.19753235330799032       0.10240852367023080     
         238           3   926.812500     T  -12.868202969889339       -2.9984945098877795        163.47785328690034        1.0635919892284575        4.5794933367251778      -0.48617389579573500        4.9692365638214469       0.19753235330799032       0.10240852367023080     
         239           3   926.812500     T  -12.868202969889339       -2.9984945098877795        163.47785328690034        1.0635919892284575        4.5794933367251778      -0.48617389579573500        4.9692365638214469       0.19753235330799032       0.10240852367023080     
         240           3   926.812500     T  -12.868202969889339       -2.9984945098877795        163.47785328690034        1.0635919892284575        4.5794933367251778      -0.48617389579573500        4.9692365638214469       0.19753235330799032       0.10240852367023080     
         241           3   926.812500     T  -12.868202969889339       -2.9984945098877795        163.47785328690034        1.0635919892284575        4.5794933367251778      -0.48617389579573500        4.9692365638214469       0.19753235330799032       0.10240852367023080     
         242           3   926.812500     T  -12.868202969889339       -2.9984945098877795        163.47785328690034        1.0635919892284575        4.5794933367251778      -0.48617389579573500        4.9692365638214469       0.19753235330799032       0.10240852367023080     
         243           3   926.812500     T  -12.868202969889339       -2.9984945098877795        163.47785328690034        1.0635919892284575        4.5794933367251778      -0.48617389579573500        4.9692365638214469       0.19753235330799032       0.10240852367023080     
         244           3   926.812500     T  -12.868202969889339       -2.9984945098877795        163.47785328690034        1.0635919892284575        4.5794933367251778      -0.48617389579573500        4.9692365638214469       0.19753235330799032       0.10240852367023080     
         245           3   926.812500     T  -12.868202969889339       -2.9984945098877795        163.47785328690034        1.0635919892284575        4.5794933367251778      -0.48617389579573500        4.9692365638214469       0.19753235330799032       0.10240852367023080     
         246           3   926.812500     T  -12.868202969889339       -2.9984945098877795        163.47785328690034        1.0635919892284575        4.5794933367251778      -0.48617389579573500        4.9692365638214469       0.19753235330799032       0.10240852367023080     
         247           3   926.812500     T  -12.868202969889339       -2.9984945098877795        163.47785328690034        1.0635919892284575        4.5794933367251778      -0.48617389579573500        4.9692365638214469       0.19753235330799032       0.10240852367023080     
         248           3   926.812500     T  -12.868202969889339       -2.9984945098877795        163.47785328690034        1.0635919892284575        4.5794933367251778      -0.48617389579573500        4.9692365638214469       0.19753235330799032       0.10240852367023080     
         249           3   926.812500     T  -12.868202969889339       -2.9984945098877795        163.47785328690034        1.0635919892284575        4.5794933367251778      -0.48617389579573500        4.9692365638214469       0.19753235330799032       0.10240852367023080     
         250           3   926.812500     T  -12.868202969889339       -2.9984945098877795        163.47785328690034        1.0635919892284575        4.5794933367251778      -0.48617389579573500        4.9692365638214469       0.19753235330799032       0.10240852367023080     
         251           3   926.812500     T  -12.868202969889339       -2.9984945098877795        163.47785328690034        1.0635919892284575        4.5794933367251778      -0.48617389579573500        4.9692365638214469       0.19753235330799032       0.10240852367023080     
         252           3   926.812500     T  -12.868202969889339       -2.9984945098877795        163.47785328690034        1.0635919892284575        4.5794933367251778      -0.48617389579573500        4.9692365638214469       0.19753235330799032       0.10240852367023080     
         253           3   926.812500     T  -12.868202969889339       -2.9984945098877795        163.47785328690034        1.0635919892284575        4.5794933367251778      -0.48617389579573500        4.9692365638214469       0.19753235330799032       0.10240852367023080     
         254           3   926.812500     T  -12.868202969889339       -2.9984945098877795        163.47785328690034        1.0635919892284575        4.5794933367251778      -0.48617389579573500        4.9692365638214469       0.19753235330799032       0.10240852367023080     
         255           3   926.812500     T  -12.868202969889339       -2.9984945098877795        163.47785328690034        1.0635919892284575        4.5794933367251778      -0.48617389579573500        4.9692365638214469       0.19753235330799032       0.10240852367023080     
         256           3   926.812500     T  -12.868202969889339       -2.9984945098877795        163.47785328690034        1.0635919892284575        4.5794933367251778      -0.48617389579573500        4.9692365638214469       0.19753235330799032       0.10240852367023080     
         257           3   926.812500     T  -12.868202969889339       -2.9984945098877795        163.47785328690034        1.0635919892284575        4.5794933367251778      -0.48617389579573500        4.9692365638214469       0.19753235330799032       0.10240852367023080     
         258           3   926.812500     T  -12.868202969889339       -2.9984945098877795        163.47785328690034        1.0635919892284575        4.5794933367251778      -0.48617389579573500        4.9692365638214469       0.19753235330799032       0.10240852367023080     
         259           3   926.812500     T  -12.868202969889339       -2.9984945098877795        163.47785328690034        1.0635919892284575        4.5794933367251778      -0.48617389579573500        4.9692365638214469       0.19753235330799032       0.10240852367023080     
         260           3   926.812500     T  -12.868202969889339       -2.9984945098877795        163.47785328690034        1.0635919892284575        4.5794933367251778      -0.48617389579573500        4.9692365638214469       0.19753235330799032       0.10240852367023080     
         261           3   926.812500     T  -12.868202969889339       -2.9984945098877795        163.47785328690034        1.0635919892284575        4.5794933367251778      -0.48617389579573500        4.9692365638214469       0.19753235330799032       0.10240852367023080     
         262           3   926.812500     T  -12.868202969889339       -2.9984945098877795        163.47785328690034        1.0635919892284575        4.5794933367251778      -0.48617389579573500        4.9692365638214469       0.19753235330799032       0.10240852367023080     
         263           3   926.812500     T  -12.868202969889339       -2.9984945098877795        163.47785328690034        1.0635919892284575        4.5794933367251778      -0.48617389579573500        4.9692365638214469       0.19753235330799032       0.10240852367023080     
         264           3   926.812500     T  -12.868202969889339       -2.9984945098877795        163.47785328690034        1.0635919892284575        4.5794933367251778      -0.48617389579573500        4.9692365638214469       0.19753235330799032       0.10240852367023080     
         265           3   926.812500     T  -12.868202969889339       -2.9984945098877795        163.47785328690034        1.0635919892284575        4.5794933367251778      -0.48617389579573500        4.9692365638214469       0.19753235330799032       0.10240852367023080     
         266           3   926.812500     T  -12.868202969889339       -2.9984945098877795        163.47785328690034        1.0635919892284575        4.5794933367251778      -0.48617389579573500        4.9692365638214469       0.19753235330799032       0.10240852367023080     
         267           3   926.812500     T  -12.868202969889339       -2.9984945098877795        163.47785328690034        1.0635919892284575        4.5794933367251778      -0.48617389579573500        4.9692365638214469       0.19753235330799032       0.10240852367023080     
         268           3   1117.68750     T  -14.009763328648996       -3.9773532756013403        204.39060504875980        1.8741113778548186        3.8783196673286393      -0.94132112287705738        1.0799056048874047       0.16796362777081478       0.16412878906134004     
         269           3   1117.68750     T  -14.009763328648996       -3.9773532756013403        204.39060504875980        1.8741113778548186        3.8783196673286393      -0.94132112287705738        1.0799056048874047       0.16796362777081478       0.16412878906134004     
         270           3   1117.68750     T  -14.009763328648996       -3.9773532756013403        204.39060504875980        1.8741113778548186        3.8783196673286393      -0.94132112287705738        1.0799056048874047       0.16796362777081478       0.16412878906134004     
         271           3   1117.68750     T  -14.009763328648996       -3.9773532756013403        204.39060504875980        1.8741113778548186        3.8783196673286393      -0.94132112287705738        1.0799056048874047       0.16796362777081478       0.16412878906134004     
         272           3   1117.68750     T  -14.009763328648996       -3.9773532756013403        204.39060504875980        1.8741113778548186        3.8783196673286393      -0.94132112287705738        1.0799056048874047       0.16796362777081478       0.16412878906134004     
         273           3   1117.68750     T  -14.009763328648996       -3.9773532756013403        204.39060504875980        1.8741113778548186        3.8783196673286393      -0.94132112287705738        1.0799056048874047       0.16796362777081478       0.16412878906134004     
         274           3   1013.03125     T  -14.592737780289632       -4.3955838353117134        203.84163395216282        1.7880704194173580        4.9441565975232846      -0.97125631431337456        1.0899790535965843       0.16309669785927364       0.17285565623528495     
         275           3   1035.93750     T  -14.852706907674387       -4.6389440473502308        203.99735825530888        1.7861504392979586        4.9376059150838509      -0.97479984578218171        1.0819454224842018       0.16288681567309077       0.17812603894672821     
         276           3   1035.93750     T  -14.852706907674387       -4.6389440473502308        203.99735825530888        1.7861504392979586        4.9376059150838509      -0.97479984578218171        1.0819454224842018       0.16288681567309077       0.17812603894672821     
         277           3   1115.65625     T  -14.630039756612032       -4.5797033027209570        204.07044676085451        1.8122450816091888        4.1119932718584522      -0.98338082368446433       0.93468362438454389       0.16716352084693736       0.16968131229240249     
         278           3   989.500000     T  -14.405356695332085       -4.2529554831122365        204.21784758767316        1.8561853386237361        4.1143253605266610       -1.0089417848580398        1.0802107462446346       0.15573993489152232       0.16727035364995690     
         279           3   989.500000     T  -14.405356695332085       -4.2529554831122365        204.21784758767316        1.8561853386237361        4.1143253605266610       -1.0089417848580398        1.0802107462446346       0.15573993489152232       0.16727035364995690     
         280           3   989.500000     T  -14.405356695332085       -4.2529554831122365        204.21784758767316        1.8561853386237361        4.1143253605266610       -1.0089417848580398        1.0802107462446346       0.15573993489152232       0.16727035364995690     
         281           3   707.812500     T  -17.178430054811432       -5.2363575025910611        171.13786801649653        1.6492887235804576        5.7569245709809609        9.1551026215808240E-002   3.0047746242513940        8.2920185249471617E-002  0.17003288980905415     
         282           3   707.812500     T  -17.178430054811432       -5.2363575025910611        171.13786801649653        1.6492887235804576        5.7569245709809609        9.1551026215808240E-002   3.0047746242513940        8.2920185249471617E-002  0.17003288980905415     
         283           3   1028.75000     T  -14.706839713737548       -4.5581602027642774        202.41860229350246        1.8229479216139055        4.1402681079372519      -0.86082462498912005        1.0865413567910742       0.15406114262861678       0.16509677980605988     
         284           3   1028.75000     T  -14.706839713737548       -4.5581602027642774        202.41860229350246        1.8229479216139055        4.1402681079372519      -0.86082462498912005        1.0865413567910742       0.15406114262861678       0.16509677980605988     
         285           3   1028.75000     T  -14.706839713737548       -4.5581602027642774        202.41860229350246        1.8229479216139055        4.1402681079372519      -0.86082462498912005        1.0865413567910742       0.15406114262861678       0.16509677980605988     
         286           3   1028.75000     T  -14.706839713737548       -4.5581602027642774        202.41860229350246        1.8229479216139055        4.1402681079372519      -0.86082462498912005        1.0865413567910742       0.15406114262861678       0.16509677980605988     
         287           3   1145.43750     T  -14.607987354986173       -4.3874080551817265        202.28241696520246        1.8290545232410560        4.1703589573193165      -0.87291596732950461        1.0941007539567369       0.14783057099861657       0.16460495371044423     
         288           3   964.812500     T  -14.083332639075936       -4.3066237544887187        157.81818684055713        1.0877194884520334        5.0439577636729815      -0.69356682292509853        4.8008587130645219       0.18228259300523100       0.11786873691098909     
         289           3   964.812500     T  -14.083332639075936       -4.3066237544887187        157.81818684055713        1.0877194884520334        5.0439577636729815      -0.69356682292509853        4.8008587130645219       0.18228259300523100       0.11786873691098909     
         290           3   1059.50000     T  -14.210577514640105       -4.3471979342297455        160.15349435665684       0.93889857790765063        5.1873685772891287      -0.65529798686743923        4.4711769064351827       0.20125739001326465       0.10771384763781065     
         291           3   1059.50000     T  -14.210577514640105       -4.3471979342297455        160.15349435665684       0.93889857790765063        5.1873685772891287      -0.65529798686743923        4.4711769064351827       0.20125739001326465       0.10771384763781065     
         292           3   1059.50000     T  -14.210577514640105       -4.3471979342297455        160.15349435665684       0.93889857790765063        5.1873685772891287      -0.65529798686743923        4.4711769064351827       0.20125739001326465       0.10771384763781065     
         293           3   1059.50000     T  -14.210577514640105       -4.3471979342297455        160.15349435665684       0.93889857790765063        5.1873685772891287      -0.65529798686743923        4.4711769064351827       0.20125739001326465       0.10771384763781065     
         294           3   1059.50000     T  -14.210577514640105       -4.3471979342297455        160.15349435665684       0.93889857790765063        5.1873685772891287      -0.65529798686743923        4.4711769064351827       0.20125739001326465       0.10771384763781065     
         295           3   1059.50000     T  -14.210577514640105       -4.3471979342297455        160.15349435665684       0.93889857790765063        5.1873685772891287      -0.65529798686743923        4.4711769064351827       0.20125739001326465       0.10771384763781065     
         296           3   1059.50000     T  -14.210577514640105       -4.3471979342297455        160.15349435665684       0.93889857790765063        5.1873685772891287      -0.65529798686743923        4.4711769064351827       0.20125739001326465       0.10771384763781065     
