           1           4   689.717712     F  -38.780324424623615       -29.199754081694238        138.11470417626370        2.5683103064696811        5.2662328939893719       0.97565748406947450        2.1722830370466775       0.25531835176191381       0.20356345458412553     
           2           4   644.856079     F  -36.648444010544750       -27.241600347694092        137.56295112502687        2.5430815504817863        4.7314830883698624        1.0751861470923001        2.1960154822109224       0.26769100201095208       0.18448664146243163     
           3           4   644.856079     F  -36.648444010544750       -27.241600347694092        137.56295112502687        2.5430815504817863        4.7314830883698624        1.0751861470923001        2.1960154822109224       0.26769100201095208       0.18448664146243163     
           4           4   667.676514     F  -37.808441999568750       -28.421158377408091        136.82418648287333        2.3709676022621546        4.6831408387300639        1.1091254218247801        2.1671766795318490       0.27205082300162747       0.17931920692439074     
           5           4   667.676514     F  -37.808441999568750       -28.421158377408091        136.82418648287333        2.3709676022621546        4.6831408387300639        1.1091254218247801        2.1671766795318490       0.27205082300162747       0.17931920692439074     
           6           4   957.839844     F  -36.662233691927739       -27.290834406201220        112.26704921845520        2.5008641198021944        5.1755524323312141       0.51355885369671173        1.9391066267802033       0.23372166911440498       0.17345107858944767     
           7           4   957.839844     F  -36.662233691927739       -27.290834406201220        112.26704921845520        2.5008641198021944        5.1755524323312141       0.51355885369671173        1.9391066267802033       0.23372166911440498       0.17345107858944767     
           8           4   957.839844     F  -36.662233691927739       -27.290834406201220        112.26704921845520        2.5008641198021944        5.1755524323312141       0.51355885369671173        1.9391066267802033       0.23372166911440498       0.17345107858944767     
           9           4   957.839844     F  -36.662233691927739       -27.290834406201220        112.26704921845520        2.5008641198021944        5.1755524323312141       0.51355885369671173        1.9391066267802033       0.23372166911440498       0.17345107858944767     
          10           4   957.839844     F  -36.662233691927739       -27.290834406201220        112.26704921845520        2.5008641198021944        5.1755524323312141       0.51355885369671173        1.9391066267802033       0.23372166911440498       0.17345107858944767     
          11           4   954.544922     F  -26.556585934661243       -16.655800453625353        113.74637598424043        2.2692991774287550        5.9905903754682006       0.73099249545231448        1.7734236037129902       0.25021020529112548       0.23462730892694783     
          12           4   954.544922     F  -26.556585934661243       -16.655800453625353        113.74637598424043        2.2692991774287550        5.9905903754682006       0.73099249545231448        1.7734236037129902       0.25021020529112548       0.23462730892694783     
          13           4   954.544922     F  -26.556585934661243       -16.655800453625353        113.74637598424043        2.2692991774287550        5.9905903754682006       0.73099249545231448        1.7734236037129902       0.25021020529112548       0.23462730892694783     
          14           4   1285.18359     F  -24.244355302563882       -12.587341151231387        134.54368492707243        2.5243968259888834        11.326535637248982      -0.10693628666915533        1.3007455292716006       0.30048653707948719       0.13859385826699958     
          15           4   1285.18359     F  -24.244355302563882       -12.587341151231387        134.54368492707243        2.5243968259888834        11.326535637248982      -0.10693628666915533        1.3007455292716006       0.30048653707948719       0.13859385826699958     
          16           4   1285.18359     F  -24.244355302563882       -12.587341151231387        134.54368492707243        2.5243968259888834        11.326535637248982      -0.10693628666915533        1.3007455292716006       0.30048653707948719       0.13859385826699958     
          17           4   1153.92773     F  -23.280393198545234       -11.231673266380531        143.72102476365430        2.2052548675094603        11.690459480013280       0.11235037717960247        1.1219765367086751       0.35739759484398820       0.15201702941190343     
          18           4   1153.92773     F  -23.280393198545234       -11.231673266380531        143.72102476365430        2.2052548675094603        11.690459480013280       0.11235037717960247        1.1219765367086751       0.35739759484398820       0.15201702941190343     
          19           4   1153.92773     F  -23.280393198545234       -11.231673266380531        143.72102476365430        2.2052548675094603        11.690459480013280       0.11235037717960247        1.1219765367086751       0.35739759484398820       0.15201702941190343     
          20           4   1125.49414     F  -20.172750084567681       -5.3259037560869116        233.76729362877018        1.9990989888407111        16.762454561086550       -1.5467960797060856       0.10501699368712747       0.34226496886315810       0.20449499618260455     
          21           4   1282.71484     F  -20.007601611928678       -5.0908766725150718        247.65105665271275        1.7595277792492705        15.747055583445185       -1.3915219344406329       0.17451760006355554       0.27557686204032394       0.27489785716928805     
          22           4   1282.71484     F  -20.007601611928678       -5.0908766725150718        247.65105665271275        1.7595277792492705        15.747055583445185       -1.3915219344406329       0.17451760006355554       0.27557686204032394       0.27489785716928805     
          23           4   1282.71484     F  -20.007601611928678       -5.0908766725150718        247.65105665271275        1.7595277792492705        15.747055583445185       -1.3915219344406329       0.17451760006355554       0.27557686204032394       0.27489785716928805     
          24           4   1282.71484     F  -20.007601611928678       -5.0908766725150718        247.65105665271275        1.7595277792492705        15.747055583445185       -1.3915219344406329       0.17451760006355554       0.27557686204032394       0.27489785716928805     
          25           4   1345.03516     F  -20.585241352259203       -6.7983887059442978        220.56370947928360        1.2012359388437974        11.885636869431703      -0.89174456327448537      -0.11167846818176608       0.42250867878140530       0.26977848963681655     
          26           4   1345.03516     F  -20.585241352259203       -6.7983887059442978        220.56370947928360        1.2012359388437974        11.885636869431703      -0.89174456327448537      -0.11167846818176608       0.42250867878140530       0.26977848963681655     
          27           4   1166.82422     F  -19.506985233634623       -8.2969796414885799        239.11570299130341        1.1451737977761194        2.7615303594126965       0.11387731147875355       0.71733375276079436       0.43261296114662423       0.16402013698029205     
          28           4   979.796875     F  -15.753805445859422       -4.9573440182720052        262.47634716381168        1.4318223601175641        4.6790571648630408      -0.29382774437487258       0.82668254385085960       0.32415948831600683       0.17243347048288934     
          29           4   979.796875     F  -15.753805445859422       -4.9573440182720052        262.47634716381168        1.4318223601175641        4.6790571648630408      -0.29382774437487258       0.82668254385085960       0.32415948831600683       0.17243347048288934     
          30           4   979.796875     F  -15.753805445859422       -4.9573440182720052        262.47634716381168        1.4318223601175641        4.6790571648630408      -0.29382774437487258       0.82668254385085960       0.32415948831600683       0.17243347048288934     
          31           4   979.796875     T  -15.753805445859422       -4.9573440182720052        262.47634716381168        1.4318223601175641        4.6790571648630408      -0.29382774437487258       0.82668254385085960       0.32415948831600683       0.17243347048288934     
          32           4   1121.80859     T  -15.181437123795634       -4.1882627776775241        271.95213322475757        1.4698596712743499        3.7228798161545096      -0.23721947240293281        1.1036131216977119       0.19085228789606984       0.22885197213637040     
          33           4   1121.80859     T  -15.181437123795634       -4.1882627776775241        271.95213322475757        1.4698596712743499        3.7228798161545096      -0.23721947240293281        1.1036131216977119       0.19085228789606984       0.22885197213637040     
          34           4   1121.80859     T  -15.181437123795634       -4.1882627776775241        271.95213322475757        1.4698596712743499        3.7228798161545096      -0.23721947240293281        1.1036131216977119       0.19085228789606984       0.22885197213637040     
          35           4   1121.80859     T  -15.181437123795634       -4.1882627776775241        271.95213322475757        1.4698596712743499        3.7228798161545096      -0.23721947240293281        1.1036131216977119       0.19085228789606984       0.22885197213637040     
          36           4   922.898438     T  -14.868113369392674       -3.9536828095235559        269.53509660599332        1.4735644132344916        3.7721041151169068       -1.7066317704198135E-002   1.1745647231034848       0.17114263360417764       0.20243698064024579     
          37           4   922.898438     T  -14.868113369392674       -3.9536828095235559        269.53509660599332        1.4735644132344916        3.7721041151169068       -1.7066317704198135E-002   1.1745647231034848       0.17114263360417764       0.20243698064024579     
          38           4   922.898438     T  -14.868113369392674       -3.9536828095235559        269.53509660599332        1.4735644132344916        3.7721041151169068       -1.7066317704198135E-002   1.1745647231034848       0.17114263360417764       0.20243698064024579     
          39           4   922.898438     T  -14.868113369392674       -3.9536828095235559        269.53509660599332        1.4735644132344916        3.7721041151169068       -1.7066317704198135E-002   1.1745647231034848       0.17114263360417764       0.20243698064024579     
          40           4   922.898438     T  -14.868113369392674       -3.9536828095235559        269.53509660599332        1.4735644132344916        3.7721041151169068       -1.7066317704198135E-002   1.1745647231034848       0.17114263360417764       0.20243698064024579     
          41           4   922.898438     T  -14.868113369392674       -3.9536828095235559        269.53509660599332        1.4735644132344916        3.7721041151169068       -1.7066317704198135E-002   1.1745647231034848       0.17114263360417764       0.20243698064024579     
          42           4   922.898438     T  -14.868113369392674       -3.9536828095235559        269.53509660599332        1.4735644132344916        3.7721041151169068       -1.7066317704198135E-002   1.1745647231034848       0.17114263360417764       0.20243698064024579     
          43           4   922.898438     T  -14.868113369392674       -3.9536828095235559        269.53509660599332        1.4735644132344916        3.7721041151169068       -1.7066317704198135E-002   1.1745647231034848       0.17114263360417764       0.20243698064024579     
          44           4   922.898438     T  -14.868113369392674       -3.9536828095235559        269.53509660599332        1.4735644132344916        3.7721041151169068       -1.7066317704198135E-002   1.1745647231034848       0.17114263360417764       0.20243698064024579     
          45           4   922.898438     T  -14.868113369392674       -3.9536828095235559        269.53509660599332        1.4735644132344916        3.7721041151169068       -1.7066317704198135E-002   1.1745647231034848       0.17114263360417764       0.20243698064024579     
          46           4   922.898438     T  -14.868113369392674       -3.9536828095235559        269.53509660599332        1.4735644132344916        3.7721041151169068       -1.7066317704198135E-002   1.1745647231034848       0.17114263360417764       0.20243698064024579     
          47           4   985.789062     T  -15.115018230035279       -3.8526924841824561        204.17813287020206        2.0130326972779806        8.2017491075072186       0.31637269868468942        1.5198172638975536       0.16059634199200948       0.18646172215340073     
          48           4   985.789062     T  -15.115018230035279       -3.8526924841824561        204.17813287020206        2.0130326972779806        8.2017491075072186       0.31637269868468942        1.5198172638975536       0.16059634199200948       0.18646172215340073     
          49           4   985.789062     T  -15.115018230035279       -3.8526924841824561        204.17813287020206        2.0130326972779806        8.2017491075072186       0.31637269868468942        1.5198172638975536       0.16059634199200948       0.18646172215340073     
          50           4   985.789062     T  -15.115018230035279       -3.8526924841824561        204.17813287020206        2.0130326972779806        8.2017491075072186       0.31637269868468942        1.5198172638975536       0.16059634199200948       0.18646172215340073     
          51           4   985.789062     T  -15.115018230035279       -3.8526924841824561        204.17813287020206        2.0130326972779806        8.2017491075072186       0.31637269868468942        1.5198172638975536       0.16059634199200948       0.18646172215340073     
          52           4   985.789062     T  -15.115018230035279       -3.8526924841824561        204.17813287020206        2.0130326972779806        8.2017491075072186       0.31637269868468942        1.5198172638975536       0.16059634199200948       0.18646172215340073     
          53           4   985.789062     T  -15.115018230035279       -3.8526924841824561        204.17813287020206        2.0130326972779806        8.2017491075072186       0.31637269868468942        1.5198172638975536       0.16059634199200948       0.18646172215340073     
          54           4   925.414062     T  -15.970222574607682       -4.0004858433515285        243.47752860144755        1.5789947631345504        9.6209971215744261       0.72564481312438101        1.3237767894893961       0.20579319714065122       0.17922747291071356     
          55           4   925.414062     T  -15.970222574607682       -4.0004858433515285        243.47752860144755        1.5789947631345504        9.6209971215744261       0.72564481312438101        1.3237767894893961       0.20579319714065122       0.17922747291071356     
          56           4   927.640625     T  -15.610191129865077       -4.3384776398762170        231.94213853596813        1.9089496553999286        7.1436949045302098       0.28741692481386477        1.5439795431547172       0.14946453192620407       0.14405484816677033     
          57           4   984.242188     T  -14.563454820240789       -3.9234990139727945        217.22800266267487        1.9075510041676393        6.4490763920680578        1.7938302585662463E-003   1.5111092038879275       0.18070245073034374       0.18130168714745379     
          58           4   984.242188     T  -14.563454820240789       -3.9234990139727945        217.22800266267487        1.9075510041676393        6.4490763920680578        1.7938302585662463E-003   1.5111092038879275       0.18070245073034374       0.18130168714745379     
          59           4   984.242188     T  -14.563454820240789       -3.9234990139727945        217.22800266267487        1.9075510041676393        6.4490763920680578        1.7938302585662463E-003   1.5111092038879275       0.18070245073034374       0.18130168714745379     
          60           4   984.242188     T  -14.563454820240789       -3.9234990139727945        217.22800266267487        1.9075510041676393        6.4490763920680578        1.7938302585662463E-003   1.5111092038879275       0.18070245073034374       0.18130168714745379     
          61           4   1071.18750     T  -14.981434915276655       -3.6960763996990722        200.84993575026326        1.8555777376540066        8.4671144147962654       0.31029091433303890        1.4455491881448479       0.18181931610034546       0.21066305752257558     
          62           4   1071.18750     T  -14.981434915276655       -3.6960763996990722        200.84993575026326        1.8555777376540066        8.4671144147962654       0.31029091433303890        1.4455491881448479       0.18181931610034546       0.21066305752257558     
          63           4   1071.18750     T  -14.981434915276655       -3.6960763996990722        200.84993575026326        1.8555777376540066        8.4671144147962654       0.31029091433303890        1.4455491881448479       0.18181931610034546       0.21066305752257558     
          64           4   1071.18750     T  -14.981434915276655       -3.6960763996990722        200.84993575026326        1.8555777376540066        8.4671144147962654       0.31029091433303890        1.4455491881448479       0.18181931610034546       0.21066305752257558     
          65           4   1071.18750     T  -14.981434915276655       -3.6960763996990722        200.84993575026326        1.8555777376540066        8.4671144147962654       0.31029091433303890        1.4455491881448479       0.18181931610034546       0.21066305752257558     
          66           4   1071.18750     T  -14.981434915276655       -3.6960763996990722        200.84993575026326        1.8555777376540066        8.4671144147962654       0.31029091433303890        1.4455491881448479       0.18181931610034546       0.21066305752257558     
          67           4   1007.24219     T  -14.657023901541301       -4.1330568999164896        193.15417442149288        2.3596849588562545        6.4084174260792048      -0.59975668741131272        2.0561605227438737       0.17298106667830898       0.11759882687267791     
          68           4   1007.24219     T  -14.657023901541301       -4.1330568999164896        193.15417442149288        2.3596849588562545        6.4084174260792048      -0.59975668741131272        2.0561605227438737       0.17298106667830898       0.11759882687267791     
          69           4   1007.24219     T  -14.657023901541301       -4.1330568999164896        193.15417442149288        2.3596849588562545        6.4084174260792048      -0.59975668741131272        2.0561605227438737       0.17298106667830898       0.11759882687267791     
          70           4   1015.80469     T  -15.149074777706385       -4.0242835078844506        211.40195521602803        1.9927661637987193        7.4479608384826053        1.4393025143515262E-002   1.3881303591548693       0.17788917672120055       0.22154403956061861     
          71           4   985.906250     T  -14.751801937945748       -4.1958799625016621        178.43040878135986        2.2652832541768766        6.1780042002148621      -0.32318978485616878        1.6640877246012884       0.15244608934995516       0.21754471219807858     
          72           4   985.906250     T  -14.751801937945748       -4.1958799625016621        178.43040878135986        2.2652832541768766        6.1780042002148621      -0.32318978485616878        1.6640877246012884       0.15244608934995516       0.21754471219807858     
          73           4   985.906250     T  -14.751801937945748       -4.1958799625016621        178.43040878135986        2.2652832541768766        6.1780042002148621      -0.32318978485616878        1.6640877246012884       0.15244608934995516       0.21754471219807858     
          74           4   1032.15625     T  -15.299050753649734       -3.8571979049311675        189.78524616767714        2.1876814692676527        5.5399364173202725      -0.30773701131649278        1.3599968777680884       0.11591104601110080       0.26395564706412272     
          75           4   1032.15625     T  -15.299050753649734       -3.8571979049311675        189.78524616767714        2.1876814692676527        5.5399364173202725      -0.30773701131649278        1.3599968777680884       0.11591104601110080       0.26395564706412272     
          76           4   1032.15625     T  -15.299050753649734       -3.8571979049311675        189.78524616767714        2.1876814692676527        5.5399364173202725      -0.30773701131649278        1.3599968777680884       0.11591104601110080       0.26395564706412272     
          77           4   768.898438     T  -17.468045576666622       -4.8296136365957629        177.42622312826612        2.5295607352712990        6.4157573081333048       0.67542407215909517        1.6448183837591945        8.0948174162252987E-002  0.23810062457070591     
          78           4   768.898438     T  -17.468045576666622       -4.8296136365957629        177.42622312826612        2.5295607352712990        6.4157573081333048       0.67542407215909517        1.6448183837591945        8.0948174162252987E-002  0.23810062457070591     
          79           4   1122.06250     T  -15.571819180893963       -4.9595628320422769        186.27820522182549        1.6091916638216373        6.9671847999707230      -0.56156574942987914        1.5133281784014652       0.27318268302622450       0.22458132087951380     
          80           4   1122.06250     T  -15.571819180893963       -4.9595628320422769        186.27820522182549        1.6091916638216373        6.9671847999707230      -0.56156574942987914        1.5133281784014652       0.27318268302622450       0.22458132087951380     
          81           4   796.851562     T  -14.633458761529896       -3.8200687712209462        256.52873795942247        1.3644952713035230        4.7311066644766724       0.44897338473489823        1.4147220476789815       0.15729278571893762       0.16264717642941232     
          82           4   796.851562     T  -14.633458761529896       -3.8200687712209462        256.52873795942247        1.3644952713035230        4.7311066644766724       0.44897338473489823        1.4147220476789815       0.15729278571893762       0.16264717642941232     
          83           4   796.851562     T  -14.633458761529896       -3.8200687712209462        256.52873795942247        1.3644952713035230        4.7311066644766724       0.44897338473489823        1.4147220476789815       0.15729278571893762       0.16264717642941232     
          84           4   796.851562     T  -14.633458761529896       -3.8200687712209462        256.52873795942247        1.3644952713035230        4.7311066644766724       0.44897338473489823        1.4147220476789815       0.15729278571893762       0.16264717642941232     
          85           4   796.851562     T  -14.633458761529896       -3.8200687712209462        256.52873795942247        1.3644952713035230        4.7311066644766724       0.44897338473489823        1.4147220476789815       0.15729278571893762       0.16264717642941232     
          86           4   796.851562     T  -14.633458761529896       -3.8200687712209462        256.52873795942247        1.3644952713035230        4.7311066644766724       0.44897338473489823        1.4147220476789815       0.15729278571893762       0.16264717642941232     
          87           4   796.851562     T  -14.633458761529896       -3.8200687712209462        256.52873795942247        1.3644952713035230        4.7311066644766724       0.44897338473489823        1.4147220476789815       0.15729278571893762       0.16264717642941232     
          88           4   796.851562     T  -14.633458761529896       -3.8200687712209462        256.52873795942247        1.3644952713035230        4.7311066644766724       0.44897338473489823        1.4147220476789815       0.15729278571893762       0.16264717642941232     
          89           4   1106.08594     T  -13.819957688305344       -3.8502539875613793        216.30387784128655        1.5143086997999560        3.6514448183928443       -1.2504480377660623        1.3489191243834970       0.21596331174760092       0.16512438572574867     
          90           4   1106.08594     T  -13.819957688305344       -3.8502539875613793        216.30387784128655        1.5143086997999560        3.6514448183928443       -1.2504480377660623        1.3489191243834970       0.21596331174760092       0.16512438572574867     
          91           4   1106.08594     T  -13.819957688305344       -3.8502539875613793        216.30387784128655        1.5143086997999560        3.6514448183928443       -1.2504480377660623        1.3489191243834970       0.21596331174760092       0.16512438572574867     
          92           4   1106.08594     T  -13.819957688305344       -3.8502539875613793        216.30387784128655        1.5143086997999560        3.6514448183928443       -1.2504480377660623        1.3489191243834970       0.21596331174760092       0.16512438572574867     
          93           4   1106.08594     T  -13.819957688305344       -3.8502539875613793        216.30387784128655        1.5143086997999560        3.6514448183928443       -1.2504480377660623        1.3489191243834970       0.21596331174760092       0.16512438572574867     
          94           4   1106.08594     T  -13.819957688305344       -3.8502539875613793        216.30387784128655        1.5143086997999560        3.6514448183928443       -1.2504480377660623        1.3489191243834970       0.21596331174760092       0.16512438572574867     
          95           4   1106.08594     T  -13.819957688305344       -3.8502539875613793        216.30387784128655        1.5143086997999560        3.6514448183928443       -1.2504480377660623        1.3489191243834970       0.21596331174760092       0.16512438572574867     
          96           4   1106.08594     T  -13.819957688305344       -3.8502539875613793        216.30387784128655        1.5143086997999560        3.6514448183928443       -1.2504480377660623        1.3489191243834970       0.21596331174760092       0.16512438572574867     
          97           4   1106.08594     T  -13.819957688305344       -3.8502539875613793        216.30387784128655        1.5143086997999560        3.6514448183928443       -1.2504480377660623        1.3489191243834970       0.21596331174760092       0.16512438572574867     
          98           4   1106.08594     T  -13.819957688305344       -3.8502539875613793        216.30387784128655        1.5143086997999560        3.6514448183928443       -1.2504480377660623        1.3489191243834970       0.21596331174760092       0.16512438572574867     
          99           4   1106.08594     T  -13.819957688305344       -3.8502539875613793        216.30387784128655        1.5143086997999560        3.6514448183928443       -1.2504480377660623        1.3489191243834970       0.21596331174760092       0.16512438572574867     
         100           4   1106.08594     T  -13.819957688305344       -3.8502539875613793        216.30387784128655        1.5143086997999560        3.6514448183928443       -1.2504480377660623        1.3489191243834970       0.21596331174760092       0.16512438572574867     
         101           4   1106.08594     T  -13.819957688305344       -3.8502539875613793        216.30387784128655        1.5143086997999560        3.6514448183928443       -1.2504480377660623        1.3489191243834970       0.21596331174760092       0.16512438572574867     
         102           4   1106.08594     T  -13.819957688305344       -3.8502539875613793        216.30387784128655        1.5143086997999560        3.6514448183928443       -1.2504480377660623        1.3489191243834970       0.21596331174760092       0.16512438572574867     
         103           4   1106.08594     T  -13.819957688305344       -3.8502539875613793        216.30387784128655        1.5143086997999560        3.6514448183928443       -1.2504480377660623        1.3489191243834970       0.21596331174760092       0.16512438572574867     
         104           4   897.359375     T  -14.596544285877844       -3.8137683428703846        206.14184121225571        1.7521738874555823        7.4104829677312818       0.24723986879579646        1.6008056985955070       0.18681320171661794       0.17470574378611550     
         105           4   897.359375     T  -14.596544285877844       -3.8137683428703846        206.14184121225571        1.7521738874555823        7.4104829677312818       0.24723986879579646        1.6008056985955070       0.18681320171661794       0.17470574378611550     
         106           4   897.359375     T  -14.596544285877844       -3.8137683428703846        206.14184121225571        1.7521738874555823        7.4104829677312818       0.24723986879579646        1.6008056985955070       0.18681320171661794       0.17470574378611550     
         107           4   897.359375     T  -14.596544285877844       -3.8137683428703846        206.14184121225571        1.7521738874555823        7.4104829677312818       0.24723986879579646        1.6008056985955070       0.18681320171661794       0.17470574378611550     
         108           4   897.359375     T  -14.596544285877844       -3.8137683428703846        206.14184121225571        1.7521738874555823        7.4104829677312818       0.24723986879579646        1.6008056985955070       0.18681320171661794       0.17470574378611550     
         109           4   897.359375     T  -14.596544285877844       -3.8137683428703846        206.14184121225571        1.7521738874555823        7.4104829677312818       0.24723986879579646        1.6008056985955070       0.18681320171661794       0.17470574378611550     
         110           4   897.359375     T  -14.596544285877844       -3.8137683428703846        206.14184121225571        1.7521738874555823        7.4104829677312818       0.24723986879579646        1.6008056985955070       0.18681320171661794       0.17470574378611550     
         111           4   897.359375     T  -14.596544285877844       -3.8137683428703846        206.14184121225571        1.7521738874555823        7.4104829677312818       0.24723986879579646        1.6008056985955070       0.18681320171661794       0.17470574378611550     
         112           4   897.359375     T  -14.596544285877844       -3.8137683428703846        206.14184121225571        1.7521738874555823        7.4104829677312818       0.24723986879579646        1.6008056985955070       0.18681320171661794       0.17470574378611550     
         113           4   1076.85938     T  -16.029153443279533       -4.8030476264002431        257.16244564482065        1.6340320058011131        6.6976880837561348        6.9889797634058379E-002  0.33823504621345085       0.24643441612593361       0.21431979934240766     
         114           4   1076.85938     T  -16.029153443279533       -4.8030476264002431        257.16244564482065        1.6340320058011131        6.6976880837561348        6.9889797634058379E-002  0.33823504621345085       0.24643441612593361       0.21431979934240766     
         115           4   1076.85938     T  -16.029153443279533       -4.8030476264002431        257.16244564482065        1.6340320058011131        6.6976880837561348        6.9889797634058379E-002  0.33823504621345085       0.24643441612593361       0.21431979934240766     
         116           4   1076.85938     T  -16.029153443279533       -4.8030476264002431        257.16244564482065        1.6340320058011131        6.6976880837561348        6.9889797634058379E-002  0.33823504621345085       0.24643441612593361       0.21431979934240766     
         117           4   1076.85938     T  -16.029153443279533       -4.8030476264002431        257.16244564482065        1.6340320058011131        6.6976880837561348        6.9889797634058379E-002  0.33823504621345085       0.24643441612593361       0.21431979934240766     
         118           4   1076.85938     T  -16.029153443279533       -4.8030476264002431        257.16244564482065        1.6340320058011131        6.6976880837561348        6.9889797634058379E-002  0.33823504621345085       0.24643441612593361       0.21431979934240766     
         119           4   1076.85938     T  -16.029153443279533       -4.8030476264002431        257.16244564482065        1.6340320058011131        6.6976880837561348        6.9889797634058379E-002  0.33823504621345085       0.24643441612593361       0.21431979934240766     
         120           4   1076.85938     T  -16.029153443279533       -4.8030476264002431        257.16244564482065        1.6340320058011131        6.6976880837561348        6.9889797634058379E-002  0.33823504621345085       0.24643441612593361       0.21431979934240766     
         121           4   1076.85938     T  -16.029153443279533       -4.8030476264002431        257.16244564482065        1.6340320058011131        6.6976880837561348        6.9889797634058379E-002  0.33823504621345085       0.24643441612593361       0.21431979934240766     
         122           4   1076.85938     T  -16.029153443279533       -4.8030476264002431        257.16244564482065        1.6340320058011131        6.6976880837561348        6.9889797634058379E-002  0.33823504621345085       0.24643441612593361       0.21431979934240766     
         123           4   1076.85938     T  -16.029153443279533       -4.8030476264002431        257.16244564482065        1.6340320058011131        6.6976880837561348        6.9889797634058379E-002  0.33823504621345085       0.24643441612593361       0.21431979934240766     
         124           4   1076.85938     T  -16.029153443279533       -4.8030476264002431        257.16244564482065        1.6340320058011131        6.6976880837561348        6.9889797634058379E-002  0.33823504621345085       0.24643441612593361       0.21431979934240766     
         125           4   1076.85938     T  -16.029153443279533       -4.8030476264002431        257.16244564482065        1.6340320058011131        6.6976880837561348        6.9889797634058379E-002  0.33823504621345085       0.24643441612593361       0.21431979934240766     
         126           4   1076.85938     T  -16.029153443279533       -4.8030476264002431        257.16244564482065        1.6340320058011131        6.6976880837561348        6.9889797634058379E-002  0.33823504621345085       0.24643441612593361       0.21431979934240766     
         127           4   1076.85938     T  -16.029153443279533       -4.8030476264002431        257.16244564482065        1.6340320058011131        6.6976880837561348        6.9889797634058379E-002  0.33823504621345085       0.24643441612593361       0.21431979934240766     
         128           4   997.203125     T  -16.899115363118540       -5.0165325361504660        290.16629232632033        1.7016709707755060        7.3387208112069979       0.40348507242714166       0.20487574499275157       0.21613976001959972       0.11108663583549068     
         129           4   1043.51562     T  -14.109445428564129       -3.9502633142166896        232.08973059423323        1.5100407802108498        3.8784168064155136       -1.2676318198201846        1.3663935327432550       0.21540861476791170       0.17223276190897907     
         130           4   1043.51562     T  -14.109445428564129       -3.9502633142166896        232.08973059423323        1.5100407802108498        3.8784168064155136       -1.2676318198201846        1.3663935327432550       0.21540861476791170       0.17223276190897907     
         131           4   1043.51562     T  -14.109445428564129       -3.9502633142166896        232.08973059423323        1.5100407802108498        3.8784168064155136       -1.2676318198201846        1.3663935327432550       0.21540861476791170       0.17223276190897907     
         132           4   1043.51562     T  -14.109445428564129       -3.9502633142166896        232.08973059423323        1.5100407802108498        3.8784168064155136       -1.2676318198201846        1.3663935327432550       0.21540861476791170       0.17223276190897907     
         133           4   990.921875     T  -14.046611136451896       -3.8846063702714062        232.43004324257046        1.5281821903186192        3.8733939736740028       -1.2691344424287225        1.3571597199342320       0.21627177516985713       0.17224920893812809     
         134           4   990.921875     T  -14.046611136451896       -3.8846063702714062        232.43004324257046        1.5281821903186192        3.8733939736740028       -1.2691344424287225        1.3571597199342320       0.21627177516985713       0.17224920893812809     
         135           4   990.921875     T  -14.046611136451896       -3.8846063702714062        232.43004324257046        1.5281821903186192        3.8733939736740028       -1.2691344424287225        1.3571597199342320       0.21627177516985713       0.17224920893812809     
         136           4   990.921875     T  -14.046611136451896       -3.8846063702714062        232.43004324257046        1.5281821903186192        3.8733939736740028       -1.2691344424287225        1.3571597199342320       0.21627177516985713       0.17224920893812809     
         137           4   990.921875     T  -14.046611136451896       -3.8846063702714062        232.43004324257046        1.5281821903186192        3.8733939736740028       -1.2691344424287225        1.3571597199342320       0.21627177516985713       0.17224920893812809     
         138           4   990.921875     T  -14.046611136451896       -3.8846063702714062        232.43004324257046        1.5281821903186192        3.8733939736740028       -1.2691344424287225        1.3571597199342320       0.21627177516985713       0.17224920893812809     
         139           4   990.921875     T  -14.046611136451896       -3.8846063702714062        232.43004324257046        1.5281821903186192        3.8733939736740028       -1.2691344424287225        1.3571597199342320       0.21627177516985713       0.17224920893812809     
         140           4   1371.00000     T  -14.253846961351563       -3.8951878945387564        229.55559312584359        1.0655021088187111        5.5641136515817680       -1.7774952292192132        2.4017381842722054       0.24887935285815146       0.15680684374548901     
         141           4   1371.00000     T  -14.253846961351563       -3.8951878945387564        229.55559312584359        1.0655021088187111        5.5641136515817680       -1.7774952292192132        2.4017381842722054       0.24887935285815146       0.15680684374548901     
         142           4   1371.00000     T  -14.253846961351563       -3.8951878945387564        229.55559312584359        1.0655021088187111        5.5641136515817680       -1.7774952292192132        2.4017381842722054       0.24887935285815146       0.15680684374548901     
         143           4   1371.00000     T  -14.253846961351563       -3.8951878945387564        229.55559312584359        1.0655021088187111        5.5641136515817680       -1.7774952292192132        2.4017381842722054       0.24887935285815146       0.15680684374548901     
         144           4   1371.00000     T  -14.253846961351563       -3.8951878945387564        229.55559312584359        1.0655021088187111        5.5641136515817680       -1.7774952292192132        2.4017381842722054       0.24887935285815146       0.15680684374548901     
         145           4   1371.00000     T  -14.253846961351563       -3.8951878945387564        229.55559312584359        1.0655021088187111        5.5641136515817680       -1.7774952292192132        2.4017381842722054       0.24887935285815146       0.15680684374548901     
         146           4   1371.00000     T  -14.253846961351563       -3.8951878945387564        229.55559312584359        1.0655021088187111        5.5641136515817680       -1.7774952292192132        2.4017381842722054       0.24887935285815146       0.15680684374548901     
         147           4   1371.00000     T  -14.253846961351563       -3.8951878945387564        229.55559312584359        1.0655021088187111        5.5641136515817680       -1.7774952292192132        2.4017381842722054       0.24887935285815146       0.15680684374548901     
         148           4   1371.00000     T  -14.253846961351563       -3.8951878945387564        229.55559312584359        1.0655021088187111        5.5641136515817680       -1.7774952292192132        2.4017381842722054       0.24887935285815146       0.15680684374548901     
         149           4   1371.00000     T  -14.253846961351563       -3.8951878945387564        229.55559312584359        1.0655021088187111        5.5641136515817680       -1.7774952292192132        2.4017381842722054       0.24887935285815146       0.15680684374548901     
         150           4   1371.00000     T  -14.253846961351563       -3.8951878945387564        229.55559312584359        1.0655021088187111        5.5641136515817680       -1.7774952292192132        2.4017381842722054       0.24887935285815146       0.15680684374548901     
         151           4   1371.00000     T  -14.253846961351563       -3.8951878945387564        229.55559312584359        1.0655021088187111        5.5641136515817680       -1.7774952292192132        2.4017381842722054       0.24887935285815146       0.15680684374548901     
         152           4   1371.00000     T  -14.253846961351563       -3.8951878945387564        229.55559312584359        1.0655021088187111        5.5641136515817680       -1.7774952292192132        2.4017381842722054       0.24887935285815146       0.15680684374548901     
         153           4   1371.00000     T  -14.253846961351563       -3.8951878945387564        229.55559312584359        1.0655021088187111        5.5641136515817680       -1.7774952292192132        2.4017381842722054       0.24887935285815146       0.15680684374548901     
         154           4   1371.00000     T  -14.253846961351563       -3.8951878945387564        229.55559312584359        1.0655021088187111        5.5641136515817680       -1.7774952292192132        2.4017381842722054       0.24887935285815146       0.15680684374548901     
         155           4   1371.00000     T  -14.253846961351563       -3.8951878945387564        229.55559312584359        1.0655021088187111        5.5641136515817680       -1.7774952292192132        2.4017381842722054       0.24887935285815146       0.15680684374548901     
         156           4   1371.00000     T  -14.253846961351563       -3.8951878945387564        229.55559312584359        1.0655021088187111        5.5641136515817680       -1.7774952292192132        2.4017381842722054       0.24887935285815146       0.15680684374548901     
         157           4   1371.00000     T  -14.253846961351563       -3.8951878945387564        229.55559312584359        1.0655021088187111        5.5641136515817680       -1.7774952292192132        2.4017381842722054       0.24887935285815146       0.15680684374548901     
         158           4   1371.00000     T  -14.253846961351563       -3.8951878945387564        229.55559312584359        1.0655021088187111        5.5641136515817680       -1.7774952292192132        2.4017381842722054       0.24887935285815146       0.15680684374548901     
         159           4   1371.00000     T  -14.253846961351563       -3.8951878945387564        229.55559312584359        1.0655021088187111        5.5641136515817680       -1.7774952292192132        2.4017381842722054       0.24887935285815146       0.15680684374548901     
         160           4   903.718750     T  -14.032638280175425       -3.6849534845015217        170.12670474865652       0.98786289958155049        4.0923920366165527      -0.56586971820508858        4.6005969233278066       0.12278074018732174       0.18216623267502322     
         161           4   903.718750     T  -14.032638280175425       -3.6849534845015217        170.12670474865652       0.98786289958155049        4.0923920366165527      -0.56586971820508858        4.6005969233278066       0.12278074018732174       0.18216623267502322     
         162           4   903.718750     T  -14.032638280175425       -3.6849534845015217        170.12670474865652       0.98786289958155049        4.0923920366165527      -0.56586971820508858        4.6005969233278066       0.12278074018732174       0.18216623267502322     
         163           4   903.718750     T  -14.032638280175425       -3.6849534845015217        170.12670474865652       0.98786289958155049        4.0923920366165527      -0.56586971820508858        4.6005969233278066       0.12278074018732174       0.18216623267502322     
         164           4   903.718750     T  -14.032638280175425       -3.6849534845015217        170.12670474865652       0.98786289958155049        4.0923920366165527      -0.56586971820508858        4.6005969233278066       0.12278074018732174       0.18216623267502322     
         165           4   903.718750     T  -14.032638280175425       -3.6849534845015217        170.12670474865652       0.98786289958155049        4.0923920366165527      -0.56586971820508858        4.6005969233278066       0.12278074018732174       0.18216623267502322     
         166           4   903.718750     T  -14.032638280175425       -3.6849534845015217        170.12670474865652       0.98786289958155049        4.0923920366165527      -0.56586971820508858        4.6005969233278066       0.12278074018732174       0.18216623267502322     
         167           4   903.718750     T  -14.032638280175425       -3.6849534845015217        170.12670474865652       0.98786289958155049        4.0923920366165527      -0.56586971820508858        4.6005969233278066       0.12278074018732174       0.18216623267502322     
         168           4   903.718750     T  -14.032638280175425       -3.6849534845015217        170.12670474865652       0.98786289958155049        4.0923920366165527      -0.56586971820508858        4.6005969233278066       0.12278074018732174       0.18216623267502322     
         169           4   903.718750     T  -14.032638280175425       -3.6849534845015217        170.12670474865652       0.98786289958155049        4.0923920366165527      -0.56586971820508858        4.6005969233278066       0.12278074018732174       0.18216623267502322     
         170           4   903.718750     T  -14.032638280175425       -3.6849534845015217        170.12670474865652       0.98786289958155049        4.0923920366165527      -0.56586971820508858        4.6005969233278066       0.12278074018732174       0.18216623267502322     
         171           4   1046.89062     T  -14.215853202449551       -3.8677785514807761        191.04315218350362       0.92544299188747714        4.0383269457501001      -0.74529787721066787        4.5420057083537229       0.13170860644885227       0.17267991324836274     
         172           4   1046.89062     T  -14.215853202449551       -3.8677785514807761        191.04315218350362       0.92544299188747714        4.0383269457501001      -0.74529787721066787        4.5420057083537229       0.13170860644885227       0.17267991324836274     
         173           4   1046.89062     T  -14.215853202449551       -3.8677785514807761        191.04315218350362       0.92544299188747714        4.0383269457501001      -0.74529787721066787        4.5420057083537229       0.13170860644885227       0.17267991324836274     
         174           4   866.953125     T  -14.375590331156744       -3.9469673866439754        212.62029992234042       0.88725366930932303        4.1112099818783552      -0.87512029460875784        4.5110220124784748       0.14056436720034479       0.16442801083769307     
         175           4   924.234375     T  -14.374601577835394       -4.0149104843410068        209.46354865164187       0.87336352756319302        4.1091735443281276      -0.87241610005198356        4.5345790857316377       0.14295918172953581       0.16467153768673942     
         176           4   924.234375     T  -14.374601577835394       -4.0149104843410068        209.46354865164187       0.87336352756319302        4.1091735443281276      -0.87241610005198356        4.5345790857316377       0.14295918172953581       0.16467153768673942     
         177           4   924.234375     T  -14.374601577835394       -4.0149104843410068        209.46354865164187       0.87336352756319302        4.1091735443281276      -0.87241610005198356        4.5345790857316377       0.14295918172953581       0.16467153768673942     
         178           4   1110.03125     T  -14.090774493087768       -3.8662321530386512        236.25572876750780        1.5836013894431742        4.0019340168245305       -1.1083667879829495        1.3396647981573166       0.20908971545686536       0.17346289298322223     
         179           4   1110.03125     T  -14.090774493087768       -3.8662321530386512        236.25572876750780        1.5836013894431742        4.0019340168245305       -1.1083667879829495        1.3396647981573166       0.20908971545686536       0.17346289298322223     
         180           4   1110.03125     T  -14.090774493087768       -3.8662321530386512        236.25572876750780        1.5836013894431742        4.0019340168245305       -1.1083667879829495        1.3396647981573166       0.20908971545686536       0.17346289298322223     
         181           4   578.031250     T  -15.547556456409378       -3.8640661860109504        265.89263666512227        1.2071664459817668        2.6791102881163087      -0.50444981041742765        3.3889870467929479       0.12132516756764306       0.16649033855864959     
         182           4   578.031250     T  -15.547556456409378       -3.8640661860109504        265.89263666512227        1.2071664459817668        2.6791102881163087      -0.50444981041742765        3.3889870467929479       0.12132516756764306       0.16649033855864959     
         183           4   1132.25000     T  -14.131800885051444       -3.9051402091319867        236.47906575635113        1.5883955918653350        4.0001735371790588       -1.1288297509242453       0.41244473122673553       0.20976196910128656       0.17382528525169316     
         184           4   680.437500     T  -14.064319766856542       -3.9414189733106899        196.38591098760875        1.5153831649515757        4.2462503515631704      -0.75827526865710593        3.5584524775134900       0.15292176492389567       0.17447304789762189     
         185           4   680.437500     T  -14.064319766856542       -3.9414189733106899        196.38591098760875        1.5153831649515757        4.2462503515631704      -0.75827526865710593        3.5584524775134900       0.15292176492389567       0.17447304789762189     
         186           4   940.187500     T  -14.364563697187140       -4.2129588823292217        193.04845299084087        1.5472696105557999        3.8886408378071127      -0.74295836323766351        2.4036562430715991       0.15316715617141333       0.19633344241884590     
         187           4   940.187500     T  -14.364563697187140       -4.2129588823292217        193.04845299084087        1.5472696105557999        3.8886408378071127      -0.74295836323766351        2.4036562430715991       0.15316715617141333       0.19633344241884590     
         188           4   940.187500     T  -14.364563697187140       -4.2129588823292217        193.04845299084087        1.5472696105557999        3.8886408378071127      -0.74295836323766351        2.4036562430715991       0.15316715617141333       0.19633344241884590     
         189           4   940.187500     T  -14.364563697187140       -4.2129588823292217        193.04845299084087        1.5472696105557999        3.8886408378071127      -0.74295836323766351        2.4036562430715991       0.15316715617141333       0.19633344241884590     
         190           4   940.187500     T  -14.364563697187140       -4.2129588823292217        193.04845299084087        1.5472696105557999        3.8886408378071127      -0.74295836323766351        2.4036562430715991       0.15316715617141333       0.19633344241884590     
         191           4   940.187500     T  -14.364563697187140       -4.2129588823292217        193.04845299084087        1.5472696105557999        3.8886408378071127      -0.74295836323766351        2.4036562430715991       0.15316715617141333       0.19633344241884590     
         192           4   940.187500     T  -14.364563697187140       -4.2129588823292217        193.04845299084087        1.5472696105557999        3.8886408378071127      -0.74295836323766351        2.4036562430715991       0.15316715617141333       0.19633344241884590     
         193           4   1021.18750     T  -15.251466089346035       -5.2497805186357747        184.71737051600553        2.3918533240430144        3.3837414115327702      -0.81750855841220904       0.26793377158743925       0.21114978522319619       0.23505380332913756     
         194           4   1021.18750     T  -15.251466089346035       -5.2497805186357747        184.71737051600553        2.3918533240430144        3.3837414115327702      -0.81750855841220904       0.26793377158743925       0.21114978522319619       0.23505380332913756     
         195           4   688.062500     T  -14.166351849093132       -3.7595366622757451        170.44264808291263        2.0464469343215250        3.9947040936464813      -0.50937217149321512        3.1534736124026943       0.12640558732361562       0.21063923548983651     
         196           4   977.375000     T  -14.161109137803294       -4.2121264020017142        191.52726693776884        1.8409610223737281        3.7234243280110131      -0.76823981828980481        1.3159739216996607       0.18980673813855511       0.21139867997570508     
         197           4   977.375000     T  -14.161109137803294       -4.2121264020017142        191.52726693776884        1.8409610223737281        3.7234243280110131      -0.76823981828980481        1.3159739216996607       0.18980673813855511       0.21139867997570508     
         198           4   977.375000     T  -14.161109137803294       -4.2121264020017142        191.52726693776884        1.8409610223737281        3.7234243280110131      -0.76823981828980481        1.3159739216996607       0.18980673813855511       0.21139867997570508     
         199           4   977.375000     T  -14.161109137803294       -4.2121264020017142        191.52726693776884        1.8409610223737281        3.7234243280110131      -0.76823981828980481        1.3159739216996607       0.18980673813855511       0.21139867997570508     
         200           4   1086.18750     T  -14.042842539797125       -4.0862250296015867        192.01747653330480        1.8415109048322920        3.7107001729723339      -0.75315554647676075        1.3126414338468162       0.18932306161205451       0.21136341265253919     
         201           4   1090.00000     T  -14.242385044843601       -3.8071122853449753        224.50502808307419        1.8138894334038553        3.0048644320107538       -1.2243419501983572      -0.97856456205529052       0.21939469849277246       0.22280140680756197     
         202           4   1090.00000     T  -14.242385044843601       -3.8071122853449753        224.50502808307419        1.8138894334038553        3.0048644320107538       -1.2243419501983572      -0.97856456205529052       0.21939469849277246       0.22280140680756197     
         203           4   1090.00000     T  -14.242385044843601       -3.8071122853449753        224.50502808307419        1.8138894334038553        3.0048644320107538       -1.2243419501983572      -0.97856456205529052       0.21939469849277246       0.22280140680756197     
         204           4   1090.00000     T  -14.242385044843601       -3.8071122853449753        224.50502808307419        1.8138894334038553        3.0048644320107538       -1.2243419501983572      -0.97856456205529052       0.21939469849277246       0.22280140680756197     
         205           4   1090.00000     T  -14.242385044843601       -3.8071122853449753        224.50502808307419        1.8138894334038553        3.0048644320107538       -1.2243419501983572      -0.97856456205529052       0.21939469849277246       0.22280140680756197     
         206           4   1172.65625     T  -14.888152865155977       -4.6281926281387591        225.47195473448761        1.7041561056201049        3.9972647165595121       -1.3108125512371744      -0.63310527567094854       0.32199743773438955       0.14828237120499663     
         207           4   898.062500     T  -15.569999198416156       -5.8776522974795817        185.42296453469606        2.3421774988249413        4.2374433307270989      -0.69036646239210731        1.4352291253900609       0.27761715463773190       0.14594339497264400     
         208           4   898.062500     T  -15.569999198416156       -5.8776522974795817        185.42296453469606        2.3421774988249413        4.2374433307270989      -0.69036646239210731        1.4352291253900609       0.27761715463773190       0.14594339497264400     
         209           4   898.062500     T  -15.569999198416156       -5.8776522974795817        185.42296453469606        2.3421774988249413        4.2374433307270989      -0.69036646239210731        1.4352291253900609       0.27761715463773190       0.14594339497264400     
         210           4   898.062500     T  -15.569999198416156       -5.8776522974795817        185.42296453469606        2.3421774988249413        4.2374433307270989      -0.69036646239210731        1.4352291253900609       0.27761715463773190       0.14594339497264400     
         211           4   898.062500     T  -15.569999198416156       -5.8776522974795817        185.42296453469606        2.3421774988249413        4.2374433307270989      -0.69036646239210731        1.4352291253900609       0.27761715463773190       0.14594339497264400     
         212           4   779.093750     T  -14.442186644627231       -4.4144414735399709        177.68513015903957        1.7027756671810010        4.6682283740223030      -0.25515482718136911        2.5153044602556771       0.19181554823524549       0.10256156110849182     
         213           4   779.093750     T  -14.442186644627231       -4.4144414735399709        177.68513015903957        1.7027756671810010        4.6682283740223030      -0.25515482718136911        2.5153044602556771       0.19181554823524549       0.10256156110849182     
         214           4   779.093750     T  -14.442186644627231       -4.4144414735399709        177.68513015903957        1.7027756671810010        4.6682283740223030      -0.25515482718136911        2.5153044602556771       0.19181554823524549       0.10256156110849182     
         215           4   779.093750     T  -14.442186644627231       -4.4144414735399709        177.68513015903957        1.7027756671810010        4.6682283740223030      -0.25515482718136911        2.5153044602556771       0.19181554823524549       0.10256156110849182     
         216           4   779.093750     T  -14.442186644627231       -4.4144414735399709        177.68513015903957        1.7027756671810010        4.6682283740223030      -0.25515482718136911        2.5153044602556771       0.19181554823524549       0.10256156110849182     
         217           4   779.093750     T  -14.442186644627231       -4.4144414735399709        177.68513015903957        1.7027756671810010        4.6682283740223030      -0.25515482718136911        2.5153044602556771       0.19181554823524549       0.10256156110849182     
         218           4   779.093750     T  -14.442186644627231       -4.4144414735399709        177.68513015903957        1.7027756671810010        4.6682283740223030      -0.25515482718136911        2.5153044602556771       0.19181554823524549       0.10256156110849182     
         219           4   779.093750     T  -14.442186644627231       -4.4144414735399709        177.68513015903957        1.7027756671810010        4.6682283740223030      -0.25515482718136911        2.5153044602556771       0.19181554823524549       0.10256156110849182     
         220           4   962.125000     T  -15.841386171296939       -5.2707183990842994        209.63511093736085        2.0372494715531908        2.9764814994341324       -1.0656376572008008       0.79947381264262407       0.24338091011409488       0.26388959980383925     
         221           4   547.968750     T  -16.849343932706020       -6.6514670731160788        181.30138514077643        1.8547263102270377        3.4284672225326633      -0.72611655362292771        4.0413431025678959       0.22420774864936954       0.26843296863153293     
         222           4   547.968750     T  -16.849343932706020       -6.6514670731160788        181.30138514077643        1.8547263102270377        3.4284672225326633      -0.72611655362292771        4.0413431025678959       0.22420774864936954       0.26843296863153293     
         223           4   547.968750     T  -16.849343932706020       -6.6514670731160788        181.30138514077643        1.8547263102270377        3.4284672225326633      -0.72611655362292771        4.0413431025678959       0.22420774864936954       0.26843296863153293     
         224           4   547.968750     T  -16.849343932706020       -6.6514670731160788        181.30138514077643        1.8547263102270377        3.4284672225326633      -0.72611655362292771        4.0413431025678959       0.22420774864936954       0.26843296863153293     
         225           4   547.968750     T  -16.849343932706020       -6.6514670731160788        181.30138514077643        1.8547263102270377        3.4284672225326633      -0.72611655362292771        4.0413431025678959       0.22420774864936954       0.26843296863153293     
         226           4   547.968750     T  -16.849343932706020       -6.6514670731160788        181.30138514077643        1.8547263102270377        3.4284672225326633      -0.72611655362292771        4.0413431025678959       0.22420774864936954       0.26843296863153293     
         227           4   577.812500     T  -16.750837692658202       -6.5345640640370064        177.18280525536102        1.8421315921449406        3.4343156168533153      -0.66630073186569716        4.0800369783204093       0.21661673706698950       0.27460820490075283     
         228           4   615.093750     T  -16.110699319862697       -5.1111879165110183        168.15524252162780        1.7861313345731464        3.2219377205139477      -0.74949032908164737        3.6338436965210641       0.15619401325229171       0.33302046634292581     
         229           4   615.093750     T  -16.110699319862697       -5.1111879165110183        168.15524252162780        1.7861313345731464        3.2219377205139477      -0.74949032908164737        3.6338436965210641       0.15619401325229171       0.33302046634292581     
         230           4   615.093750     T  -16.110699319862697       -5.1111879165110183        168.15524252162780        1.7861313345731464        3.2219377205139477      -0.74949032908164737        3.6338436965210641       0.15619401325229171       0.33302046634292581     
         231           4   615.093750     T  -16.110699319862697       -5.1111879165110183        168.15524252162780        1.7861313345731464        3.2219377205139477      -0.74949032908164737        3.6338436965210641       0.15619401325229171       0.33302046634292581     
         232           4   615.093750     T  -16.110699319862697       -5.1111879165110183        168.15524252162780        1.7861313345731464        3.2219377205139477      -0.74949032908164737        3.6338436965210641       0.15619401325229171       0.33302046634292581     
         233           4   590.750000     T  -16.520944758483747       -6.2809374694562878        177.45074224752867        1.7563648722385941        3.4709039241169068      -0.71077782836690906        4.0915946148820277       0.21698832674672061       0.27784165252544946     
         234           4   590.750000     T  -16.520944758483747       -6.2809374694562878        177.45074224752867        1.7563648722385941        3.4709039241169068      -0.71077782836690906        4.0915946148820277       0.21698832674672061       0.27784165252544946     
         235           4   590.750000     T  -16.520944758483747       -6.2809374694562878        177.45074224752867        1.7563648722385941        3.4709039241169068      -0.71077782836690906        4.0915946148820277       0.21698832674672061       0.27784165252544946     
         236           4   590.750000     T  -16.520944758483747       -6.2809374694562878        177.45074224752867        1.7563648722385941        3.4709039241169068      -0.71077782836690906        4.0915946148820277       0.21698832674672061       0.27784165252544946     
         237           4   590.750000     T  -16.520944758483747       -6.2809374694562878        177.45074224752867        1.7563648722385941        3.4709039241169068      -0.71077782836690906        4.0915946148820277       0.21698832674672061       0.27784165252544946     
         238           4   580.375000     T  -16.450387876104564       -6.1940501712661140        177.11513114670726        1.7511649528527646        3.3992966451643696      -0.70941138980720719        4.0857926439209624       0.21718044147167090       0.27895487249610479     
         239           4   821.968750     T  -16.355486288260987       -4.3795461838273635        151.29445512135209        1.5674390877691555        3.7834777846829035      -0.25858755194275840        4.7622095286198407        9.1770494201228653E-002  0.30586597212381494     
         240           4   845.218750     T  -16.455026655266156       -4.1334241097559099        150.43689443789830        1.5751918590747265        3.7120978459809884      -0.26222177799801083        4.7852524067341600        8.3169564153924916E-002  0.30146954725951941     
         241           4   586.625000     T  -16.270555071867442       -5.5778147868808166        169.05344763226827        2.1582224736047868        4.0217136135057343        7.4368437982184274E-002   2.7620657366167825       0.12496888198171918       0.25046215056914550     
         242           4   586.625000     T  -16.270555071867442       -5.5778147868808166        169.05344763226827        2.1582224736047868        4.0217136135057343        7.4368437982184274E-002   2.7620657366167825       0.12496888198171918       0.25046215056914550     
         243           4   854.375000     T  -16.224735480018964       -4.5563863618568909        149.25006430677681        1.4677083861177291        3.6864733950761344      -0.23654889678457020        4.6395705520012509       0.10110386380963890       0.31095176921149503     
         244           4   854.375000     T  -16.224735480018964       -4.5563863618568909        149.25006430677681        1.4677083861177291        3.6864733950761344      -0.23654889678457020        4.6395705520012509       0.10110386380963890       0.31095176921149503     
         245           4   679.062500     T  -16.465502302818592       -6.1893604092041068        175.95278532109583        1.6251678295287926        3.3028210912675675      -0.68569734051578646        3.9834397583126178       0.23413654862087457       0.28182116266108664     
         246           4   752.937500     T  -16.088484912376565       -4.5164011966253952        146.28093690945397        1.4909584148293495        3.6009675643244563      -0.23344139600381553        4.6021485247669167       0.10305047724277185       0.30864779418145205     
         247           4   847.625000     T  -16.145307035138472       -5.4560498541604350        148.19424014422279        1.3373173206488513        3.5079077546723285      -0.24500856164370965        4.5655855637102070       0.15580355036581403       0.32065573978707446     
         248           4   847.625000     T  -16.145307035138472       -5.4560498541604350        148.19424014422279        1.3373173206488513        3.5079077546723285      -0.24500856164370965        4.5655855637102070       0.15580355036581403       0.32065573978707446     
         249           4   847.625000     T  -16.145307035138472       -5.4560498541604350        148.19424014422279        1.3373173206488513        3.5079077546723285      -0.24500856164370965        4.5655855637102070       0.15580355036581403       0.32065573978707446     
         250           4   1151.56250     T  -15.855101291419015       -5.2997727200473506        219.48392739863732        2.0396908666268705        3.6537076927095558       -1.0031607850717958       0.70875727163251079       0.38296572903618570       0.12749457279692594     
         251           4   1151.56250     T  -15.855101291419015       -5.2997727200473506        219.48392739863732        2.0396908666268705        3.6537076927095558       -1.0031607850717958       0.70875727163251079       0.38296572903618570       0.12749457279692594     
         252           4   1020.06250     T  -15.879478497228103       -5.3276303465389505        219.57099026267701        2.0379550044059291        3.6527898783297164       -1.0008748624673112       0.70863812392621817       0.38206391619491731       0.12747807039324160     
         253           4   1020.06250     T  -15.879478497228103       -5.3276303465389505        219.57099026267701        2.0379550044059291        3.6527898783297164       -1.0008748624673112       0.70863812392621817       0.38206391619491731       0.12747807039324160     
         254           4   1020.06250     T  -15.879478497228103       -5.3276303465389505        219.57099026267701        2.0379550044059291        3.6527898783297164       -1.0008748624673112       0.70863812392621817       0.38206391619491731       0.12747807039324160     
         255           4   1020.06250     T  -15.879478497228103       -5.3276303465389505        219.57099026267701        2.0379550044059291        3.6527898783297164       -1.0008748624673112       0.70863812392621817       0.38206391619491731       0.12747807039324160     
         256           4   1020.06250     T  -15.879478497228103       -5.3276303465389505        219.57099026267701        2.0379550044059291        3.6527898783297164       -1.0008748624673112       0.70863812392621817       0.38206391619491731       0.12747807039324160     
         257           4   1020.06250     T  -15.879478497228103       -5.3276303465389505        219.57099026267701        2.0379550044059291        3.6527898783297164       -1.0008748624673112       0.70863812392621817       0.38206391619491731       0.12747807039324160     
         258           4   1020.06250     T  -15.879478497228103       -5.3276303465389505        219.57099026267701        2.0379550044059291        3.6527898783297164       -1.0008748624673112       0.70863812392621817       0.38206391619491731       0.12747807039324160     
         259           4   1020.06250     T  -15.879478497228103       -5.3276303465389505        219.57099026267701        2.0379550044059291        3.6527898783297164       -1.0008748624673112       0.70863812392621817       0.38206391619491731       0.12747807039324160     
         260           4   1049.21875     T  -16.388390472972592       -6.2262396637475659        179.21266113194415        1.8968539651680365        3.2456902656682352      -0.81305815246214186       0.97081015370020063       0.34835926145721896       0.21819510838622025     
         261           4   1049.21875     T  -16.388390472972592       -6.2262396637475659        179.21266113194415        1.8968539651680365        3.2456902656682352      -0.81305815246214186       0.97081015370020063       0.34835926145721896       0.21819510838622025     
         262           4   1049.21875     T  -16.388390472972592       -6.2262396637475659        179.21266113194415        1.8968539651680365        3.2456902656682352      -0.81305815246214186       0.97081015370020063       0.34835926145721896       0.21819510838622025     
         263           4   947.625000     T  -12.751007579445430       -2.8721577163257148        163.20739590258876        1.0808589008869536        4.5918872071694219      -0.48771320557032544        4.9902444790504799       0.19806427311463071       0.10172127492256773     
         264           4   983.875000     T  -13.021640888896655       -3.1521904619386070        163.45232580635164        1.0558332862083857        4.5803339966148764      -0.49009094899536926        4.9645878692552374       0.19768372233683559       0.10238741153066794     
         265           4   983.875000     T  -13.021640888896655       -3.1521904619386070        163.45232580635164        1.0558332862083857        4.5803339966148764      -0.49009094899536926        4.9645878692552374       0.19768372233683559       0.10238741153066794     
         266           4   983.875000     T  -13.021640888896655       -3.1521904619386070        163.45232580635164        1.0558332862083857        4.5803339966148764      -0.49009094899536926        4.9645878692552374       0.19768372233683559       0.10238741153066794     
         267           4   983.875000     T  -13.021640888896655       -3.1521904619386070        163.45232580635164        1.0558332862083857        4.5803339966148764      -0.49009094899536926        4.9645878692552374       0.19768372233683559       0.10238741153066794     
         268           4   983.875000     T  -13.021640888896655       -3.1521904619386070        163.45232580635164        1.0558332862083857        4.5803339966148764      -0.49009094899536926        4.9645878692552374       0.19768372233683559       0.10238741153066794     
         269           4   983.875000     T  -13.021640888896655       -3.1521904619386070        163.45232580635164        1.0558332862083857        4.5803339966148764      -0.49009094899536926        4.9645878692552374       0.19768372233683559       0.10238741153066794     
         270           4   983.875000     T  -13.021640888896655       -3.1521904619386070        163.45232580635164        1.0558332862083857        4.5803339966148764      -0.49009094899536926        4.9645878692552374       0.19768372233683559       0.10238741153066794     
         271           4   948.468750     T  -13.122994869369768       -3.2494546294239286        164.02072694760921        1.0349877340916112        4.5793478561015091      -0.49699106577814745        4.9084071837995245       0.19845800692059554       0.10225810814096981     
         272           4   948.468750     T  -13.122994869369768       -3.2494546294239286        164.02072694760921        1.0349877340916112        4.5793478561015091      -0.49699106577814745        4.9084071837995245       0.19845800692059554       0.10225810814096981     
         273           4   948.468750     T  -13.122994869369768       -3.2494546294239286        164.02072694760921        1.0349877340916112        4.5793478561015091      -0.49699106577814745        4.9084071837995245       0.19845800692059554       0.10225810814096981     
         274           4   948.468750     T  -13.122994869369768       -3.2494546294239286        164.02072694760921        1.0349877340916112        4.5793478561015091      -0.49699106577814745        4.9084071837995245       0.19845800692059554       0.10225810814096981     
         275           4   948.468750     T  -13.122994869369768       -3.2494546294239286        164.02072694760921        1.0349877340916112        4.5793478561015091      -0.49699106577814745        4.9084071837995245       0.19845800692059554       0.10225810814096981     
         276           4   948.468750     T  -13.122994869369768       -3.2494546294239286        164.02072694760921        1.0349877340916112        4.5793478561015091      -0.49699106577814745        4.9084071837995245       0.19845800692059554       0.10225810814096981     
         277           4   948.468750     T  -13.122994869369768       -3.2494546294239286        164.02072694760921        1.0349877340916112        4.5793478561015091      -0.49699106577814745        4.9084071837995245       0.19845800692059554       0.10225810814096981     
         278           4   948.468750     T  -13.122994869369768       -3.2494546294239286        164.02072694760921        1.0349877340916112        4.5793478561015091      -0.49699106577814745        4.9084071837995245       0.19845800692059554       0.10225810814096981     
         279           4   1019.59375     T  -13.237174051917151       -3.4493831586799253        163.75269532496623       0.99036855081949549        4.5852496176725790      -0.48386035440815361        4.7580403026928035       0.20976766601443123       0.10575477416729256     
         280           4   1019.59375     T  -13.237174051917151       -3.4493831586799253        163.75269532496623       0.99036855081949549        4.5852496176725790      -0.48386035440815361        4.7580403026928035       0.20976766601443123       0.10575477416729256     
         281           4   1019.59375     T  -13.237174051917151       -3.4493831586799253        163.75269532496623       0.99036855081949549        4.5852496176725790      -0.48386035440815361        4.7580403026928035       0.20976766601443123       0.10575477416729256     
         282           4   1019.59375     T  -13.237174051917151       -3.4493831586799253        163.75269532496623       0.99036855081949549        4.5852496176725790      -0.48386035440815361        4.7580403026928035       0.20976766601443123       0.10575477416729256     
         283           4   1019.59375     T  -13.237174051917151       -3.4493831586799253        163.75269532496623       0.99036855081949549        4.5852496176725790      -0.48386035440815361        4.7580403026928035       0.20976766601443123       0.10575477416729256     
         284           4   1019.59375     T  -13.237174051917151       -3.4493831586799253        163.75269532496623       0.99036855081949549        4.5852496176725790      -0.48386035440815361        4.7580403026928035       0.20976766601443123       0.10575477416729256     
         285           4   1019.59375     T  -13.237174051917151       -3.4493831586799253        163.75269532496623       0.99036855081949549        4.5852496176725790      -0.48386035440815361        4.7580403026928035       0.20976766601443123       0.10575477416729256     
         286           4   1019.59375     T  -13.237174051917151       -3.4493831586799253        163.75269532496623       0.99036855081949549        4.5852496176725790      -0.48386035440815361        4.7580403026928035       0.20976766601443123       0.10575477416729256     
         287           4   1019.59375     T  -13.237174051917151       -3.4493831586799253        163.75269532496623       0.99036855081949549        4.5852496176725790      -0.48386035440815361        4.7580403026928035       0.20976766601443123       0.10575477416729256     
         288           4   1019.59375     T  -13.237174051917151       -3.4493831586799253        163.75269532496623       0.99036855081949549        4.5852496176725790      -0.48386035440815361        4.7580403026928035       0.20976766601443123       0.10575477416729256     
         289           4   637.500000     T  -14.338336382509176       -3.8987583491588014        182.79570898151999        1.6488256094619982        4.7133325076995778       0.15910316124811635        2.8579313452959947       0.12506982190443439       0.15156707824019261     
         290           4   637.500000     T  -14.338336382509176       -3.8987583491588014        182.79570898151999        1.6488256094619982        4.7133325076995778       0.15910316124811635        2.8579313452959947       0.12506982190443439       0.15156707824019261     
         291           4   744.781250     T  -14.333850326144674       -3.8817240621041416        182.91477975742518        1.6712605453524494        4.7331999396948925       0.15958048563151725        2.8484656013461347       0.12467094588655657       0.15139334519532083     
         292           4   744.781250     T  -14.333850326144674       -3.8817240621041416        182.91477975742518        1.6712605453524494        4.7331999396948925       0.15958048563151725        2.8484656013461347       0.12467094588655657       0.15139334519532083     
         293           4   820.125000     T  -14.203849743313850       -3.9766429254831790        185.20336638798045        1.5029412225904994        4.8631010623546809       0.20402407712755977        2.6521634173234720       0.14164614598572586       0.14107406179308896     
         294           4   820.125000     T  -14.203849743313850       -3.9766429254831790        185.20336638798045        1.5029412225904994        4.8631010623546809       0.20402407712755977        2.6521634173234720       0.14164614598572586       0.14107406179308896     
         295           4   832.656250     T  -14.470465722242464       -4.3573276067692515        184.95472806662269        1.5152319372272749        4.7925069100647786       0.19847778593641602        2.5485234845742695       0.14897150550288141       0.14225876599025117     
         296           4   832.656250     T  -14.470465722242464       -4.3573276067692515        184.95472806662269        1.5152319372272749        4.7925069100647786       0.19847778593641602        2.5485234845742695       0.14897150550288141       0.14225876599025117     
