           1          12   762.422974     F  -43.244833014161472       -33.622081279552432        138.81338713271094        2.4203585864644359        4.9389870952439594       0.99932171959648253        1.9360242598706676       0.29792217249119696       0.20461808461191502     
           2          12   678.850952     F  -38.440666350729742       -28.815220934057358        145.10149742668079        2.3693260572112109        5.0670846137134911        1.0075568644381605        2.0446631805654532       0.28570785453690456       0.20071709242843772     
           3          12   678.850952     F  -38.440666350729742       -28.815220934057358        145.10149742668079        2.3693260572112109        5.0670846137134911        1.0075568644381605        2.0446631805654532       0.28570785453690456       0.20071709242843772     
           4          12   787.208008     F  -36.436087767449557       -26.426951797716448        140.02921692417453        2.2916319033383861        5.4818577783470213       0.93741378551154408        1.7618966558634046       0.32871931959183481       0.22842067698940829     
           5          12   787.208008     F  -36.436087767449557       -26.426951797716448        140.02921692417453        2.2916319033383861        5.4818577783470213       0.93741378551154408        1.7618966558634046       0.32871931959183481       0.22842067698940829     
           6          12   787.208008     F  -36.436087767449557       -26.426951797716448        140.02921692417453        2.2916319033383861        5.4818577783470213       0.93741378551154408        1.7618966558634046       0.32871931959183481       0.22842067698940829     
           7          12   762.982910     F  -35.047000615938039       -24.223806721242852        144.79465359536147        2.1152207286803231        6.4118439235561997        1.1349355052948791        1.6297053072638579       0.35973070661677842       0.27880269982834377     
           8          12   798.703613     F  -22.813108430806388       -12.751138491072616        146.25588223198801        2.4195139351699511        5.5799614306371286       0.54968584758750638        1.7334250648912424       0.24857487057822916       0.25824656178000299     
           9          12   798.703613     F  -22.813108430806388       -12.751138491072616        146.25588223198801        2.4195139351699511        5.5799614306371286       0.54968584758750638        1.7334250648912424       0.24857487057822916       0.25824656178000299     
          10          12   798.703613     F  -22.813108430806388       -12.751138491072616        146.25588223198801        2.4195139351699511        5.5799614306371286       0.54968584758750638        1.7334250648912424       0.24857487057822916       0.25824656178000299     
          11          12   798.703613     F  -22.813108430806388       -12.751138491072616        146.25588223198801        2.4195139351699511        5.5799614306371286       0.54968584758750638        1.7334250648912424       0.24857487057822916       0.25824656178000299     
          12          12   798.703613     F  -22.813108430806388       -12.751138491072616        146.25588223198801        2.4195139351699511        5.5799614306371286       0.54968584758750638        1.7334250648912424       0.24857487057822916       0.25824656178000299     
          13          12   798.703613     F  -22.813108430806388       -12.751138491072616        146.25588223198801        2.4195139351699511        5.5799614306371286       0.54968584758750638        1.7334250648912424       0.24857487057822916       0.25824656178000299     
          14          12   1096.24219     F  -19.657076080903547       -6.5315700567638517        152.63140183858999        1.4491611399069699        9.1976647823614499       0.11783729069915849        1.1013483739756642       0.15122705267346509       0.41740206654688528     
          15          12   1096.24219     F  -19.657076080903547       -6.5315700567638517        152.63140183858999        1.4491611399069699        9.1976647823614499       0.11783729069915849        1.1013483739756642       0.15122705267346509       0.41740206654688528     
          16          12   1096.24219     F  -19.657076080903547       -6.5315700567638517        152.63140183858999        1.4491611399069699        9.1976647823614499       0.11783729069915849        1.1013483739756642       0.15122705267346509       0.41740206654688528     
          17          12   1014.51172     F  -14.835629680752861       -3.7652999154143956        201.50564695843568        2.0061498399960791        7.7630573741717956        6.3710175636027336E-002   1.4793608671944500       0.19424899485222769       0.22529589949045706     
          18          12   1014.51172     F  -14.835629680752861       -3.7652999154143956        201.50564695843568        2.0061498399960791        7.7630573741717956        6.3710175636027336E-002   1.4793608671944500       0.19424899485222769       0.22529589949045706     
          19          12   1014.51172     F  -14.835629680752861       -3.7652999154143956        201.50564695843568        2.0061498399960791        7.7630573741717956        6.3710175636027336E-002   1.4793608671944500       0.19424899485222769       0.22529589949045706     
          20          12   1014.51172     F  -14.835629680752861       -3.7652999154143956        201.50564695843568        2.0061498399960791        7.7630573741717956        6.3710175636027336E-002   1.4793608671944500       0.19424899485222769       0.22529589949045706     
          21          12   1014.51172     F  -14.835629680752861       -3.7652999154143956        201.50564695843568        2.0061498399960791        7.7630573741717956        6.3710175636027336E-002   1.4793608671944500       0.19424899485222769       0.22529589949045706     
          22          12   1014.51172     F  -14.835629680752861       -3.7652999154143956        201.50564695843568        2.0061498399960791        7.7630573741717956        6.3710175636027336E-002   1.4793608671944500       0.19424899485222769       0.22529589949045706     
          23          12   1010.00391     F  -14.925143454897587       -3.8503307479223245        201.26160778860540        2.0180157863819286        7.7008968178576724        8.6622025551053250E-002   1.4762028252598511       0.19953824550140448       0.23237325298921682     
          24          12   1010.00391     F  -14.925143454897587       -3.8503307479223245        201.26160778860540        2.0180157863819286        7.7008968178576724        8.6622025551053250E-002   1.4762028252598511       0.19953824550140448       0.23237325298921682     
          25          12   1010.00391     F  -14.925143454897587       -3.8503307479223245        201.26160778860540        2.0180157863819286        7.7008968178576724        8.6622025551053250E-002   1.4762028252598511       0.19953824550140448       0.23237325298921682     
          26          12   1010.00391     F  -14.925143454897587       -3.8503307479223245        201.26160778860540        2.0180157863819286        7.7008968178576724        8.6622025551053250E-002   1.4762028252598511       0.19953824550140448       0.23237325298921682     
          27          12   1010.00391     F  -14.925143454897587       -3.8503307479223245        201.26160778860540        2.0180157863819286        7.7008968178576724        8.6622025551053250E-002   1.4762028252598511       0.19953824550140448       0.23237325298921682     
          28          12   1010.00391     F  -14.925143454897587       -3.8503307479223245        201.26160778860540        2.0180157863819286        7.7008968178576724        8.6622025551053250E-002   1.4762028252598511       0.19953824550140448       0.23237325298921682     
          29          12   929.960938     F  -14.861784655940713       -3.7328277429677708        201.25421719566444        2.0065217524846171        7.9325753341651524        6.3789173268175930E-002   1.4771230045858494       0.19398847317860898       0.22526596971639185     
          30          12   929.960938     F  -14.861784655940713       -3.7328277429677708        201.25421719566444        2.0065217524846171        7.9325753341651524        6.3789173268175930E-002   1.4771230045858494       0.19398847317860898       0.22526596971639185     
          31          12   929.960938     T  -14.861784655940713       -3.7328277429677708        201.25421719566444        2.0065217524846171        7.9325753341651524        6.3789173268175930E-002   1.4771230045858494       0.19398847317860898       0.22526596971639185     
          32          12   929.960938     T  -14.861784655940713       -3.7328277429677708        201.25421719566444        2.0065217524846171        7.9325753341651524        6.3789173268175930E-002   1.4771230045858494       0.19398847317860898       0.22526596971639185     
          33          12   1053.06250     T  -15.063654782280029       -3.8688967355838670        205.21918556244401        2.0142269997834741        8.0583916195228138       0.10341297464040432        1.4594547773097519       0.18183676218963843       0.21251861131911304     
          34          12   950.351562     T  -15.151164710445167       -3.9052973217504139        203.91997485994656        2.0142127454103620        8.1642007685912219       0.31464258326336592        1.5192282013411715       0.16060881794954374       0.18649043660682418     
          35          12   950.351562     T  -15.151164710445167       -3.9052973217504139        203.91997485994656        2.0142127454103620        8.1642007685912219       0.31464258326336592        1.5192282013411715       0.16060881794954374       0.18649043660682418     
          36          12   950.351562     T  -15.151164710445167       -3.9052973217504139        203.91997485994656        2.0142127454103620        8.1642007685912219       0.31464258326336592        1.5192282013411715       0.16060881794954374       0.18649043660682418     
          37          12   950.351562     T  -15.151164710445167       -3.9052973217504139        203.91997485994656        2.0142127454103620        8.1642007685912219       0.31464258326336592        1.5192282013411715       0.16060881794954374       0.18649043660682418     
          38          12   950.351562     T  -15.151164710445167       -3.9052973217504139        203.91997485994656        2.0142127454103620        8.1642007685912219       0.31464258326336592        1.5192282013411715       0.16060881794954374       0.18649043660682418     
          39          12   950.351562     T  -15.151164710445167       -3.9052973217504139        203.91997485994656        2.0142127454103620        8.1642007685912219       0.31464258326336592        1.5192282013411715       0.16060881794954374       0.18649043660682418     
          40          12   950.351562     T  -15.151164710445167       -3.9052973217504139        203.91997485994656        2.0142127454103620        8.1642007685912219       0.31464258326336592        1.5192282013411715       0.16060881794954374       0.18649043660682418     
          41          12   950.351562     T  -15.151164710445167       -3.9052973217504139        203.91997485994656        2.0142127454103620        8.1642007685912219       0.31464258326336592        1.5192282013411715       0.16060881794954374       0.18649043660682418     
          42          12   950.351562     T  -15.151164710445167       -3.9052973217504139        203.91997485994656        2.0142127454103620        8.1642007685912219       0.31464258326336592        1.5192282013411715       0.16060881794954374       0.18649043660682418     
          43          12   950.351562     T  -15.151164710445167       -3.9052973217504139        203.91997485994656        2.0142127454103620        8.1642007685912219       0.31464258326336592        1.5192282013411715       0.16060881794954374       0.18649043660682418     
          44          12   950.351562     T  -15.151164710445167       -3.9052973217504139        203.91997485994656        2.0142127454103620        8.1642007685912219       0.31464258326336592        1.5192282013411715       0.16060881794954374       0.18649043660682418     
          45          12   950.351562     T  -15.151164710445167       -3.9052973217504139        203.91997485994656        2.0142127454103620        8.1642007685912219       0.31464258326336592        1.5192282013411715       0.16060881794954374       0.18649043660682418     
          46          12   950.351562     T  -15.151164710445167       -3.9052973217504139        203.91997485994656        2.0142127454103620        8.1642007685912219       0.31464258326336592        1.5192282013411715       0.16060881794954374       0.18649043660682418     
          47          12   950.351562     T  -15.151164710445167       -3.9052973217504139        203.91997485994656        2.0142127454103620        8.1642007685912219       0.31464258326336592        1.5192282013411715       0.16060881794954374       0.18649043660682418     
          48          12   898.960938     T  -15.451835805816621       -4.0095992886181486        223.66721668016788        1.9611171528165110        8.0660606323174253       -1.5101222312991439E-002   1.4321932663844570       0.18778506182446705       0.22325104356583597     
          49          12   978.687500     T  -15.121885690069409       -4.1778327630027015        176.66724977213235        2.3594679129965361        6.4674571650042729      -0.24583285878600772        1.6632402280287675       0.13200645348413154       0.22212532663617179     
          50          12   978.687500     T  -15.121885690069409       -4.1778327630027015        176.66724977213235        2.3594679129965361        6.4674571650042729      -0.24583285878600772        1.6632402280287675       0.13200645348413154       0.22212532663617179     
          51          12   1033.46875     T  -15.221409801778321       -4.1821699894280622        208.74511701548994        2.0094349298149852        6.9339873274875856      -0.30289743832712601        1.3876718146236124       0.21855788025981973       0.25774956543644673     
          52          12   1033.46875     T  -15.221409801778321       -4.1821699894280622        208.74511701548994        2.0094349298149852        6.9339873274875856      -0.30289743832712601        1.3876718146236124       0.21855788025981973       0.25774956543644673     
          53          12   1016.30469     T  -15.680037883751577       -4.5902582611570466        222.68475366036895        2.0322440402024609        6.7300716275474919      -0.20666804930615104        1.3521858817387362       0.19944820771696958       0.24703033473371230     
          54          12   1016.30469     T  -15.680037883751577       -4.5902582611570466        222.68475366036895        2.0322440402024609        6.7300716275474919      -0.20666804930615104        1.3521858817387362       0.19944820771696958       0.24703033473371230     
          55          12   1016.30469     T  -15.680037883751577       -4.5902582611570466        222.68475366036895        2.0322440402024609        6.7300716275474919      -0.20666804930615104        1.3521858817387362       0.19944820771696958       0.24703033473371230     
          56          12   1006.88281     T  -16.194394326342781       -4.6880692116485658        296.25757804482191        1.4696379851698582        3.0473629333897327      -0.29636673169022704        1.0350786317544809       0.18560251460938323       0.23876609416478259     
          57          12   1006.88281     T  -16.194394326342781       -4.6880692116485658        296.25757804482191        1.4696379851698582        3.0473629333897327      -0.29636673169022704        1.0350786317544809       0.18560251460938323       0.23876609416478259     
          58          12   1006.88281     T  -16.194394326342781       -4.6880692116485658        296.25757804482191        1.4696379851698582        3.0473629333897327      -0.29636673169022704        1.0350786317544809       0.18560251460938323       0.23876609416478259     
          59          12   1006.88281     T  -16.194394326342781       -4.6880692116485658        296.25757804482191        1.4696379851698582        3.0473629333897327      -0.29636673169022704        1.0350786317544809       0.18560251460938323       0.23876609416478259     
          60          12   970.296875     T  -17.079039531329336       -5.6827113933943600        251.80582291215717        1.9366767929939555        3.3588258768497257      -0.67692063041359785        1.0889228681919465       0.16167905746693950       0.28364710682509137     
          61          12   970.296875     T  -17.079039531329336       -5.6827113933943600        251.80582291215717        1.9366767929939555        3.3588258768497257      -0.67692063041359785        1.0889228681919465       0.16167905746693950       0.28364710682509137     
          62          12   1057.07031     T  -17.172220240137268       -5.6134930467184638        236.72437192396353        1.9670227860933334        2.6678825366354011      -0.97663058120434398        1.0437726604115278       0.19566735545627806       0.31913154806798227     
          63          12   1057.07031     T  -17.172220240137268       -5.6134930467184638        236.72437192396353        1.9670227860933334        2.6678825366354011      -0.97663058120434398        1.0437726604115278       0.19566735545627806       0.31913154806798227     
          64          12   1100.91406     T  -16.149945620204534       -4.8302239198266372        200.43285009113754        2.3982675198502812        4.5528870451222669       -1.2955034207899485        1.1033010930809604       0.15893487813307733       0.33881557711553550     
          65          12   1100.91406     T  -16.149945620204534       -4.8302239198266372        200.43285009113754        2.3982675198502812        4.5528870451222669       -1.2955034207899485        1.1033010930809604       0.15893487813307733       0.33881557711553550     
          66          12   1072.85938     T  -16.010255964545465       -3.9976139887050368        211.82715839221066        1.8546419532210410        7.8853237049140503      -0.34208178244804044       0.94954202924301345       0.19281448375317581       0.32164755051619148     
          67          12   1072.85938     T  -16.010255964545465       -3.9976139887050368        211.82715839221066        1.8546419532210410        7.8853237049140503      -0.34208178244804044       0.94954202924301345       0.19281448375317581       0.32164755051619148     
          68          12   1072.85938     T  -16.010255964545465       -3.9976139887050368        211.82715839221066        1.8546419532210410        7.8853237049140503      -0.34208178244804044       0.94954202924301345       0.19281448375317581       0.32164755051619148     
          69          12   1072.85938     T  -16.010255964545465       -3.9976139887050368        211.82715839221066        1.8546419532210410        7.8853237049140503      -0.34208178244804044       0.94954202924301345       0.19281448375317581       0.32164755051619148     
          70          12   1098.15625     T  -16.243386484299098       -4.5813831533063771        201.18303664694460        1.9376328487685932        8.6081231707700105      -0.37180698531250650        1.2485535445878837       0.22941614939983765       0.27285879389097356     
          71          12   1098.15625     T  -16.243386484299098       -4.5813831533063771        201.18303664694460        1.9376328487685932        8.6081231707700105      -0.37180698531250650        1.2485535445878837       0.22941614939983765       0.27285879389097356     
          72          12   1098.15625     T  -16.243386484299098       -4.5813831533063771        201.18303664694460        1.9376328487685932        8.6081231707700105      -0.37180698531250650        1.2485535445878837       0.22941614939983765       0.27285879389097356     
          73          12   1063.53906     T  -16.633499839235178       -5.4914869577912926        207.03348852119140        1.3609295199563702        8.1510574803277684       0.52024475380899549        1.4381989201867489       0.25771986841114886       0.21254758268685528     
          74          12   1063.53906     T  -16.633499839235178       -5.4914869577912926        207.03348852119140        1.3609295199563702        8.1510574803277684       0.52024475380899549        1.4381989201867489       0.25771986841114886       0.21254758268685528     
          75          12   972.109375     T  -16.309441908335859       -5.2602114644354625        182.52853355854805        1.7536180542841402        5.2239344478195724       0.19190808200392645        1.1543126124915941       0.18940260229662495       0.33871192918880166     
          76          12   972.109375     T  -16.309441908335859       -5.2602114644354625        182.52853355854805        1.7536180542841402        5.2239344478195724       0.19190808200392645        1.1543126124915941       0.18940260229662495       0.33871192918880166     
          77          12   972.109375     T  -16.309441908335859       -5.2602114644354625        182.52853355854805        1.7536180542841402        5.2239344478195724       0.19190808200392645        1.1543126124915941       0.18940260229662495       0.33871192918880166     
          78          12   1160.09375     T  -15.821074043136409       -5.2157609870957131        185.35775009848689        1.6091104195564292        6.9847187564138951      -0.55194369974427493        1.5133942332145189       0.27282819455931145       0.22415098706540529     
          79          12   1160.09375     T  -15.821074043136409       -5.2157609870957131        185.35775009848689        1.6091104195564292        6.9847187564138951      -0.55194369974427493        1.5133942332145189       0.27282819455931145       0.22415098706540529     
          80          12   1160.09375     T  -15.821074043136409       -5.2157609870957131        185.35775009848689        1.6091104195564292        6.9847187564138951      -0.55194369974427493        1.5133942332145189       0.27282819455931145       0.22415098706540529     
          81          12   1160.09375     T  -15.821074043136409       -5.2157609870957131        185.35775009848689        1.6091104195564292        6.9847187564138951      -0.55194369974427493        1.5133942332145189       0.27282819455931145       0.22415098706540529     
          82          12   1212.76562     T  -15.169628020076335       -4.7752821356741064        236.52899128258630        1.0828957069079874        4.3195634842950907      -0.33988397329260972        1.3409708042019608       0.24506133346256487       0.21195460682884099     
          83          12   1212.76562     T  -15.169628020076335       -4.7752821356741064        236.52899128258630        1.0828957069079874        4.3195634842950907      -0.33988397329260972        1.3409708042019608       0.24506133346256487       0.21195460682884099     
          84          12   1212.76562     T  -15.169628020076335       -4.7752821356741064        236.52899128258630        1.0828957069079874        4.3195634842950907      -0.33988397329260972        1.3409708042019608       0.24506133346256487       0.21195460682884099     
          85          12   1212.76562     T  -15.169628020076335       -4.7752821356741064        236.52899128258630        1.0828957069079874        4.3195634842950907      -0.33988397329260972        1.3409708042019608       0.24506133346256487       0.21195460682884099     
          86          12   1223.46875     T  -14.971092091297178       -4.7186921350944928        236.67975090254188        1.0798693841255667        4.3012120497434418      -0.33912762302298366        1.3405820203639762       0.24606934633136407       0.18155432030096236     
          87          12   1223.46875     T  -14.971092091297178       -4.7186921350944928        236.67975090254188        1.0798693841255667        4.3012120497434418      -0.33912762302298366        1.3405820203639762       0.24606934633136407       0.18155432030096236     
          88          12   1223.46875     T  -14.971092091297178       -4.7186921350944928        236.67975090254188        1.0798693841255667        4.3012120497434418      -0.33912762302298366        1.3405820203639762       0.24606934633136407       0.18155432030096236     
          89          12   1223.46875     T  -14.971092091297178       -4.7186921350944928        236.67975090254188        1.0798693841255667        4.3012120497434418      -0.33912762302298366        1.3405820203639762       0.24606934633136407       0.18155432030096236     
          90          12   1309.63281     T  -15.342494768639902       -4.3251638088671358        223.65631035146362        1.1300001497721974        7.3170422514312605      -0.71858773004107246        1.3830127472497233       0.31298899603452984       0.17370372382544502     
          91          12   1309.63281     T  -15.342494768639902       -4.3251638088671358        223.65631035146362        1.1300001497721974        7.3170422514312605      -0.71858773004107246        1.3830127472497233       0.31298899603452984       0.17370372382544502     
          92          12   1309.63281     T  -15.342494768639902       -4.3251638088671358        223.65631035146362        1.1300001497721974        7.3170422514312605      -0.71858773004107246        1.3830127472497233       0.31298899603452984       0.17370372382544502     
          93          12   1309.63281     T  -15.342494768639902       -4.3251638088671358        223.65631035146362        1.1300001497721974        7.3170422514312605      -0.71858773004107246        1.3830127472497233       0.31298899603452984       0.17370372382544502     
          94          12   732.960938     T  -15.289043345873333       -4.9843735913024840        214.07165288242081        1.4113268284724212        3.0684673638872808       0.30552217120129121        2.1249925809288785       0.16432163958173457       0.13882440428850437     
          95          12   732.960938     T  -15.289043345873333       -4.9843735913024840        214.07165288242081        1.4113268284724212        3.0684673638872808       0.30552217120129121        2.1249925809288785       0.16432163958173457       0.13882440428850437     
          96          12   732.960938     T  -15.289043345873333       -4.9843735913024840        214.07165288242081        1.4113268284724212        3.0684673638872808       0.30552217120129121        2.1249925809288785       0.16432163958173457       0.13882440428850437     
          97          12   732.960938     T  -15.289043345873333       -4.9843735913024840        214.07165288242081        1.4113268284724212        3.0684673638872808       0.30552217120129121        2.1249925809288785       0.16432163958173457       0.13882440428850437     
          98          12   732.960938     T  -15.289043345873333       -4.9843735913024840        214.07165288242081        1.4113268284724212        3.0684673638872808       0.30552217120129121        2.1249925809288785       0.16432163958173457       0.13882440428850437     
          99          12   732.960938     T  -15.289043345873333       -4.9843735913024840        214.07165288242081        1.4113268284724212        3.0684673638872808       0.30552217120129121        2.1249925809288785       0.16432163958173457       0.13882440428850437     
         100          12   732.960938     T  -15.289043345873333       -4.9843735913024840        214.07165288242081        1.4113268284724212        3.0684673638872808       0.30552217120129121        2.1249925809288785       0.16432163958173457       0.13882440428850437     
         101          12   732.960938     T  -15.289043345873333       -4.9843735913024840        214.07165288242081        1.4113268284724212        3.0684673638872808       0.30552217120129121        2.1249925809288785       0.16432163958173457       0.13882440428850437     
         102          12   732.960938     T  -15.289043345873333       -4.9843735913024840        214.07165288242081        1.4113268284724212        3.0684673638872808       0.30552217120129121        2.1249925809288785       0.16432163958173457       0.13882440428850437     
         103          12   732.960938     T  -15.289043345873333       -4.9843735913024840        214.07165288242081        1.4113268284724212        3.0684673638872808       0.30552217120129121        2.1249925809288785       0.16432163958173457       0.13882440428850437     
         104          12   732.960938     T  -15.289043345873333       -4.9843735913024840        214.07165288242081        1.4113268284724212        3.0684673638872808       0.30552217120129121        2.1249925809288785       0.16432163958173457       0.13882440428850437     
         105          12   732.960938     T  -15.289043345873333       -4.9843735913024840        214.07165288242081        1.4113268284724212        3.0684673638872808       0.30552217120129121        2.1249925809288785       0.16432163958173457       0.13882440428850437     
         106          12   732.960938     T  -15.289043345873333       -4.9843735913024840        214.07165288242081        1.4113268284724212        3.0684673638872808       0.30552217120129121        2.1249925809288785       0.16432163958173457       0.13882440428850437     
         107          12   732.960938     T  -15.289043345873333       -4.9843735913024840        214.07165288242081        1.4113268284724212        3.0684673638872808       0.30552217120129121        2.1249925809288785       0.16432163958173457       0.13882440428850437     
         108          12   732.960938     T  -15.289043345873333       -4.9843735913024840        214.07165288242081        1.4113268284724212        3.0684673638872808       0.30552217120129121        2.1249925809288785       0.16432163958173457       0.13882440428850437     
         109          12   732.960938     T  -15.289043345873333       -4.9843735913024840        214.07165288242081        1.4113268284724212        3.0684673638872808       0.30552217120129121        2.1249925809288785       0.16432163958173457       0.13882440428850437     
         110          12   732.960938     T  -15.289043345873333       -4.9843735913024840        214.07165288242081        1.4113268284724212        3.0684673638872808       0.30552217120129121        2.1249925809288785       0.16432163958173457       0.13882440428850437     
         111          12   732.960938     T  -15.289043345873333       -4.9843735913024840        214.07165288242081        1.4113268284724212        3.0684673638872808       0.30552217120129121        2.1249925809288785       0.16432163958173457       0.13882440428850437     
         112          12   732.960938     T  -15.289043345873333       -4.9843735913024840        214.07165288242081        1.4113268284724212        3.0684673638872808       0.30552217120129121        2.1249925809288785       0.16432163958173457       0.13882440428850437     
         113          12   732.960938     T  -15.289043345873333       -4.9843735913024840        214.07165288242081        1.4113268284724212        3.0684673638872808       0.30552217120129121        2.1249925809288785       0.16432163958173457       0.13882440428850437     
         114          12   732.960938     T  -15.289043345873333       -4.9843735913024840        214.07165288242081        1.4113268284724212        3.0684673638872808       0.30552217120129121        2.1249925809288785       0.16432163958173457       0.13882440428850437     
         115          12   732.960938     T  -15.289043345873333       -4.9843735913024840        214.07165288242081        1.4113268284724212        3.0684673638872808       0.30552217120129121        2.1249925809288785       0.16432163958173457       0.13882440428850437     
         116          12   732.960938     T  -15.289043345873333       -4.9843735913024840        214.07165288242081        1.4113268284724212        3.0684673638872808       0.30552217120129121        2.1249925809288785       0.16432163958173457       0.13882440428850437     
         117          12   732.960938     T  -15.289043345873333       -4.9843735913024840        214.07165288242081        1.4113268284724212        3.0684673638872808       0.30552217120129121        2.1249925809288785       0.16432163958173457       0.13882440428850437     
         118          12   732.960938     T  -15.289043345873333       -4.9843735913024840        214.07165288242081        1.4113268284724212        3.0684673638872808       0.30552217120129121        2.1249925809288785       0.16432163958173457       0.13882440428850437     
         119          12   732.960938     T  -15.289043345873333       -4.9843735913024840        214.07165288242081        1.4113268284724212        3.0684673638872808       0.30552217120129121        2.1249925809288785       0.16432163958173457       0.13882440428850437     
         120          12   732.960938     T  -15.289043345873333       -4.9843735913024840        214.07165288242081        1.4113268284724212        3.0684673638872808       0.30552217120129121        2.1249925809288785       0.16432163958173457       0.13882440428850437     
         121          12   732.960938     T  -15.289043345873333       -4.9843735913024840        214.07165288242081        1.4113268284724212        3.0684673638872808       0.30552217120129121        2.1249925809288785       0.16432163958173457       0.13882440428850437     
         122          12   1456.59375     T  -15.194456727572135       -4.5754865464252106        239.69731018868461       0.90479069556745961        3.2444464000765985       -1.0588271612034923        1.9652141708856354       0.23712659635165667       0.10341172877850102     
         123          12   1456.59375     T  -15.194456727572135       -4.5754865464252106        239.69731018868461       0.90479069556745961        3.2444464000765985       -1.0588271612034923        1.9652141708856354       0.23712659635165667       0.10341172877850102     
         124          12   1456.59375     T  -15.194456727572135       -4.5754865464252106        239.69731018868461       0.90479069556745961        3.2444464000765985       -1.0588271612034923        1.9652141708856354       0.23712659635165667       0.10341172877850102     
         125          12   1456.59375     T  -15.194456727572135       -4.5754865464252106        239.69731018868461       0.90479069556745961        3.2444464000765985       -1.0588271612034923        1.9652141708856354       0.23712659635165667       0.10341172877850102     
         126          12   1456.59375     T  -15.194456727572135       -4.5754865464252106        239.69731018868461       0.90479069556745961        3.2444464000765985       -1.0588271612034923        1.9652141708856354       0.23712659635165667       0.10341172877850102     
         127          12   1456.59375     T  -15.194456727572135       -4.5754865464252106        239.69731018868461       0.90479069556745961        3.2444464000765985       -1.0588271612034923        1.9652141708856354       0.23712659635165667       0.10341172877850102     
         128          12   1456.59375     T  -15.194456727572135       -4.5754865464252106        239.69731018868461       0.90479069556745961        3.2444464000765985       -1.0588271612034923        1.9652141708856354       0.23712659635165667       0.10341172877850102     
         129          12   1259.73438     T  -14.996223751128138       -4.7458900178281462        181.19125073934237        1.4543519094528135        3.1520411481094626       -1.5629393753086536        1.4898712331416670       0.24407469124996267       0.26795873219391847     
         130          12   1259.73438     T  -14.996223751128138       -4.7458900178281462        181.19125073934237        1.4543519094528135        3.1520411481094626       -1.5629393753086536        1.4898712331416670       0.24407469124996267       0.26795873219391847     
         131          12   1259.73438     T  -14.996223751128138       -4.7458900178281462        181.19125073934237        1.4543519094528135        3.1520411481094626       -1.5629393753086536        1.4898712331416670       0.24407469124996267       0.26795873219391847     
         132          12   1259.73438     T  -14.996223751128138       -4.7458900178281462        181.19125073934237        1.4543519094528135        3.1520411481094626       -1.5629393753086536        1.4898712331416670       0.24407469124996267       0.26795873219391847     
         133          12   1355.89062     T  -14.745558523413084       -4.8229249175991935        193.77156670799536        1.0646672846737415        5.4209034565602003       -1.7323158394076157        2.3997313925783827       0.24037845713211459       0.16508582202878896     
         134          12   1449.78125     T  -14.541910404079264       -4.6216151681085824        193.85057527998077        1.0673515803929656        5.4276540444099073       -1.7296322951115419        2.4599846547360142       0.24024416076320737       0.16077903041853925     
         135          12   1449.78125     T  -14.541910404079264       -4.6216151681085824        193.85057527998077        1.0673515803929656        5.4276540444099073       -1.7296322951115419        2.4599846547360142       0.24024416076320737       0.16077903041853925     
         136          12   1449.78125     T  -14.541910404079264       -4.6216151681085824        193.85057527998077        1.0673515803929656        5.4276540444099073       -1.7296322951115419        2.4599846547360142       0.24024416076320737       0.16077903041853925     
         137          12   1449.78125     T  -14.541910404079264       -4.6216151681085824        193.85057527998077        1.0673515803929656        5.4276540444099073       -1.7296322951115419        2.4599846547360142       0.24024416076320737       0.16077903041853925     
         138          12   1449.78125     T  -14.541910404079264       -4.6216151681085824        193.85057527998077        1.0673515803929656        5.4276540444099073       -1.7296322951115419        2.4599846547360142       0.24024416076320737       0.16077903041853925     
         139          12   1449.78125     T  -14.541910404079264       -4.6216151681085824        193.85057527998077        1.0673515803929656        5.4276540444099073       -1.7296322951115419        2.4599846547360142       0.24024416076320737       0.16077903041853925     
         140          12   1449.78125     T  -14.541910404079264       -4.6216151681085824        193.85057527998077        1.0673515803929656        5.4276540444099073       -1.7296322951115419        2.4599846547360142       0.24024416076320737       0.16077903041853925     
         141          12   1449.78125     T  -14.541910404079264       -4.6216151681085824        193.85057527998077        1.0673515803929656        5.4276540444099073       -1.7296322951115419        2.4599846547360142       0.24024416076320737       0.16077903041853925     
         142          12   1449.78125     T  -14.541910404079264       -4.6216151681085824        193.85057527998077        1.0673515803929656        5.4276540444099073       -1.7296322951115419        2.4599846547360142       0.24024416076320737       0.16077903041853925     
         143          12   1449.78125     T  -14.541910404079264       -4.6216151681085824        193.85057527998077        1.0673515803929656        5.4276540444099073       -1.7296322951115419        2.4599846547360142       0.24024416076320737       0.16077903041853925     
         144          12   1449.78125     T  -14.541910404079264       -4.6216151681085824        193.85057527998077        1.0673515803929656        5.4276540444099073       -1.7296322951115419        2.4599846547360142       0.24024416076320737       0.16077903041853925     
         145          12   1449.78125     T  -14.541910404079264       -4.6216151681085824        193.85057527998077        1.0673515803929656        5.4276540444099073       -1.7296322951115419        2.4599846547360142       0.24024416076320737       0.16077903041853925     
         146          12   1449.78125     T  -14.541910404079264       -4.6216151681085824        193.85057527998077        1.0673515803929656        5.4276540444099073       -1.7296322951115419        2.4599846547360142       0.24024416076320737       0.16077903041853925     
         147          12   1449.78125     T  -14.541910404079264       -4.6216151681085824        193.85057527998077        1.0673515803929656        5.4276540444099073       -1.7296322951115419        2.4599846547360142       0.24024416076320737       0.16077903041853925     
         148          12   1449.78125     T  -14.541910404079264       -4.6216151681085824        193.85057527998077        1.0673515803929656        5.4276540444099073       -1.7296322951115419        2.4599846547360142       0.24024416076320737       0.16077903041853925     
         149          12   1449.78125     T  -14.541910404079264       -4.6216151681085824        193.85057527998077        1.0673515803929656        5.4276540444099073       -1.7296322951115419        2.4599846547360142       0.24024416076320737       0.16077903041853925     
         150          12   1449.78125     T  -14.541910404079264       -4.6216151681085824        193.85057527998077        1.0673515803929656        5.4276540444099073       -1.7296322951115419        2.4599846547360142       0.24024416076320737       0.16077903041853925     
         151          12   1449.78125     T  -14.541910404079264       -4.6216151681085824        193.85057527998077        1.0673515803929656        5.4276540444099073       -1.7296322951115419        2.4599846547360142       0.24024416076320737       0.16077903041853925     
         152          12   1449.78125     T  -14.541910404079264       -4.6216151681085824        193.85057527998077        1.0673515803929656        5.4276540444099073       -1.7296322951115419        2.4599846547360142       0.24024416076320737       0.16077903041853925     
         153          12   1449.78125     T  -14.541910404079264       -4.6216151681085824        193.85057527998077        1.0673515803929656        5.4276540444099073       -1.7296322951115419        2.4599846547360142       0.24024416076320737       0.16077903041853925     
         154          12   1222.65625     T  -14.265472394852253       -3.9078163512999207        229.10703609496312        1.0668855192760025        5.5766892944320912       -1.7717893788765169        2.3685330341684594       0.24856993470083133       0.15999957722105454     
         155          12   1098.90625     T  -14.079790053969354       -3.8932700427910798        232.40927851107310        1.5518915366670201        4.0341738323791718       -1.1023695215280860        1.3576063127835765       0.20985825635710745       0.17657092931628682     
         156          12   1098.90625     T  -14.079790053969354       -3.8932700427910798        232.40927851107310        1.5518915366670201        4.0341738323791718       -1.1023695215280860        1.3576063127835765       0.20985825635710745       0.17657092931628682     
         157          12   1438.64062     T  -14.313315953140176       -3.9635177870662011        228.39574386958000        1.0632720578642347        5.5776534834349327       -1.7750164167585689        1.2865214135344767       0.24853466497281360       0.16040825242319373     
         158          12   1438.64062     T  -14.313315953140176       -3.9635177870662011        228.39574386958000        1.0632720578642347        5.5776534834349327       -1.7750164167585689        1.2865214135344767       0.24853466497281360       0.16040825242319373     
         159          12   1109.78125     T  -14.014410947395984       -4.0802560365055349        211.00213139008997        1.6100780980201774        3.9995969827337916      -0.93815536402616895       0.37782904611388346       0.20357029889844283       0.16854534616492217     
         160          12   1109.78125     T  -14.014410947395984       -4.0802560365055349        211.00213139008997        1.6100780980201774        3.9995969827337916      -0.93815536402616895       0.37782904611388346       0.20357029889844283       0.16854534616492217     
         161          12   1109.78125     T  -14.014410947395984       -4.0802560365055349        211.00213139008997        1.6100780980201774        3.9995969827337916      -0.93815536402616895       0.37782904611388346       0.20357029889844283       0.16854534616492217     
         162          12   1136.40625     T  -15.204831971902550       -5.2243270969940587        182.96233347716262        1.6279122937375865        5.0994276918969783      -0.65212858346030400       0.52644830717915336       0.20509417158370935       0.21624778184202995     
         163          12   1215.79688     T  -17.167670266806557       -7.0570117049962580        126.12522723075533       0.93556854053589056        6.1388303857531659      -0.21666583774706200        4.0525799964675002       0.19476428702892939       0.24831994411114547     
         164          12   1215.79688     T  -17.167670266806557       -7.0570117049962580        126.12522723075533       0.93556854053589056        6.1388303857531659      -0.21666583774706200        4.0525799964675002       0.19476428702892939       0.24831994411114547     
         165          12   1215.79688     T  -17.167670266806557       -7.0570117049962580        126.12522723075533       0.93556854053589056        6.1388303857531659      -0.21666583774706200        4.0525799964675002       0.19476428702892939       0.24831994411114547     
         166          12   1215.79688     T  -17.167670266806557       -7.0570117049962580        126.12522723075533       0.93556854053589056        6.1388303857531659      -0.21666583774706200        4.0525799964675002       0.19476428702892939       0.24831994411114547     
         167          12   1216.92188     T  -18.520468604554342       -6.9489534561827595        161.35590294999398        1.6960266137375100        8.5788183456470968       0.39672130292545382        1.2498305617511323       0.20619439013934393       0.30472167965186719     
         168          12   1216.92188     T  -18.520468604554342       -6.9489534561827595        161.35590294999398        1.6960266137375100        8.5788183456470968       0.39672130292545382        1.2498305617511323       0.20619439013934393       0.30472167965186719     
         169          12   983.875000     T  -14.611838696677927       -4.1148015003829208        239.40551537325086        1.5897030829696712        2.8468773795525770       -1.2334001481632642        1.3000456076828282       0.20178374882369965       0.13407013088108996     
         170          12   983.875000     T  -14.611838696677927       -4.1148015003829208        239.40551537325086        1.5897030829696712        2.8468773795525770       -1.2334001481632642        1.3000456076828282       0.20178374882369965       0.13407013088108996     
         171          12   983.875000     T  -14.611838696677927       -4.1148015003829208        239.40551537325086        1.5897030829696712        2.8468773795525770       -1.2334001481632642        1.3000456076828282       0.20178374882369965       0.13407013088108996     
         172          12   984.609375     T  -13.814994174148342       -3.6377971341871334        232.68343447353618        1.5705201607189874        4.0083910933314444       -1.1059597932217882        1.4031446499029676       0.21162175235292952       0.17345723261623466     
         173          12   984.609375     T  -13.814994174148342       -3.6377971341871334        232.68343447353618        1.5705201607189874        4.0083910933314444       -1.1059597932217882        1.4031446499029676       0.21162175235292952       0.17345723261623466     
         174          12   984.609375     T  -13.814994174148342       -3.6377971341871334        232.68343447353618        1.5705201607189874        4.0083910933314444       -1.1059597932217882        1.4031446499029676       0.21162175235292952       0.17345723261623466     
         175          12   984.609375     T  -13.814994174148342       -3.6377971341871334        232.68343447353618        1.5705201607189874        4.0083910933314444       -1.1059597932217882        1.4031446499029676       0.21162175235292952       0.17345723261623466     
         176          12   984.609375     T  -13.814994174148342       -3.6377971341871334        232.68343447353618        1.5705201607189874        4.0083910933314444       -1.1059597932217882        1.4031446499029676       0.21162175235292952       0.17345723261623466     
         177          12   984.609375     T  -13.814994174148342       -3.6377971341871334        232.68343447353618        1.5705201607189874        4.0083910933314444       -1.1059597932217882        1.4031446499029676       0.21162175235292952       0.17345723261623466     
         178          12   984.609375     T  -13.814994174148342       -3.6377971341871334        232.68343447353618        1.5705201607189874        4.0083910933314444       -1.1059597932217882        1.4031446499029676       0.21162175235292952       0.17345723261623466     
         179          12   984.609375     T  -13.814994174148342       -3.6377971341871334        232.68343447353618        1.5705201607189874        4.0083910933314444       -1.1059597932217882        1.4031446499029676       0.21162175235292952       0.17345723261623466     
         180          12   592.437500     T  -15.567315467122768       -3.8865397420757253        265.31747215724505        1.2064284563951762        2.6804331631809952      -0.50404973455556534        3.3861013692188249       0.12108050012243457       0.16638903952903600     
         181          12   592.437500     T  -15.567315467122768       -3.8865397420757253        265.31747215724505        1.2064284563951762        2.6804331631809952      -0.50404973455556534        3.3861013692188249       0.12108050012243457       0.16638903952903600     
         182          12   592.437500     T  -15.567315467122768       -3.8865397420757253        265.31747215724505        1.2064284563951762        2.6804331631809952      -0.50404973455556534        3.3861013692188249       0.12108050012243457       0.16638903952903600     
         183          12   592.437500     T  -15.567315467122768       -3.8865397420757253        265.31747215724505        1.2064284563951762        2.6804331631809952      -0.50404973455556534        3.3861013692188249       0.12108050012243457       0.16638903952903600     
         184          12   592.437500     T  -15.567315467122768       -3.8865397420757253        265.31747215724505        1.2064284563951762        2.6804331631809952      -0.50404973455556534        3.3861013692188249       0.12108050012243457       0.16638903952903600     
         185          12   592.437500     T  -15.567315467122768       -3.8865397420757253        265.31747215724505        1.2064284563951762        2.6804331631809952      -0.50404973455556534        3.3861013692188249       0.12108050012243457       0.16638903952903600     
         186          12   720.593750     T  -14.474176590591096       -4.5218362254173181        198.33654243959467        2.0232397242146107        4.2456328441201787      -0.81488170055962061        3.2588144222589310       0.17492615561328709       0.17467974244582013     
         187          12   720.593750     T  -14.474176590591096       -4.5218362254173181        198.33654243959467        2.0232397242146107        4.2456328441201787      -0.81488170055962061        3.2588144222589310       0.17492615561328709       0.17467974244582013     
         188          12   720.593750     T  -14.474176590591096       -4.5218362254173181        198.33654243959467        2.0232397242146107        4.2456328441201787      -0.81488170055962061        3.2588144222589310       0.17492615561328709       0.17467974244582013     
         189          12   720.593750     T  -14.474176590591096       -4.5218362254173181        198.33654243959467        2.0232397242146107        4.2456328441201787      -0.81488170055962061        3.2588144222589310       0.17492615561328709       0.17467974244582013     
         190          12   788.500000     T  -14.546971834529844       -4.6702285710603295        179.89620169746487        1.8728518093399056        5.7393893240931400       -1.5528738925336971        4.4509891125087213       0.25586835105896927       0.14959729289461288     
         191          12   788.500000     T  -14.546971834529844       -4.6702285710603295        179.89620169746487        1.8728518093399056        5.7393893240931400       -1.5528738925336971        4.4509891125087213       0.25586835105896927       0.14959729289461288     
         192          12   788.500000     T  -14.546971834529844       -4.6702285710603295        179.89620169746487        1.8728518093399056        5.7393893240931400       -1.5528738925336971        4.4509891125087213       0.25586835105896927       0.14959729289461288     
         193          12   788.500000     T  -14.546971834529844       -4.6702285710603295        179.89620169746487        1.8728518093399056        5.7393893240931400       -1.5528738925336971        4.4509891125087213       0.25586835105896927       0.14959729289461288     
         194          12   788.500000     T  -14.546971834529844       -4.6702285710603295        179.89620169746487        1.8728518093399056        5.7393893240931400       -1.5528738925336971        4.4509891125087213       0.25586835105896927       0.14959729289461288     
         195          12   788.500000     T  -14.546971834529844       -4.6702285710603295        179.89620169746487        1.8728518093399056        5.7393893240931400       -1.5528738925336971        4.4509891125087213       0.25586835105896927       0.14959729289461288     
         196          12   788.500000     T  -14.546971834529844       -4.6702285710603295        179.89620169746487        1.8728518093399056        5.7393893240931400       -1.5528738925336971        4.4509891125087213       0.25586835105896927       0.14959729289461288     
         197          12   788.500000     T  -14.546971834529844       -4.6702285710603295        179.89620169746487        1.8728518093399056        5.7393893240931400       -1.5528738925336971        4.4509891125087213       0.25586835105896927       0.14959729289461288     
         198          12   855.875000     T  -13.574615066902862       -3.3313286001216911        207.37094376997598        1.4203434691010342        5.7645232392662766       -1.8154417467896373        4.1984942864963619       0.23605396481877614       0.12548342472675195     
         199          12   855.875000     T  -13.574615066902862       -3.3313286001216911        207.37094376997598        1.4203434691010342        5.7645232392662766       -1.8154417467896373        4.1984942864963619       0.23605396481877614       0.12548342472675195     
         200          12   855.875000     T  -13.574615066902862       -3.3313286001216911        207.37094376997598        1.4203434691010342        5.7645232392662766       -1.8154417467896373        4.1984942864963619       0.23605396481877614       0.12548342472675195     
         201          12   855.875000     T  -13.574615066902862       -3.3313286001216911        207.37094376997598        1.4203434691010342        5.7645232392662766       -1.8154417467896373        4.1984942864963619       0.23605396481877614       0.12548342472675195     
         202          12   1311.43750     T  -14.365585549547266       -4.3430696472330137        213.56625076677690        1.0034769157283374        3.5506812167580395       -1.3590068974590177        1.1532699899827699       0.20177032204670134       0.18281238206618441     
         203          12   1311.43750     T  -14.365585549547266       -4.3430696472330137        213.56625076677690        1.0034769157283374        3.5506812167580395       -1.3590068974590177        1.1532699899827699       0.20177032204670134       0.18281238206618441     
         204          12   1311.43750     T  -14.365585549547266       -4.3430696472330137        213.56625076677690        1.0034769157283374        3.5506812167580395       -1.3590068974590177        1.1532699899827699       0.20177032204670134       0.18281238206618441     
         205          12   1311.43750     T  -14.365585549547266       -4.3430696472330137        213.56625076677690        1.0034769157283374        3.5506812167580395       -1.3590068974590177        1.1532699899827699       0.20177032204670134       0.18281238206618441     
         206          12   1586.81250     T  -14.802129476157589       -4.3262382888182138        223.32365819967032       0.93886274606775144        2.9149700883045373       -1.4011693130966028       0.65319088077422804       0.18236046585802734       0.20711432541058541     
         207          12   1586.81250     T  -14.802129476157589       -4.3262382888182138        223.32365819967032       0.93886274606775144        2.9149700883045373       -1.4011693130966028       0.65319088077422804       0.18236046585802734       0.20711432541058541     
         208          12   1586.81250     T  -14.802129476157589       -4.3262382888182138        223.32365819967032       0.93886274606775144        2.9149700883045373       -1.4011693130966028       0.65319088077422804       0.18236046585802734       0.20711432541058541     
         209          12   1586.81250     T  -14.802129476157589       -4.3262382888182138        223.32365819967032       0.93886274606775144        2.9149700883045373       -1.4011693130966028       0.65319088077422804       0.18236046585802734       0.20711432541058541     
         210          12   1586.81250     T  -14.802129476157589       -4.3262382888182138        223.32365819967032       0.93886274606775144        2.9149700883045373       -1.4011693130966028       0.65319088077422804       0.18236046585802734       0.20711432541058541     
         211          12   1586.81250     T  -14.802129476157589       -4.3262382888182138        223.32365819967032       0.93886274606775144        2.9149700883045373       -1.4011693130966028       0.65319088077422804       0.18236046585802734       0.20711432541058541     
         212          12   1586.81250     T  -14.802129476157589       -4.3262382888182138        223.32365819967032       0.93886274606775144        2.9149700883045373       -1.4011693130966028       0.65319088077422804       0.18236046585802734       0.20711432541058541     
         213          12   1586.81250     T  -14.802129476157589       -4.3262382888182138        223.32365819967032       0.93886274606775144        2.9149700883045373       -1.4011693130966028       0.65319088077422804       0.18236046585802734       0.20711432541058541     
         214          12   1586.81250     T  -14.802129476157589       -4.3262382888182138        223.32365819967032       0.93886274606775144        2.9149700883045373       -1.4011693130966028       0.65319088077422804       0.18236046585802734       0.20711432541058541     
         215          12   1586.81250     T  -14.802129476157589       -4.3262382888182138        223.32365819967032       0.93886274606775144        2.9149700883045373       -1.4011693130966028       0.65319088077422804       0.18236046585802734       0.20711432541058541     
         216          12   1586.81250     T  -14.802129476157589       -4.3262382888182138        223.32365819967032       0.93886274606775144        2.9149700883045373       -1.4011693130966028       0.65319088077422804       0.18236046585802734       0.20711432541058541     
         217          12   1586.81250     T  -14.802129476157589       -4.3262382888182138        223.32365819967032       0.93886274606775144        2.9149700883045373       -1.4011693130966028       0.65319088077422804       0.18236046585802734       0.20711432541058541     
         218          12   1360.34375     T  -14.859327810216993       -4.3838204537156047        224.49624165358500       0.90884582456289742        2.9430234296607813       -1.3796729810926316       0.76424373346501018       0.18425008620060429       0.20835945435234868     
         219          12   1360.34375     T  -14.859327810216993       -4.3838204537156047        224.49624165358500       0.90884582456289742        2.9430234296607813       -1.3796729810926316       0.76424373346501018       0.18425008620060429       0.20835945435234868     
         220          12   1360.34375     T  -14.859327810216993       -4.3838204537156047        224.49624165358500       0.90884582456289742        2.9430234296607813       -1.3796729810926316       0.76424373346501018       0.18425008620060429       0.20835945435234868     
         221          12   1360.34375     T  -14.859327810216993       -4.3838204537156047        224.49624165358500       0.90884582456289742        2.9430234296607813       -1.3796729810926316       0.76424373346501018       0.18425008620060429       0.20835945435234868     
         222          12   1360.34375     T  -14.859327810216993       -4.3838204537156047        224.49624165358500       0.90884582456289742        2.9430234296607813       -1.3796729810926316       0.76424373346501018       0.18425008620060429       0.20835945435234868     
         223          12   1360.34375     T  -14.859327810216993       -4.3838204537156047        224.49624165358500       0.90884582456289742        2.9430234296607813       -1.3796729810926316       0.76424373346501018       0.18425008620060429       0.20835945435234868     
         224          12   1360.34375     T  -14.859327810216993       -4.3838204537156047        224.49624165358500       0.90884582456289742        2.9430234296607813       -1.3796729810926316       0.76424373346501018       0.18425008620060429       0.20835945435234868     
         225          12   1360.34375     T  -14.859327810216993       -4.3838204537156047        224.49624165358500       0.90884582456289742        2.9430234296607813       -1.3796729810926316       0.76424373346501018       0.18425008620060429       0.20835945435234868     
         226          12   1360.34375     T  -14.859327810216993       -4.3838204537156047        224.49624165358500       0.90884582456289742        2.9430234296607813       -1.3796729810926316       0.76424373346501018       0.18425008620060429       0.20835945435234868     
         227          12   1313.40625     T  -14.340465047775435       -4.1034025783774331        233.56959696172507       0.96435364716751071        3.1595491948923020       -1.3046721961705996        1.2100702202205496       0.24481754408874792       0.15084558598292580     
         228          12   1313.40625     T  -14.340465047775435       -4.1034025783774331        233.56959696172507       0.96435364716751071        3.1595491948923020       -1.3046721961705996        1.2100702202205496       0.24481754408874792       0.15084558598292580     
         229          12   1313.40625     T  -14.340465047775435       -4.1034025783774331        233.56959696172507       0.96435364716751071        3.1595491948923020       -1.3046721961705996        1.2100702202205496       0.24481754408874792       0.15084558598292580     
         230          12   1313.40625     T  -14.340465047775435       -4.1034025783774331        233.56959696172507       0.96435364716751071        3.1595491948923020       -1.3046721961705996        1.2100702202205496       0.24481754408874792       0.15084558598292580     
         231          12   1313.40625     T  -14.340465047775435       -4.1034025783774331        233.56959696172507       0.96435364716751071        3.1595491948923020       -1.3046721961705996        1.2100702202205496       0.24481754408874792       0.15084558598292580     
         232          12   1239.40625     T  -14.777962355035417       -3.4274076093320538        265.13933139845562        1.1511606898025382        2.6282342145319344       -1.8383192392779995       0.50410629368319404       0.36912649475800358       0.12506421117813893     
         233          12   1239.40625     T  -14.777962355035417       -3.4274076093320538        265.13933139845562        1.1511606898025382        2.6282342145319344       -1.8383192392779995       0.50410629368319404       0.36912649475800358       0.12506421117813893     
         234          12   1239.40625     T  -14.777962355035417       -3.4274076093320538        265.13933139845562        1.1511606898025382        2.6282342145319344       -1.8383192392779995       0.50410629368319404       0.36912649475800358       0.12506421117813893     
         235          12   1239.40625     T  -14.777962355035417       -3.4274076093320538        265.13933139845562        1.1511606898025382        2.6282342145319344       -1.8383192392779995       0.50410629368319404       0.36912649475800358       0.12506421117813893     
         236          12   1239.40625     T  -14.777962355035417       -3.4274076093320538        265.13933139845562        1.1511606898025382        2.6282342145319344       -1.8383192392779995       0.50410629368319404       0.36912649475800358       0.12506421117813893     
         237          12   1239.40625     T  -14.777962355035417       -3.4274076093320538        265.13933139845562        1.1511606898025382        2.6282342145319344       -1.8383192392779995       0.50410629368319404       0.36912649475800358       0.12506421117813893     
         238          12   1362.87500     T  -14.771933377202213       -3.4649049634843285        264.89165239607553        1.1533857807835000        2.6464690771262345       -1.8504023484009049       0.53756555235518777       0.36056600031810898       0.12339764749174995     
         239          12   861.281250     T  -14.675909799321081       -4.8984047853051500        176.19147690743233        1.1659713530008911        3.7892096580905559      -0.94589989581327483        3.5353343803207742       0.20238873963056703       0.21600545644046462     
         240          12   861.281250     T  -14.675909799321081       -4.8984047853051500        176.19147690743233        1.1659713530008911        3.7892096580905559      -0.94589989581327483        3.5353343803207742       0.20238873963056703       0.21600545644046462     
         241          12   861.281250     T  -14.675909799321081       -4.8984047853051500        176.19147690743233        1.1659713530008911        3.7892096580905559      -0.94589989581327483        3.5353343803207742       0.20238873963056703       0.21600545644046462     
         242          12   861.281250     T  -14.675909799321081       -4.8984047853051500        176.19147690743233        1.1659713530008911        3.7892096580905559      -0.94589989581327483        3.5353343803207742       0.20238873963056703       0.21600545644046462     
         243          12   861.281250     T  -14.675909799321081       -4.8984047853051500        176.19147690743233        1.1659713530008911        3.7892096580905559      -0.94589989581327483        3.5353343803207742       0.20238873963056703       0.21600545644046462     
         244          12   861.281250     T  -14.675909799321081       -4.8984047853051500        176.19147690743233        1.1659713530008911        3.7892096580905559      -0.94589989581327483        3.5353343803207742       0.20238873963056703       0.21600545644046462     
         245          12   861.281250     T  -14.675909799321081       -4.8984047853051500        176.19147690743233        1.1659713530008911        3.7892096580905559      -0.94589989581327483        3.5353343803207742       0.20238873963056703       0.21600545644046462     
         246          12   955.406250     T  -15.847065796730867       -5.5386267473900990        200.97568275071660        1.3604213405777763        3.3619890681838998       -1.3449040575702982        2.6288503822396501       0.35866957822459578       0.20018533160716123     
         247          12   955.406250     T  -15.847065796730867       -5.5386267473900990        200.97568275071660        1.3604213405777763        3.3619890681838998       -1.3449040575702982        2.6288503822396501       0.35866957822459578       0.20018533160716123     
         248          12   955.406250     T  -15.847065796730867       -5.5386267473900990        200.97568275071660        1.3604213405777763        3.3619890681838998       -1.3449040575702982        2.6288503822396501       0.35866957822459578       0.20018533160716123     
         249          12   955.406250     T  -15.847065796730867       -5.5386267473900990        200.97568275071660        1.3604213405777763        3.3619890681838998       -1.3449040575702982        2.6288503822396501       0.35866957822459578       0.20018533160716123     
         250          12   753.812500     T  -16.511474940642948       -5.8120883223534472        148.14060037842646        1.3389567783329452        3.5193844608132596      -0.24347062623618762        4.1045287751384878       0.15481701117210037       0.32081568317572767     
         251          12   753.812500     T  -16.511474940642948       -5.8120883223534472        148.14060037842646        1.3389567783329452        3.5193844608132596      -0.24347062623618762        4.1045287751384878       0.15481701117210037       0.32081568317572767     
         252          12   753.812500     T  -16.511474940642948       -5.8120883223534472        148.14060037842646        1.3389567783329452        3.5193844608132596      -0.24347062623618762        4.1045287751384878       0.15481701117210037       0.32081568317572767     
         253          12   753.812500     T  -16.511474940642948       -5.8120883223534472        148.14060037842646        1.3389567783329452        3.5193844608132596      -0.24347062623618762        4.1045287751384878       0.15481701117210037       0.32081568317572767     
         254          12   753.812500     T  -16.511474940642948       -5.8120883223534472        148.14060037842646        1.3389567783329452        3.5193844608132596      -0.24347062623618762        4.1045287751384878       0.15481701117210037       0.32081568317572767     
         255          12   753.812500     T  -16.511474940642948       -5.8120883223534472        148.14060037842646        1.3389567783329452        3.5193844608132596      -0.24347062623618762        4.1045287751384878       0.15481701117210037       0.32081568317572767     
         256          12   753.812500     T  -16.511474940642948       -5.8120883223534472        148.14060037842646        1.3389567783329452        3.5193844608132596      -0.24347062623618762        4.1045287751384878       0.15481701117210037       0.32081568317572767     
         257          12   753.812500     T  -16.511474940642948       -5.8120883223534472        148.14060037842646        1.3389567783329452        3.5193844608132596      -0.24347062623618762        4.1045287751384878       0.15481701117210037       0.32081568317572767     
         258          12   753.812500     T  -16.511474940642948       -5.8120883223534472        148.14060037842646        1.3389567783329452        3.5193844608132596      -0.24347062623618762        4.1045287751384878       0.15481701117210037       0.32081568317572767     
         259          12   753.812500     T  -16.511474940642948       -5.8120883223534472        148.14060037842646        1.3389567783329452        3.5193844608132596      -0.24347062623618762        4.1045287751384878       0.15481701117210037       0.32081568317572767     
         260          12   753.812500     T  -16.511474940642948       -5.8120883223534472        148.14060037842646        1.3389567783329452        3.5193844608132596      -0.24347062623618762        4.1045287751384878       0.15481701117210037       0.32081568317572767     
         261          12   753.812500     T  -16.511474940642948       -5.8120883223534472        148.14060037842646        1.3389567783329452        3.5193844608132596      -0.24347062623618762        4.1045287751384878       0.15481701117210037       0.32081568317572767     
         262          12   753.812500     T  -16.511474940642948       -5.8120883223534472        148.14060037842646        1.3389567783329452        3.5193844608132596      -0.24347062623618762        4.1045287751384878       0.15481701117210037       0.32081568317572767     
         263          12   748.000000     T  -16.373246040882030       -5.6791031045506895        148.03586555181238        1.3393635665607533        3.5138771333372945      -0.39812749683380499        4.0942678913879620       0.15535827782890863       0.32087224329309183     
         264          12   748.000000     T  -16.373246040882030       -5.6791031045506895        148.03586555181238        1.3393635665607533        3.5138771333372945      -0.39812749683380499        4.0942678913879620       0.15535827782890863       0.32087224329309183     
         265          12   748.000000     T  -16.373246040882030       -5.6791031045506895        148.03586555181238        1.3393635665607533        3.5138771333372945      -0.39812749683380499        4.0942678913879620       0.15535827782890863       0.32087224329309183     
         266          12   940.406250     T  -12.596378289462264       -2.6921749755920601        163.18017985091220        1.0837226646569429        4.5815163130644487      -0.48513459520189345        4.9870257516115704       0.19738587214610889       0.10027782211429678     
         267          12   940.406250     T  -12.596378289462264       -2.6921749755920601        163.18017985091220        1.0837226646569429        4.5815163130644487      -0.48513459520189345        4.9870257516115704       0.19738587214610889       0.10027782211429678     
         268          12   940.406250     T  -12.596378289462264       -2.6921749755920601        163.18017985091220        1.0837226646569429        4.5815163130644487      -0.48513459520189345        4.9870257516115704       0.19738587214610889       0.10027782211429678     
         269          12   940.406250     T  -12.596378289462264       -2.6921749755920601        163.18017985091220        1.0837226646569429        4.5815163130644487      -0.48513459520189345        4.9870257516115704       0.19738587214610889       0.10027782211429678     
         270          12   940.406250     T  -12.596378289462264       -2.6921749755920601        163.18017985091220        1.0837226646569429        4.5815163130644487      -0.48513459520189345        4.9870257516115704       0.19738587214610889       0.10027782211429678     
         271          12   1041.28125     T  -14.314724167746022       -4.1292958881663333        202.97495295882820        1.8668661983328103        4.9569993325775430      -0.96795548689485889        1.1761405022575815       0.16206988804477970       0.16577427715597753     
         272          12   1041.34375     T  -14.382434238075078       -4.1840789888015131        202.67194945592664        1.9128890762766959        4.9675499528937284      -0.96447105441358860        1.2425917428392335       0.16024235507127485       0.16381042592849238     
         273          12   1041.34375     T  -14.382434238075078       -4.1840789888015131        202.67194945592664        1.9128890762766959        4.9675499528937284      -0.96447105441358860        1.2425917428392335       0.16024235507127485       0.16381042592849238     
         274          12   1041.34375     T  -14.382434238075078       -4.1840789888015131        202.67194945592664        1.9128890762766959        4.9675499528937284      -0.96447105441358860        1.2425917428392335       0.16024235507127485       0.16381042592849238     
         275          12   1041.34375     T  -14.382434238075078       -4.1840789888015131        202.67194945592664        1.9128890762766959        4.9675499528937284      -0.96447105441358860        1.2425917428392335       0.16024235507127485       0.16381042592849238     
         276          12   1049.12500     T  -14.319716422532407       -4.1202045583441613        201.75774195685315        1.9352808510136827        4.9678122923206987      -0.95802002180986590        1.2930018537021937       0.15897790258849406       0.16291253415859844     
         277          12   732.343750     T  -15.880557791859566       -5.4103308805018306        238.04293248868277        1.6479740274168317        3.2163275731514531       -1.5020266151608925        3.7834940161755348       0.22991888549447190       0.21369953069395309     
         278          12   732.343750     T  -15.880557791859566       -5.4103308805018306        238.04293248868277        1.6479740274168317        3.2163275731514531       -1.5020266151608925        3.7834940161755348       0.22991888549447190       0.21369953069395309     
         279          12   732.343750     T  -15.880557791859566       -5.4103308805018306        238.04293248868277        1.6479740274168317        3.2163275731514531       -1.5020266151608925        3.7834940161755348       0.22991888549447190       0.21369953069395309     
         280          12   732.343750     T  -15.880557791859566       -5.4103308805018306        238.04293248868277        1.6479740274168317        3.2163275731514531       -1.5020266151608925        3.7834940161755348       0.22991888549447190       0.21369953069395309     
         281          12   732.343750     T  -15.880557791859566       -5.4103308805018306        238.04293248868277        1.6479740274168317        3.2163275731514531       -1.5020266151608925        3.7834940161755348       0.22991888549447190       0.21369953069395309     
         282          12   1089.56250     T  -12.893257964023487       -3.1839983164678287        162.71225168383287        1.0299231182819548        4.4119564263871913      -0.53251958045332559        4.9935006196730773       0.18356936883545419       0.11749712519857400     
         283          12   1089.56250     T  -12.893257964023487       -3.1839983164678287        162.71225168383287        1.0299231182819548        4.4119564263871913      -0.53251958045332559        4.9935006196730773       0.18356936883545419       0.11749712519857400     
         284          12   1089.56250     T  -12.893257964023487       -3.1839983164678287        162.71225168383287        1.0299231182819548        4.4119564263871913      -0.53251958045332559        4.9935006196730773       0.18356936883545419       0.11749712519857400     
         285          12   1089.56250     T  -12.893257964023487       -3.1839983164678287        162.71225168383287        1.0299231182819548        4.4119564263871913      -0.53251958045332559        4.9935006196730773       0.18356936883545419       0.11749712519857400     
         286          12   1089.56250     T  -12.893257964023487       -3.1839983164678287        162.71225168383287        1.0299231182819548        4.4119564263871913      -0.53251958045332559        4.9935006196730773       0.18356936883545419       0.11749712519857400     
         287          12   1089.56250     T  -12.893257964023487       -3.1839983164678287        162.71225168383287        1.0299231182819548        4.4119564263871913      -0.53251958045332559        4.9935006196730773       0.18356936883545419       0.11749712519857400     
         288          12   1089.56250     T  -12.893257964023487       -3.1839983164678287        162.71225168383287        1.0299231182819548        4.4119564263871913      -0.53251958045332559        4.9935006196730773       0.18356936883545419       0.11749712519857400     
         289          12   1089.56250     T  -12.893257964023487       -3.1839983164678287        162.71225168383287        1.0299231182819548        4.4119564263871913      -0.53251958045332559        4.9935006196730773       0.18356936883545419       0.11749712519857400     
         290          12   1089.56250     T  -12.893257964023487       -3.1839983164678287        162.71225168383287        1.0299231182819548        4.4119564263871913      -0.53251958045332559        4.9935006196730773       0.18356936883545419       0.11749712519857400     
         291          12   1089.56250     T  -12.893257964023487       -3.1839983164678287        162.71225168383287        1.0299231182819548        4.4119564263871913      -0.53251958045332559        4.9935006196730773       0.18356936883545419       0.11749712519857400     
         292          12   1089.56250     T  -12.893257964023487       -3.1839983164678287        162.71225168383287        1.0299231182819548        4.4119564263871913      -0.53251958045332559        4.9935006196730773       0.18356936883545419       0.11749712519857400     
         293          12   1089.56250     T  -12.893257964023487       -3.1839983164678287        162.71225168383287        1.0299231182819548        4.4119564263871913      -0.53251958045332559        4.9935006196730773       0.18356936883545419       0.11749712519857400     
         294          12   1029.06250     T  -12.629651959547409       -2.9119335336780487        162.66966576459768       0.99628278481635379        4.3983170109880003      -0.52926973005627376        4.9458135799452254       0.18392967504123753       0.11625429063001254     
         295          12   1029.06250     T  -12.629651959547409       -2.9119335336780487        162.66966576459768       0.99628278481635379        4.3983170109880003      -0.52926973005627376        4.9458135799452254       0.18392967504123753       0.11625429063001254     
         296          12   1029.06250     T  -12.629651959547409       -2.9119335336780487        162.66966576459768       0.99628278481635379        4.3983170109880003      -0.52926973005627376        4.9458135799452254       0.18392967504123753       0.11625429063001254     
