           1           8   704.367310     F  -39.160133077243643       -29.669368329126712        138.15958626369758        2.5629461832554652        4.9339049504741448       0.96173845293879612        2.1150991568209023       0.25568693075604859       0.19959023820936034     
           2           8   699.678101     F  -29.057376729505336       -19.344084880806694        148.61037746136927        2.5150764204462885        5.0630281755438160       0.81196098839328412        1.9143992109204824       0.28932062370702100       0.21112648568169645     
           3           8   699.678101     F  -29.057376729505336       -19.344084880806694        148.61037746136927        2.5150764204462885        5.0630281755438160       0.81196098839328412        1.9143992109204824       0.28932062370702100       0.21112648568169645     
           4           8   902.746094     F  -21.677433704663216       -11.626223847336666        153.19877986745595        2.2919734774574230        5.5654513467954700       0.56911127812846773        1.5128845891035720       0.29812096494390677       0.23625789502980551     
           5           8   1112.69580     F  -18.477908471763961       -7.7148730178616010        162.60413534732029        2.2143588675290857        6.8948179947440469      -0.12008478329490802        1.0651111355830609       0.32691410566083262       0.25456246112746655     
           6           8   1112.69580     F  -18.477908471763961       -7.7148730178616010        162.60413534732029        2.2143588675290857        6.8948179947440469      -0.12008478329490802        1.0651111355830609       0.32691410566083262       0.25456246112746655     
           7           8   1083.06738     F  -19.664946746729779       -8.8978414839116322        163.29303790100420        2.3325234239965975        7.5025649078199317       0.11002836922472453        1.4262068822870624       0.28408896535956230       0.24670370701359354     
           8           8   1244.25635     F  -17.499798771978131       -5.1863865181418971        165.25370919155898        1.8618198468316856        10.628030285903590      -0.73082576877259875       0.86382436498668747       0.20567486885764341       0.29788721434747806     
           9           8   1244.25635     F  -17.499798771978131       -5.1863865181418971        165.25370919155898        1.8618198468316856        10.628030285903590      -0.73082576877259875       0.86382436498668747       0.20567486885764341       0.29788721434747806     
          10           8   1263.07617     F  -17.532832592251587       -5.3211282518572753        169.35436005230295        1.7469399247834103        11.108479264398873      -0.96559775237763468       0.64473950876298658       0.23650988885873914       0.26373177573540457     
          11           8   1263.07617     F  -17.532832592251587       -5.3211282518572753        169.35436005230295        1.7469399247834103        11.108479264398873      -0.96559775237763468       0.64473950876298658       0.23650988885873914       0.26373177573540457     
          12           8   1237.21094     F  -18.580624626304797       -3.4420388540459510        228.69824756353270        1.4336117645903836        13.375616549918490      -0.83500111973487645       0.63798402373181573       0.13777486099690595       0.36489957368584364     
          13           8   1237.21094     F  -18.580624626304797       -3.4420388540459510        228.69824756353270        1.4336117645903836        13.375616549918490      -0.83500111973487645       0.63798402373181573       0.13777486099690595       0.36489957368584364     
          14           8   1237.21094     F  -18.580624626304797       -3.4420388540459510        228.69824756353270        1.4336117645903836        13.375616549918490      -0.83500111973487645       0.63798402373181573       0.13777486099690595       0.36489957368584364     
          15           8   1237.21094     F  -18.580624626304797       -3.4420388540459510        228.69824756353270        1.4336117645903836        13.375616549918490      -0.83500111973487645       0.63798402373181573       0.13777486099690595       0.36489957368584364     
          16           8   1237.21094     F  -18.580624626304797       -3.4420388540459510        228.69824756353270        1.4336117645903836        13.375616549918490      -0.83500111973487645       0.63798402373181573       0.13777486099690595       0.36489957368584364     
          17           8   891.248047     F  -14.949184962133378       -3.9173904150316914        179.89905797537298        2.3372579040458596        6.6069659614305269      -0.21126468925342926        1.6699713565411165       0.12795025837088295       0.21226303710283947     
          18           8   891.248047     F  -14.949184962133378       -3.9173904150316914        179.89905797537298        2.3372579040458596        6.6069659614305269      -0.21126468925342926        1.6699713565411165       0.12795025837088295       0.21226303710283947     
          19           8   891.248047     F  -14.949184962133378       -3.9173904150316914        179.89905797537298        2.3372579040458596        6.6069659614305269      -0.21126468925342926        1.6699713565411165       0.12795025837088295       0.21226303710283947     
          20           8   891.248047     F  -14.949184962133378       -3.9173904150316914        179.89905797537298        2.3372579040458596        6.6069659614305269      -0.21126468925342926        1.6699713565411165       0.12795025837088295       0.21226303710283947     
          21           8   891.248047     F  -14.949184962133378       -3.9173904150316914        179.89905797537298        2.3372579040458596        6.6069659614305269      -0.21126468925342926        1.6699713565411165       0.12795025837088295       0.21226303710283947     
          22           8   891.248047     F  -14.949184962133378       -3.9173904150316914        179.89905797537298        2.3372579040458596        6.6069659614305269      -0.21126468925342926        1.6699713565411165       0.12795025837088295       0.21226303710283947     
          23           8   891.248047     F  -14.949184962133378       -3.9173904150316914        179.89905797537298        2.3372579040458596        6.6069659614305269      -0.21126468925342926        1.6699713565411165       0.12795025837088295       0.21226303710283947     
          24           8   891.248047     F  -14.949184962133378       -3.9173904150316914        179.89905797537298        2.3372579040458596        6.6069659614305269      -0.21126468925342926        1.6699713565411165       0.12795025837088295       0.21226303710283947     
          25           8   891.248047     F  -14.949184962133378       -3.9173904150316914        179.89905797537298        2.3372579040458596        6.6069659614305269      -0.21126468925342926        1.6699713565411165       0.12795025837088295       0.21226303710283947     
          26           8   891.248047     F  -14.949184962133378       -3.9173904150316914        179.89905797537298        2.3372579040458596        6.6069659614305269      -0.21126468925342926        1.6699713565411165       0.12795025837088295       0.21226303710283947     
          27           8   891.248047     F  -14.949184962133378       -3.9173904150316914        179.89905797537298        2.3372579040458596        6.6069659614305269      -0.21126468925342926        1.6699713565411165       0.12795025837088295       0.21226303710283947     
          28           8   891.248047     F  -14.949184962133378       -3.9173904150316914        179.89905797537298        2.3372579040458596        6.6069659614305269      -0.21126468925342926        1.6699713565411165       0.12795025837088295       0.21226303710283947     
          29           8   891.248047     F  -14.949184962133378       -3.9173904150316914        179.89905797537298        2.3372579040458596        6.6069659614305269      -0.21126468925342926        1.6699713565411165       0.12795025837088295       0.21226303710283947     
          30           8   891.248047     F  -14.949184962133378       -3.9173904150316914        179.89905797537298        2.3372579040458596        6.6069659614305269      -0.21126468925342926        1.6699713565411165       0.12795025837088295       0.21226303710283947     
          31           8   891.248047     T  -14.949184962133378       -3.9173904150316914        179.89905797537298        2.3372579040458596        6.6069659614305269      -0.21126468925342926        1.6699713565411165       0.12795025837088295       0.21226303710283947     
          32           8   891.248047     T  -14.949184962133378       -3.9173904150316914        179.89905797537298        2.3372579040458596        6.6069659614305269      -0.21126468925342926        1.6699713565411165       0.12795025837088295       0.21226303710283947     
          33           8   1155.08594     T  -18.415324791498797       -4.9026301990650847        252.89962675451449        1.8410610584807368        12.560033140452274      -0.51054189030270369       0.84266721235221820       0.33093903017980902       0.11832336082136596     
          34           8   1155.08594     T  -18.415324791498797       -4.9026301990650847        252.89962675451449        1.8410610584807368        12.560033140452274      -0.51054189030270369       0.84266721235221820       0.33093903017980902       0.11832336082136596     
          35           8   1298.78125     T  -18.400751967800215       -4.3995709767808755        259.36384291474116        1.5414390642468556        13.109515735675540      -0.32471125277618546       0.42019227810826876       0.40218600732317128       0.14589378157018712     
          36           8   1298.78125     T  -18.400751967800215       -4.3995709767808755        259.36384291474116        1.5414390642468556        13.109515735675540      -0.32471125277618546       0.42019227810826876       0.40218600732317128       0.14589378157018712     
          37           8   1201.44531     T  -18.386077401645135       -5.3358916397698888        252.33735943099333        1.3004980258320182        11.313149042696395       -9.1703610907317573E-002  0.69938129150983996       0.31300257364439577       0.21941037536984367     
          38           8   1201.44531     T  -18.386077401645135       -5.3358916397698888        252.33735943099333        1.3004980258320182        11.313149042696395       -9.1703610907317573E-002  0.69938129150983996       0.31300257364439577       0.21941037536984367     
          39           8   1201.44531     T  -18.386077401645135       -5.3358916397698888        252.33735943099333        1.3004980258320182        11.313149042696395       -9.1703610907317573E-002  0.69938129150983996       0.31300257364439577       0.21941037536984367     
          40           8   937.906250     T  -14.846102011659742       -3.6377903155068898        203.82288304446331        2.0095441302772059        7.7410069756549165      -0.12384024410189001        1.4300170118702358       0.20579698255220016       0.24752092256053182     
          41           8   877.085938     T  -16.364702154683471       -5.6450403099506783        176.50300234661421        2.3532395908091499        5.3141567054074628      -0.68404399228565638        1.5752795140614764       0.15975692288724033       0.28303866366842706     
          42           8   877.085938     T  -16.364702154683471       -5.6450403099506783        176.50300234661421        2.3532395908091499        5.3141567054074628      -0.68404399228565638        1.5752795140614764       0.15975692288724033       0.28303866366842706     
          43           8   866.433594     T  -15.614287283006757       -4.2751995869617234        277.65241934669888        1.4751522593121786        3.0722020580988643      -0.20471697657833152        1.1723775474354075       0.17226715854720573       0.23790345835921839     
          44           8   866.433594     T  -15.614287283006757       -4.2751995869617234        277.65241934669888        1.4751522593121786        3.0722020580988643      -0.20471697657833152        1.1723775474354075       0.17226715854720573       0.23790345835921839     
          45           8   889.023438     T  -14.970514942217200       -3.9394375864443631        185.47662300148053        2.3712460497578136        6.1159943722260941      -0.42595936240036786        1.6009618528683733       0.12817986691073779       0.22823835329977019     
          46           8   910.648438     T  -14.962516920422576       -3.7480625991261638        204.05148196780971        2.0119542774535719        7.7501480385287795      -0.12031868401795567        1.4309454630826650       0.20451249089219664       0.24713871736401063     
          47           8   910.648438     T  -14.962516920422576       -3.7480625991261638        204.05148196780971        2.0119542774535719        7.7501480385287795      -0.12031868401795567        1.4309454630826650       0.20451249089219664       0.24713871736401063     
          48           8   910.648438     T  -14.962516920422576       -3.7480625991261638        204.05148196780971        2.0119542774535719        7.7501480385287795      -0.12031868401795567        1.4309454630826650       0.20451249089219664       0.24713871736401063     
          49           8   910.648438     T  -14.962516920422576       -3.7480625991261638        204.05148196780971        2.0119542774535719        7.7501480385287795      -0.12031868401795567        1.4309454630826650       0.20451249089219664       0.24713871736401063     
          50           8   910.648438     T  -14.962516920422576       -3.7480625991261638        204.05148196780971        2.0119542774535719        7.7501480385287795      -0.12031868401795567        1.4309454630826650       0.20451249089219664       0.24713871736401063     
          51           8   910.648438     T  -14.962516920422576       -3.7480625991261638        204.05148196780971        2.0119542774535719        7.7501480385287795      -0.12031868401795567        1.4309454630826650       0.20451249089219664       0.24713871736401063     
          52           8   1028.59375     T  -15.209977346132273       -3.9712625006590239        223.64466766339970        1.9711055807961049        7.5387947736385019        5.9910888550938459E-003   1.4427984689963100       0.18190674767467002       0.21601105703453927     
          53           8   1028.59375     T  -15.209977346132273       -3.9712625006590239        223.64466766339970        1.9711055807961049        7.5387947736385019        5.9910888550938459E-003   1.4427984689963100       0.18190674767467002       0.21601105703453927     
          54           8   1028.59375     T  -15.209977346132273       -3.9712625006590239        223.64466766339970        1.9711055807961049        7.5387947736385019        5.9910888550938459E-003   1.4427984689963100       0.18190674767467002       0.21601105703453927     
          55           8   1037.78125     T  -15.132006375882920       -4.1403447809233409        275.96893876153780        1.4560048073217706        3.8153022649354504        5.7625198447566845E-003   1.1863068238788237       0.17748230309213694       0.20998508075075620     
          56           8   911.382812     T  -15.178621663410715       -4.1831146923656011        276.11699776554667        1.4579753091012428        3.8263032009295750        7.3347594327242546E-003   1.1808051084406241       0.17718363339980239       0.21004855223629948     
          57           8   1032.90625     T  -15.243897449100714       -3.8811873296178243        225.83189159816081        1.8606046790950532        5.4058479918216253      -0.42365854753336235        1.1813854545830673       0.16443133777060495       0.29876670506229430     
          58           8   1032.90625     T  -15.243897449100714       -3.8811873296178243        225.83189159816081        1.8606046790950532        5.4058479918216253      -0.42365854753336235        1.1813854545830673       0.16443133777060495       0.29876670506229430     
          59           8   1032.90625     T  -15.243897449100714       -3.8811873296178243        225.83189159816081        1.8606046790950532        5.4058479918216253      -0.42365854753336235        1.1813854545830673       0.16443133777060495       0.29876670506229430     
          60           8   1032.90625     T  -15.243897449100714       -3.8811873296178243        225.83189159816081        1.8606046790950532        5.4058479918216253      -0.42365854753336235        1.1813854545830673       0.16443133777060495       0.29876670506229430     
          61           8   1045.47656     T  -15.108182067465533       -3.5398114786768708        209.07037004419152        1.8374295950497406        7.0076865859581838      -0.21214730816089591        1.1410823404936730       0.17300200432449453       0.29739848671777142     
          62           8   1110.75781     T  -15.624968872453955       -3.5162455272259754        217.87466374155855        1.7964262711571362        8.5512804671415292      -0.12042892354937809        1.1359179661147014       0.16036401942986703       0.27274357794477139     
          63           8   1034.67969     T  -16.441201348346535       -3.5821798892184349        195.72788182456463        2.2553117521401744        8.7776818976727569      -0.62568506602828655        1.2357833775313412       0.11480779130117245       0.29459134678733223     
          64           8   1050.70312     T  -15.698692124749153       -3.6664502190391968        224.32257780694624        1.8102781193014967        7.7019602421461055        8.7510330269167935E-002   1.1849874618333462       0.13897293649624726       0.26031796677692820     
          65           8   1050.70312     T  -15.698692124749153       -3.6664502190391968        224.32257780694624        1.8102781193014967        7.7019602421461055        8.7510330269167935E-002   1.1849874618333462       0.13897293649624726       0.26031796677692820     
          66           8   1050.70312     T  -15.698692124749153       -3.6664502190391968        224.32257780694624        1.8102781193014967        7.7019602421461055        8.7510330269167935E-002   1.1849874618333462       0.13897293649624726       0.26031796677692820     
          67           8   1050.70312     T  -15.698692124749153       -3.6664502190391968        224.32257780694624        1.8102781193014967        7.7019602421461055        8.7510330269167935E-002   1.1849874618333462       0.13897293649624726       0.26031796677692820     
          68           8   827.929688     T  -15.224066374871345       -3.8032676265185072        229.59629916168853        1.8689789289979606        6.2501668341614831       0.43469517934275903        1.7884586317783218       0.12706688460737184       0.12014765561283453     
          69           8   776.445312     T  -14.517264179098973       -3.9161240223881775        210.49719892054586        1.7811371523635966        5.4044037765738793       0.60567744593087158        1.8469684362472616       0.14376101984846482       0.13572084608457113     
          70           8   776.445312     T  -14.517264179098973       -3.9161240223881775        210.49719892054586        1.7811371523635966        5.4044037765738793       0.60567744593087158        1.8469684362472616       0.14376101984846482       0.13572084608457113     
          71           8   776.445312     T  -14.517264179098973       -3.9161240223881775        210.49719892054586        1.7811371523635966        5.4044037765738793       0.60567744593087158        1.8469684362472616       0.14376101984846482       0.13572084608457113     
          72           8   776.445312     T  -14.517264179098973       -3.9161240223881775        210.49719892054586        1.7811371523635966        5.4044037765738793       0.60567744593087158        1.8469684362472616       0.14376101984846482       0.13572084608457113     
          73           8   776.445312     T  -14.517264179098973       -3.9161240223881775        210.49719892054586        1.7811371523635966        5.4044037765738793       0.60567744593087158        1.8469684362472616       0.14376101984846482       0.13572084608457113     
          74           8   776.445312     T  -14.517264179098973       -3.9161240223881775        210.49719892054586        1.7811371523635966        5.4044037765738793       0.60567744593087158        1.8469684362472616       0.14376101984846482       0.13572084608457113     
          75           8   776.445312     T  -14.517264179098973       -3.9161240223881775        210.49719892054586        1.7811371523635966        5.4044037765738793       0.60567744593087158        1.8469684362472616       0.14376101984846482       0.13572084608457113     
          76           8   776.445312     T  -14.517264179098973       -3.9161240223881775        210.49719892054586        1.7811371523635966        5.4044037765738793       0.60567744593087158        1.8469684362472616       0.14376101984846482       0.13572084608457113     
          77           8   871.640625     T  -14.839348413816976       -4.1527977169484487        201.04785894780545        2.0154456149104543        4.8336314695997604       0.34441664301766095        1.5008260175652379       0.14853356558826766       0.24496259081644567     
          78           8   871.640625     T  -14.839348413816976       -4.1527977169484487        201.04785894780545        2.0154456149104543        4.8336314695997604       0.34441664301766095        1.5008260175652379       0.14853356558826766       0.24496259081644567     
          79           8   871.640625     T  -14.839348413816976       -4.1527977169484487        201.04785894780545        2.0154456149104543        4.8336314695997604       0.34441664301766095        1.5008260175652379       0.14853356558826766       0.24496259081644567     
          80           8   871.640625     T  -14.839348413816976       -4.1527977169484487        201.04785894780545        2.0154456149104543        4.8336314695997604       0.34441664301766095        1.5008260175652379       0.14853356558826766       0.24496259081644567     
          81           8   871.640625     T  -14.839348413816976       -4.1527977169484487        201.04785894780545        2.0154456149104543        4.8336314695997604       0.34441664301766095        1.5008260175652379       0.14853356558826766       0.24496259081644567     
          82           8   1059.99219     T  -14.755526695094616       -4.0567712901684585        206.08026557987881        1.8825104399917421        7.1453482873188641       0.21861915707230883        1.6003717406495936       0.18475636410001064       0.17378423620120087     
          83           8   1059.99219     T  -14.755526695094616       -4.0567712901684585        206.08026557987881        1.8825104399917421        7.1453482873188641       0.21861915707230883        1.6003717406495936       0.18475636410001064       0.17378423620120087     
          84           8   1085.46094     T  -14.421786640524434       -3.7298421419654284        207.28154802921333        1.7595144577018675        5.7989443560131333      -0.38248602614201771        1.4953654614698777       0.16640636188460650       0.22996120184121824     
          85           8   812.664062     T  -14.599415103561112       -3.7913343110702300        256.48935238814471        1.3609698990780723        4.7131271252709448       0.44612277364911457        1.4143905893135220       0.15744096624127241       0.16226013048213081     
          86           8   812.664062     T  -14.599415103561112       -3.7913343110702300        256.48935238814471        1.3609698990780723        4.7131271252709448       0.44612277364911457        1.4143905893135220       0.15744096624127241       0.16226013048213081     
          87           8   812.664062     T  -14.599415103561112       -3.7913343110702300        256.48935238814471        1.3609698990780723        4.7131271252709448       0.44612277364911457        1.4143905893135220       0.15744096624127241       0.16226013048213081     
          88           8   969.125000     T  -14.697101270605957       -3.8569984614684554        256.95618538746589        1.3510068374744104        4.8661345985047708       0.43912021162814491        1.4149481477799772       0.15745875519638083       0.16229425842616563     
          89           8   969.125000     T  -14.697101270605957       -3.8569984614684554        256.95618538746589        1.3510068374744104        4.8661345985047708       0.43912021162814491        1.4149481477799772       0.15745875519638083       0.16229425842616563     
          90           8   858.828125     T  -14.842082630912190       -4.1345521636072053        199.90005353120605        2.0276979445605781        5.0576053703814408       0.36395449934796803        1.4920550099346925       0.14940370371137981       0.24504315036572172     
          91           8   858.828125     T  -14.842082630912190       -4.1345521636072053        199.90005353120605        2.0276979445605781        5.0576053703814408       0.36395449934796803        1.4920550099346925       0.14940370371137981       0.24504315036572172     
          92           8   858.828125     T  -14.842082630912190       -4.1345521636072053        199.90005353120605        2.0276979445605781        5.0576053703814408       0.36395449934796803        1.4920550099346925       0.14940370371137981       0.24504315036572172     
          93           8   858.828125     T  -14.842082630912190       -4.1345521636072053        199.90005353120605        2.0276979445605781        5.0576053703814408       0.36395449934796803        1.4920550099346925       0.14940370371137981       0.24504315036572172     
          94           8   858.828125     T  -14.842082630912190       -4.1345521636072053        199.90005353120605        2.0276979445605781        5.0576053703814408       0.36395449934796803        1.4920550099346925       0.14940370371137981       0.24504315036572172     
          95           8   858.828125     T  -14.842082630912190       -4.1345521636072053        199.90005353120605        2.0276979445605781        5.0576053703814408       0.36395449934796803        1.4920550099346925       0.14940370371137981       0.24504315036572172     
          96           8   858.828125     T  -14.842082630912190       -4.1345521636072053        199.90005353120605        2.0276979445605781        5.0576053703814408       0.36395449934796803        1.4920550099346925       0.14940370371137981       0.24504315036572172     
          97           8   858.828125     T  -14.842082630912190       -4.1345521636072053        199.90005353120605        2.0276979445605781        5.0576053703814408       0.36395449934796803        1.4920550099346925       0.14940370371137981       0.24504315036572172     
          98           8   858.828125     T  -14.842082630912190       -4.1345521636072053        199.90005353120605        2.0276979445605781        5.0576053703814408       0.36395449934796803        1.4920550099346925       0.14940370371137981       0.24504315036572172     
          99           8   858.828125     T  -14.842082630912190       -4.1345521636072053        199.90005353120605        2.0276979445605781        5.0576053703814408       0.36395449934796803        1.4920550099346925       0.14940370371137981       0.24504315036572172     
         100           8   858.828125     T  -14.842082630912190       -4.1345521636072053        199.90005353120605        2.0276979445605781        5.0576053703814408       0.36395449934796803        1.4920550099346925       0.14940370371137981       0.24504315036572172     
         101           8   858.828125     T  -14.842082630912190       -4.1345521636072053        199.90005353120605        2.0276979445605781        5.0576053703814408       0.36395449934796803        1.4920550099346925       0.14940370371137981       0.24504315036572172     
         102           8   858.828125     T  -14.842082630912190       -4.1345521636072053        199.90005353120605        2.0276979445605781        5.0576053703814408       0.36395449934796803        1.4920550099346925       0.14940370371137981       0.24504315036572172     
         103           8   858.828125     T  -14.842082630912190       -4.1345521636072053        199.90005353120605        2.0276979445605781        5.0576053703814408       0.36395449934796803        1.4920550099346925       0.14940370371137981       0.24504315036572172     
         104           8   702.125000     T  -15.518040059263740       -5.1756146318950149        212.74080445459563        1.4121580057591749        2.9356440745268073       0.33012117756352771        2.1296620107911974       0.16483354121392241       0.13581378789388684     
         105           8   710.015625     T  -17.450344173885977       -6.2392992199830504        155.22347234299494        1.8705707741070159        8.1086465188683370       0.43451091655503971        2.8377457394994314       0.12675299907696472       0.13468335766656014     
         106           8   710.015625     T  -17.450344173885977       -6.2392992199830504        155.22347234299494        1.8705707741070159        8.1086465188683370       0.43451091655503971        2.8377457394994314       0.12675299907696472       0.13468335766656014     
         107           8   710.015625     T  -17.450344173885977       -6.2392992199830504        155.22347234299494        1.8705707741070159        8.1086465188683370       0.43451091655503971        2.8377457394994314       0.12675299907696472       0.13468335766656014     
         108           8   710.015625     T  -17.450344173885977       -6.2392992199830504        155.22347234299494        1.8705707741070159        8.1086465188683370       0.43451091655503971        2.8377457394994314       0.12675299907696472       0.13468335766656014     
         109           8   710.015625     T  -17.450344173885977       -6.2392992199830504        155.22347234299494        1.8705707741070159        8.1086465188683370       0.43451091655503971        2.8377457394994314       0.12675299907696472       0.13468335766656014     
         110           8   710.015625     T  -17.450344173885977       -6.2392992199830504        155.22347234299494        1.8705707741070159        8.1086465188683370       0.43451091655503971        2.8377457394994314       0.12675299907696472       0.13468335766656014     
         111           8   774.968750     T  -17.259293492291206       -7.2695562263172917        141.21780570591062        1.8686735156634127        5.3477295993404619      -0.20969413377913199        3.0519211495663274       0.14413452885213396       0.12976752220051108     
         112           8   774.968750     T  -17.259293492291206       -7.2695562263172917        141.21780570591062        1.8686735156634127        5.3477295993404619      -0.20969413377913199        3.0519211495663274       0.14413452885213396       0.12976752220051108     
         113           8   774.968750     T  -17.259293492291206       -7.2695562263172917        141.21780570591062        1.8686735156634127        5.3477295993404619      -0.20969413377913199        3.0519211495663274       0.14413452885213396       0.12976752220051108     
         114           8   1311.39062     T  -15.858214638216612       -5.4848521182645067        176.74704852520858        1.2951657726968901        2.1120919852310074       -1.9621670013929173        2.2887114423014201       0.24633982156690765       0.19327300356410052     
         115           8   1448.17188     T  -15.120014151689841       -5.1758671363058708        194.23380935559555        1.0534601232650218        5.4715439393800258       -1.8059141836803192        2.3680932835285784       0.24382056180458439       0.16653175998745820     
         116           8   1448.17188     T  -15.120014151689841       -5.1758671363058708        194.23380935559555        1.0534601232650218        5.4715439393800258       -1.8059141836803192        2.3680932835285784       0.24382056180458439       0.16653175998745820     
         117           8   1448.17188     T  -15.120014151689841       -5.1758671363058708        194.23380935559555        1.0534601232650218        5.4715439393800258       -1.8059141836803192        2.3680932835285784       0.24382056180458439       0.16653175998745820     
         118           8   1448.17188     T  -15.120014151689841       -5.1758671363058708        194.23380935559555        1.0534601232650218        5.4715439393800258       -1.8059141836803192        2.3680932835285784       0.24382056180458439       0.16653175998745820     
         119           8   1480.76562     T  -15.066565610255410       -5.1222971812004481        194.14664125358976        1.0509565804429060        5.4713995437289134       -1.8035533506929595        2.3744988340004229       0.24401205917406579       0.16710018050184811     
         120           8   1480.76562     T  -15.066565610255410       -5.1222971812004481        194.14664125358976        1.0509565804429060        5.4713995437289134       -1.8035533506929595        2.3744988340004229       0.24401205917406579       0.16710018050184811     
         121           8   1480.76562     T  -15.066565610255410       -5.1222971812004481        194.14664125358976        1.0509565804429060        5.4713995437289134       -1.8035533506929595        2.3744988340004229       0.24401205917406579       0.16710018050184811     
         122           8   1480.76562     T  -15.066565610255410       -5.1222971812004481        194.14664125358976        1.0509565804429060        5.4713995437289134       -1.8035533506929595        2.3744988340004229       0.24401205917406579       0.16710018050184811     
         123           8   1480.76562     T  -15.066565610255410       -5.1222971812004481        194.14664125358976        1.0509565804429060        5.4713995437289134       -1.8035533506929595        2.3744988340004229       0.24401205917406579       0.16710018050184811     
         124           8   1480.76562     T  -15.066565610255410       -5.1222971812004481        194.14664125358976        1.0509565804429060        5.4713995437289134       -1.8035533506929595        2.3744988340004229       0.24401205917406579       0.16710018050184811     
         125           8   1480.76562     T  -15.066565610255410       -5.1222971812004481        194.14664125358976        1.0509565804429060        5.4713995437289134       -1.8035533506929595        2.3744988340004229       0.24401205917406579       0.16710018050184811     
         126           8   1480.76562     T  -15.066565610255410       -5.1222971812004481        194.14664125358976        1.0509565804429060        5.4713995437289134       -1.8035533506929595        2.3744988340004229       0.24401205917406579       0.16710018050184811     
         127           8   1480.76562     T  -15.066565610255410       -5.1222971812004481        194.14664125358976        1.0509565804429060        5.4713995437289134       -1.8035533506929595        2.3744988340004229       0.24401205917406579       0.16710018050184811     
         128           8   1480.76562     T  -15.066565610255410       -5.1222971812004481        194.14664125358976        1.0509565804429060        5.4713995437289134       -1.8035533506929595        2.3744988340004229       0.24401205917406579       0.16710018050184811     
         129           8   1480.76562     T  -15.066565610255410       -5.1222971812004481        194.14664125358976        1.0509565804429060        5.4713995437289134       -1.8035533506929595        2.3744988340004229       0.24401205917406579       0.16710018050184811     
         130           8   1480.76562     T  -15.066565610255410       -5.1222971812004481        194.14664125358976        1.0509565804429060        5.4713995437289134       -1.8035533506929595        2.3744988340004229       0.24401205917406579       0.16710018050184811     
         131           8   1480.76562     T  -15.066565610255410       -5.1222971812004481        194.14664125358976        1.0509565804429060        5.4713995437289134       -1.8035533506929595        2.3744988340004229       0.24401205917406579       0.16710018050184811     
         132           8   1480.76562     T  -15.066565610255410       -5.1222971812004481        194.14664125358976        1.0509565804429060        5.4713995437289134       -1.8035533506929595        2.3744988340004229       0.24401205917406579       0.16710018050184811     
         133           8   1317.31250     T  -14.800630802302514       -4.5438697327276438        176.02935962406664       0.41719372277375949        2.4262921300128171       -1.1469503633066247        4.4561550149553097       0.16552938583858157       0.18306818416424772     
         134           8   1317.31250     T  -14.800630802302514       -4.5438697327276438        176.02935962406664       0.41719372277375949        2.4262921300128171       -1.1469503633066247        4.4561550149553097       0.16552938583858157       0.18306818416424772     
         135           8   1317.31250     T  -14.800630802302514       -4.5438697327276438        176.02935962406664       0.41719372277375949        2.4262921300128171       -1.1469503633066247        4.4561550149553097       0.16552938583858157       0.18306818416424772     
         136           8   1094.29688     T  -14.052286891445769       -3.5986184129390089        219.70241760537922        1.5150033325689776        2.5664416441190383       -1.5794415399166852        1.1445104579852452       0.21137964290073913       0.12388614750329800     
         137           8   1705.15625     T  -17.755952612201760       -6.2490481791007433        278.25421818470966       0.50837293455568655        6.4869708942078370      -0.32556498971340442        1.8571321631287820       0.33882276116852944       0.14095244127682052     
         138           8   1705.15625     T  -17.755952612201760       -6.2490481791007433        278.25421818470966       0.50837293455568655        6.4869708942078370      -0.32556498971340442        1.8571321631287820       0.33882276116852944       0.14095244127682052     
         139           8   1705.15625     T  -17.755952612201760       -6.2490481791007433        278.25421818470966       0.50837293455568655        6.4869708942078370      -0.32556498971340442        1.8571321631287820       0.33882276116852944       0.14095244127682052     
         140           8   1705.15625     T  -17.755952612201760       -6.2490481791007433        278.25421818470966       0.50837293455568655        6.4869708942078370      -0.32556498971340442        1.8571321631287820       0.33882276116852944       0.14095244127682052     
         141           8   1705.15625     T  -17.755952612201760       -6.2490481791007433        278.25421818470966       0.50837293455568655        6.4869708942078370      -0.32556498971340442        1.8571321631287820       0.33882276116852944       0.14095244127682052     
         142           8   1705.15625     T  -17.755952612201760       -6.2490481791007433        278.25421818470966       0.50837293455568655        6.4869708942078370      -0.32556498971340442        1.8571321631287820       0.33882276116852944       0.14095244127682052     
         143           8   1070.68750     T  -17.372553727843968       -5.1699100711689736        267.09253487805910        1.3429625982437325        1.7295807899379303       -1.4224751957517452        4.3490750227930447E-002  0.32242535865480415       0.20039438799839293     
         144           8   1070.68750     T  -17.372553727843968       -5.1699100711689736        267.09253487805910        1.3429625982437325        1.7295807899379303       -1.4224751957517452        4.3490750227930447E-002  0.32242535865480415       0.20039438799839293     
         145           8   1070.68750     T  -17.372553727843968       -5.1699100711689736        267.09253487805910        1.3429625982437325        1.7295807899379303       -1.4224751957517452        4.3490750227930447E-002  0.32242535865480415       0.20039438799839293     
         146           8   1070.68750     T  -17.372553727843968       -5.1699100711689736        267.09253487805910        1.3429625982437325        1.7295807899379303       -1.4224751957517452        4.3490750227930447E-002  0.32242535865480415       0.20039438799839293     
         147           8   992.484375     T  -14.540317723384419       -4.0476603974514695        239.29107364532030        1.4753940141764659        4.7485122956888244       -1.2116689068595039        1.7379822450514937       0.28814584704808677       0.19786376294886471     
         148           8   992.484375     T  -14.540317723384419       -4.0476603974514695        239.29107364532030        1.4753940141764659        4.7485122956888244       -1.2116689068595039        1.7379822450514937       0.28814584704808677       0.19786376294886471     
         149           8   992.484375     T  -14.540317723384419       -4.0476603974514695        239.29107364532030        1.4753940141764659        4.7485122956888244       -1.2116689068595039        1.7379822450514937       0.28814584704808677       0.19786376294886471     
         150           8   992.484375     T  -14.540317723384419       -4.0476603974514695        239.29107364532030        1.4753940141764659        4.7485122956888244       -1.2116689068595039        1.7379822450514937       0.28814584704808677       0.19786376294886471     
         151           8   992.484375     T  -14.540317723384419       -4.0476603974514695        239.29107364532030        1.4753940141764659        4.7485122956888244       -1.2116689068595039        1.7379822450514937       0.28814584704808677       0.19786376294886471     
         152           8   992.484375     T  -14.540317723384419       -4.0476603974514695        239.29107364532030        1.4753940141764659        4.7485122956888244       -1.2116689068595039        1.7379822450514937       0.28814584704808677       0.19786376294886471     
         153           8   992.484375     T  -14.540317723384419       -4.0476603974514695        239.29107364532030        1.4753940141764659        4.7485122956888244       -1.2116689068595039        1.7379822450514937       0.28814584704808677       0.19786376294886471     
         154           8   992.484375     T  -14.540317723384419       -4.0476603974514695        239.29107364532030        1.4753940141764659        4.7485122956888244       -1.2116689068595039        1.7379822450514937       0.28814584704808677       0.19786376294886471     
         155           8   992.484375     T  -14.540317723384419       -4.0476603974514695        239.29107364532030        1.4753940141764659        4.7485122956888244       -1.2116689068595039        1.7379822450514937       0.28814584704808677       0.19786376294886471     
         156           8   992.484375     T  -14.540317723384419       -4.0476603974514695        239.29107364532030        1.4753940141764659        4.7485122956888244       -1.2116689068595039        1.7379822450514937       0.28814584704808677       0.19786376294886471     
         157           8   992.484375     T  -14.540317723384419       -4.0476603974514695        239.29107364532030        1.4753940141764659        4.7485122956888244       -1.2116689068595039        1.7379822450514937       0.28814584704808677       0.19786376294886471     
         158           8   1023.40625     T  -14.466806306382621       -3.9619229720012292        238.75026662873080        1.4378258985767054        4.8136730571351745       -1.2267912012925872        1.7368996231206897       0.29224444982191006       0.19687863876037887     
         159           8   1023.40625     T  -14.466806306382621       -3.9619229720012292        238.75026662873080        1.4378258985767054        4.8136730571351745       -1.2267912012925872        1.7368996231206897       0.29224444982191006       0.19687863876037887     
         160           8   1023.40625     T  -14.466806306382621       -3.9619229720012292        238.75026662873080        1.4378258985767054        4.8136730571351745       -1.2267912012925872        1.7368996231206897       0.29224444982191006       0.19687863876037887     
         161           8   1144.70312     T  -14.268206946784227       -4.4129924657936925        176.58396292814803       0.86745855561032814        5.0346714915176030      -0.67037246234140380        4.9277019656010950       0.20070053341277300       0.20527956938792194     
         162           8   1144.70312     T  -14.268206946784227       -4.4129924657936925        176.58396292814803       0.86745855561032814        5.0346714915176030      -0.67037246234140380        4.9277019656010950       0.20070053341277300       0.20527956938792194     
         163           8   1144.70312     T  -14.268206946784227       -4.4129924657936925        176.58396292814803       0.86745855561032814        5.0346714915176030      -0.67037246234140380        4.9277019656010950       0.20070053341277300       0.20527956938792194     
         164           8   1144.70312     T  -14.268206946784227       -4.4129924657936925        176.58396292814803       0.86745855561032814        5.0346714915176030      -0.67037246234140380        4.9277019656010950       0.20070053341277300       0.20527956938792194     
         165           8   1401.78125     T  -14.830163436183748       -4.7986576232659690        222.09124170432065       0.95626034208721811        3.7197830433254513       -1.1528194277804791        1.8088760740322631       0.25233957402538504       0.16508818454235677     
         166           8   795.406250     T  -15.373501514300116       -4.4024503924162453        237.84304646577323        1.5879562461436441        6.3454200836412777      -0.31656251803482316        3.1251153776589611       0.21290305071375051       0.22685364542076938     
         167           8   795.406250     T  -15.373501514300116       -4.4024503924162453        237.84304646577323        1.5879562461436441        6.3454200836412777      -0.31656251803482316        3.1251153776589611       0.21290305071375051       0.22685364542076938     
         168           8   795.406250     T  -15.373501514300116       -4.4024503924162453        237.84304646577323        1.5879562461436441        6.3454200836412777      -0.31656251803482316        3.1251153776589611       0.21290305071375051       0.22685364542076938     
         169           8   795.406250     T  -15.373501514300116       -4.4024503924162453        237.84304646577323        1.5879562461436441        6.3454200836412777      -0.31656251803482316        3.1251153776589611       0.21290305071375051       0.22685364542076938     
         170           8   795.406250     T  -15.373501514300116       -4.4024503924162453        237.84304646577323        1.5879562461436441        6.3454200836412777      -0.31656251803482316        3.1251153776589611       0.21290305071375051       0.22685364542076938     
         171           8   795.406250     T  -15.373501514300116       -4.4024503924162453        237.84304646577323        1.5879562461436441        6.3454200836412777      -0.31656251803482316        3.1251153776589611       0.21290305071375051       0.22685364542076938     
         172           8   795.406250     T  -15.373501514300116       -4.4024503924162453        237.84304646577323        1.5879562461436441        6.3454200836412777      -0.31656251803482316        3.1251153776589611       0.21290305071375051       0.22685364542076938     
         173           8   795.406250     T  -15.373501514300116       -4.4024503924162453        237.84304646577323        1.5879562461436441        6.3454200836412777      -0.31656251803482316        3.1251153776589611       0.21290305071375051       0.22685364542076938     
         174           8   795.406250     T  -15.373501514300116       -4.4024503924162453        237.84304646577323        1.5879562461436441        6.3454200836412777      -0.31656251803482316        3.1251153776589611       0.21290305071375051       0.22685364542076938     
         175           8   795.406250     T  -15.373501514300116       -4.4024503924162453        237.84304646577323        1.5879562461436441        6.3454200836412777      -0.31656251803482316        3.1251153776589611       0.21290305071375051       0.22685364542076938     
         176           8   795.406250     T  -15.373501514300116       -4.4024503924162453        237.84304646577323        1.5879562461436441        6.3454200836412777      -0.31656251803482316        3.1251153776589611       0.21290305071375051       0.22685364542076938     
         177           8   795.406250     T  -15.373501514300116       -4.4024503924162453        237.84304646577323        1.5879562461436441        6.3454200836412777      -0.31656251803482316        3.1251153776589611       0.21290305071375051       0.22685364542076938     
         178           8   795.406250     T  -15.373501514300116       -4.4024503924162453        237.84304646577323        1.5879562461436441        6.3454200836412777      -0.31656251803482316        3.1251153776589611       0.21290305071375051       0.22685364542076938     
         179           8   846.671875     T  -14.095473426477280       -3.7564931295862367        170.03307954301911        1.0551791694714507        4.0897912315316587      -0.55017830321863836        4.5508929031650602       0.12312127161438498       0.18197977574809712     
         180           8   846.671875     T  -14.095473426477280       -3.7564931295862367        170.03307954301911        1.0551791694714507        4.0897912315316587      -0.55017830321863836        4.5508929031650602       0.12312127161438498       0.18197977574809712     
         181           8   846.671875     T  -14.095473426477280       -3.7564931295862367        170.03307954301911        1.0551791694714507        4.0897912315316587      -0.55017830321863836        4.5508929031650602       0.12312127161438498       0.18197977574809712     
         182           8   846.671875     T  -14.095473426477280       -3.7564931295862367        170.03307954301911        1.0551791694714507        4.0897912315316587      -0.55017830321863836        4.5508929031650602       0.12312127161438498       0.18197977574809712     
         183           8   846.671875     T  -14.095473426477280       -3.7564931295862367        170.03307954301911        1.0551791694714507        4.0897912315316587      -0.55017830321863836        4.5508929031650602       0.12312127161438498       0.18197977574809712     
         184           8   846.671875     T  -14.095473426477280       -3.7564931295862367        170.03307954301911        1.0551791694714507        4.0897912315316587      -0.55017830321863836        4.5508929031650602       0.12312127161438498       0.18197977574809712     
         185           8   730.656250     T  -14.317193432780680       -4.3779536606044971        196.82314130695903        2.0221959599616652        4.2718518918439194      -0.81656823361315478        3.2537928894822210       0.17483346939124875       0.17474867401321276     
         186           8   836.937500     T  -14.097421688131789       -3.9701493238547743        196.39244448069709        1.5145116516583286        4.2425898048217361      -0.74374212361772762        3.4350153460461947       0.15254269503266532       0.17461846358191921     
         187           8   1021.18750     T  -15.702400022894267       -5.2611185913512344        196.18514243608305        1.0033529102340584        4.2138933649369310      -0.66863552756610722        3.6080350856147052       0.13026834573285404       0.17439518842345073     
         188           8   1021.18750     T  -15.702400022894267       -5.2611185913512344        196.18514243608305        1.0033529102340584        4.2138933649369310      -0.66863552756610722        3.6080350856147052       0.13026834573285404       0.17439518842345073     
         189           8   1021.18750     T  -15.702400022894267       -5.2611185913512344        196.18514243608305        1.0033529102340584        4.2138933649369310      -0.66863552756610722        3.6080350856147052       0.13026834573285404       0.17439518842345073     
         190           8   1021.18750     T  -15.702400022894267       -5.2611185913512344        196.18514243608305        1.0033529102340584        4.2138933649369310      -0.66863552756610722        3.6080350856147052       0.13026834573285404       0.17439518842345073     
         191           8   1021.18750     T  -15.702400022894267       -5.2611185913512344        196.18514243608305        1.0033529102340584        4.2138933649369310      -0.66863552756610722        3.6080350856147052       0.13026834573285404       0.17439518842345073     
         192           8   1021.18750     T  -15.702400022894267       -5.2611185913512344        196.18514243608305        1.0033529102340584        4.2138933649369310      -0.66863552756610722        3.6080350856147052       0.13026834573285404       0.17439518842345073     
         193           8   1021.18750     T  -15.702400022894267       -5.2611185913512344        196.18514243608305        1.0033529102340584        4.2138933649369310      -0.66863552756610722        3.6080350856147052       0.13026834573285404       0.17439518842345073     
         194           8   1021.18750     T  -15.702400022894267       -5.2611185913512344        196.18514243608305        1.0033529102340584        4.2138933649369310      -0.66863552756610722        3.6080350856147052       0.13026834573285404       0.17439518842345073     
         195           8   1221.43750     T  -14.083375979607714       -4.0435439845852645        214.37419108549673        1.8530924844670169        3.6591731227637356       -1.0714355650796967       0.32161335639111061       0.23855406053222397       0.19711966201775391     
         196           8   1221.43750     T  -14.083375979607714       -4.0435439845852645        214.37419108549673        1.8530924844670169        3.6591731227637356       -1.0714355650796967       0.32161335639111061       0.23855406053222397       0.19711966201775391     
         197           8   1221.43750     T  -14.083375979607714       -4.0435439845852645        214.37419108549673        1.8530924844670169        3.6591731227637356       -1.0714355650796967       0.32161335639111061       0.23855406053222397       0.19711966201775391     
         198           8   1221.43750     T  -14.083375979607714       -4.0435439845852645        214.37419108549673        1.8530924844670169        3.6591731227637356       -1.0714355650796967       0.32161335639111061       0.23855406053222397       0.19711966201775391     
         199           8   1085.18750     T  -13.879922061335511       -3.8400562269246095        214.38628057158348        1.8542553913511608        3.6519711119287650       -1.1255206018110622       0.19136812776733517       0.23772746351956417       0.19704927405750366     
         200           8   1085.18750     T  -13.879922061335511       -3.8400562269246095        214.38628057158348        1.8542553913511608        3.6519711119287650       -1.1255206018110622       0.19136812776733517       0.23772746351956417       0.19704927405750366     
         201           8   1230.56250     T  -14.286802555159760       -3.9571553021561385        229.83541547244923        1.2155948246129737        3.4508531192415290       -1.3255490244657295      -0.66497435977141872       0.23443673431830869       0.21391450715333585     
         202           8   1230.56250     T  -14.286802555159760       -3.9571553021561385        229.83541547244923        1.2155948246129737        3.4508531192415290       -1.3255490244657295      -0.66497435977141872       0.23443673431830869       0.21391450715333585     
         203           8   1230.56250     T  -14.286802555159760       -3.9571553021561385        229.83541547244923        1.2155948246129737        3.4508531192415290       -1.3255490244657295      -0.66497435977141872       0.23443673431830869       0.21391450715333585     
         204           8   1230.56250     T  -14.286802555159760       -3.9571553021561385        229.83541547244923        1.2155948246129737        3.4508531192415290       -1.3255490244657295      -0.66497435977141872       0.23443673431830869       0.21391450715333585     
         205           8   1230.56250     T  -14.286802555159760       -3.9571553021561385        229.83541547244923        1.2155948246129737        3.4508531192415290       -1.3255490244657295      -0.66497435977141872       0.23443673431830869       0.21391450715333585     
         206           8   1230.56250     T  -14.286802555159760       -3.9571553021561385        229.83541547244923        1.2155948246129737        3.4508531192415290       -1.3255490244657295      -0.66497435977141872       0.23443673431830869       0.21391450715333585     
         207           8   1230.56250     T  -14.286802555159760       -3.9571553021561385        229.83541547244923        1.2155948246129737        3.4508531192415290       -1.3255490244657295      -0.66497435977141872       0.23443673431830869       0.21391450715333585     
         208           8   1230.56250     T  -14.286802555159760       -3.9571553021561385        229.83541547244923        1.2155948246129737        3.4508531192415290       -1.3255490244657295      -0.66497435977141872       0.23443673431830869       0.21391450715333585     
         209           8   1230.56250     T  -14.286802555159760       -3.9571553021561385        229.83541547244923        1.2155948246129737        3.4508531192415290       -1.3255490244657295      -0.66497435977141872       0.23443673431830869       0.21391450715333585     
         210           8   1230.56250     T  -14.286802555159760       -3.9571553021561385        229.83541547244923        1.2155948246129737        3.4508531192415290       -1.3255490244657295      -0.66497435977141872       0.23443673431830869       0.21391450715333585     
         211           8   1299.34375     T  -14.463258109467594       -4.3733242848460847        217.69809199802481        1.0680245968833819        4.4037605844789516      -0.85235878759729466       0.45894006112474189       0.23267756206509438       0.19511217725578384     
         212           8   1134.25000     T  -14.408691287369262       -4.3673955087069620        201.17599549700859        1.5291359898042567        4.6616912048010271      -0.74487586301873010       0.34501615357241255       0.25599933964529326       0.21125604273266824     
         213           8   1134.25000     T  -14.408691287369262       -4.3673955087069620        201.17599549700859        1.5291359898042567        4.6616912048010271      -0.74487586301873010       0.34501615357241255       0.25599933964529326       0.21125604273266824     
         214           8   1126.37500     T  -13.872437880637859       -4.0028009447045854        201.89092631335021        1.8836847842219540        3.9810379023026381      -0.80259298880412211        1.5140248580392843       0.25599989839891779       0.12916086963617737     
         215           8   1048.84375     T  -12.998831142142919       -3.1479275455289697        164.18657737227883        1.0527767263385281        4.6017663317482773      -0.49496238844266244        4.9679943682096050       0.19741362888952305       0.10418493242067180     
         216           8   1048.84375     T  -12.998831142142919       -3.1479275455289697        164.18657737227883        1.0527767263385281        4.6017663317482773      -0.49496238844266244        4.9679943682096050       0.19741362888952305       0.10418493242067180     
         217           8   1048.84375     T  -12.998831142142919       -3.1479275455289697        164.18657737227883        1.0527767263385281        4.6017663317482773      -0.49496238844266244        4.9679943682096050       0.19741362888952305       0.10418493242067180     
         218           8   1048.84375     T  -12.998831142142919       -3.1479275455289697        164.18657737227883        1.0527767263385281        4.6017663317482773      -0.49496238844266244        4.9679943682096050       0.19741362888952305       0.10418493242067180     
         219           8   1048.84375     T  -12.998831142142919       -3.1479275455289697        164.18657737227883        1.0527767263385281        4.6017663317482773      -0.49496238844266244        4.9679943682096050       0.19741362888952305       0.10418493242067180     
         220           8   1048.84375     T  -12.998831142142919       -3.1479275455289697        164.18657737227883        1.0527767263385281        4.6017663317482773      -0.49496238844266244        4.9679943682096050       0.19741362888952305       0.10418493242067180     
         221           8   1048.84375     T  -12.998831142142919       -3.1479275455289697        164.18657737227883        1.0527767263385281        4.6017663317482773      -0.49496238844266244        4.9679943682096050       0.19741362888952305       0.10418493242067180     
         222           8   1048.84375     T  -12.998831142142919       -3.1479275455289697        164.18657737227883        1.0527767263385281        4.6017663317482773      -0.49496238844266244        4.9679943682096050       0.19741362888952305       0.10418493242067180     
         223           8   1048.84375     T  -12.998831142142919       -3.1479275455289697        164.18657737227883        1.0527767263385281        4.6017663317482773      -0.49496238844266244        4.9679943682096050       0.19741362888952305       0.10418493242067180     
         224           8   1048.84375     T  -12.998831142142919       -3.1479275455289697        164.18657737227883        1.0527767263385281        4.6017663317482773      -0.49496238844266244        4.9679943682096050       0.19741362888952305       0.10418493242067180     
         225           8   1048.84375     T  -12.998831142142919       -3.1479275455289697        164.18657737227883        1.0527767263385281        4.6017663317482773      -0.49496238844266244        4.9679943682096050       0.19741362888952305       0.10418493242067180     
         226           8   1048.84375     T  -12.998831142142919       -3.1479275455289697        164.18657737227883        1.0527767263385281        4.6017663317482773      -0.49496238844266244        4.9679943682096050       0.19741362888952305       0.10418493242067180     
         227           8   1048.84375     T  -12.998831142142919       -3.1479275455289697        164.18657737227883        1.0527767263385281        4.6017663317482773      -0.49496238844266244        4.9679943682096050       0.19741362888952305       0.10418493242067180     
         228           8   1048.84375     T  -12.998831142142919       -3.1479275455289697        164.18657737227883        1.0527767263385281        4.6017663317482773      -0.49496238844266244        4.9679943682096050       0.19741362888952305       0.10418493242067180     
         229           8   1048.84375     T  -12.998831142142919       -3.1479275455289697        164.18657737227883        1.0527767263385281        4.6017663317482773      -0.49496238844266244        4.9679943682096050       0.19741362888952305       0.10418493242067180     
         230           8   1048.84375     T  -12.998831142142919       -3.1479275455289697        164.18657737227883        1.0527767263385281        4.6017663317482773      -0.49496238844266244        4.9679943682096050       0.19741362888952305       0.10418493242067180     
         231           8   1048.84375     T  -12.998831142142919       -3.1479275455289697        164.18657737227883        1.0527767263385281        4.6017663317482773      -0.49496238844266244        4.9679943682096050       0.19741362888952305       0.10418493242067180     
         232           8   1048.84375     T  -12.998831142142919       -3.1479275455289697        164.18657737227883        1.0527767263385281        4.6017663317482773      -0.49496238844266244        4.9679943682096050       0.19741362888952305       0.10418493242067180     
         233           8   1048.84375     T  -12.998831142142919       -3.1479275455289697        164.18657737227883        1.0527767263385281        4.6017663317482773      -0.49496238844266244        4.9679943682096050       0.19741362888952305       0.10418493242067180     
         234           8   1048.84375     T  -12.998831142142919       -3.1479275455289697        164.18657737227883        1.0527767263385281        4.6017663317482773      -0.49496238844266244        4.9679943682096050       0.19741362888952305       0.10418493242067180     
         235           8   1048.84375     T  -12.998831142142919       -3.1479275455289697        164.18657737227883        1.0527767263385281        4.6017663317482773      -0.49496238844266244        4.9679943682096050       0.19741362888952305       0.10418493242067180     
         236           8   1048.84375     T  -12.998831142142919       -3.1479275455289697        164.18657737227883        1.0527767263385281        4.6017663317482773      -0.49496238844266244        4.9679943682096050       0.19741362888952305       0.10418493242067180     
         237           8   1048.84375     T  -12.998831142142919       -3.1479275455289697        164.18657737227883        1.0527767263385281        4.6017663317482773      -0.49496238844266244        4.9679943682096050       0.19741362888952305       0.10418493242067180     
         238           8   1048.84375     T  -12.998831142142919       -3.1479275455289697        164.18657737227883        1.0527767263385281        4.6017663317482773      -0.49496238844266244        4.9679943682096050       0.19741362888952305       0.10418493242067180     
         239           8   1048.84375     T  -12.998831142142919       -3.1479275455289697        164.18657737227883        1.0527767263385281        4.6017663317482773      -0.49496238844266244        4.9679943682096050       0.19741362888952305       0.10418493242067180     
         240           8   1048.84375     T  -12.998831142142919       -3.1479275455289697        164.18657737227883        1.0527767263385281        4.6017663317482773      -0.49496238844266244        4.9679943682096050       0.19741362888952305       0.10418493242067180     
         241           8   1048.84375     T  -12.998831142142919       -3.1479275455289697        164.18657737227883        1.0527767263385281        4.6017663317482773      -0.49496238844266244        4.9679943682096050       0.19741362888952305       0.10418493242067180     
         242           8   1048.84375     T  -12.998831142142919       -3.1479275455289697        164.18657737227883        1.0527767263385281        4.6017663317482773      -0.49496238844266244        4.9679943682096050       0.19741362888952305       0.10418493242067180     
         243           8   1048.84375     T  -12.998831142142919       -3.1479275455289697        164.18657737227883        1.0527767263385281        4.6017663317482773      -0.49496238844266244        4.9679943682096050       0.19741362888952305       0.10418493242067180     
         244           8   1048.84375     T  -12.998831142142919       -3.1479275455289697        164.18657737227883        1.0527767263385281        4.6017663317482773      -0.49496238844266244        4.9679943682096050       0.19741362888952305       0.10418493242067180     
         245           8   1048.84375     T  -12.998831142142919       -3.1479275455289697        164.18657737227883        1.0527767263385281        4.6017663317482773      -0.49496238844266244        4.9679943682096050       0.19741362888952305       0.10418493242067180     
         246           8   1048.84375     T  -12.998831142142919       -3.1479275455289697        164.18657737227883        1.0527767263385281        4.6017663317482773      -0.49496238844266244        4.9679943682096050       0.19741362888952305       0.10418493242067180     
         247           8   1048.84375     T  -12.998831142142919       -3.1479275455289697        164.18657737227883        1.0527767263385281        4.6017663317482773      -0.49496238844266244        4.9679943682096050       0.19741362888952305       0.10418493242067180     
         248           8   1048.84375     T  -12.998831142142919       -3.1479275455289697        164.18657737227883        1.0527767263385281        4.6017663317482773      -0.49496238844266244        4.9679943682096050       0.19741362888952305       0.10418493242067180     
         249           8   1048.84375     T  -12.998831142142919       -3.1479275455289697        164.18657737227883        1.0527767263385281        4.6017663317482773      -0.49496238844266244        4.9679943682096050       0.19741362888952305       0.10418493242067180     
         250           8   1048.84375     T  -12.998831142142919       -3.1479275455289697        164.18657737227883        1.0527767263385281        4.6017663317482773      -0.49496238844266244        4.9679943682096050       0.19741362888952305       0.10418493242067180     
         251           8   1048.84375     T  -12.998831142142919       -3.1479275455289697        164.18657737227883        1.0527767263385281        4.6017663317482773      -0.49496238844266244        4.9679943682096050       0.19741362888952305       0.10418493242067180     
         252           8   1067.31250     T  -13.075456037927252       -3.2322550761856816        164.44182300685645        1.0381581232541750        4.6060112329359821      -0.49022338042699060        4.9231507656937294       0.19782501636431490       0.10477663053838214     
         253           8   1067.31250     T  -13.075456037927252       -3.2322550761856816        164.44182300685645        1.0381581232541750        4.6060112329359821      -0.49022338042699060        4.9231507656937294       0.19782501636431490       0.10477663053838214     
         254           8   1067.31250     T  -13.075456037927252       -3.2322550761856816        164.44182300685645        1.0381581232541750        4.6060112329359821      -0.49022338042699060        4.9231507656937294       0.19782501636431490       0.10477663053838214     
         255           8   1067.31250     T  -13.075456037927252       -3.2322550761856816        164.44182300685645        1.0381581232541750        4.6060112329359821      -0.49022338042699060        4.9231507656937294       0.19782501636431490       0.10477663053838214     
         256           8   1067.31250     T  -13.075456037927252       -3.2322550761856816        164.44182300685645        1.0381581232541750        4.6060112329359821      -0.49022338042699060        4.9231507656937294       0.19782501636431490       0.10477663053838214     
         257           8   1055.18750     T  -12.786642727219903       -2.9351506717236999        163.42137029443668        1.0437634980120096        4.5872699503721961      -0.44913572182828876        4.8188209949697889       0.20216547292050027       0.10267618357925844     
         258           8   1084.65625     T  -12.913626946408852       -3.1156570632751759        163.19200922304654        1.0089251253685902        4.5899422135757657      -0.47877421983344937        4.7746837775650208       0.20919356794287405       0.10488535370891405     
         259           8   1084.65625     T  -12.913626946408852       -3.1156570632751759        163.19200922304654        1.0089251253685902        4.5899422135757657      -0.47877421983344937        4.7746837775650208       0.20919356794287405       0.10488535370891405     
         260           8   1084.65625     T  -12.913626946408852       -3.1156570632751759        163.19200922304654        1.0089251253685902        4.5899422135757657      -0.47877421983344937        4.7746837775650208       0.20919356794287405       0.10488535370891405     
         261           8   1084.65625     T  -12.913626946408852       -3.1156570632751759        163.19200922304654        1.0089251253685902        4.5899422135757657      -0.47877421983344937        4.7746837775650208       0.20919356794287405       0.10488535370891405     
         262           8   1084.65625     T  -12.913626946408852       -3.1156570632751759        163.19200922304654        1.0089251253685902        4.5899422135757657      -0.47877421983344937        4.7746837775650208       0.20919356794287405       0.10488535370891405     
         263           8   1084.65625     T  -12.913626946408852       -3.1156570632751759        163.19200922304654        1.0089251253685902        4.5899422135757657      -0.47877421983344937        4.7746837775650208       0.20919356794287405       0.10488535370891405     
         264           8   1084.65625     T  -12.913626946408852       -3.1156570632751759        163.19200922304654        1.0089251253685902        4.5899422135757657      -0.47877421983344937        4.7746837775650208       0.20919356794287405       0.10488535370891405     
         265           8   1084.65625     T  -12.913626946408852       -3.1156570632751759        163.19200922304654        1.0089251253685902        4.5899422135757657      -0.47877421983344937        4.7746837775650208       0.20919356794287405       0.10488535370891405     
         266           8   1140.96875     T  -13.224610738394665       -3.4423953656170152        163.35471877503204       0.98478989717416110        4.5753138509516429      -0.48537435081679292        4.7473436366617019       0.20924850218354660       0.10588976252852642     
         267           8   1140.96875     T  -13.224610738394665       -3.4423953656170152        163.35471877503204       0.98478989717416110        4.5753138509516429      -0.48537435081679292        4.7473436366617019       0.20924850218354660       0.10588976252852642     
         268           8   1140.96875     T  -13.224610738394665       -3.4423953656170152        163.35471877503204       0.98478989717416110        4.5753138509516429      -0.48537435081679292        4.7473436366617019       0.20924850218354660       0.10588976252852642     
         269           8   1204.46875     T  -14.530518585311915       -4.0711727826308515        188.81041679573946        2.2729241110559539        4.4839552413949901      -0.45229021191697577      -0.66826742755946400       0.12934064589094219       0.18928165786686230     
         270           8   1204.46875     T  -14.530518585311915       -4.0711727826308515        188.81041679573946        2.2729241110559539        4.4839552413949901      -0.45229021191697577      -0.66826742755946400       0.12934064589094219       0.18928165786686230     
         271           8   1307.03125     T  -14.496361603167648       -4.8860891387844685        182.10306558267840        1.4656889439064986        4.0069553025106277       -1.1216668970992174        1.1699922554330269       0.22053670888947591       0.13940547203556358     
         272           8   1307.03125     T  -14.496361603167648       -4.8860891387844685        182.10306558267840        1.4656889439064986        4.0069553025106277       -1.1216668970992174        1.1699922554330269       0.22053670888947591       0.13940547203556358     
         273           8   1307.03125     T  -14.496361603167648       -4.8860891387844685        182.10306558267840        1.4656889439064986        4.0069553025106277       -1.1216668970992174        1.1699922554330269       0.22053670888947591       0.13940547203556358     
         274           8   1293.12500     T  -14.571973441732046       -4.9618966917923899        181.69534768466579        1.4868165203025758        4.0017061543471888       -1.1169045515386329        1.2098060124341430       0.22001177161345323       0.13838751527335463     
         275           8   1293.12500     T  -14.571973441732046       -4.9618966917923899        181.69534768466579        1.4868165203025758        4.0017061543471888       -1.1169045515386329        1.2098060124341430       0.22001177161345323       0.13838751527335463     
         276           8   1293.12500     T  -14.571973441732046       -4.9618966917923899        181.69534768466579        1.4868165203025758        4.0017061543471888       -1.1169045515386329        1.2098060124341430       0.22001177161345323       0.13838751527335463     
         277           8   1096.65625     T  -13.908073705324790       -4.2907099371268345        181.83816336530558        1.6586420805976414        3.9754346890966779       -1.2677306046235817        1.3361447148571972       0.22319502093832133       0.13581747854791026     
         278           8   1273.59375     T  -13.980660488325929       -4.3764587663250225        181.59109661166477        1.6179772202204570        3.9758431892842756       -1.2616886344386946        1.1723215983763300       0.23421532451580865       0.13754200257360308     
         279           8   1258.62500     T  -13.734356577439781       -3.9628537554525884        181.65282374124851        1.8339747356111482        2.9739312126128725       -1.3764927489640100        1.1180936463739071       0.24767726068319568       0.13375453829275505     
         280           8   1258.62500     T  -13.734356577439781       -3.9628537554525884        181.65282374124851        1.8339747356111482        2.9739312126128725       -1.3764927489640100        1.1180936463739071       0.24767726068319568       0.13375453829275505     
         281           8   1258.62500     T  -13.734356577439781       -3.9628537554525884        181.65282374124851        1.8339747356111482        2.9739312126128725       -1.3764927489640100        1.1180936463739071       0.24767726068319568       0.13375453829275505     
         282           8   1258.62500     T  -13.734356577439781       -3.9628537554525884        181.65282374124851        1.8339747356111482        2.9739312126128725       -1.3764927489640100        1.1180936463739071       0.24767726068319568       0.13375453829275505     
         283           8   1258.62500     T  -13.734356577439781       -3.9628537554525884        181.65282374124851        1.8339747356111482        2.9739312126128725       -1.3764927489640100        1.1180936463739071       0.24767726068319568       0.13375453829275505     
         284           8   958.187500     T  -12.847969870550290       -3.0999439647867226        162.65973904594804        1.0339416902128391        4.4402974286001218      -0.53522470809275602        4.9933711019469280       0.17731133191001824       0.11749253765368052     
         285           8   958.187500     T  -12.847969870550290       -3.0999439647867226        162.65973904594804        1.0339416902128391        4.4402974286001218      -0.53522470809275602        4.9933711019469280       0.17731133191001824       0.11749253765368052     
         286           8   958.187500     T  -12.847969870550290       -3.0999439647867226        162.65973904594804        1.0339416902128391        4.4402974286001218      -0.53522470809275602        4.9933711019469280       0.17731133191001824       0.11749253765368052     
         287           8   958.187500     T  -12.847969870550290       -3.0999439647867226        162.65973904594804        1.0339416902128391        4.4402974286001218      -0.53522470809275602        4.9933711019469280       0.17731133191001824       0.11749253765368052     
         288           8   958.187500     T  -12.847969870550290       -3.0999439647867226        162.65973904594804        1.0339416902128391        4.4402974286001218      -0.53522470809275602        4.9933711019469280       0.17731133191001824       0.11749253765368052     
         289           8   958.187500     T  -12.847969870550290       -3.0999439647867226        162.65973904594804        1.0339416902128391        4.4402974286001218      -0.53522470809275602        4.9933711019469280       0.17731133191001824       0.11749253765368052     
         290           8   958.187500     T  -12.847969870550290       -3.0999439647867226        162.65973904594804        1.0339416902128391        4.4402974286001218      -0.53522470809275602        4.9933711019469280       0.17731133191001824       0.11749253765368052     
         291           8   958.187500     T  -12.847969870550290       -3.0999439647867226        162.65973904594804        1.0339416902128391        4.4402974286001218      -0.53522470809275602        4.9933711019469280       0.17731133191001824       0.11749253765368052     
         292           8   958.187500     T  -12.847969870550290       -3.0999439647867226        162.65973904594804        1.0339416902128391        4.4402974286001218      -0.53522470809275602        4.9933711019469280       0.17731133191001824       0.11749253765368052     
         293           8   958.187500     T  -12.847969870550290       -3.0999439647867226        162.65973904594804        1.0339416902128391        4.4402974286001218      -0.53522470809275602        4.9933711019469280       0.17731133191001824       0.11749253765368052     
         294           8   958.187500     T  -12.847969870550290       -3.0999439647867226        162.65973904594804        1.0339416902128391        4.4402974286001218      -0.53522470809275602        4.9933711019469280       0.17731133191001824       0.11749253765368052     
         295           8   958.187500     T  -12.847969870550290       -3.0999439647867226        162.65973904594804        1.0339416902128391        4.4402974286001218      -0.53522470809275602        4.9933711019469280       0.17731133191001824       0.11749253765368052     
         296           8   958.187500     T  -12.847969870550290       -3.0999439647867226        162.65973904594804        1.0339416902128391        4.4402974286001218      -0.53522470809275602        4.9933711019469280       0.17731133191001824       0.11749253765368052     
