           1           9   687.621704     F  -45.024661145958369       -35.324691955670836        139.17104794808918        2.5006177712783404        5.1132609155790947        1.0412635017153673        2.0011378692427759       0.30165809612388261       0.20963774919579398     
           2           9   743.291260     F  -27.980212669672650       -18.270523284388322        141.36873446549745        2.5264852197001000        5.6546552029304014       0.75385659156875728        1.9080746180240191       0.26993157731397360       0.20172047869537330     
           3           9   885.077881     F  -27.758174474091305       -17.894710685677584        130.09863199727553        2.4330350626130697        5.9216149850652435       0.68601555403921144        1.7258028659760241       0.30375273928984164       0.20811395987456013     
           4           9   885.077881     F  -27.758174474091305       -17.894710685677584        130.09863199727553        2.4330350626130697        5.9216149850652435       0.68601555403921144        1.7258028659760241       0.30375273928984164       0.20811395987456013     
           5           9   885.077881     F  -27.758174474091305       -17.894710685677584        130.09863199727553        2.4330350626130697        5.9216149850652435       0.68601555403921144        1.7258028659760241       0.30375273928984164       0.20811395987456013     
           6           9   885.077881     F  -27.758174474091305       -17.894710685677584        130.09863199727553        2.4330350626130697        5.9216149850652435       0.68601555403921144        1.7258028659760241       0.30375273928984164       0.20811395987456013     
           7           9   885.077881     F  -27.758174474091305       -17.894710685677584        130.09863199727553        2.4330350626130697        5.9216149850652435       0.68601555403921144        1.7258028659760241       0.30375273928984164       0.20811395987456013     
           8           9   962.410645     F  -24.192904305559843       -14.224218702932539        136.17523253758100        2.5631829565675357        6.0200219507515467       0.29122805424926007        1.6944984831225114       0.22362329856668550       0.23737814581587482     
           9           9   1015.00293     F  -20.464050603012961       -7.1284885655266716        159.77984407296861        2.2599380523356811        9.3093055959236857       0.29558809280449594        1.5925811968282682       0.13031147364161988       0.39746559464241987     
          10           9   1102.56836     F  -18.180836032696384       -4.8586203137319224        172.22431450703974        1.6925343533498123        9.0505230360191931        8.2383171711894077E-002   1.2601792796162163       0.12903715796613849       0.39269100362456533     
          11           9   1150.56641     F  -18.440130345551864       -5.4433324061707120        180.80209080438851        1.3719410571083852        9.4224786175133399       0.31212308208001532        1.0811166218434716       0.19778247226911277       0.40379251944708344     
          12           9   1150.56641     F  -18.440130345551864       -5.4433324061707120        180.80209080438851        1.3719410571083852        9.4224786175133399       0.31212308208001532        1.0811166218434716       0.19778247226911277       0.40379251944708344     
          13           9   1150.56641     F  -18.440130345551864       -5.4433324061707120        180.80209080438851        1.3719410571083852        9.4224786175133399       0.31212308208001532        1.0811166218434716       0.19778247226911277       0.40379251944708344     
          14           9   1150.56641     F  -18.440130345551864       -5.4433324061707120        180.80209080438851        1.3719410571083852        9.4224786175133399       0.31212308208001532        1.0811166218434716       0.19778247226911277       0.40379251944708344     
          15           9   1150.56641     F  -18.440130345551864       -5.4433324061707120        180.80209080438851        1.3719410571083852        9.4224786175133399       0.31212308208001532        1.0811166218434716       0.19778247226911277       0.40379251944708344     
          16           9   1150.56641     F  -18.440130345551864       -5.4433324061707120        180.80209080438851        1.3719410571083852        9.4224786175133399       0.31212308208001532        1.0811166218434716       0.19778247226911277       0.40379251944708344     
          17           9   1150.56641     F  -18.440130345551864       -5.4433324061707120        180.80209080438851        1.3719410571083852        9.4224786175133399       0.31212308208001532        1.0811166218434716       0.19778247226911277       0.40379251944708344     
          18           9   885.392578     F  -18.418176802172553       -8.8653840013216954        156.39782426282846        2.0757860863099227        4.7618700817983433       0.12157960336225153        1.5643731918296653       0.22677001047290693       0.19829548141964126     
          19           9   885.392578     F  -18.418176802172553       -8.8653840013216954        156.39782426282846        2.0757860863099227        4.7618700817983433       0.12157960336225153        1.5643731918296653       0.22677001047290693       0.19829548141964126     
          20           9   885.392578     F  -18.418176802172553       -8.8653840013216954        156.39782426282846        2.0757860863099227        4.7618700817983433       0.12157960336225153        1.5643731918296653       0.22677001047290693       0.19829548141964126     
          21           9   1318.71289     F  -19.234872605370626       -5.9371510932600522        188.87552505322589        2.0550058654570860        13.769426988570642       -1.4795458473527134       0.19571169735599386       0.37462718509956899       0.17061594666343191     
          22           9   1318.71289     F  -19.234872605370626       -5.9371510932600522        188.87552505322589        2.0550058654570860        13.769426988570642       -1.4795458473527134       0.19571169735599386       0.37462718509956899       0.17061594666343191     
          23           9   1318.71289     F  -19.234872605370626       -5.9371510932600522        188.87552505322589        2.0550058654570860        13.769426988570642       -1.4795458473527134       0.19571169735599386       0.37462718509956899       0.17061594666343191     
          24           9   1318.71289     F  -19.234872605370626       -5.9371510932600522        188.87552505322589        2.0550058654570860        13.769426988570642       -1.4795458473527134       0.19571169735599386       0.37462718509956899       0.17061594666343191     
          25           9   1206.04688     F  -19.349862340361838       -5.4672565596209379        212.56599440465155        2.3590402504789374        15.678699400885876       -1.8961844129861196       0.30007729566827163       0.27030031189165626       0.18523867155277315     
          26           9   1172.07812     F  -18.369198905842492       -4.6508871081625625        198.78160269390457        2.3455731560857829        15.794732955083923       -1.8751619103972081       0.31383750097730728       0.26040854133327507       0.17422661181293331     
          27           9   1172.07812     F  -18.369198905842492       -4.6508871081625625        198.78160269390457        2.3455731560857829        15.794732955083923       -1.8751619103972081       0.31383750097730728       0.26040854133327507       0.17422661181293331     
          28           9   1172.07812     F  -18.369198905842492       -4.6508871081625625        198.78160269390457        2.3455731560857829        15.794732955083923       -1.8751619103972081       0.31383750097730728       0.26040854133327507       0.17422661181293331     
          29           9   1172.07812     F  -18.369198905842492       -4.6508871081625625        198.78160269390457        2.3455731560857829        15.794732955083923       -1.8751619103972081       0.31383750097730728       0.26040854133327507       0.17422661181293331     
          30           9   1172.07812     F  -18.369198905842492       -4.6508871081625625        198.78160269390457        2.3455731560857829        15.794732955083923       -1.8751619103972081       0.31383750097730728       0.26040854133327507       0.17422661181293331     
          31           9   1172.07812     T  -18.369198905842492       -4.6508871081625625        198.78160269390457        2.3455731560857829        15.794732955083923       -1.8751619103972081       0.31383750097730728       0.26040854133327507       0.17422661181293331     
          32           9   1172.07812     T  -18.369198905842492       -4.6508871081625625        198.78160269390457        2.3455731560857829        15.794732955083923       -1.8751619103972081       0.31383750097730728       0.26040854133327507       0.17422661181293331     
          33           9   1172.07812     T  -18.369198905842492       -4.6508871081625625        198.78160269390457        2.3455731560857829        15.794732955083923       -1.8751619103972081       0.31383750097730728       0.26040854133327507       0.17422661181293331     
          34           9   1172.07812     T  -18.369198905842492       -4.6508871081625625        198.78160269390457        2.3455731560857829        15.794732955083923       -1.8751619103972081       0.31383750097730728       0.26040854133327507       0.17422661181293331     
          35           9   1172.07812     T  -18.369198905842492       -4.6508871081625625        198.78160269390457        2.3455731560857829        15.794732955083923       -1.8751619103972081       0.31383750097730728       0.26040854133327507       0.17422661181293331     
          36           9   1172.07812     T  -18.369198905842492       -4.6508871081625625        198.78160269390457        2.3455731560857829        15.794732955083923       -1.8751619103972081       0.31383750097730728       0.26040854133327507       0.17422661181293331     
          37           9   1172.07812     T  -18.369198905842492       -4.6508871081625625        198.78160269390457        2.3455731560857829        15.794732955083923       -1.8751619103972081       0.31383750097730728       0.26040854133327507       0.17422661181293331     
          38           9   1172.07812     T  -18.369198905842492       -4.6508871081625625        198.78160269390457        2.3455731560857829        15.794732955083923       -1.8751619103972081       0.31383750097730728       0.26040854133327507       0.17422661181293331     
          39           9   1172.07812     T  -18.369198905842492       -4.6508871081625625        198.78160269390457        2.3455731560857829        15.794732955083923       -1.8751619103972081       0.31383750097730728       0.26040854133327507       0.17422661181293331     
          40           9   1172.07812     T  -18.369198905842492       -4.6508871081625625        198.78160269390457        2.3455731560857829        15.794732955083923       -1.8751619103972081       0.31383750097730728       0.26040854133327507       0.17422661181293331     
          41           9   1089.56641     T  -16.058107196301755       -4.9030475013700263        194.57544856639592        2.2429575988936090        8.9995428430083528      -0.22773079160790952        1.2380295682437727       0.27252576140676560       0.15394027821716225     
          42           9   1089.56641     T  -16.058107196301755       -4.9030475013700263        194.57544856639592        2.2429575988936090        8.9995428430083528      -0.22773079160790952        1.2380295682437727       0.27252576140676560       0.15394027821716225     
          43           9   1008.04688     T  -15.635103463230013       -5.0233955159928438        260.10648904009452        1.7001201584566508        4.5970434758660152      -0.55623766466702440       0.89154289657041075       0.28418842873683797       0.16996436552033167     
          44           9   1008.04688     T  -15.635103463230013       -5.0233955159928438        260.10648904009452        1.7001201584566508        4.5970434758660152      -0.55623766466702440       0.89154289657041075       0.28418842873683797       0.16996436552033167     
          45           9   1008.04688     T  -15.635103463230013       -5.0233955159928438        260.10648904009452        1.7001201584566508        4.5970434758660152      -0.55623766466702440       0.89154289657041075       0.28418842873683797       0.16996436552033167     
          46           9   1008.04688     T  -15.635103463230013       -5.0233955159928438        260.10648904009452        1.7001201584566508        4.5970434758660152      -0.55623766466702440       0.89154289657041075       0.28418842873683797       0.16996436552033167     
          47           9   1032.63281     T  -14.888734730086844       -3.6800956870557329        203.93950317891785        2.0121388485546863        7.7462937217568166      -0.12362507685524807        1.3734555375073938       0.20653871962393186       0.24738408152502850     
          48           9   1032.63281     T  -14.888734730086844       -3.6800956870557329        203.93950317891785        2.0121388485546863        7.7462937217568166      -0.12362507685524807        1.3734555375073938       0.20653871962393186       0.24738408152502850     
          49           9   1032.63281     T  -14.888734730086844       -3.6800956870557329        203.93950317891785        2.0121388485546863        7.7462937217568166      -0.12362507685524807        1.3734555375073938       0.20653871962393186       0.24738408152502850     
          50           9   1032.63281     T  -14.888734730086844       -3.6800956870557329        203.93950317891785        2.0121388485546863        7.7462937217568166      -0.12362507685524807        1.3734555375073938       0.20653871962393186       0.24738408152502850     
          51           9   1044.50000     T  -15.745560565738780       -4.7342100063780030        258.64013182503396        1.4974548724355157        3.4727849190802185      -0.31047703223783218        1.1189272785421960       0.21389256237039631       0.25973141090106694     
          52           9   960.031250     T  -14.498882228535937       -3.9836679427403068        192.47577481717923        2.3446195122165707        5.3606414082623921      -0.56415043947411536        1.6428866348171598       0.14806444220908913       0.21584617996851199     
          53           9   960.031250     T  -14.498882228535937       -3.9836679427403068        192.47577481717923        2.3446195122165707        5.3606414082623921      -0.56415043947411536        1.6428866348171598       0.14806444220908913       0.21584617996851199     
          54           9   960.031250     T  -14.498882228535937       -3.9836679427403068        192.47577481717923        2.3446195122165707        5.3606414082623921      -0.56415043947411536        1.6428866348171598       0.14806444220908913       0.21584617996851199     
          55           9   960.031250     T  -14.498882228535937       -3.9836679427403068        192.47577481717923        2.3446195122165707        5.3606414082623921      -0.56415043947411536        1.6428866348171598       0.14806444220908913       0.21584617996851199     
          56           9   999.960938     T  -15.321958347103454       -4.2022464620482429        226.45236494659898        1.9763863611734054        6.9523575628639325      -0.18488147407128433        1.3887111533985319       0.19915934413010339       0.23486278452072903     
          57           9   1048.91406     T  -15.603613911921133       -3.8389545653707247        181.59119739321628        2.3076792724635866        8.7233760673465071      -0.19543468313916146        1.5447328125059321       0.13675349852550672       0.23199366743180952     
          58           9   1048.91406     T  -15.603613911921133       -3.8389545653707247        181.59119739321628        2.3076792724635866        8.7233760673465071      -0.19543468313916146        1.5447328125059321       0.13675349852550672       0.23199366743180952     
          59           9   1048.91406     T  -15.603613911921133       -3.8389545653707247        181.59119739321628        2.3076792724635866        8.7233760673465071      -0.19543468313916146        1.5447328125059321       0.13675349852550672       0.23199366743180952     
          60           9   1048.91406     T  -15.603613911921133       -3.8389545653707247        181.59119739321628        2.3076792724635866        8.7233760673465071      -0.19543468313916146        1.5447328125059321       0.13675349852550672       0.23199366743180952     
          61           9   1048.91406     T  -15.603613911921133       -3.8389545653707247        181.59119739321628        2.3076792724635866        8.7233760673465071      -0.19543468313916146        1.5447328125059321       0.13675349852550672       0.23199366743180952     
          62           9   954.789062     T  -16.494176260532925       -4.2346713417545079        175.66111792638722        2.8119769331151878        6.9394023950750681       -1.0030947320941248        1.7102581669470063        9.0310543525886938E-002  0.22474159193179044     
          63           9   954.789062     T  -16.494176260532925       -4.2346713417545079        175.66111792638722        2.8119769331151878        6.9394023950750681       -1.0030947320941248        1.7102581669470063        9.0310543525886938E-002  0.22474159193179044     
          64           9   954.789062     T  -16.494176260532925       -4.2346713417545079        175.66111792638722        2.8119769331151878        6.9394023950750681       -1.0030947320941248        1.7102581669470063        9.0310543525886938E-002  0.22474159193179044     
          65           9   954.789062     T  -16.494176260532925       -4.2346713417545079        175.66111792638722        2.8119769331151878        6.9394023950750681       -1.0030947320941248        1.7102581669470063        9.0310543525886938E-002  0.22474159193179044     
          66           9   910.679688     T  -17.680280306117290       -6.8350022423425525        208.07746059319300        2.5598944196728852        5.0648811455155132      -0.99207940482983092        1.5472147660576925       0.12634767246119094       0.19512362050159546     
          67           9   910.679688     T  -17.680280306117290       -6.8350022423425525        208.07746059319300        2.5598944196728852        5.0648811455155132      -0.99207940482983092        1.5472147660576925       0.12634767246119094       0.19512362050159546     
          68           9   910.679688     T  -17.680280306117290       -6.8350022423425525        208.07746059319300        2.5598944196728852        5.0648811455155132      -0.99207940482983092        1.5472147660576925       0.12634767246119094       0.19512362050159546     
          69           9   836.031250     T  -17.264604866082486       -5.8478319963956045        240.41547593697857        2.0749564098445408        4.4279122209551414       -5.7514228076797326E-002   1.7258859393618287       0.11737250163870916       0.11257284370035298     
          70           9   985.523438     T  -14.606417224124275       -3.8102704656877435        205.71365616130871        1.7871147261247111        7.4312496893121569       0.24070795026159972        1.5934411319226760       0.18464364344718037       0.17476015033438810     
          71           9   985.523438     T  -14.606417224124275       -3.8102704656877435        205.71365616130871        1.7871147261247111        7.4312496893121569       0.24070795026159972        1.5934411319226760       0.18464364344718037       0.17476015033438810     
          72           9   985.523438     T  -14.606417224124275       -3.8102704656877435        205.71365616130871        1.7871147261247111        7.4312496893121569       0.24070795026159972        1.5934411319226760       0.18464364344718037       0.17476015033438810     
          73           9   985.523438     T  -14.606417224124275       -3.8102704656877435        205.71365616130871        1.7871147261247111        7.4312496893121569       0.24070795026159972        1.5934411319226760       0.18464364344718037       0.17476015033438810     
          74           9   985.523438     T  -14.606417224124275       -3.8102704656877435        205.71365616130871        1.7871147261247111        7.4312496893121569       0.24070795026159972        1.5934411319226760       0.18464364344718037       0.17476015033438810     
          75           9   985.523438     T  -14.606417224124275       -3.8102704656877435        205.71365616130871        1.7871147261247111        7.4312496893121569       0.24070795026159972        1.5934411319226760       0.18464364344718037       0.17476015033438810     
          76           9   985.523438     T  -14.606417224124275       -3.8102704656877435        205.71365616130871        1.7871147261247111        7.4312496893121569       0.24070795026159972        1.5934411319226760       0.18464364344718037       0.17476015033438810     
          77           9   985.523438     T  -14.606417224124275       -3.8102704656877435        205.71365616130871        1.7871147261247111        7.4312496893121569       0.24070795026159972        1.5934411319226760       0.18464364344718037       0.17476015033438810     
          78           9   985.523438     T  -14.606417224124275       -3.8102704656877435        205.71365616130871        1.7871147261247111        7.4312496893121569       0.24070795026159972        1.5934411319226760       0.18464364344718037       0.17476015033438810     
          79           9   985.523438     T  -14.606417224124275       -3.8102704656877435        205.71365616130871        1.7871147261247111        7.4312496893121569       0.24070795026159972        1.5934411319226760       0.18464364344718037       0.17476015033438810     
          80           9   985.523438     T  -14.606417224124275       -3.8102704656877435        205.71365616130871        1.7871147261247111        7.4312496893121569       0.24070795026159972        1.5934411319226760       0.18464364344718037       0.17476015033438810     
          81           9   1061.49219     T  -14.602886463732911       -3.8202547111836465        205.69955869245015        1.8915551174248575        7.3979453232507542       0.23623539029870683        1.5870093406316894       0.18515616909590399       0.17506375973033930     
          82           9   958.898438     T  -14.885311892091602       -4.1019666916715476        207.25886266162007        2.0456210800484165        7.3302493913907085       0.21869964063959016        1.5784945315432766       0.18385658436836003       0.17517053985459405     
          83           9   958.898438     T  -14.885311892091602       -4.1019666916715476        207.25886266162007        2.0456210800484165        7.3302493913907085       0.21869964063959016        1.5784945315432766       0.18385658436836003       0.17517053985459405     
          84           9   884.210938     T  -17.378196270559258       -6.4706928984111016        290.95707762899087        1.1858511997606838        3.5691284860176613       0.74383804446973412        1.0814613593998810       0.20233366395477254       0.16109532231133014     
          85           9   884.210938     T  -17.378196270559258       -6.4706928984111016        290.95707762899087        1.1858511997606838        3.5691284860176613       0.74383804446973412        1.0814613593998810       0.20233366395477254       0.16109532231133014     
          86           9   821.179688     T  -14.888248651025936       -4.1583213912900687        200.17703266817207        2.0250139070388031        5.0842417134104156       0.36487023638568261        1.4937764052550369       0.14932950372864037       0.24679059762993952     
          87           9   821.179688     T  -14.888248651025936       -4.1583213912900687        200.17703266817207        2.0250139070388031        5.0842417134104156       0.36487023638568261        1.4937764052550369       0.14932950372864037       0.24679059762993952     
          88           9   821.179688     T  -14.888248651025936       -4.1583213912900687        200.17703266817207        2.0250139070388031        5.0842417134104156       0.36487023638568261        1.4937764052550369       0.14932950372864037       0.24679059762993952     
          89           9   821.179688     T  -14.888248651025936       -4.1583213912900687        200.17703266817207        2.0250139070388031        5.0842417134104156       0.36487023638568261        1.4937764052550369       0.14932950372864037       0.24679059762993952     
          90           9   1053.02344     T  -16.674871291467504       -5.3614041656557703        228.05658551625285        1.6658884185166882        5.1790828643835614       0.15878220295147838       0.94632051230421033       0.22726942934193992       0.32379676571118210     
          91           9   1053.02344     T  -16.674871291467504       -5.3614041656557703        228.05658551625285        1.6658884185166882        5.1790828643835614       0.15878220295147838       0.94632051230421033       0.22726942934193992       0.32379676571118210     
          92           9   1053.02344     T  -16.674871291467504       -5.3614041656557703        228.05658551625285        1.6658884185166882        5.1790828643835614       0.15878220295147838       0.94632051230421033       0.22726942934193992       0.32379676571118210     
          93           9   1053.02344     T  -16.674871291467504       -5.3614041656557703        228.05658551625285        1.6658884185166882        5.1790828643835614       0.15878220295147838       0.94632051230421033       0.22726942934193992       0.32379676571118210     
          94           9   1053.02344     T  -16.674871291467504       -5.3614041656557703        228.05658551625285        1.6658884185166882        5.1790828643835614       0.15878220295147838       0.94632051230421033       0.22726942934193992       0.32379676571118210     
          95           9   965.625000     T  -17.430592370788833       -5.4895031198538478        221.40853261601535        1.9405157199661887        3.0389399651679554      -0.52080009503813418       0.84233180644529049       0.18894904289792203       0.39449999309173917     
          96           9   1000.17188     T  -16.169806611118517       -4.7970961370883725        227.73980570069946        1.6522983494211962        5.4366895148963241      -0.63373019142200215       0.93950606147765403       0.22643905530276601       0.32406656662795630     
          97           9   972.156250     T  -19.116113128864981       -6.5343225927889730        218.01505407469830        1.8881651840749094        9.0312670705507436       0.88481286642931423        1.1820887264941198       0.19959493085535943       0.33303490960911220     
          98           9   1436.12500     T  -19.591661437736668       -7.6744318301592527        243.89425100237770       0.67072893192270799        8.7039547097601258       0.33173672405205434        1.9963039515820604       0.31233276528728610       0.21162551411312466     
          99           9   1351.82812     T  -15.989274648197204       -5.0709850870721223        245.42761795025450       0.94219788562979878        6.0045096977791630      -0.32601335508711876        1.9078838264208708       0.22715262790009935       0.10889896860571716     
         100           9   1351.82812     T  -15.989274648197204       -5.0709850870721223        245.42761795025450       0.94219788562979878        6.0045096977791630      -0.32601335508711876        1.9078838264208708       0.22715262790009935       0.10889896860571716     
         101           9   1351.82812     T  -15.989274648197204       -5.0709850870721223        245.42761795025450       0.94219788562979878        6.0045096977791630      -0.32601335508711876        1.9078838264208708       0.22715262790009935       0.10889896860571716     
         102           9   1408.62500     T  -16.645539374822565       -4.6666266301175927        227.76499101322608        1.0123651980187125        9.0064612011585723      -0.71300551379245336        1.9595279628627906       0.30154691185959959       0.10144470462193256     
         103           9   1408.62500     T  -16.645539374822565       -4.6666266301175927        227.76499101322608        1.0123651980187125        9.0064612011585723      -0.71300551379245336        1.9595279628627906       0.30154691185959959       0.10144470462193256     
         104           9   1408.62500     T  -16.645539374822565       -4.6666266301175927        227.76499101322608        1.0123651980187125        9.0064612011585723      -0.71300551379245336        1.9595279628627906       0.30154691185959959       0.10144470462193256     
         105           9   1408.62500     T  -16.645539374822565       -4.6666266301175927        227.76499101322608        1.0123651980187125        9.0064612011585723      -0.71300551379245336        1.9595279628627906       0.30154691185959959       0.10144470462193256     
         106           9   1408.62500     T  -16.645539374822565       -4.6666266301175927        227.76499101322608        1.0123651980187125        9.0064612011585723      -0.71300551379245336        1.9595279628627906       0.30154691185959959       0.10144470462193256     
         107           9   1384.07812     T  -16.775937297415854       -4.7624022402121682        229.83301640280817       0.97635765512680561        9.0241653594275988      -0.71931885470778578        1.9655684952787578       0.30172818668343937       0.10126127051964208     
         108           9   1384.07812     T  -16.775937297415854       -4.7624022402121682        229.83301640280817       0.97635765512680561        9.0241653594275988      -0.71931885470778578        1.9655684952787578       0.30172818668343937       0.10126127051964208     
         109           9   1384.07812     T  -16.775937297415854       -4.7624022402121682        229.83301640280817       0.97635765512680561        9.0241653594275988      -0.71931885470778578        1.9655684952787578       0.30172818668343937       0.10126127051964208     
         110           9   1046.10938     T  -14.403489735636896       -4.1858721259928231        216.25789525080370        1.4471742331698123        2.9727685527768739      -0.90165935844199141        1.7835124332033681       0.22138820392108249       0.19987267565919670     
         111           9   1046.10938     T  -14.403489735636896       -4.1858721259928231        216.25789525080370        1.4471742331698123        2.9727685527768739      -0.90165935844199141        1.7835124332033681       0.22138820392108249       0.19987267565919670     
         112           9   994.062500     T  -13.922813195142313       -3.6086665332641719        192.80000156756154        1.8746828415204413        2.3495772685124203       -1.8626648745928662        1.7858808844737235       0.19625924274577575       0.18458361681244256     
         113           9   994.062500     T  -13.922813195142313       -3.6086665332641719        192.80000156756154        1.8746828415204413        2.3495772685124203       -1.8626648745928662        1.7858808844737235       0.19625924274577575       0.18458361681244256     
         114           9   994.062500     T  -13.922813195142313       -3.6086665332641719        192.80000156756154        1.8746828415204413        2.3495772685124203       -1.8626648745928662        1.7858808844737235       0.19625924274577575       0.18458361681244256     
         115           9   994.062500     T  -13.922813195142313       -3.6086665332641719        192.80000156756154        1.8746828415204413        2.3495772685124203       -1.8626648745928662        1.7858808844737235       0.19625924274577575       0.18458361681244256     
         116           9   994.062500     T  -13.922813195142313       -3.6086665332641719        192.80000156756154        1.8746828415204413        2.3495772685124203       -1.8626648745928662        1.7858808844737235       0.19625924274577575       0.18458361681244256     
         117           9   994.062500     T  -13.922813195142313       -3.6086665332641719        192.80000156756154        1.8746828415204413        2.3495772685124203       -1.8626648745928662        1.7858808844737235       0.19625924274577575       0.18458361681244256     
         118           9   1123.51562     T  -15.020788038842834       -4.7414436058564933        181.65348595312798        1.4444726205421805        3.2440603160809589       -1.6437233000790463        1.5077726211296005       0.24524466121456370       0.27362895747312033     
         119           9   1123.51562     T  -15.020788038842834       -4.7414436058564933        181.65348595312798        1.4444726205421805        3.2440603160809589       -1.6437233000790463        1.5077726211296005       0.24524466121456370       0.27362895747312033     
         120           9   1123.51562     T  -15.020788038842834       -4.7414436058564933        181.65348595312798        1.4444726205421805        3.2440603160809589       -1.6437233000790463        1.5077726211296005       0.24524466121456370       0.27362895747312033     
         121           9   1123.51562     T  -15.020788038842834       -4.7414436058564933        181.65348595312798        1.4444726205421805        3.2440603160809589       -1.6437233000790463        1.5077726211296005       0.24524466121456370       0.27362895747312033     
         122           9   1123.51562     T  -15.020788038842834       -4.7414436058564933        181.65348595312798        1.4444726205421805        3.2440603160809589       -1.6437233000790463        1.5077726211296005       0.24524466121456370       0.27362895747312033     
         123           9   1123.51562     T  -15.020788038842834       -4.7414436058564933        181.65348595312798        1.4444726205421805        3.2440603160809589       -1.6437233000790463        1.5077726211296005       0.24524466121456370       0.27362895747312033     
         124           9   1123.51562     T  -15.020788038842834       -4.7414436058564933        181.65348595312798        1.4444726205421805        3.2440603160809589       -1.6437233000790463        1.5077726211296005       0.24524466121456370       0.27362895747312033     
         125           9   1123.51562     T  -15.020788038842834       -4.7414436058564933        181.65348595312798        1.4444726205421805        3.2440603160809589       -1.6437233000790463        1.5077726211296005       0.24524466121456370       0.27362895747312033     
         126           9   1468.12500     T  -15.594577106131123       -4.9770805143456691        239.93734579191693       0.88141806257939637        3.3257231391634812       -1.0756350348749011        1.9420068302556377       0.23640961427223681       0.10262401464764753     
         127           9   1468.12500     T  -15.594577106131123       -4.9770805143456691        239.93734579191693       0.88141806257939637        3.3257231391634812       -1.0756350348749011        1.9420068302556377       0.23640961427223681       0.10262401464764753     
         128           9   1337.28125     T  -14.880562628265679       -4.7240783210067381        139.69036286034986       0.41674274214047863        2.2726878823339396       -1.0905439237638472        4.5019782536028927       0.16188558086743909       0.18527412974158294     
         129           9   1337.28125     T  -14.880562628265679       -4.7240783210067381        139.69036286034986       0.41674274214047863        2.2726878823339396       -1.0905439237638472        4.5019782536028927       0.16188558086743909       0.18527412974158294     
         130           9   1337.28125     T  -14.880562628265679       -4.7240783210067381        139.69036286034986       0.41674274214047863        2.2726878823339396       -1.0905439237638472        4.5019782536028927       0.16188558086743909       0.18527412974158294     
         131           9   1337.28125     T  -14.880562628265679       -4.7240783210067381        139.69036286034986       0.41674274214047863        2.2726878823339396       -1.0905439237638472        4.5019782536028927       0.16188558086743909       0.18527412974158294     
         132           9   1400.03125     T  -14.579268960342219       -4.6877150778035936        152.45051338960300       0.43166367913161524        3.6046037721244488      -0.78744185678615841        4.7704300231927110       0.16678600437132049       0.23344658296309576     
         133           9   1400.03125     T  -14.579268960342219       -4.6877150778035936        152.45051338960300       0.43166367913161524        3.6046037721244488      -0.78744185678615841        4.7704300231927110       0.16678600437132049       0.23344658296309576     
         134           9   1400.03125     T  -14.579268960342219       -4.6877150778035936        152.45051338960300       0.43166367913161524        3.6046037721244488      -0.78744185678615841        4.7704300231927110       0.16678600437132049       0.23344658296309576     
         135           9   1400.03125     T  -14.579268960342219       -4.6877150778035936        152.45051338960300       0.43166367913161524        3.6046037721244488      -0.78744185678615841        4.7704300231927110       0.16678600437132049       0.23344658296309576     
         136           9   995.328125     T  -14.215550426476605       -4.0447658145068974        232.91082766814122        1.5155460525242708        3.8681549148239824       -1.2958492133943686        1.4902416857160381       0.21611455791516421       0.17342344209775412     
         137           9   995.328125     T  -14.215550426476605       -4.0447658145068974        232.91082766814122        1.5155460525242708        3.8681549148239824       -1.2958492133943686        1.4902416857160381       0.21611455791516421       0.17342344209775412     
         138           9   995.328125     T  -14.215550426476605       -4.0447658145068974        232.91082766814122        1.5155460525242708        3.8681549148239824       -1.2958492133943686        1.4902416857160381       0.21611455791516421       0.17342344209775412     
         139           9   798.562500     T  -16.315433254910474       -5.3217128470143455        202.33678377200499       0.89275766651523469        3.6828550704471139       -6.2819994174107302E-002   3.7922205918064917       0.14701225828985404       0.28987527098832894     
         140           9   998.484375     T  -15.683114395680235       -5.0566556511450731        164.23899016522088       0.88793669044597356        3.4683122930897374       -9.6095149161550458E-002   3.8468585998814513       0.14629635380830841       0.28687616589848985     
         141           9   998.484375     T  -15.683114395680235       -5.0566556511450731        164.23899016522088       0.88793669044597356        3.4683122930897374       -9.6095149161550458E-002   3.8468585998814513       0.14629635380830841       0.28687616589848985     
         142           9   998.484375     T  -15.683114395680235       -5.0566556511450731        164.23899016522088       0.88793669044597356        3.4683122930897374       -9.6095149161550458E-002   3.8468585998814513       0.14629635380830841       0.28687616589848985     
         143           9   1239.10938     T  -14.522065764640683       -4.1943779516711066        173.59141611594529       0.54233258634960879        5.6221863168828641      -0.20758187651770507        4.8436565463859367       0.14002041771668236       0.17834737411326473     
         144           9   1589.62500     T  -16.580281460335346       -5.2166507355435963        260.12021654229278        4.0604785959167201E-002   6.3888945435165985      -0.33491031845470198        4.4983745083567257       0.16837087914908197       0.11409065596807262     
         145           9   1589.62500     T  -16.580281460335346       -5.2166507355435963        260.12021654229278        4.0604785959167201E-002   6.3888945435165985      -0.33491031845470198        4.4983745083567257       0.16837087914908197       0.11409065596807262     
         146           9   1589.62500     T  -16.580281460335346       -5.2166507355435963        260.12021654229278        4.0604785959167201E-002   6.3888945435165985      -0.33491031845470198        4.4983745083567257       0.16837087914908197       0.11409065596807262     
         147           9   1589.62500     T  -16.580281460335346       -5.2166507355435963        260.12021654229278        4.0604785959167201E-002   6.3888945435165985      -0.33491031845470198        4.4983745083567257       0.16837087914908197       0.11409065596807262     
         148           9   1589.62500     T  -16.580281460335346       -5.2166507355435963        260.12021654229278        4.0604785959167201E-002   6.3888945435165985      -0.33491031845470198        4.4983745083567257       0.16837087914908197       0.11409065596807262     
         149           9   1589.62500     T  -16.580281460335346       -5.2166507355435963        260.12021654229278        4.0604785959167201E-002   6.3888945435165985      -0.33491031845470198        4.4983745083567257       0.16837087914908197       0.11409065596807262     
         150           9   1589.62500     T  -16.580281460335346       -5.2166507355435963        260.12021654229278        4.0604785959167201E-002   6.3888945435165985      -0.33491031845470198        4.4983745083567257       0.16837087914908197       0.11409065596807262     
         151           9   1589.62500     T  -16.580281460335346       -5.2166507355435963        260.12021654229278        4.0604785959167201E-002   6.3888945435165985      -0.33491031845470198        4.4983745083567257       0.16837087914908197       0.11409065596807262     
         152           9   1589.62500     T  -16.580281460335346       -5.2166507355435963        260.12021654229278        4.0604785959167201E-002   6.3888945435165985      -0.33491031845470198        4.4983745083567257       0.16837087914908197       0.11409065596807262     
         153           9   1589.62500     T  -16.580281460335346       -5.2166507355435963        260.12021654229278        4.0604785959167201E-002   6.3888945435165985      -0.33491031845470198        4.4983745083567257       0.16837087914908197       0.11409065596807262     
         154           9   1589.62500     T  -16.580281460335346       -5.2166507355435963        260.12021654229278        4.0604785959167201E-002   6.3888945435165985      -0.33491031845470198        4.4983745083567257       0.16837087914908197       0.11409065596807262     
         155           9   1589.62500     T  -16.580281460335346       -5.2166507355435963        260.12021654229278        4.0604785959167201E-002   6.3888945435165985      -0.33491031845470198        4.4983745083567257       0.16837087914908197       0.11409065596807262     
         156           9   1589.62500     T  -16.580281460335346       -5.2166507355435963        260.12021654229278        4.0604785959167201E-002   6.3888945435165985      -0.33491031845470198        4.4983745083567257       0.16837087914908197       0.11409065596807262     
         157           9   1589.62500     T  -16.580281460335346       -5.2166507355435963        260.12021654229278        4.0604785959167201E-002   6.3888945435165985      -0.33491031845470198        4.4983745083567257       0.16837087914908197       0.11409065596807262     
         158           9   1589.62500     T  -16.580281460335346       -5.2166507355435963        260.12021654229278        4.0604785959167201E-002   6.3888945435165985      -0.33491031845470198        4.4983745083567257       0.16837087914908197       0.11409065596807262     
         159           9   1560.85938     T  -16.547820723559720       -5.2355116145682130        260.25982821499895        3.8726841266940350E-002   6.3907286907263448      -0.33546854902173512        4.4969191573275857       0.17148704112875540       0.11701642522972160     
         160           9   1560.85938     T  -16.547820723559720       -5.2355116145682130        260.25982821499895        3.8726841266940350E-002   6.3907286907263448      -0.33546854902173512        4.4969191573275857       0.17148704112875540       0.11701642522972160     
         161           9   1560.85938     T  -16.547820723559720       -5.2355116145682130        260.25982821499895        3.8726841266940350E-002   6.3907286907263448      -0.33546854902173512        4.4969191573275857       0.17148704112875540       0.11701642522972160     
         162           9   1560.85938     T  -16.547820723559720       -5.2355116145682130        260.25982821499895        3.8726841266940350E-002   6.3907286907263448      -0.33546854902173512        4.4969191573275857       0.17148704112875540       0.11701642522972160     
         163           9   1560.85938     T  -16.547820723559720       -5.2355116145682130        260.25982821499895        3.8726841266940350E-002   6.3907286907263448      -0.33546854902173512        4.4969191573275857       0.17148704112875540       0.11701642522972160     
         164           9   1560.85938     T  -16.547820723559720       -5.2355116145682130        260.25982821499895        3.8726841266940350E-002   6.3907286907263448      -0.33546854902173512        4.4969191573275857       0.17148704112875540       0.11701642522972160     
         165           9   1560.85938     T  -16.547820723559720       -5.2355116145682130        260.25982821499895        3.8726841266940350E-002   6.3907286907263448      -0.33546854902173512        4.4969191573275857       0.17148704112875540       0.11701642522972160     
         166           9   1560.85938     T  -16.547820723559720       -5.2355116145682130        260.25982821499895        3.8726841266940350E-002   6.3907286907263448      -0.33546854902173512        4.4969191573275857       0.17148704112875540       0.11701642522972160     
         167           9   1791.96875     T  -15.400269746366513       -4.3906491780804231        237.03758676121581       0.12551066246243212        6.3945361190222956      -0.16346571029897886        4.6021621593168458       0.16541029430505533       0.12533130384160718     
         168           9   1175.71875     T  -15.113169348165130       -4.3393921560814173        261.45945862261595        1.5360759379454316        2.9006691982120949       -1.3862131056660751        1.2485588153407909       0.20865891236710399       0.12548584921341258     
         169           9   1175.71875     T  -15.113169348165130       -4.3393921560814173        261.45945862261595        1.5360759379454316        2.9006691982120949       -1.3862131056660751        1.2485588153407909       0.20865891236710399       0.12548584921341258     
         170           9   1108.82812     T  -13.983557248922311       -3.6305732120661300        229.30738758142940        1.1593180419050986        5.5621520083716645       -1.7304071649651149        2.4651554608236648       0.24656221985911680       0.15634159458561736     
         171           9   1108.82812     T  -13.983557248922311       -3.6305732120661300        229.30738758142940        1.1593180419050986        5.5621520083716645       -1.7304071649651149        2.4651554608236648       0.24656221985911680       0.15634159458561736     
         172           9   1108.82812     T  -13.983557248922311       -3.6305732120661300        229.30738758142940        1.1593180419050986        5.5621520083716645       -1.7304071649651149        2.4651554608236648       0.24656221985911680       0.15634159458561736     
         173           9   1108.82812     T  -13.983557248922311       -3.6305732120661300        229.30738758142940        1.1593180419050986        5.5621520083716645       -1.7304071649651149        2.4651554608236648       0.24656221985911680       0.15634159458561736     
         174           9   1108.82812     T  -13.983557248922311       -3.6305732120661300        229.30738758142940        1.1593180419050986        5.5621520083716645       -1.7304071649651149        2.4651554608236648       0.24656221985911680       0.15634159458561736     
         175           9   1211.75000     T  -14.328009049097215       -4.3145938437887787        200.34879362323014        1.1785529883673016        5.5088034080304302       -1.6019253377262568        2.5286347914842859       0.24140523990605295       0.16408744044528978     
         176           9   1211.75000     T  -14.328009049097215       -4.3145938437887787        200.34879362323014        1.1785529883673016        5.5088034080304302       -1.6019253377262568        2.5286347914842859       0.24140523990605295       0.16408744044528978     
         177           9   1211.75000     T  -14.328009049097215       -4.3145938437887787        200.34879362323014        1.1785529883673016        5.5088034080304302       -1.6019253377262568        2.5286347914842859       0.24140523990605295       0.16408744044528978     
         178           9   1211.75000     T  -14.328009049097215       -4.3145938437887787        200.34879362323014        1.1785529883673016        5.5088034080304302       -1.6019253377262568        2.5286347914842859       0.24140523990605295       0.16408744044528978     
         179           9   1211.75000     T  -14.328009049097215       -4.3145938437887787        200.34879362323014        1.1785529883673016        5.5088034080304302       -1.6019253377262568        2.5286347914842859       0.24140523990605295       0.16408744044528978     
         180           9   1211.75000     T  -14.328009049097215       -4.3145938437887787        200.34879362323014        1.1785529883673016        5.5088034080304302       -1.6019253377262568        2.5286347914842859       0.24140523990605295       0.16408744044528978     
         181           9   1211.75000     T  -14.328009049097215       -4.3145938437887787        200.34879362323014        1.1785529883673016        5.5088034080304302       -1.6019253377262568        2.5286347914842859       0.24140523990605295       0.16408744044528978     
         182           9   1211.75000     T  -14.328009049097215       -4.3145938437887787        200.34879362323014        1.1785529883673016        5.5088034080304302       -1.6019253377262568        2.5286347914842859       0.24140523990605295       0.16408744044528978     
         183           9   1211.75000     T  -14.328009049097215       -4.3145938437887787        200.34879362323014        1.1785529883673016        5.5088034080304302       -1.6019253377262568        2.5286347914842859       0.24140523990605295       0.16408744044528978     
         184           9   1211.75000     T  -14.328009049097215       -4.3145938437887787        200.34879362323014        1.1785529883673016        5.5088034080304302       -1.6019253377262568        2.5286347914842859       0.24140523990605295       0.16408744044528978     
         185           9   1211.75000     T  -14.328009049097215       -4.3145938437887787        200.34879362323014        1.1785529883673016        5.5088034080304302       -1.6019253377262568        2.5286347914842859       0.24140523990605295       0.16408744044528978     
         186           9   1211.75000     T  -14.328009049097215       -4.3145938437887787        200.34879362323014        1.1785529883673016        5.5088034080304302       -1.6019253377262568        2.5286347914842859       0.24140523990605295       0.16408744044528978     
         187           9   1211.75000     T  -14.328009049097215       -4.3145938437887787        200.34879362323014        1.1785529883673016        5.5088034080304302       -1.6019253377262568        2.5286347914842859       0.24140523990605295       0.16408744044528978     
         188           9   1211.75000     T  -14.328009049097215       -4.3145938437887787        200.34879362323014        1.1785529883673016        5.5088034080304302       -1.6019253377262568        2.5286347914842859       0.24140523990605295       0.16408744044528978     
         189           9   924.812500     T  -14.010182105120787       -3.8125198000688805        205.60660260113733        1.6546877068535852        5.8525453802291212       -1.6755806654352714        3.3963495748958437       0.26316180605441625       0.14286443404711593     
         190           9   1411.75000     T  -15.572764815744749       -5.3601677212509067        190.67687330292554       0.60177435107813004        6.1298489966197138       -1.5219041162050038        4.8384553015984872       0.21771718282136621       0.12099368158543047     
         191           9   1411.75000     T  -15.572764815744749       -5.3601677212509067        190.67687330292554       0.60177435107813004        6.1298489966197138       -1.5219041162050038        4.8384553015984872       0.21771718282136621       0.12099368158543047     
         192           9   1411.75000     T  -15.572764815744749       -5.3601677212509067        190.67687330292554       0.60177435107813004        6.1298489966197138       -1.5219041162050038        4.8384553015984872       0.21771718282136621       0.12099368158543047     
         193           9   1411.75000     T  -15.572764815744749       -5.3601677212509067        190.67687330292554       0.60177435107813004        6.1298489966197138       -1.5219041162050038        4.8384553015984872       0.21771718282136621       0.12099368158543047     
         194           9   1411.75000     T  -15.572764815744749       -5.3601677212509067        190.67687330292554       0.60177435107813004        6.1298489966197138       -1.5219041162050038        4.8384553015984872       0.21771718282136621       0.12099368158543047     
         195           9   1448.06250     T  -15.559085049679926       -5.3847426165578760        188.11086018536659       0.60427665820805410        6.1225223852095612       -1.5334686832123838        4.8318343197758011       0.21887909169011338       0.12202803440441150     
         196           9   1448.06250     T  -15.559085049679926       -5.3847426165578760        188.11086018536659       0.60427665820805410        6.1225223852095612       -1.5334686832123838        4.8318343197758011       0.21887909169011338       0.12202803440441150     
         197           9   1448.06250     T  -15.559085049679926       -5.3847426165578760        188.11086018536659       0.60427665820805410        6.1225223852095612       -1.5334686832123838        4.8318343197758011       0.21887909169011338       0.12202803440441150     
         198           9   979.000000     T  -14.456365554170922       -4.2818128497355170        157.67857937938180        1.0244859351557269        4.3473353026725619      -0.56172212962526402        4.5506069416780939       0.12487397638356255       0.16106038630870320     
         199           9   979.000000     T  -14.456365554170922       -4.2818128497355170        157.67857937938180        1.0244859351557269        4.3473353026725619      -0.56172212962526402        4.5506069416780939       0.12487397638356255       0.16106038630870320     
         200           9   979.000000     T  -14.456365554170922       -4.2818128497355170        157.67857937938180        1.0244859351557269        4.3473353026725619      -0.56172212962526402        4.5506069416780939       0.12487397638356255       0.16106038630870320     
         201           9   1714.06250     T  -15.171604536913474       -5.0103631471256529        224.13349964870756       0.83833009340525955        3.9359471515811024       -1.4869159483439012       0.45173779471311715       0.28498919421480434       0.13304617418723746     
         202           9   1714.06250     T  -15.171604536913474       -5.0103631471256529        224.13349964870756       0.83833009340525955        3.9359471515811024       -1.4869159483439012       0.45173779471311715       0.28498919421480434       0.13304617418723746     
         203           9   1714.06250     T  -15.171604536913474       -5.0103631471256529        224.13349964870756       0.83833009340525955        3.9359471515811024       -1.4869159483439012       0.45173779471311715       0.28498919421480434       0.13304617418723746     
         204           9   1714.06250     T  -15.171604536913474       -5.0103631471256529        224.13349964870756       0.83833009340525955        3.9359471515811024       -1.4869159483439012       0.45173779471311715       0.28498919421480434       0.13304617418723746     
         205           9   1714.06250     T  -15.171604536913474       -5.0103631471256529        224.13349964870756       0.83833009340525955        3.9359471515811024       -1.4869159483439012       0.45173779471311715       0.28498919421480434       0.13304617418723746     
         206           9   1714.06250     T  -15.171604536913474       -5.0103631471256529        224.13349964870756       0.83833009340525955        3.9359471515811024       -1.4869159483439012       0.45173779471311715       0.28498919421480434       0.13304617418723746     
         207           9   1714.06250     T  -15.171604536913474       -5.0103631471256529        224.13349964870756       0.83833009340525955        3.9359471515811024       -1.4869159483439012       0.45173779471311715       0.28498919421480434       0.13304617418723746     
         208           9   1714.06250     T  -15.171604536913474       -5.0103631471256529        224.13349964870756       0.83833009340525955        3.9359471515811024       -1.4869159483439012       0.45173779471311715       0.28498919421480434       0.13304617418723746     
         209           9   1714.06250     T  -15.171604536913474       -5.0103631471256529        224.13349964870756       0.83833009340525955        3.9359471515811024       -1.4869159483439012       0.45173779471311715       0.28498919421480434       0.13304617418723746     
         210           9   1714.06250     T  -15.171604536913474       -5.0103631471256529        224.13349964870756       0.83833009340525955        3.9359471515811024       -1.4869159483439012       0.45173779471311715       0.28498919421480434       0.13304617418723746     
         211           9   1714.06250     T  -15.171604536913474       -5.0103631471256529        224.13349964870756       0.83833009340525955        3.9359471515811024       -1.4869159483439012       0.45173779471311715       0.28498919421480434       0.13304617418723746     
         212           9   1714.06250     T  -15.171604536913474       -5.0103631471256529        224.13349964870756       0.83833009340525955        3.9359471515811024       -1.4869159483439012       0.45173779471311715       0.28498919421480434       0.13304617418723746     
         213           9   1714.06250     T  -15.171604536913474       -5.0103631471256529        224.13349964870756       0.83833009340525955        3.9359471515811024       -1.4869159483439012       0.45173779471311715       0.28498919421480434       0.13304617418723746     
         214           9   1714.06250     T  -15.171604536913474       -5.0103631471256529        224.13349964870756       0.83833009340525955        3.9359471515811024       -1.4869159483439012       0.45173779471311715       0.28498919421480434       0.13304617418723746     
         215           9   1701.68750     T  -15.443139090216343       -5.4403554872641458        213.72422409293210       0.81939699809733135        3.6876839684822218       -1.5713930434659453        1.5417876603581588E-002  0.22263454667802207       0.19006530757398368     
         216           9   1343.59375     T  -14.395159122357198       -4.5956976074827196        199.88081310314661        1.2901864077385568        3.9671766739464909       -1.6351998899408504      -0.39499749382296195       0.24640525425516230       0.17710427337404622     
         217           9   1343.59375     T  -14.395159122357198       -4.5956976074827196        199.88081310314661        1.2901864077385568        3.9671766739464909       -1.6351998899408504      -0.39499749382296195       0.24640525425516230       0.17710427337404622     
         218           9   1343.59375     T  -14.395159122357198       -4.5956976074827196        199.88081310314661        1.2901864077385568        3.9671766739464909       -1.6351998899408504      -0.39499749382296195       0.24640525425516230       0.17710427337404622     
         219           9   1343.59375     T  -14.395159122357198       -4.5956976074827196        199.88081310314661        1.2901864077385568        3.9671766739464909       -1.6351998899408504      -0.39499749382296195       0.24640525425516230       0.17710427337404622     
         220           9   1343.59375     T  -14.395159122357198       -4.5956976074827196        199.88081310314661        1.2901864077385568        3.9671766739464909       -1.6351998899408504      -0.39499749382296195       0.24640525425516230       0.17710427337404622     
         221           9   1117.21875     T  -14.264853541454720       -4.3142509528170390        201.76200590102428        1.8828141966200980        3.9775911407493574      -0.79813069351370947        1.5374116381295746       0.29516733652430499       0.13099114642334247     
         222           9   1117.21875     T  -14.264853541454720       -4.3142509528170390        201.76200590102428        1.8828141966200980        3.9775911407493574      -0.79813069351370947        1.5374116381295746       0.29516733652430499       0.13099114642334247     
         223           9   973.968750     T  -14.238260842885355       -4.2964421527143308        155.17817806729335        1.0035812667663231        4.3678431850746398      -0.55426394100483911        4.5179579304840214       0.13711994957100782       0.16189070297869587     
         224           9   949.031250     T  -14.379847175192593       -4.4412677449149509        154.90652281917193        1.0040118696384479        4.3683721136861493      -0.55361278640034439        4.5266353946998406       0.13717690706279617       0.16142741825582207     
         225           9   1068.78125     T  -14.141154980347627       -4.5060241372424201        178.02847590948110        1.1709156626259893        3.6887474958918811       -1.1302271569087796        3.5539396773000558       0.21088601822891198       0.18782050300224959     
         226           9   1068.78125     T  -14.141154980347627       -4.5060241372424201        178.02847590948110        1.1709156626259893        3.6887474958918811       -1.1302271569087796        3.5539396773000558       0.21088601822891198       0.18782050300224959     
         227           9   1068.78125     T  -14.141154980347627       -4.5060241372424201        178.02847590948110        1.1709156626259893        3.6887474958918811       -1.1302271569087796        3.5539396773000558       0.21088601822891198       0.18782050300224959     
         228           9   1048.96875     T  -14.273946614901728       -4.3283832243624643        154.87772774188696        1.0816102300840105        4.3554679600534199      -0.53645424147626364        4.5130422091011768       0.13654303109761379       0.15959414457976345     
         229           9   1048.96875     T  -14.273946614901728       -4.3283832243624643        154.87772774188696        1.0816102300840105        4.3554679600534199      -0.53645424147626364        4.5130422091011768       0.13654303109761379       0.15959414457976345     
         230           9   1048.96875     T  -14.273946614901728       -4.3283832243624643        154.87772774188696        1.0816102300840105        4.3554679600534199      -0.53645424147626364        4.5130422091011768       0.13654303109761379       0.15959414457976345     
         231           9   1048.96875     T  -14.273946614901728       -4.3283832243624643        154.87772774188696        1.0816102300840105        4.3554679600534199      -0.53645424147626364        4.5130422091011768       0.13654303109761379       0.15959414457976345     
         232           9   1048.96875     T  -14.273946614901728       -4.3283832243624643        154.87772774188696        1.0816102300840105        4.3554679600534199      -0.53645424147626364        4.5130422091011768       0.13654303109761379       0.15959414457976345     
         233           9   1048.96875     T  -14.273946614901728       -4.3283832243624643        154.87772774188696        1.0816102300840105        4.3554679600534199      -0.53645424147626364        4.5130422091011768       0.13654303109761379       0.15959414457976345     
         234           9   1048.96875     T  -14.273946614901728       -4.3283832243624643        154.87772774188696        1.0816102300840105        4.3554679600534199      -0.53645424147626364        4.5130422091011768       0.13654303109761379       0.15959414457976345     
         235           9   1048.96875     T  -14.273946614901728       -4.3283832243624643        154.87772774188696        1.0816102300840105        4.3554679600534199      -0.53645424147626364        4.5130422091011768       0.13654303109761379       0.15959414457976345     
         236           9   889.687500     T  -14.755916747913227       -4.9785531211138228        176.22641135790639        1.1542760948362802        3.7884977993418172      -0.95694054751471080        3.5391743067808967       0.20261262331230834       0.21602934314571484     
         237           9   889.687500     T  -14.755916747913227       -4.9785531211138228        176.22641135790639        1.1542760948362802        3.7884977993418172      -0.95694054751471080        3.5391743067808967       0.20261262331230834       0.21602934314571484     
         238           9   889.687500     T  -14.755916747913227       -4.9785531211138228        176.22641135790639        1.1542760948362802        3.7884977993418172      -0.95694054751471080        3.5391743067808967       0.20261262331230834       0.21602934314571484     
         239           9   889.687500     T  -14.755916747913227       -4.9785531211138228        176.22641135790639        1.1542760948362802        3.7884977993418172      -0.95694054751471080        3.5391743067808967       0.20261262331230834       0.21602934314571484     
         240           9   998.781250     T  -14.698453542210363       -4.9297444790289537        175.31039989731801        1.1563882472025548        3.7921795710678943      -0.95627013841041519        3.6247055158758847       0.19425511527370534       0.21136772041518426     
         241           9   1024.78125     T  -14.213804858454374       -4.4961887841282806        195.36433816113541        1.8480519335518482        4.0647725007620990      -0.63572364858803321        1.6399368800615512       0.22669119209078947       0.15645341161983270     
         242           9   1024.78125     T  -14.213804858454374       -4.4961887841282806        195.36433816113541        1.8480519335518482        4.0647725007620990      -0.63572364858803321        1.6399368800615512       0.22669119209078947       0.15645341161983270     
         243           9   1024.78125     T  -14.213804858454374       -4.4961887841282806        195.36433816113541        1.8480519335518482        4.0647725007620990      -0.63572364858803321        1.6399368800615512       0.22669119209078947       0.15645341161983270     
         244           9   1024.78125     T  -14.213804858454374       -4.4961887841282806        195.36433816113541        1.8480519335518482        4.0647725007620990      -0.63572364858803321        1.6399368800615512       0.22669119209078947       0.15645341161983270     
         245           9   1024.78125     T  -14.213804858454374       -4.4961887841282806        195.36433816113541        1.8480519335518482        4.0647725007620990      -0.63572364858803321        1.6399368800615512       0.22669119209078947       0.15645341161983270     
         246           9   1024.78125     T  -14.213804858454374       -4.4961887841282806        195.36433816113541        1.8480519335518482        4.0647725007620990      -0.63572364858803321        1.6399368800615512       0.22669119209078947       0.15645341161983270     
         247           9   1024.78125     T  -14.213804858454374       -4.4961887841282806        195.36433816113541        1.8480519335518482        4.0647725007620990      -0.63572364858803321        1.6399368800615512       0.22669119209078947       0.15645341161983270     
         248           9   1024.78125     T  -14.213804858454374       -4.4961887841282806        195.36433816113541        1.8480519335518482        4.0647725007620990      -0.63572364858803321        1.6399368800615512       0.22669119209078947       0.15645341161983270     
         249           9   1071.43750     T  -14.426219813646604       -3.9258565389524391        205.96185049135946        1.9636488860500929        3.1865652811086984       -1.1260152900516787       0.15837486117763086       0.20269137580870628       0.26356020750700998     
         250           9   1071.43750     T  -14.426219813646604       -3.9258565389524391        205.96185049135946        1.9636488860500929        3.1865652811086984       -1.1260152900516787       0.15837486117763086       0.20269137580870628       0.26356020750700998     
         251           9   1183.81250     T  -14.242511778595418       -3.7688994558979863        204.85671675548394        1.9867128795060238        3.1759344383874990       -1.1265955165834840       0.23165972307117866       0.20205609983605988       0.26115598606935714     
         252           9   1183.81250     T  -14.242511778595418       -3.7688994558979863        204.85671675548394        1.9867128795060238        3.1759344383874990       -1.1265955165834840       0.23165972307117866       0.20205609983605988       0.26115598606935714     
         253           9   1183.81250     T  -14.242511778595418       -3.7688994558979863        204.85671675548394        1.9867128795060238        3.1759344383874990       -1.1265955165834840       0.23165972307117866       0.20205609983605988       0.26115598606935714     
         254           9   963.875000     T  -14.683512622415325       -4.2326756256883220        219.60429203011728        1.5230199353292839        3.1682342410104956       -1.6286187386497202        1.8635217380896545       0.25074680086257845       0.24027030659703236     
         255           9   963.875000     T  -14.683512622415325       -4.2326756256883220        219.60429203011728        1.5230199353292839        3.1682342410104956       -1.6286187386497202        1.8635217380896545       0.25074680086257845       0.24027030659703236     
         256           9   991.343750     T  -14.488871700903182       -4.0268551461471658        220.15021916263260        1.5078768107447249        3.1851731220611983       -1.6353312705814329        1.8691371719431908       0.24955892032177970       0.24172498090056285     
         257           9   1048.03125     T  -14.505623333164568       -4.0271957427427516        221.19856627866079        1.4880724815356323        3.2057438908549534       -1.6107879608872895        1.8461327533832057       0.24403513444309230       0.24368332242384688     
         258           9   1048.03125     T  -14.505623333164568       -4.0271957427427516        221.19856627866079        1.4880724815356323        3.2057438908549534       -1.6107879608872895        1.8461327533832057       0.24403513444309230       0.24368332242384688     
         259           9   1048.03125     T  -14.505623333164568       -4.0271957427427516        221.19856627866079        1.4880724815356323        3.2057438908549534       -1.6107879608872895        1.8461327533832057       0.24403513444309230       0.24368332242384688     
         260           9   1048.03125     T  -14.505623333164568       -4.0271957427427516        221.19856627866079        1.4880724815356323        3.2057438908549534       -1.6107879608872895        1.8461327533832057       0.24403513444309230       0.24368332242384688     
         261           9   1048.03125     T  -14.505623333164568       -4.0271957427427516        221.19856627866079        1.4880724815356323        3.2057438908549534       -1.6107879608872895        1.8461327533832057       0.24403513444309230       0.24368332242384688     
         262           9   1048.03125     T  -14.505623333164568       -4.0271957427427516        221.19856627866079        1.4880724815356323        3.2057438908549534       -1.6107879608872895        1.8461327533832057       0.24403513444309230       0.24368332242384688     
         263           9   1048.03125     T  -14.505623333164568       -4.0271957427427516        221.19856627866079        1.4880724815356323        3.2057438908549534       -1.6107879608872895        1.8461327533832057       0.24403513444309230       0.24368332242384688     
         264           9   1048.03125     T  -14.505623333164568       -4.0271957427427516        221.19856627866079        1.4880724815356323        3.2057438908549534       -1.6107879608872895        1.8461327533832057       0.24403513444309230       0.24368332242384688     
         265           9   1048.03125     T  -14.505623333164568       -4.0271957427427516        221.19856627866079        1.4880724815356323        3.2057438908549534       -1.6107879608872895        1.8461327533832057       0.24403513444309230       0.24368332242384688     
         266           9   921.843750     T  -12.862484580511561       -2.9820456895468630        162.83946348814959        1.0779786060681344        4.5789843633335980      -0.48254161195035072        4.9993247022368061       0.19751886226622653       0.10144795973883053     
         267           9   921.843750     T  -12.862484580511561       -2.9820456895468630        162.83946348814959        1.0779786060681344        4.5789843633335980      -0.48254161195035072        4.9993247022368061       0.19751886226622653       0.10144795973883053     
         268           9   1019.18750     T  -12.846154303943260       -2.9642766509636975        162.80414026444421        1.0792026314816829        4.5741043144092339      -0.48665771697058180        4.9974556671824235       0.19689277423916715       0.10143242004487824     
         269           9   1019.18750     T  -12.846154303943260       -2.9642766509636975        162.80414026444421        1.0792026314816829        4.5741043144092339      -0.48665771697058180        4.9974556671824235       0.19689277423916715       0.10143242004487824     
         270           9   1019.18750     T  -12.846154303943260       -2.9642766509636975        162.80414026444421        1.0792026314816829        4.5741043144092339      -0.48665771697058180        4.9974556671824235       0.19689277423916715       0.10143242004487824     
         271           9   956.812500     T  -14.846001282723853       -4.8602105812618301        202.88284485430512        1.5484114163702696        3.4951323867116635       -1.1539446643264095        2.0676622980236137       0.24990092227303692       0.20682078869214932     
         272           9   956.812500     T  -14.846001282723853       -4.8602105812618301        202.88284485430512        1.5484114163702696        3.4951323867116635       -1.1539446643264095        2.0676622980236137       0.24990092227303692       0.20682078869214932     
         273           9   956.812500     T  -14.846001282723853       -4.8602105812618301        202.88284485430512        1.5484114163702696        3.4951323867116635       -1.1539446643264095        2.0676622980236137       0.24990092227303692       0.20682078869214932     
         274           9   979.750000     T  -15.471632009297847       -4.8751224785989731        210.88226762539091        2.2910636191064184        4.6167473213318804      -0.44514773225772342       0.10381854292801621       0.16960913932031862       0.25061606839861794     
         275           9   987.718750     T  -15.393948265139436       -4.7888023987769071        211.51318840967522        2.3072797453622718        4.5970742173130672      -0.44881476614647919        8.1558127337128639E-002  0.16962683296832223       0.25121674215007728     
         276           9   1104.68750     T  -14.873267177689538       -4.2814555117966320        189.91204400906918        2.2335171100095410        5.1010326752411119      -0.44412722140815841      -0.55381350324452572       0.12704832701909702       0.18193925024408428     
         277           9   1104.68750     T  -14.873267177689538       -4.2814555117966320        189.91204400906918        2.2335171100095410        5.1010326752411119      -0.44412722140815841      -0.55381350324452572       0.12704832701909702       0.18193925024408428     
         278           9   1104.68750     T  -14.873267177689538       -4.2814555117966320        189.91204400906918        2.2335171100095410        5.1010326752411119      -0.44412722140815841      -0.55381350324452572       0.12704832701909702       0.18193925024408428     
         279           9   1104.68750     T  -14.873267177689538       -4.2814555117966320        189.91204400906918        2.2335171100095410        5.1010326752411119      -0.44412722140815841      -0.55381350324452572       0.12704832701909702       0.18193925024408428     
         280           9   1051.25000     T  -14.265336057425243       -3.5685816334771769        194.87323784897396        2.4103305822899324        5.1119595562407882      -0.43765868721130186      -0.36191358501320259       0.12356050549293313       0.17607389961368553     
         281           9   1051.25000     T  -14.265336057425243       -3.5685816334771769        194.87323784897396        2.4103305822899324        5.1119595562407882      -0.43765868721130186      -0.36191358501320259       0.12356050549293313       0.17607389961368553     
         282           9   1051.25000     T  -14.265336057425243       -3.5685816334771769        194.87323784897396        2.4103305822899324        5.1119595562407882      -0.43765868721130186      -0.36191358501320259       0.12356050549293313       0.17607389961368553     
         283           9   1059.53125     T  -15.030034146184608       -4.7331715437499806        198.23602226341100        2.5491126794130032        3.1275947260858445      -0.68338676089394013      -0.62890163211364469       0.14696286081405444       0.17548107898193796     
         284           9   1050.84375     T  -13.984904323574984       -3.9022148602747562        200.51491664970271        2.4076698482108574        3.2794042006376105      -0.70600527929193690      -0.80458809758802619       0.16413022880871939       0.16548453925771966     
         285           9   1050.84375     T  -13.984904323574984       -3.9022148602747562        200.51491664970271        2.4076698482108574        3.2794042006376105      -0.70600527929193690      -0.80458809758802619       0.16413022880871939       0.16548453925771966     
         286           9   1050.84375     T  -13.984904323574984       -3.9022148602747562        200.51491664970271        2.4076698482108574        3.2794042006376105      -0.70600527929193690      -0.80458809758802619       0.16413022880871939       0.16548453925771966     
         287           9   1050.84375     T  -13.984904323574984       -3.9022148602747562        200.51491664970271        2.4076698482108574        3.2794042006376105      -0.70600527929193690      -0.80458809758802619       0.16413022880871939       0.16548453925771966     
         288           9   1050.84375     T  -13.984904323574984       -3.9022148602747562        200.51491664970271        2.4076698482108574        3.2794042006376105      -0.70600527929193690      -0.80458809758802619       0.16413022880871939       0.16548453925771966     
         289           9   1050.84375     T  -13.984904323574984       -3.9022148602747562        200.51491664970271        2.4076698482108574        3.2794042006376105      -0.70600527929193690      -0.80458809758802619       0.16413022880871939       0.16548453925771966     
         290           9   1050.84375     T  -13.984904323574984       -3.9022148602747562        200.51491664970271        2.4076698482108574        3.2794042006376105      -0.70600527929193690      -0.80458809758802619       0.16413022880871939       0.16548453925771966     
         291           9   1050.84375     T  -13.984904323574984       -3.9022148602747562        200.51491664970271        2.4076698482108574        3.2794042006376105      -0.70600527929193690      -0.80458809758802619       0.16413022880871939       0.16548453925771966     
         292           9   1176.31250     T  -14.344977807166636       -4.5741240362887412        180.37765662372493        1.7666853002984544        2.9593833480221807       -1.4040691638919915        1.3459234872580266       0.22364099948559985       0.13181270806598544     
         293           9   1068.09375     T  -13.735406754781526       -3.9126680700127903        178.26351722594885        1.9550098759284056        2.7490524190996637       -1.4516699430496414        1.5137676391152999       0.20895103499959730       0.14287923952816822     
         294           9   1068.09375     T  -13.735406754781526       -3.9126680700127903        178.26351722594885        1.9550098759284056        2.7490524190996637       -1.4516699430496414        1.5137676391152999       0.20895103499959730       0.14287923952816822     
         295           9   1195.15625     T  -14.486084689157442       -4.3996720145496031        200.77192831856954        2.4595464634012840        3.2183893768813063      -0.71195518811024228      -0.77854410191546586       0.16602744687227936       0.16754943759213364     
         296           9   1195.15625     T  -14.486084689157442       -4.3996720145496031        200.77192831856954        2.4595464634012840        3.2183893768813063      -0.71195518811024228      -0.77854410191546586       0.16602744687227936       0.16754943759213364     
