           1          14   707.753052     F  -28.477194166065296       -18.665703800713949        148.56350361804567        2.5206543793049443        5.3960615207184146       0.82586188097093294        1.9708759389188415       0.28938210735475883       0.21508804198785383     
           2          14   785.661987     F  -25.778273326645945       -15.874836332727293        144.90517792405706        2.4066258709524799        5.8898133831050696       0.70832633238186848        1.8002248226414865       0.27504782239037473       0.21891848818875193     
           3          14   844.494629     F  -24.405197818761202       -14.474980857395886        139.36445676825329        2.4163002327556158        6.2824435624281936       0.61335292447358769        1.8715576273314167       0.25454862635967773       0.21577830511308280     
           4          14   857.671875     F  -24.719096736850474       -14.549023769290791        152.81913038786709        2.4840244511533141        6.2051603358373644       0.38240093831048788        1.6476209431404500       0.30485198213030201       0.22442731502994481     
           5          14   856.812988     F  -22.992912755463252       -12.722195883647974        147.30751075152199        2.1533848823222645        6.7012700081698879       0.64369687288131339        1.7197347486497523       0.27148030914344601       0.23602989932843840     
           6          14   1104.76416     F  -19.587623455587963       -8.0868090387759146        157.71071577854619        1.9511203425328363        8.7186796845052843       0.17662568764444425        1.2721963102333931       0.27078290878808403       0.29254488940530210     
           7          14   1272.33301     F  -18.635671495320072       -6.3858355449765289        168.85282239454605        1.6088058433661128        9.9348357272883057       -2.0157223102037738E-002  0.97422553198588202       0.23745563142999349       0.32037752421557347     
           8          14   1272.33301     F  -18.635671495320072       -6.3858355449765289        168.85282239454605        1.6088058433661128        9.9348357272883057       -2.0157223102037738E-002  0.97422553198588202       0.23745563142999349       0.32037752421557347     
           9          14   1272.33301     F  -18.635671495320072       -6.3858355449765289        168.85282239454605        1.6088058433661128        9.9348357272883057       -2.0157223102037738E-002  0.97422553198588202       0.23745563142999349       0.32037752421557347     
          10          14   1406.66992     F  -21.255747594287833       -9.8988269302500651        145.38312578815061        1.3459626969524221        7.9062359978955783       -7.8403607634367600E-002  0.86179894373014410       0.33726659972061446       0.29379911442293438     
          11          14   1406.66992     F  -21.255747594287833       -9.8988269302500651        145.38312578815061        1.3459626969524221        7.9062359978955783       -7.8403607634367600E-002  0.86179894373014410       0.33726659972061446       0.29379911442293438     
          12          14   1581.83887     F  -18.711555045091920       -8.9639584076701411        134.41241595403415        1.3867087970058694        5.5877254612798337      -0.77537011130910860       0.88784185823267625       0.24692777309528832       0.22308241477220969     
          13          14   1581.83887     F  -18.711555045091920       -8.9639584076701411        134.41241595403415        1.3867087970058694        5.5877254612798337      -0.77537011130910860       0.88784185823267625       0.24692777309528832       0.22308241477220969     
          14          14   1581.83887     F  -18.711555045091920       -8.9639584076701411        134.41241595403415        1.3867087970058694        5.5877254612798337      -0.77537011130910860       0.88784185823267625       0.24692777309528832       0.22308241477220969     
          15          14   1581.83887     F  -18.711555045091920       -8.9639584076701411        134.41241595403415        1.3867087970058694        5.5877254612798337      -0.77537011130910860       0.88784185823267625       0.24692777309528832       0.22308241477220969     
          16          14   1581.83887     F  -18.711555045091920       -8.9639584076701411        134.41241595403415        1.3867087970058694        5.5877254612798337      -0.77537011130910860       0.88784185823267625       0.24692777309528832       0.22308241477220969     
          17          14   1710.49219     F  -17.919634343356492       -7.8038143090274259        142.79486821459139        1.0695106729720176        5.9620843607944822      -0.54551680553821547       0.70904074099869863       0.30395967192699952       0.23675299792754237     
          18          14   1710.49219     F  -17.919634343356492       -7.8038143090274259        142.79486821459139        1.0695106729720176        5.9620843607944822      -0.54551680553821547       0.70904074099869863       0.30395967192699952       0.23675299792754237     
          19          14   1710.49219     F  -17.919634343356492       -7.8038143090274259        142.79486821459139        1.0695106729720176        5.9620843607944822      -0.54551680553821547       0.70904074099869863       0.30395967192699952       0.23675299792754237     
          20          14   1710.49219     F  -17.919634343356492       -7.8038143090274259        142.79486821459139        1.0695106729720176        5.9620843607944822      -0.54551680553821547       0.70904074099869863       0.30395967192699952       0.23675299792754237     
          21          14   1710.49219     F  -17.919634343356492       -7.8038143090274259        142.79486821459139        1.0695106729720176        5.9620843607944822      -0.54551680553821547       0.70904074099869863       0.30395967192699952       0.23675299792754237     
          22          14   1228.23242     F  -16.962182162994544       -5.5482281116063472        170.05675725535704        1.6129040236168330        8.6190826602743194       -1.0610071817312565       0.99081640937111726       0.15646588819272589       0.23872552354865581     
          23          14   1277.13672     F  -16.757368701140898       -4.9320860856184670        182.23839038398782        1.5953690294521474        9.3843281736740192       -1.0172698806965754       0.97469590647412063       0.15511474313961521       0.23858148853478650     
          24          14   1404.68359     F  -16.649618666810561       -4.3694571424022275        204.00403407007141        1.2663390506038044        10.594002656899427      -0.71772578144699817       0.78727767867810972       0.21541750775723825       0.25145062628441628     
          25          14   1330.56250     F  -16.689140876989160       -4.6600101713745294        190.87300035241071        1.5864426784011672        9.5589972895154709       -1.0171335653041684       0.97993913989389492       0.14606875351648888       0.23084963080346693     
          26          14   1330.56250     F  -16.689140876989160       -4.6600101713745294        190.87300035241071        1.5864426784011672        9.5589972895154709       -1.0171335653041684       0.97993913989389492       0.14606875351648888       0.23084963080346693     
          27          14   1330.56250     F  -16.689140876989160       -4.6600101713745294        190.87300035241071        1.5864426784011672        9.5589972895154709       -1.0171335653041684       0.97993913989389492       0.14606875351648888       0.23084963080346693     
          28          14   1330.56250     F  -16.689140876989160       -4.6600101713745294        190.87300035241071        1.5864426784011672        9.5589972895154709       -1.0171335653041684       0.97993913989389492       0.14606875351648888       0.23084963080346693     
          29          14   929.859375     F  -14.979465769405364       -3.9300482628360327        195.94555794170489        2.0260936464276860        7.5991174393802954        1.5904528651834254E-002   1.4649634923198092       0.20193724852239886       0.24287145752294903     
          30          14   929.859375     F  -14.979465769405364       -3.9300482628360327        195.94555794170489        2.0260936464276860        7.5991174393802954        1.5904528651834254E-002   1.4649634923198092       0.20193724852239886       0.24287145752294903     
          31          14   929.859375     T  -14.979465769405364       -3.9300482628360327        195.94555794170489        2.0260936464276860        7.5991174393802954        1.5904528651834254E-002   1.4649634923198092       0.20193724852239886       0.24287145752294903     
          32          14   929.859375     T  -14.979465769405364       -3.9300482628360327        195.94555794170489        2.0260936464276860        7.5991174393802954        1.5904528651834254E-002   1.4649634923198092       0.20193724852239886       0.24287145752294903     
          33          14   929.859375     T  -14.979465769405364       -3.9300482628360327        195.94555794170489        2.0260936464276860        7.5991174393802954        1.5904528651834254E-002   1.4649634923198092       0.20193724852239886       0.24287145752294903     
          34          14   929.859375     T  -14.979465769405364       -3.9300482628360327        195.94555794170489        2.0260936464276860        7.5991174393802954        1.5904528651834254E-002   1.4649634923198092       0.20193724852239886       0.24287145752294903     
          35          14   929.859375     T  -14.979465769405364       -3.9300482628360327        195.94555794170489        2.0260936464276860        7.5991174393802954        1.5904528651834254E-002   1.4649634923198092       0.20193724852239886       0.24287145752294903     
          36          14   958.074219     T  -15.012173707454998       -4.3684535012696557        181.43717084674731        2.0661788675779764        7.0948239730495182       0.14768129098453039        1.5049190681506688       0.17936798022804115       0.21590873644488517     
          37          14   1010.66406     T  -14.980582940785805       -4.1688439905401866        263.16095526791179        1.5408390766818592        3.7729008162376347       0.11608399150155310        1.1375807351382778       0.16943805708863866       0.19500068726519579     
          38          14   958.628906     T  -15.004394116348294       -3.9391977020975739        270.61790538229093        1.5184453821673618        3.9362389515739098       -7.2357796289302417E-002   1.1259598348228177       0.17976676462897151       0.23422942826285836     
          39          14   958.628906     T  -15.004394116348294       -3.9391977020975739        270.61790538229093        1.5184453821673618        3.9362389515739098       -7.2357796289302417E-002   1.1259598348228177       0.17976676462897151       0.23422942826285836     
          40          14   958.628906     T  -15.004394116348294       -3.9391977020975739        270.61790538229093        1.5184453821673618        3.9362389515739098       -7.2357796289302417E-002   1.1259598348228177       0.17976676462897151       0.23422942826285836     
          41          14   958.628906     T  -15.004394116348294       -3.9391977020975739        270.61790538229093        1.5184453821673618        3.9362389515739098       -7.2357796289302417E-002   1.1259598348228177       0.17976676462897151       0.23422942826285836     
          42          14   958.628906     T  -15.004394116348294       -3.9391977020975739        270.61790538229093        1.5184453821673618        3.9362389515739098       -7.2357796289302417E-002   1.1259598348228177       0.17976676462897151       0.23422942826285836     
          43          14   880.906250     T  -15.480826466541538       -4.5557213285215727        176.36131352306978        2.1156364873034041        7.9528593207716476       0.33443162922853481        1.4692400397515766       0.16689017810768925       0.20600412830867776     
          44          14   880.906250     T  -15.480826466541538       -4.5557213285215727        176.36131352306978        2.1156364873034041        7.9528593207716476       0.33443162922853481        1.4692400397515766       0.16689017810768925       0.20600412830867776     
          45          14   880.906250     T  -15.480826466541538       -4.5557213285215727        176.36131352306978        2.1156364873034041        7.9528593207716476       0.33443162922853481        1.4692400397515766       0.16689017810768925       0.20600412830867776     
          46          14   880.906250     T  -15.480826466541538       -4.5557213285215727        176.36131352306978        2.1156364873034041        7.9528593207716476       0.33443162922853481        1.4692400397515766       0.16689017810768925       0.20600412830867776     
          47          14   880.906250     T  -15.480826466541538       -4.5557213285215727        176.36131352306978        2.1156364873034041        7.9528593207716476       0.33443162922853481        1.4692400397515766       0.16689017810768925       0.20600412830867776     
          48          14   1020.33594     T  -15.196499960962029       -4.1366378045668935        270.45375348951757        1.5207199911747931        3.9218624836695435       -3.4573713092083763E-002   1.1280557005004250       0.18043127748086524       0.23432648527182653     
          49          14   1020.33594     T  -15.196499960962029       -4.1366378045668935        270.45375348951757        1.5207199911747931        3.9218624836695435       -3.4573713092083763E-002   1.1280557005004250       0.18043127748086524       0.23432648527182653     
          50          14   1020.33594     T  -15.196499960962029       -4.1366378045668935        270.45375348951757        1.5207199911747931        3.9218624836695435       -3.4573713092083763E-002   1.1280557005004250       0.18043127748086524       0.23432648527182653     
          51          14   1020.33594     T  -15.196499960962029       -4.1366378045668935        270.45375348951757        1.5207199911747931        3.9218624836695435       -3.4573713092083763E-002   1.1280557005004250       0.18043127748086524       0.23432648527182653     
          52          14   1020.33594     T  -15.196499960962029       -4.1366378045668935        270.45375348951757        1.5207199911747931        3.9218624836695435       -3.4573713092083763E-002   1.1280557005004250       0.18043127748086524       0.23432648527182653     
          53          14   981.531250     T  -15.291696553557514       -4.0795674631895977        223.65012216234354        1.9753107637432628        7.4784170476102645        8.3903933972440010E-003   1.4437836935228774       0.18196596436468726       0.21514810688878877     
          54          14   891.234375     T  -15.192060099763324       -4.1330394853471049        270.38107056504316        1.5247835552067079        3.9352303245884506       -2.6380087605753905E-002   1.1286523945589344       0.18003642901992245       0.23399140089787238     
          55          14   966.835938     T  -15.291663486907947       -3.7902082801263637        196.44043814454380        2.3358417512066540        6.7851588166067245      -0.13043924829030987        1.6626199096481193       0.11407345648309823       0.20164112350937105     
          56          14   966.835938     T  -15.291663486907947       -3.7902082801263637        196.44043814454380        2.3358417512066540        6.7851588166067245      -0.13043924829030987        1.6626199096481193       0.11407345648309823       0.20164112350937105     
          57          14   966.835938     T  -15.291663486907947       -3.7902082801263637        196.44043814454380        2.3358417512066540        6.7851588166067245      -0.13043924829030987        1.6626199096481193       0.11407345648309823       0.20164112350937105     
          58          14   966.835938     T  -15.291663486907947       -3.7902082801263637        196.44043814454380        2.3358417512066540        6.7851588166067245      -0.13043924829030987        1.6626199096481193       0.11407345648309823       0.20164112350937105     
          59          14   988.757812     T  -14.958545811357643       -4.2048009179200871        181.45041819515646        2.3653494869700369        6.0936769255831571      -0.43167434540224486        1.6184751127184058       0.14807086280360252       0.23886038008448865     
          60          14   988.757812     T  -14.958545811357643       -4.2048009179200871        181.45041819515646        2.3653494869700369        6.0936769255831571      -0.43167434540224486        1.6184751127184058       0.14807086280360252       0.23886038008448865     
          61          14   965.750000     T  -14.500840266714983       -3.7450503807776130        186.91983713157350        2.2270749968198884        5.6710430690876015      -0.12949811700271827        1.7176431794620524       0.12390268395068565       0.18048484615690527     
          62          14   910.851562     T  -14.417811082370381       -4.1712386727402482        222.56858848794835        1.8721636179401728        4.7106333020078486        5.6918625160393373E-002   1.7080213695746500       0.17614650504658416       0.15763005988099321     
          63          14   910.851562     T  -14.417811082370381       -4.1712386727402482        222.56858848794835        1.8721636179401728        4.7106333020078486        5.6918625160393373E-002   1.7080213695746500       0.17614650504658416       0.15763005988099321     
          64          14   910.851562     T  -14.417811082370381       -4.1712386727402482        222.56858848794835        1.8721636179401728        4.7106333020078486        5.6918625160393373E-002   1.7080213695746500       0.17614650504658416       0.15763005988099321     
          65          14   1038.57031     T  -14.594515040658386       -3.8411700368179882        205.80465737868175        1.7805160560174416        7.3120427608984695       0.24160931475402270        1.5958629723191697       0.18527996158185245       0.17502141105772295     
          66          14   1038.57031     T  -14.594515040658386       -3.8411700368179882        205.80465737868175        1.7805160560174416        7.3120427608984695       0.24160931475402270        1.5958629723191697       0.18527996158185245       0.17502141105772295     
          67          14   1038.57031     T  -14.594515040658386       -3.8411700368179882        205.80465737868175        1.7805160560174416        7.3120427608984695       0.24160931475402270        1.5958629723191697       0.18527996158185245       0.17502141105772295     
          68          14   1038.57031     T  -14.594515040658386       -3.8411700368179882        205.80465737868175        1.7805160560174416        7.3120427608984695       0.24160931475402270        1.5958629723191697       0.18527996158185245       0.17502141105772295     
          69          14   1038.57031     T  -14.594515040658386       -3.8411700368179882        205.80465737868175        1.7805160560174416        7.3120427608984695       0.24160931475402270        1.5958629723191697       0.18527996158185245       0.17502141105772295     
          70          14   1038.57031     T  -14.594515040658386       -3.8411700368179882        205.80465737868175        1.7805160560174416        7.3120427608984695       0.24160931475402270        1.5958629723191697       0.18527996158185245       0.17502141105772295     
          71          14   1007.35938     T  -15.079247744375582       -3.9218690727977394        216.66246979746379        1.7002609871075076        6.5512489352316052       0.26498835400969639        1.2961865499999492       0.14838724696350875       0.22301497310345528     
          72          14   1097.06250     T  -15.529199853594639       -4.8830490177378660        241.73304426728046        1.2716976979806696        4.8852339091226433       -6.2464416616132556E-002   1.1505751888601168       0.21535901451546730       0.22782236758832383     
          73          14   1119.03906     T  -14.952333680113782       -4.1876376174723715        252.58503931639675        1.4091347279133108        3.8682667178788703      -0.31241778907016288        1.0958021414578203       0.20770506907888012       0.23870232274810271     
          74          14   1119.03906     T  -14.952333680113782       -4.1876376174723715        252.58503931639675        1.4091347279133108        3.8682667178788703      -0.31241778907016288        1.0958021414578203       0.20770506907888012       0.23870232274810271     
          75          14   1119.03906     T  -14.952333680113782       -4.1876376174723715        252.58503931639675        1.4091347279133108        3.8682667178788703      -0.31241778907016288        1.0958021414578203       0.20770506907888012       0.23870232274810271     
          76          14   1119.03906     T  -14.952333680113782       -4.1876376174723715        252.58503931639675        1.4091347279133108        3.8682667178788703      -0.31241778907016288        1.0958021414578203       0.20770506907888012       0.23870232274810271     
          77          14   1119.03906     T  -14.952333680113782       -4.1876376174723715        252.58503931639675        1.4091347279133108        3.8682667178788703      -0.31241778907016288        1.0958021414578203       0.20770506907888012       0.23870232274810271     
          78          14   945.898438     T  -14.767821370010610       -3.9668294109870423        255.71078600453896        1.3569335115151651        4.6699438577256736       0.45479529103789990        1.4162259096919354       0.15646029579455850       0.16160617495885565     
          79          14   945.898438     T  -14.767821370010610       -3.9668294109870423        255.71078600453896        1.3569335115151651        4.6699438577256736       0.45479529103789990        1.4162259096919354       0.15646029579455850       0.16160617495885565     
          80          14   945.898438     T  -14.767821370010610       -3.9668294109870423        255.71078600453896        1.3569335115151651        4.6699438577256736       0.45479529103789990        1.4162259096919354       0.15646029579455850       0.16160617495885565     
          81          14   945.898438     T  -14.767821370010610       -3.9668294109870423        255.71078600453896        1.3569335115151651        4.6699438577256736       0.45479529103789990        1.4162259096919354       0.15646029579455850       0.16160617495885565     
          82          14   994.375000     T  -15.034951156649003       -3.8941498369714331        195.41212624285788        2.0632378332613426        6.7840389418837184       -2.1735869414024611E-002   1.2501912415577709       0.18648813071570405       0.28265967477894427     
          83          14   994.375000     T  -15.034951156649003       -3.8941498369714331        195.41212624285788        2.0632378332613426        6.7840389418837184       -2.1735869414024611E-002   1.2501912415577709       0.18648813071570405       0.28265967477894427     
          84          14   994.375000     T  -15.034951156649003       -3.8941498369714331        195.41212624285788        2.0632378332613426        6.7840389418837184       -2.1735869414024611E-002   1.2501912415577709       0.18648813071570405       0.28265967477894427     
          85          14   994.375000     T  -15.034951156649003       -3.8941498369714331        195.41212624285788        2.0632378332613426        6.7840389418837184       -2.1735869414024611E-002   1.2501912415577709       0.18648813071570405       0.28265967477894427     
          86          14   994.375000     T  -15.034951156649003       -3.8941498369714331        195.41212624285788        2.0632378332613426        6.7840389418837184       -2.1735869414024611E-002   1.2501912415577709       0.18648813071570405       0.28265967477894427     
          87          14   994.375000     T  -15.034951156649003       -3.8941498369714331        195.41212624285788        2.0632378332613426        6.7840389418837184       -2.1735869414024611E-002   1.2501912415577709       0.18648813071570405       0.28265967477894427     
          88          14   994.375000     T  -15.034951156649003       -3.8941498369714331        195.41212624285788        2.0632378332613426        6.7840389418837184       -2.1735869414024611E-002   1.2501912415577709       0.18648813071570405       0.28265967477894427     
          89          14   994.375000     T  -15.034951156649003       -3.8941498369714331        195.41212624285788        2.0632378332613426        6.7840389418837184       -2.1735869414024611E-002   1.2501912415577709       0.18648813071570405       0.28265967477894427     
          90          14   994.375000     T  -15.034951156649003       -3.8941498369714331        195.41212624285788        2.0632378332613426        6.7840389418837184       -2.1735869414024611E-002   1.2501912415577709       0.18648813071570405       0.28265967477894427     
          91          14   994.375000     T  -15.034951156649003       -3.8941498369714331        195.41212624285788        2.0632378332613426        6.7840389418837184       -2.1735869414024611E-002   1.2501912415577709       0.18648813071570405       0.28265967477894427     
          92          14   916.992188     T  -15.127416668614725       -4.0310400302614120        194.84053158479944        2.0794334898762648        6.6581936735389160       -6.7983955833202233E-003   1.2484565857184196       0.18679797080650012       0.28312838042592214     
          93          14   916.992188     T  -15.127416668614725       -4.0310400302614120        194.84053158479944        2.0794334898762648        6.6581936735389160       -6.7983955833202233E-003   1.2484565857184196       0.18679797080650012       0.28312838042592214     
          94          14   985.906250     T  -16.218748099237068       -5.4739254122614529        168.23522924262085        2.4973247905939644        6.0935571336012586      -0.91852965332025172        1.2575069901611198       0.15622457435915604       0.26571438320935103     
          95          14   985.906250     T  -16.218748099237068       -5.4739254122614529        168.23522924262085        2.4973247905939644        6.0935571336012586      -0.91852965332025172        1.2575069901611198       0.15622457435915604       0.26571438320935103     
          96          14   1232.92188     T  -16.281210632661811       -4.1617454855268567        237.49450893720319        1.2747771935100047        10.347564064558128      -0.38328090106313073        1.3806727362501472       0.24952413190147013       0.14486252646334211     
          97          14   1382.67188     T  -15.822012275729540       -4.9083075681335675        245.37438861910147       0.94086783720730049        5.9909098090374373      -0.32600928567188325        1.9081258316880114       0.22739615949053937       0.10889172263200143     
          98          14   1382.67188     T  -15.822012275729540       -4.9083075681335675        245.37438861910147       0.94086783720730049        5.9909098090374373      -0.32600928567188325        1.9081258316880114       0.22739615949053937       0.10889172263200143     
          99          14   1382.67188     T  -15.822012275729540       -4.9083075681335675        245.37438861910147       0.94086783720730049        5.9909098090374373      -0.32600928567188325        1.9081258316880114       0.22739615949053937       0.10889172263200143     
         100          14   1382.67188     T  -15.822012275729540       -4.9083075681335675        245.37438861910147       0.94086783720730049        5.9909098090374373      -0.32600928567188325        1.9081258316880114       0.22739615949053937       0.10889172263200143     
         101          14   1382.67188     T  -15.822012275729540       -4.9083075681335675        245.37438861910147       0.94086783720730049        5.9909098090374373      -0.32600928567188325        1.9081258316880114       0.22739615949053937       0.10889172263200143     
         102          14   1382.67188     T  -15.822012275729540       -4.9083075681335675        245.37438861910147       0.94086783720730049        5.9909098090374373      -0.32600928567188325        1.9081258316880114       0.22739615949053937       0.10889172263200143     
         103          14   1184.10938     T  -16.659617810098847       -4.9041721716039683        233.23004973445288        1.5934568772116757        7.7024873739383839       -1.4203892840502379       0.75092579522522418       0.26021316550387896       0.27695184167522968     
         104          14   1184.10938     T  -16.659617810098847       -4.9041721716039683        233.23004973445288        1.5934568772116757        7.7024873739383839       -1.4203892840502379       0.75092579522522418       0.26021316550387896       0.27695184167522968     
         105          14   855.765625     T  -14.497256318403469       -3.8003847264137347        189.35793758545100        1.8303040452586765        2.4423442271554641      -0.60668176419161335        2.1372365433140463       0.14180388903918570       0.12278167514464115     
         106          14   855.765625     T  -14.497256318403469       -3.8003847264137347        189.35793758545100        1.8303040452586765        2.4423442271554641      -0.60668176419161335        2.1372365433140463       0.14180388903918570       0.12278167514464115     
         107          14   855.765625     T  -14.497256318403469       -3.8003847264137347        189.35793758545100        1.8303040452586765        2.4423442271554641      -0.60668176419161335        2.1372365433140463       0.14180388903918570       0.12278167514464115     
         108          14   855.765625     T  -14.497256318403469       -3.8003847264137347        189.35793758545100        1.8303040452586765        2.4423442271554641      -0.60668176419161335        2.1372365433140463       0.14180388903918570       0.12278167514464115     
         109          14   855.765625     T  -14.497256318403469       -3.8003847264137347        189.35793758545100        1.8303040452586765        2.4423442271554641      -0.60668176419161335        2.1372365433140463       0.14180388903918570       0.12278167514464115     
         110          14   855.765625     T  -14.497256318403469       -3.8003847264137347        189.35793758545100        1.8303040452586765        2.4423442271554641      -0.60668176419161335        2.1372365433140463       0.14180388903918570       0.12278167514464115     
         111          14   855.765625     T  -14.497256318403469       -3.8003847264137347        189.35793758545100        1.8303040452586765        2.4423442271554641      -0.60668176419161335        2.1372365433140463       0.14180388903918570       0.12278167514464115     
         112          14   1199.92188     T  -14.533317874481988       -3.4696819662449441        231.69816237170170        1.2673268585826978        7.5927219095256184       -1.1123115721475123        1.4383177136583709       0.26056744364242135       0.13868967867414914     
         113          14   1199.92188     T  -14.533317874481988       -3.4696819662449441        231.69816237170170        1.2673268585826978        7.5927219095256184       -1.1123115721475123        1.4383177136583709       0.26056744364242135       0.13868967867414914     
         114          14   1199.92188     T  -14.533317874481988       -3.4696819662449441        231.69816237170170        1.2673268585826978        7.5927219095256184       -1.1123115721475123        1.4383177136583709       0.26056744364242135       0.13868967867414914     
         115          14   1199.92188     T  -14.533317874481988       -3.4696819662449441        231.69816237170170        1.2673268585826978        7.5927219095256184       -1.1123115721475123        1.4383177136583709       0.26056744364242135       0.13868967867414914     
         116          14   1199.92188     T  -14.533317874481988       -3.4696819662449441        231.69816237170170        1.2673268585826978        7.5927219095256184       -1.1123115721475123        1.4383177136583709       0.26056744364242135       0.13868967867414914     
         117          14   1199.92188     T  -14.533317874481988       -3.4696819662449441        231.69816237170170        1.2673268585826978        7.5927219095256184       -1.1123115721475123        1.4383177136583709       0.26056744364242135       0.13868967867414914     
         118          14   1199.92188     T  -14.533317874481988       -3.4696819662449441        231.69816237170170        1.2673268585826978        7.5927219095256184       -1.1123115721475123        1.4383177136583709       0.26056744364242135       0.13868967867414914     
         119          14   1199.92188     T  -14.533317874481988       -3.4696819662449441        231.69816237170170        1.2673268585826978        7.5927219095256184       -1.1123115721475123        1.4383177136583709       0.26056744364242135       0.13868967867414914     
         120          14   1199.92188     T  -14.533317874481988       -3.4696819662449441        231.69816237170170        1.2673268585826978        7.5927219095256184       -1.1123115721475123        1.4383177136583709       0.26056744364242135       0.13868967867414914     
         121          14   1199.92188     T  -14.533317874481988       -3.4696819662449441        231.69816237170170        1.2673268585826978        7.5927219095256184       -1.1123115721475123        1.4383177136583709       0.26056744364242135       0.13868967867414914     
         122          14   1268.12500     T  -14.407869957183227       -3.5656119162371183        252.40999563003359        1.2730433696019381        3.7512121871967277       -1.2497214003361783        1.0625135681662925       0.18458863671275472       0.23780832932530049     
         123          14   1268.12500     T  -14.407869957183227       -3.5656119162371183        252.40999563003359        1.2730433696019381        3.7512121871967277       -1.2497214003361783        1.0625135681662925       0.18458863671275472       0.23780832932530049     
         124          14   1268.12500     T  -14.407869957183227       -3.5656119162371183        252.40999563003359        1.2730433696019381        3.7512121871967277       -1.2497214003361783        1.0625135681662925       0.18458863671275472       0.23780832932530049     
         125          14   1148.81250     T  -13.875042571386206       -3.9306277571612078        214.47531830474881        1.5062736116146000        3.8697455971561858       -1.2662177443142519        1.3874740633268989       0.21441889839658662       0.16601897638283569     
         126          14   1148.81250     T  -13.875042571386206       -3.9306277571612078        214.47531830474881        1.5062736116146000        3.8697455971561858       -1.2662177443142519        1.3874740633268989       0.21441889839658662       0.16601897638283569     
         127          14   1148.81250     T  -13.875042571386206       -3.9306277571612078        214.47531830474881        1.5062736116146000        3.8697455971561858       -1.2662177443142519        1.3874740633268989       0.21441889839658662       0.16601897638283569     
         128          14   1148.81250     T  -13.875042571386206       -3.9306277571612078        214.47531830474881        1.5062736116146000        3.8697455971561858       -1.2662177443142519        1.3874740633268989       0.21441889839658662       0.16601897638283569     
         129          14   1148.81250     T  -13.875042571386206       -3.9306277571612078        214.47531830474881        1.5062736116146000        3.8697455971561858       -1.2662177443142519        1.3874740633268989       0.21441889839658662       0.16601897638283569     
         130          14   1148.81250     T  -13.875042571386206       -3.9306277571612078        214.47531830474881        1.5062736116146000        3.8697455971561858       -1.2662177443142519        1.3874740633268989       0.21441889839658662       0.16601897638283569     
         131          14   1148.81250     T  -13.875042571386206       -3.9306277571612078        214.47531830474881        1.5062736116146000        3.8697455971561858       -1.2662177443142519        1.3874740633268989       0.21441889839658662       0.16601897638283569     
         132          14   1548.48438     T  -14.615117880450416       -3.5018218816454381        293.75829551357316       0.92359389241732792        2.9205437800586247       -1.9686904209171185       0.74817684361517078       0.27894237519793497       0.15954717640912389     
         133          14   1548.48438     T  -14.615117880450416       -3.5018218816454381        293.75829551357316       0.92359389241732792        2.9205437800586247       -1.9686904209171185       0.74817684361517078       0.27894237519793497       0.15954717640912389     
         134          14   1548.48438     T  -14.615117880450416       -3.5018218816454381        293.75829551357316       0.92359389241732792        2.9205437800586247       -1.9686904209171185       0.74817684361517078       0.27894237519793497       0.15954717640912389     
         135          14   1277.84375     T  -13.957077594367734       -4.0926015584259918        152.04423146834122       0.43074638872519255        3.7551235119922595      -0.76258318241363554        4.6828868960751207       0.16695176837177547       0.23146921695393979     
         136          14   1277.84375     T  -13.957077594367734       -4.0926015584259918        152.04423146834122       0.43074638872519255        3.7551235119922595      -0.76258318241363554        4.6828868960751207       0.16695176837177547       0.23146921695393979     
         137          14   1127.93750     T  -14.069814650316957       -3.8826355036104152        233.99452765081278        1.5439890463268209        3.9607823006817955       -1.1882378254159687        1.3712737497799989       0.21369996444402903       0.17313594816020270     
         138          14   1127.93750     T  -14.069814650316957       -3.8826355036104152        233.99452765081278        1.5439890463268209        3.9607823006817955       -1.1882378254159687        1.3712737497799989       0.21369996444402903       0.17313594816020270     
         139          14   1127.93750     T  -14.069814650316957       -3.8826355036104152        233.99452765081278        1.5439890463268209        3.9607823006817955       -1.1882378254159687        1.3712737497799989       0.21369996444402903       0.17313594816020270     
         140          14   1161.76562     T  -14.082935209226269       -3.8777349486105366        234.82185703039411        1.5665396690040563        4.0445207505709364       -1.1090340764932214        1.3897860842136200       0.21073449126421309       0.17334513571540083     
         141          14   1161.76562     T  -14.082935209226269       -3.8777349486105366        234.82185703039411        1.5665396690040563        4.0445207505709364       -1.1090340764932214        1.3897860842136200       0.21073449126421309       0.17334513571540083     
         142          14   1161.76562     T  -14.082935209226269       -3.8777349486105366        234.82185703039411        1.5665396690040563        4.0445207505709364       -1.1090340764932214        1.3897860842136200       0.21073449126421309       0.17334513571540083     
         143          14   1161.76562     T  -14.082935209226269       -3.8777349486105366        234.82185703039411        1.5665396690040563        4.0445207505709364       -1.1090340764932214        1.3897860842136200       0.21073449126421309       0.17334513571540083     
         144          14   1161.76562     T  -14.082935209226269       -3.8777349486105366        234.82185703039411        1.5665396690040563        4.0445207505709364       -1.1090340764932214        1.3897860842136200       0.21073449126421309       0.17334513571540083     
         145          14   1161.76562     T  -14.082935209226269       -3.8777349486105366        234.82185703039411        1.5665396690040563        4.0445207505709364       -1.1090340764932214        1.3897860842136200       0.21073449126421309       0.17334513571540083     
         146          14   1161.76562     T  -14.082935209226269       -3.8777349486105366        234.82185703039411        1.5665396690040563        4.0445207505709364       -1.1090340764932214        1.3897860842136200       0.21073449126421309       0.17334513571540083     
         147          14   1161.76562     T  -14.082935209226269       -3.8777349486105366        234.82185703039411        1.5665396690040563        4.0445207505709364       -1.1090340764932214        1.3897860842136200       0.21073449126421309       0.17334513571540083     
         148          14   1161.76562     T  -14.082935209226269       -3.8777349486105366        234.82185703039411        1.5665396690040563        4.0445207505709364       -1.1090340764932214        1.3897860842136200       0.21073449126421309       0.17334513571540083     
         149          14   1161.76562     T  -14.082935209226269       -3.8777349486105366        234.82185703039411        1.5665396690040563        4.0445207505709364       -1.1090340764932214        1.3897860842136200       0.21073449126421309       0.17334513571540083     
         150          14   1007.12500     T  -15.109374056756986       -4.3683531036093157        260.53176744225533        1.5546495242770799        2.9599203004366847       -1.4035026075841088        1.2545512630635580       0.20883891290060580       0.12518829576876639     
         151          14   1007.12500     T  -15.109374056756986       -4.3683531036093157        260.53176744225533        1.5546495242770799        2.9599203004366847       -1.4035026075841088        1.2545512630635580       0.20883891290060580       0.12518829576876639     
         152          14   1007.12500     T  -15.109374056756986       -4.3683531036093157        260.53176744225533        1.5546495242770799        2.9599203004366847       -1.4035026075841088        1.2545512630635580       0.20883891290060580       0.12518829576876639     
         153          14   1007.12500     T  -15.109374056756986       -4.3683531036093157        260.53176744225533        1.5546495242770799        2.9599203004366847       -1.4035026075841088        1.2545512630635580       0.20883891290060580       0.12518829576876639     
         154          14   1007.12500     T  -15.109374056756986       -4.3683531036093157        260.53176744225533        1.5546495242770799        2.9599203004366847       -1.4035026075841088        1.2545512630635580       0.20883891290060580       0.12518829576876639     
         155          14   1007.12500     T  -15.109374056756986       -4.3683531036093157        260.53176744225533        1.5546495242770799        2.9599203004366847       -1.4035026075841088        1.2545512630635580       0.20883891290060580       0.12518829576876639     
         156          14   1007.12500     T  -15.109374056756986       -4.3683531036093157        260.53176744225533        1.5546495242770799        2.9599203004366847       -1.4035026075841088        1.2545512630635580       0.20883891290060580       0.12518829576876639     
         157          14   1007.12500     T  -15.109374056756986       -4.3683531036093157        260.53176744225533        1.5546495242770799        2.9599203004366847       -1.4035026075841088        1.2545512630635580       0.20883891290060580       0.12518829576876639     
         158          14   1088.79688     T  -15.145754428497579       -4.3731620692721860        261.45293407619198        1.5415150719093669        2.9014183560394691       -1.3889090640300541        1.2470806971887018       0.20943637130218590       0.12536219912757646     
         159          14   1088.79688     T  -15.145754428497579       -4.3731620692721860        261.45293407619198        1.5415150719093669        2.9014183560394691       -1.3889090640300541        1.2470806971887018       0.20943637130218590       0.12536219912757646     
         160          14   1088.79688     T  -15.145754428497579       -4.3731620692721860        261.45293407619198        1.5415150719093669        2.9014183560394691       -1.3889090640300541        1.2470806971887018       0.20943637130218590       0.12536219912757646     
         161          14   1088.79688     T  -15.145754428497579       -4.3731620692721860        261.45293407619198        1.5415150719093669        2.9014183560394691       -1.3889090640300541        1.2470806971887018       0.20943637130218590       0.12536219912757646     
         162          14   1088.79688     T  -15.145754428497579       -4.3731620692721860        261.45293407619198        1.5415150719093669        2.9014183560394691       -1.3889090640300541        1.2470806971887018       0.20943637130218590       0.12536219912757646     
         163          14   1088.79688     T  -15.145754428497579       -4.3731620692721860        261.45293407619198        1.5415150719093669        2.9014183560394691       -1.3889090640300541        1.2470806971887018       0.20943637130218590       0.12536219912757646     
         164          14   1088.79688     T  -15.145754428497579       -4.3731620692721860        261.45293407619198        1.5415150719093669        2.9014183560394691       -1.3889090640300541        1.2470806971887018       0.20943637130218590       0.12536219912757646     
         165          14   1088.79688     T  -15.145754428497579       -4.3731620692721860        261.45293407619198        1.5415150719093669        2.9014183560394691       -1.3889090640300541        1.2470806971887018       0.20943637130218590       0.12536219912757646     
         166          14   1088.79688     T  -15.145754428497579       -4.3731620692721860        261.45293407619198        1.5415150719093669        2.9014183560394691       -1.3889090640300541        1.2470806971887018       0.20943637130218590       0.12536219912757646     
         167          14   1088.79688     T  -15.145754428497579       -4.3731620692721860        261.45293407619198        1.5415150719093669        2.9014183560394691       -1.3889090640300541        1.2470806971887018       0.20943637130218590       0.12536219912757646     
         168          14   1032.03125     T  -15.103837048178560       -4.2926220172481013        260.02088320140973        1.5426831951260582        2.7877782815012742       -1.3867672703336460        1.2455924833710244       0.20971086534919686       0.12442724863986553     
         169          14   1032.03125     T  -15.103837048178560       -4.2926220172481013        260.02088320140973        1.5426831951260582        2.7877782815012742       -1.3867672703336460        1.2455924833710244       0.20971086534919686       0.12442724863986553     
         170          14   1032.03125     T  -15.103837048178560       -4.2926220172481013        260.02088320140973        1.5426831951260582        2.7877782815012742       -1.3867672703336460        1.2455924833710244       0.20971086534919686       0.12442724863986553     
         171          14   795.468750     T  -16.038312660231497       -4.9315297801402957        257.95520302792090        1.5245236500788424        6.2221830218408378      -0.45419444059922454        3.0657646990977789       0.22177774976629475       0.21764064529438762     
         172          14   1257.75000     T  -16.894136202751064       -5.4168488837270532        101.52063387094040       0.40735974498107019        2.3986443234817685       -1.0813491325747919        4.5763025672828723       0.11746897645351102       0.29773560118826098     
         173          14   1685.95312     T  -17.480549445707680       -6.3802688295346854        119.64856302026341       0.54990598135229951        2.0506707536179358       -1.3414338984982224        1.5117718514388951       0.17156277001030790       0.30495096575447356     
         174          14   1685.95312     T  -17.480549445707680       -6.3802688295346854        119.64856302026341       0.54990598135229951        2.0506707536179358       -1.3414338984982224        1.5117718514388951       0.17156277001030790       0.30495096575447356     
         175          14   1685.95312     T  -17.480549445707680       -6.3802688295346854        119.64856302026341       0.54990598135229951        2.0506707536179358       -1.3414338984982224        1.5117718514388951       0.17156277001030790       0.30495096575447356     
         176          14   1685.95312     T  -17.480549445707680       -6.3802688295346854        119.64856302026341       0.54990598135229951        2.0506707536179358       -1.3414338984982224        1.5117718514388951       0.17156277001030790       0.30495096575447356     
         177          14   1685.95312     T  -17.480549445707680       -6.3802688295346854        119.64856302026341       0.54990598135229951        2.0506707536179358       -1.3414338984982224        1.5117718514388951       0.17156277001030790       0.30495096575447356     
         178          14   1471.14062     T  -18.164080948819127       -7.3655086295692058        141.84965001968726       0.98906291176214178        2.1975558189310993       -1.5064607325326038        1.2943332171028212       0.20038881523015720       0.29759299941017292     
         179          14   1471.14062     T  -18.164080948819127       -7.3655086295692058        141.84965001968726       0.98906291176214178        2.1975558189310993       -1.5064607325326038        1.2943332171028212       0.20038881523015720       0.29759299941017292     
         180          14   1471.14062     T  -18.164080948819127       -7.3655086295692058        141.84965001968726       0.98906291176214178        2.1975558189310993       -1.5064607325326038        1.2943332171028212       0.20038881523015720       0.29759299941017292     
         181          14   1471.14062     T  -18.164080948819127       -7.3655086295692058        141.84965001968726       0.98906291176214178        2.1975558189310993       -1.5064607325326038        1.2943332171028212       0.20038881523015720       0.29759299941017292     
         182          14   1471.14062     T  -18.164080948819127       -7.3655086295692058        141.84965001968726       0.98906291176214178        2.1975558189310993       -1.5064607325326038        1.2943332171028212       0.20038881523015720       0.29759299941017292     
         183          14   1801.75000     T  -17.184809788064449       -7.3180812467693812        140.06889287220741       0.22745313374717530        4.3593684594010096      -0.69896462045609764        1.3953860120432469       0.21494305612997083       0.26667116306367977     
         184          14   1801.75000     T  -17.184809788064449       -7.3180812467693812        140.06889287220741       0.22745313374717530        4.3593684594010096      -0.69896462045609764        1.3953860120432469       0.21494305612997083       0.26667116306367977     
         185          14   1703.56250     T  -16.737735162411202       -6.6561993983710801        126.85840569075553       0.26807449932842420        6.0448714617195805       -1.3617221208218464        2.4001818870951674       0.27460499705440189       0.24973770408535836     
         186          14   1703.56250     T  -16.737735162411202       -6.6561993983710801        126.85840569075553       0.26807449932842420        6.0448714617195805       -1.3617221208218464        2.4001818870951674       0.27460499705440189       0.24973770408535836     
         187          14   1703.56250     T  -16.737735162411202       -6.6561993983710801        126.85840569075553       0.26807449932842420        6.0448714617195805       -1.3617221208218464        2.4001818870951674       0.27460499705440189       0.24973770408535836     
         188          14   845.375000     T  -14.671771744007604       -4.5234070989481907        192.94155346261635        1.5523509954376133        3.8997380484995650      -0.74449094145666872        2.3958504959451359       0.15329159531543632       0.19617249357105665     
         189          14   845.375000     T  -14.671771744007604       -4.5234070989481907        192.94155346261635        1.5523509954376133        3.8997380484995650      -0.74449094145666872        2.3958504959451359       0.15329159531543632       0.19617249357105665     
         190          14   845.375000     T  -14.671771744007604       -4.5234070989481907        192.94155346261635        1.5523509954376133        3.8997380484995650      -0.74449094145666872        2.3958504959451359       0.15329159531543632       0.19617249357105665     
         191          14   1315.62500     T  -15.648944760363342       -5.4072997709071373        193.20219798772990       0.60126804771597286        6.1336577692442402       -1.5117814617300147        4.8356516187051000       0.21676787266155970       0.12093188977149689     
         192          14   1315.62500     T  -15.648944760363342       -5.4072997709071373        193.20219798772990       0.60126804771597286        6.1336577692442402       -1.5117814617300147        4.8356516187051000       0.21676787266155970       0.12093188977149689     
         193          14   1315.62500     T  -15.648944760363342       -5.4072997709071373        193.20219798772990       0.60126804771597286        6.1336577692442402       -1.5117814617300147        4.8356516187051000       0.21676787266155970       0.12093188977149689     
         194          14   1315.62500     T  -15.648944760363342       -5.4072997709071373        193.20219798772990       0.60126804771597286        6.1336577692442402       -1.5117814617300147        4.8356516187051000       0.21676787266155970       0.12093188977149689     
         195          14   1575.75000     T  -15.533278902426277       -5.2978985314345390        192.78402016432750       0.59738177859715558        6.1387795295582848       -1.5061794236818142        4.8348916050269501       0.21737640831435906       0.12124532450743956     
         196          14   1575.75000     T  -15.533278902426277       -5.2978985314345390        192.78402016432750       0.59738177859715558        6.1387795295582848       -1.5061794236818142        4.8348916050269501       0.21737640831435906       0.12124532450743956     
         197          14   1575.75000     T  -15.533278902426277       -5.2978985314345390        192.78402016432750       0.59738177859715558        6.1387795295582848       -1.5061794236818142        4.8348916050269501       0.21737640831435906       0.12124532450743956     
         198          14   1575.75000     T  -15.533278902426277       -5.2978985314345390        192.78402016432750       0.59738177859715558        6.1387795295582848       -1.5061794236818142        4.8348916050269501       0.21737640831435906       0.12124532450743956     
         199          14   1575.75000     T  -15.533278902426277       -5.2978985314345390        192.78402016432750       0.59738177859715558        6.1387795295582848       -1.5061794236818142        4.8348916050269501       0.21737640831435906       0.12124532450743956     
         200          14   1575.75000     T  -15.533278902426277       -5.2978985314345390        192.78402016432750       0.59738177859715558        6.1387795295582848       -1.5061794236818142        4.8348916050269501       0.21737640831435906       0.12124532450743956     
         201          14   1575.75000     T  -15.533278902426277       -5.2978985314345390        192.78402016432750       0.59738177859715558        6.1387795295582848       -1.5061794236818142        4.8348916050269501       0.21737640831435906       0.12124532450743956     
         202          14   1575.75000     T  -15.533278902426277       -5.2978985314345390        192.78402016432750       0.59738177859715558        6.1387795295582848       -1.5061794236818142        4.8348916050269501       0.21737640831435906       0.12124532450743956     
         203          14   1575.75000     T  -15.533278902426277       -5.2978985314345390        192.78402016432750       0.59738177859715558        6.1387795295582848       -1.5061794236818142        4.8348916050269501       0.21737640831435906       0.12124532450743956     
         204          14   1575.75000     T  -15.533278902426277       -5.2978985314345390        192.78402016432750       0.59738177859715558        6.1387795295582848       -1.5061794236818142        4.8348916050269501       0.21737640831435906       0.12124532450743956     
         205          14   1575.75000     T  -15.533278902426277       -5.2978985314345390        192.78402016432750       0.59738177859715558        6.1387795295582848       -1.5061794236818142        4.8348916050269501       0.21737640831435906       0.12124532450743956     
         206          14   1575.75000     T  -15.533278902426277       -5.2978985314345390        192.78402016432750       0.59738177859715558        6.1387795295582848       -1.5061794236818142        4.8348916050269501       0.21737640831435906       0.12124532450743956     
         207          14   1575.75000     T  -15.533278902426277       -5.2978985314345390        192.78402016432750       0.59738177859715558        6.1387795295582848       -1.5061794236818142        4.8348916050269501       0.21737640831435906       0.12124532450743956     
         208          14   1301.53125     T  -14.322424071383878       -3.9901957582611614        229.94755737938351        1.2155606068558957        3.4489039983104881       -1.3262551533642974      -0.67212665963512408       0.23535715486514494       0.21406650662514565     
         209          14   1301.53125     T  -14.322424071383878       -3.9901957582611614        229.94755737938351        1.2155606068558957        3.4489039983104881       -1.3262551533642974      -0.67212665963512408       0.23535715486514494       0.21406650662514565     
         210          14   1301.53125     T  -14.322424071383878       -3.9901957582611614        229.94755737938351        1.2155606068558957        3.4489039983104881       -1.3262551533642974      -0.67212665963512408       0.23535715486514494       0.21406650662514565     
         211          14   1301.53125     T  -14.322424071383878       -3.9901957582611614        229.94755737938351        1.2155606068558957        3.4489039983104881       -1.3262551533642974      -0.67212665963512408       0.23535715486514494       0.21406650662514565     
         212          14   1167.71875     T  -14.904271434357371       -4.6499397334341115        225.23848488690297        1.7065259659348964        3.9652582220543038       -1.3065195318364509      -0.66449026742674644       0.32054320846124329       0.14597775232509297     
         213          14   1167.71875     T  -14.904271434357371       -4.6499397334341115        225.23848488690297        1.7065259659348964        3.9652582220543038       -1.3065195318364509      -0.66449026742674644       0.32054320846124329       0.14597775232509297     
         214          14   1361.00000     T  -15.663335367363965       -5.8135050156611072        189.19436588655381       0.88219804790662049        4.5968550754385102      -0.97835242282034862        2.7566255184200252       0.25455991956034651       0.12047905198556437     
         215          14   1083.75000     T  -13.909544176050323       -4.0430853048499635        202.14242115602451        1.8822983400147095        3.9792517903895033      -0.80372550259219988        1.5505838480699223       0.25446697051957612       0.12981675821588609     
         216          14   1083.75000     T  -13.909544176050323       -4.0430853048499635        202.14242115602451        1.8822983400147095        3.9792517903895033      -0.80372550259219988        1.5505838480699223       0.25446697051957612       0.12981675821588609     
         217          14   1083.75000     T  -13.909544176050323       -4.0430853048499635        202.14242115602451        1.8822983400147095        3.9792517903895033      -0.80372550259219988        1.5505838480699223       0.25446697051957612       0.12981675821588609     
         218          14   1083.75000     T  -13.909544176050323       -4.0430853048499635        202.14242115602451        1.8822983400147095        3.9792517903895033      -0.80372550259219988        1.5505838480699223       0.25446697051957612       0.12981675821588609     
         219          14   1083.75000     T  -13.909544176050323       -4.0430853048499635        202.14242115602451        1.8822983400147095        3.9792517903895033      -0.80372550259219988        1.5505838480699223       0.25446697051957612       0.12981675821588609     
         220          14   1083.75000     T  -13.909544176050323       -4.0430853048499635        202.14242115602451        1.8822983400147095        3.9792517903895033      -0.80372550259219988        1.5505838480699223       0.25446697051957612       0.12981675821588609     
         221          14   1083.75000     T  -13.909544176050323       -4.0430853048499635        202.14242115602451        1.8822983400147095        3.9792517903895033      -0.80372550259219988        1.5505838480699223       0.25446697051957612       0.12981675821588609     
         222          14   1083.75000     T  -13.909544176050323       -4.0430853048499635        202.14242115602451        1.8822983400147095        3.9792517903895033      -0.80372550259219988        1.5505838480699223       0.25446697051957612       0.12981675821588609     
         223          14   1083.75000     T  -13.909544176050323       -4.0430853048499635        202.14242115602451        1.8822983400147095        3.9792517903895033      -0.80372550259219988        1.5505838480699223       0.25446697051957612       0.12981675821588609     
         224          14   1083.75000     T  -13.909544176050323       -4.0430853048499635        202.14242115602451        1.8822983400147095        3.9792517903895033      -0.80372550259219988        1.5505838480699223       0.25446697051957612       0.12981675821588609     
         225          14   997.406250     T  -13.851858685928477       -4.0313998460384166        196.88637886287788        1.8444420914668327        3.7465582223633005      -0.92442762684595026        1.1259889295384604       0.20151173605103925       0.18113503225888061     
         226          14   997.406250     T  -13.851858685928477       -4.0313998460384166        196.88637886287788        1.8444420914668327        3.7465582223633005      -0.92442762684595026        1.1259889295384604       0.20151173605103925       0.18113503225888061     
         227          14   997.406250     T  -13.851858685928477       -4.0313998460384166        196.88637886287788        1.8444420914668327        3.7465582223633005      -0.92442762684595026        1.1259889295384604       0.20151173605103925       0.18113503225888061     
         228          14   997.406250     T  -13.851858685928477       -4.0313998460384166        196.88637886287788        1.8444420914668327        3.7465582223633005      -0.92442762684595026        1.1259889295384604       0.20151173605103925       0.18113503225888061     
         229          14   997.406250     T  -13.851858685928477       -4.0313998460384166        196.88637886287788        1.8444420914668327        3.7465582223633005      -0.92442762684595026        1.1259889295384604       0.20151173605103925       0.18113503225888061     
         230          14   997.406250     T  -13.851858685928477       -4.0313998460384166        196.88637886287788        1.8444420914668327        3.7465582223633005      -0.92442762684595026        1.1259889295384604       0.20151173605103925       0.18113503225888061     
         231          14   997.406250     T  -13.851858685928477       -4.0313998460384166        196.88637886287788        1.8444420914668327        3.7465582223633005      -0.92442762684595026        1.1259889295384604       0.20151173605103925       0.18113503225888061     
         232          14   997.406250     T  -13.851858685928477       -4.0313998460384166        196.88637886287788        1.8444420914668327        3.7465582223633005      -0.92442762684595026        1.1259889295384604       0.20151173605103925       0.18113503225888061     
         233          14   997.406250     T  -13.851858685928477       -4.0313998460384166        196.88637886287788        1.8444420914668327        3.7465582223633005      -0.92442762684595026        1.1259889295384604       0.20151173605103925       0.18113503225888061     
         234          14   997.406250     T  -13.851858685928477       -4.0313998460384166        196.88637886287788        1.8444420914668327        3.7465582223633005      -0.92442762684595026        1.1259889295384604       0.20151173605103925       0.18113503225888061     
         235          14   997.406250     T  -13.851858685928477       -4.0313998460384166        196.88637886287788        1.8444420914668327        3.7465582223633005      -0.92442762684595026        1.1259889295384604       0.20151173605103925       0.18113503225888061     
         236          14   997.406250     T  -13.851858685928477       -4.0313998460384166        196.88637886287788        1.8444420914668327        3.7465582223633005      -0.92442762684595026        1.1259889295384604       0.20151173605103925       0.18113503225888061     
         237          14   997.406250     T  -13.851858685928477       -4.0313998460384166        196.88637886287788        1.8444420914668327        3.7465582223633005      -0.92442762684595026        1.1259889295384604       0.20151173605103925       0.18113503225888061     
         238          14   997.406250     T  -13.851858685928477       -4.0313998460384166        196.88637886287788        1.8444420914668327        3.7465582223633005      -0.92442762684595026        1.1259889295384604       0.20151173605103925       0.18113503225888061     
         239          14   997.406250     T  -13.851858685928477       -4.0313998460384166        196.88637886287788        1.8444420914668327        3.7465582223633005      -0.92442762684595026        1.1259889295384604       0.20151173605103925       0.18113503225888061     
         240          14   986.937500     T  -13.952173596110949       -4.1227857126585024        196.60815005586849        1.8512168809660174        3.7112208607064958      -0.91816647577735377        1.1759640344403857       0.20128275676985025       0.18388749597917373     
         241          14   986.937500     T  -13.952173596110949       -4.1227857126585024        196.60815005586849        1.8512168809660174        3.7112208607064958      -0.91816647577735377        1.1759640344403857       0.20128275676985025       0.18388749597917373     
         242          14   1022.06250     T  -14.080853324635745       -4.2407626709737585        197.37124093041842        1.8395287419885826        3.6827000564321137      -0.92682704647087244        1.2303598088860221       0.21060065277903159       0.19000948021642391     
         243          14   713.250000     T  -15.406002167904845       -4.0494620324139730        171.06624172208211        2.1475388994608546        3.6400610401122613      -0.21809807509176440        2.3541367182882587       0.10942757611223318       0.28411883568794538     
         244          14   1204.09375     T  -14.606943524389896       -4.0128413734654718        189.42096709780364        2.2435759747348816        3.8895432941663617      -0.44140953023603025      -0.56222934408954772       0.11984271154669771       0.18309421099634610     
         245          14   1204.09375     T  -14.606943524389896       -4.0128413734654718        189.42096709780364        2.2435759747348816        3.8895432941663617      -0.44140953023603025      -0.56222934408954772       0.11984271154669771       0.18309421099634610     
         246          14   1204.09375     T  -14.606943524389896       -4.0128413734654718        189.42096709780364        2.2435759747348816        3.8895432941663617      -0.44140953023603025      -0.56222934408954772       0.11984271154669771       0.18309421099634610     
         247          14   1204.09375     T  -14.606943524389896       -4.0128413734654718        189.42096709780364        2.2435759747348816        3.8895432941663617      -0.44140953023603025      -0.56222934408954772       0.11984271154669771       0.18309421099634610     
         248          14   1204.09375     T  -14.606943524389896       -4.0128413734654718        189.42096709780364        2.2435759747348816        3.8895432941663617      -0.44140953023603025      -0.56222934408954772       0.11984271154669771       0.18309421099634610     
         249          14   1204.09375     T  -14.606943524389896       -4.0128413734654718        189.42096709780364        2.2435759747348816        3.8895432941663617      -0.44140953023603025      -0.56222934408954772       0.11984271154669771       0.18309421099634610     
         250          14   1204.09375     T  -14.606943524389896       -4.0128413734654718        189.42096709780364        2.2435759747348816        3.8895432941663617      -0.44140953023603025      -0.56222934408954772       0.11984271154669771       0.18309421099634610     
         251          14   1204.09375     T  -14.606943524389896       -4.0128413734654718        189.42096709780364        2.2435759747348816        3.8895432941663617      -0.44140953023603025      -0.56222934408954772       0.11984271154669771       0.18309421099634610     
         252          14   1196.62500     T  -13.952270567360333       -3.3264622529927834        189.84867126322553        2.2992332730160641        3.9090775551916637      -0.45030934482134161      -0.56482701573843019       0.11887185805849101       0.18460637168363817     
         253          14   1054.62500     T  -13.936577240776327       -3.3228000433129585        189.49031448790382        2.3142366685350590        3.8973645303063797      -0.46685106609433397      -0.50893537562850855       0.11935684033126102       0.18531469624532998     
         254          14   1054.62500     T  -13.936577240776327       -3.3228000433129585        189.49031448790382        2.3142366685350590        3.8973645303063797      -0.46685106609433397      -0.50893537562850855       0.11935684033126102       0.18531469624532998     
         255          14   1054.62500     T  -13.936577240776327       -3.3228000433129585        189.49031448790382        2.3142366685350590        3.8973645303063797      -0.46685106609433397      -0.50893537562850855       0.11935684033126102       0.18531469624532998     
         256          14   1054.62500     T  -13.936577240776327       -3.3228000433129585        189.49031448790382        2.3142366685350590        3.8973645303063797      -0.46685106609433397      -0.50893537562850855       0.11935684033126102       0.18531469624532998     
         257          14   1054.62500     T  -13.936577240776327       -3.3228000433129585        189.49031448790382        2.3142366685350590        3.8973645303063797      -0.46685106609433397      -0.50893537562850855       0.11935684033126102       0.18531469624532998     
         258          14   1054.62500     T  -13.936577240776327       -3.3228000433129585        189.49031448790382        2.3142366685350590        3.8973645303063797      -0.46685106609433397      -0.50893537562850855       0.11935684033126102       0.18531469624532998     
         259          14   1054.62500     T  -13.936577240776327       -3.3228000433129585        189.49031448790382        2.3142366685350590        3.8973645303063797      -0.46685106609433397      -0.50893537562850855       0.11935684033126102       0.18531469624532998     
         260          14   1054.62500     T  -13.936577240776327       -3.3228000433129585        189.49031448790382        2.3142366685350590        3.8973645303063797      -0.46685106609433397      -0.50893537562850855       0.11935684033126102       0.18531469624532998     
         261          14   1054.62500     T  -13.936577240776327       -3.3228000433129585        189.49031448790382        2.3142366685350590        3.8973645303063797      -0.46685106609433397      -0.50893537562850855       0.11935684033126102       0.18531469624532998     
         262          14   1054.62500     T  -13.936577240776327       -3.3228000433129585        189.49031448790382        2.3142366685350590        3.8973645303063797      -0.46685106609433397      -0.50893537562850855       0.11935684033126102       0.18531469624532998     
         263          14   1054.62500     T  -13.936577240776327       -3.3228000433129585        189.49031448790382        2.3142366685350590        3.8973645303063797      -0.46685106609433397      -0.50893537562850855       0.11935684033126102       0.18531469624532998     
         264          14   1054.62500     T  -13.936577240776327       -3.3228000433129585        189.49031448790382        2.3142366685350590        3.8973645303063797      -0.46685106609433397      -0.50893537562850855       0.11935684033126102       0.18531469624532998     
         265          14   1054.62500     T  -13.936577240776327       -3.3228000433129585        189.49031448790382        2.3142366685350590        3.8973645303063797      -0.46685106609433397      -0.50893537562850855       0.11935684033126102       0.18531469624532998     
         266          14   1054.62500     T  -13.936577240776327       -3.3228000433129585        189.49031448790382        2.3142366685350590        3.8973645303063797      -0.46685106609433397      -0.50893537562850855       0.11935684033126102       0.18531469624532998     
         267          14   1066.81250     T  -13.841932448244076       -3.2046606713847696        188.90042800896640        2.3374388022713339        3.8885756836221943      -0.46044002148683416      -0.47240263332235777       0.11787338338282106       0.18412066409255856     
         268          14   1112.56250     T  -13.839592156172735       -3.1910664494262928        188.93887851454747        2.3458076607193776        3.8641921386667781      -0.45634527707171574      -0.45877152478907191       0.11766854466616877       0.18573211064609410     
         269          14   1112.56250     T  -13.839592156172735       -3.1910664494262928        188.93887851454747        2.3458076607193776        3.8641921386667781      -0.45634527707171574      -0.45877152478907191       0.11766854466616877       0.18573211064609410     
         270          14   1112.56250     T  -13.839592156172735       -3.1910664494262928        188.93887851454747        2.3458076607193776        3.8641921386667781      -0.45634527707171574      -0.45877152478907191       0.11766854466616877       0.18573211064609410     
         271          14   1112.56250     T  -13.839592156172735       -3.1910664494262928        188.93887851454747        2.3458076607193776        3.8641921386667781      -0.45634527707171574      -0.45877152478907191       0.11766854466616877       0.18573211064609410     
         272          14   1112.56250     T  -13.839592156172735       -3.1910664494262928        188.93887851454747        2.3458076607193776        3.8641921386667781      -0.45634527707171574      -0.45877152478907191       0.11766854466616877       0.18573211064609410     
         273          14   1026.03125     T  -14.345930520964220       -3.6257606977977455        190.38610637864184        2.3560893852230791        2.7814601276398330      -0.43010924937282147      -0.55150200032795893       0.12480559436218340       0.18160280002243709     
         274          14   1026.03125     T  -14.345930520964220       -3.6257606977977455        190.38610637864184        2.3560893852230791        2.7814601276398330      -0.43010924937282147      -0.55150200032795893       0.12480559436218340       0.18160280002243709     
         275          14   940.406250     T  -14.753087764083816       -3.3930691094094199        196.90351881007720        1.2149023672224346        1.6915650813347987       -1.6198782300587555        3.0493295299028702       0.25423388023609261       0.11120806476729640     
         276          14   940.406250     T  -14.753087764083816       -3.3930691094094199        196.90351881007720        1.2149023672224346        1.6915650813347987       -1.6198782300587555        3.0493295299028702       0.25423388023609261       0.11120806476729640     
         277          14   940.406250     T  -14.753087764083816       -3.3930691094094199        196.90351881007720        1.2149023672224346        1.6915650813347987       -1.6198782300587555        3.0493295299028702       0.25423388023609261       0.11120806476729640     
         278          14   1027.21875     T  -12.665643258164524       -2.8824069732016286        165.14207581396448        1.0964474129997501        3.5889949591971537      -0.61202184497098699        4.7296905514409966       0.21539830510280114       0.10351924145691391     
         279          14   1027.21875     T  -12.665643258164524       -2.8824069732016286        165.14207581396448        1.0964474129997501        3.5889949591971537      -0.61202184497098699        4.7296905514409966       0.21539830510280114       0.10351924145691391     
         280          14   1027.21875     T  -12.665643258164524       -2.8824069732016286        165.14207581396448        1.0964474129997501        3.5889949591971537      -0.61202184497098699        4.7296905514409966       0.21539830510280114       0.10351924145691391     
         281          14   1027.21875     T  -12.665643258164524       -2.8824069732016286        165.14207581396448        1.0964474129997501        3.5889949591971537      -0.61202184497098699        4.7296905514409966       0.21539830510280114       0.10351924145691391     
         282          14   895.531250     T  -13.340276576147174       -3.2715992538381369        166.92072646860825        1.1354029222519189        2.6060985522213072      -0.73066530211296443        4.4876044577466070       0.23328372342782078       0.10518932620724272     
         283          14   895.531250     T  -13.340276576147174       -3.2715992538381369        166.92072646860825        1.1354029222519189        2.6060985522213072      -0.73066530211296443        4.4876044577466070       0.23328372342782078       0.10518932620724272     
         284          14   895.531250     T  -13.340276576147174       -3.2715992538381369        166.92072646860825        1.1354029222519189        2.6060985522213072      -0.73066530211296443        4.4876044577466070       0.23328372342782078       0.10518932620724272     
         285          14   895.531250     T  -13.340276576147174       -3.2715992538381369        166.92072646860825        1.1354029222519189        2.6060985522213072      -0.73066530211296443        4.4876044577466070       0.23328372342782078       0.10518932620724272     
         286          14   895.531250     T  -13.340276576147174       -3.2715992538381369        166.92072646860825        1.1354029222519189        2.6060985522213072      -0.73066530211296443        4.4876044577466070       0.23328372342782078       0.10518932620724272     
         287          14   895.531250     T  -13.340276576147174       -3.2715992538381369        166.92072646860825        1.1354029222519189        2.6060985522213072      -0.73066530211296443        4.4876044577466070       0.23328372342782078       0.10518932620724272     
         288          14   1022.90625     T  -12.806072190431763       -3.1024975553693652        162.81363643418908        1.0343598063945179        4.4073876510941279      -0.53420506218439801        4.9501948368963831       0.18465591929745695       0.11753592056537844     
         289          14   1090.81250     T  -13.013099560440075       -3.3095630052429650        162.68748393348690        1.0109183294343231        4.4027984023612659      -0.53456038242771631        4.9657068703401928       0.18442714390069107       0.11750107900018526     
         290          14   1090.81250     T  -13.013099560440075       -3.3095630052429650        162.68748393348690        1.0109183294343231        4.4027984023612659      -0.53456038242771631        4.9657068703401928       0.18442714390069107       0.11750107900018526     
         291          14   1090.81250     T  -13.013099560440075       -3.3095630052429650        162.68748393348690        1.0109183294343231        4.4027984023612659      -0.53456038242771631        4.9657068703401928       0.18442714390069107       0.11750107900018526     
         292          14   1090.81250     T  -13.013099560440075       -3.3095630052429650        162.68748393348690        1.0109183294343231        4.4027984023612659      -0.53456038242771631        4.9657068703401928       0.18442714390069107       0.11750107900018526     
         293          14   1138.18750     T  -12.718216969584304       -3.0116406902695272        162.62228147610094       0.99847268210867757        4.3955259440991332      -0.53352177950044910        4.9393132184900539       0.18462325262185647       0.11694635031922150     
         294          14   1138.18750     T  -12.718216969584304       -3.0116406902695272        162.62228147610094       0.99847268210867757        4.3955259440991332      -0.53352177950044910        4.9393132184900539       0.18462325262185647       0.11694635031922150     
         295          14   1138.18750     T  -12.718216969584304       -3.0116406902695272        162.62228147610094       0.99847268210867757        4.3955259440991332      -0.53352177950044910        4.9393132184900539       0.18462325262185647       0.11694635031922150     
         296          14   1138.18750     T  -12.718216969584304       -3.0116406902695272        162.62228147610094       0.99847268210867757        4.3955259440991332      -0.53352177950044910        4.9393132184900539       0.18462325262185647       0.11694635031922150     
