           1          11   647.057678     F  -33.042601973792486       -23.460122377288528        143.67094587541041        2.5584283523253819        4.8775149575486729        1.0726386272177926        2.0959811249077736       0.27591915271822914       0.20611182492547200     
           2          11   647.057678     F  -33.042601973792486       -23.460122377288528        143.67094587541041        2.5584283523253819        4.8775149575486729        1.0726386272177926        2.0959811249077736       0.27591915271822914       0.20611182492547200     
           3          11   647.057678     F  -33.042601973792486       -23.460122377288528        143.67094587541041        2.5584283523253819        4.8775149575486729        1.0726386272177926        2.0959811249077736       0.27591915271822914       0.20611182492547200     
           4          11   647.057678     F  -33.042601973792486       -23.460122377288528        143.67094587541041        2.5584283523253819        4.8775149575486729        1.0726386272177926        2.0959811249077736       0.27591915271822914       0.20611182492547200     
           5          11   647.057678     F  -33.042601973792486       -23.460122377288528        143.67094587541041        2.5584283523253819        4.8775149575486729        1.0726386272177926        2.0959811249077736       0.27591915271822914       0.20611182492547200     
           6          11   827.920898     F  -19.405344763438350       -9.3553878278490608        162.13964096145966        2.2605407922200933        5.8762662322218242       0.62628871065619851        1.6723151085156811       0.28470690280577138       0.21944926777278037     
           7          11   827.920898     F  -19.405344763438350       -9.3553878278490608        162.13964096145966        2.2605407922200933        5.8762662322218242       0.62628871065619851        1.6723151085156811       0.28470690280577138       0.21944926777278037     
           8          11   992.019043     F  -17.481259500853714       -7.3423877420726589        178.09695968343874        1.7411246606412834        5.7431816281331853       0.38775431009525579        1.3720172672714215       0.29474335831525000       0.21200536324415775     
           9          11   992.019043     F  -17.481259500853714       -7.3423877420726589        178.09695968343874        1.7411246606412834        5.7431816281331853       0.38775431009525579        1.3720172672714215       0.29474335831525000       0.21200536324415775     
          10          11   1010.27441     F  -17.914462519185385       -8.3953637238491279        156.38135314467974        2.0778663168301432        4.5061158316327452       0.11862036234630277        1.5639597974727399       0.22603936569519584       0.19918388214040120     
          11          11   1010.27441     F  -17.914462519185385       -8.3953637238491279        156.38135314467974        2.0778663168301432        4.5061158316327452       0.11862036234630277        1.5639597974727399       0.22603936569519584       0.19918388214040120     
          12          11   1008.36621     F  -17.650051475028260       -7.8605524557156565        165.19723989124412        1.7576105210214745        4.8951293259905766       0.33468820573190217        1.3794440508288572       0.28379459041764210       0.21126972993263513     
          13          11   1008.36621     F  -17.650051475028260       -7.8605524557156565        165.19723989124412        1.7576105210214745        4.8951293259905766       0.33468820573190217        1.3794440508288572       0.28379459041764210       0.21126972993263513     
          14          11   1008.36621     F  -17.650051475028260       -7.8605524557156565        165.19723989124412        1.7576105210214745        4.8951293259905766       0.33468820573190217        1.3794440508288572       0.28379459041764210       0.21126972993263513     
          15          11   1013.12500     F  -14.941652827589845       -3.9105840705635666        179.82510581920806        2.3368297042195167        6.5754752011102120      -0.20998160016731135        1.6704265926567363       0.12787592020005670       0.21373336042017321     
          16          11   1013.12500     F  -14.941652827589845       -3.9105840705635666        179.82510581920806        2.3368297042195167        6.5754752011102120      -0.20998160016731135        1.6704265926567363       0.12787592020005670       0.21373336042017321     
          17          11   992.306641     F  -15.010280712783118       -3.9838506937884945        179.15383474871103        2.3507322317773456        6.5958946357567916      -0.21414234542351587        1.6693121266430302       0.12792906110285146       0.21310152667796112     
          18          11   992.306641     F  -15.010280712783118       -3.9838506937884945        179.15383474871103        2.3507322317773456        6.5958946357567916      -0.21414234542351587        1.6693121266430302       0.12792906110285146       0.21310152667796112     
          19          11   992.306641     F  -15.010280712783118       -3.9838506937884945        179.15383474871103        2.3507322317773456        6.5958946357567916      -0.21414234542351587        1.6693121266430302       0.12792906110285146       0.21310152667796112     
          20          11   992.306641     F  -15.010280712783118       -3.9838506937884945        179.15383474871103        2.3507322317773456        6.5958946357567916      -0.21414234542351587        1.6693121266430302       0.12792906110285146       0.21310152667796112     
          21          11   992.306641     F  -15.010280712783118       -3.9838506937884945        179.15383474871103        2.3507322317773456        6.5958946357567916      -0.21414234542351587        1.6693121266430302       0.12792906110285146       0.21310152667796112     
          22          11   992.306641     F  -15.010280712783118       -3.9838506937884945        179.15383474871103        2.3507322317773456        6.5958946357567916      -0.21414234542351587        1.6693121266430302       0.12792906110285146       0.21310152667796112     
          23          11   938.056641     F  -15.050307855311321       -4.0367902642593778        178.43607971488569        2.3644132291911855        6.5436710550002850      -0.21589447688000704        1.6661964270607514       0.12835217148129729       0.21619504847304816     
          24          11   938.056641     F  -15.050307855311321       -4.0367902642593778        178.43607971488569        2.3644132291911855        6.5436710550002850      -0.21589447688000704        1.6661964270607514       0.12835217148129729       0.21619504847304816     
          25          11   938.056641     F  -15.050307855311321       -4.0367902642593778        178.43607971488569        2.3644132291911855        6.5436710550002850      -0.21589447688000704        1.6661964270607514       0.12835217148129729       0.21619504847304816     
          26          11   938.056641     F  -15.050307855311321       -4.0367902642593778        178.43607971488569        2.3644132291911855        6.5436710550002850      -0.21589447688000704        1.6661964270607514       0.12835217148129729       0.21619504847304816     
          27          11   938.056641     F  -15.050307855311321       -4.0367902642593778        178.43607971488569        2.3644132291911855        6.5436710550002850      -0.21589447688000704        1.6661964270607514       0.12835217148129729       0.21619504847304816     
          28          11   938.056641     F  -15.050307855311321       -4.0367902642593778        178.43607971488569        2.3644132291911855        6.5436710550002850      -0.21589447688000704        1.6661964270607514       0.12835217148129729       0.21619504847304816     
          29          11   938.056641     F  -15.050307855311321       -4.0367902642593778        178.43607971488569        2.3644132291911855        6.5436710550002850      -0.21589447688000704        1.6661964270607514       0.12835217148129729       0.21619504847304816     
          30          11   938.056641     F  -15.050307855311321       -4.0367902642593778        178.43607971488569        2.3644132291911855        6.5436710550002850      -0.21589447688000704        1.6661964270607514       0.12835217148129729       0.21619504847304816     
          31          11   1021.80469     T  -14.953996621720197       -3.8265650129044118        202.09492444937425        2.0125738504199981        7.8573349701946427       0.10060213130876736        1.4882099965251965       0.18374692678269416       0.22061477512281061     
          32          11   1021.80469     T  -14.953996621720197       -3.8265650129044118        202.09492444937425        2.0125738504199981        7.8573349701946427       0.10060213130876736        1.4882099965251965       0.18374692678269416       0.22061477512281061     
          33          11   1021.80469     T  -14.953996621720197       -3.8265650129044118        202.09492444937425        2.0125738504199981        7.8573349701946427       0.10060213130876736        1.4882099965251965       0.18374692678269416       0.22061477512281061     
          34          11   960.453125     T  -14.934249475937509       -3.6939607707357585        189.40868960881500        2.3249950467306095        7.0645917217514080      -0.16958179597768464        1.7006668556358226       0.13102801580001233       0.21559196817067414     
          35          11   960.453125     T  -14.934249475937509       -3.6939607707357585        189.40868960881500        2.3249950467306095        7.0645917217514080      -0.16958179597768464        1.7006668556358226       0.13102801580001233       0.21559196817067414     
          36          11   998.828125     T  -14.793945913788821       -3.7235791557143765        200.21416478018372        2.0375852156129048        7.6691733232763246        4.9704162200490488E-002   1.4751664670193507       0.18972149268424920       0.22961079735822462     
          37          11   984.753906     T  -15.077098839975978       -4.0472405024310030        178.11423253318827        2.3780870950153474        6.5444178923478171      -0.25079109893849238        1.6707107621154187       0.12737734668022216       0.21632238595610820     
          38          11   983.003906     T  -14.760374906399443       -3.6647767850255897        179.48233803876457        2.3962840107687531        6.6281175069186657      -0.24529881577925128        1.6842013702026617       0.12341164103802077       0.20722616007071601     
          39          11   983.003906     T  -14.760374906399443       -3.6647767850255897        179.48233803876457        2.3962840107687531        6.6281175069186657      -0.24529881577925128        1.6842013702026617       0.12341164103802077       0.20722616007071601     
          40          11   983.003906     T  -14.760374906399443       -3.6647767850255897        179.48233803876457        2.3962840107687531        6.6281175069186657      -0.24529881577925128        1.6842013702026617       0.12341164103802077       0.20722616007071601     
          41          11   983.003906     T  -14.760374906399443       -3.6647767850255897        179.48233803876457        2.3962840107687531        6.6281175069186657      -0.24529881577925128        1.6842013702026617       0.12341164103802077       0.20722616007071601     
          42          11   983.003906     T  -14.760374906399443       -3.6647767850255897        179.48233803876457        2.3962840107687531        6.6281175069186657      -0.24529881577925128        1.6842013702026617       0.12341164103802077       0.20722616007071601     
          43          11   946.386719     T  -15.600029822653269       -3.8789903156722660        200.83971775358873        2.3137133973967212        7.4155579772702236      -0.13850275826914871        1.7194890663350972       0.11922922189583815       0.21629648579133126     
          44          11   831.859375     T  -15.503989546666334       -4.2033869297082074        172.33930864058749        2.3694143519854882        7.0370325007193468       -5.9289936746418102E-002   1.7174686742582226       0.11645750393016664       0.20391643210129476     
          45          11   831.859375     T  -15.503989546666334       -4.2033869297082074        172.33930864058749        2.3694143519854882        7.0370325007193468       -5.9289936746418102E-002   1.7174686742582226       0.11645750393016664       0.20391643210129476     
          46          11   831.859375     T  -15.503989546666334       -4.2033869297082074        172.33930864058749        2.3694143519854882        7.0370325007193468       -5.9289936746418102E-002   1.7174686742582226       0.11645750393016664       0.20391643210129476     
          47          11   831.859375     T  -15.503989546666334       -4.2033869297082074        172.33930864058749        2.3694143519854882        7.0370325007193468       -5.9289936746418102E-002   1.7174686742582226       0.11645750393016664       0.20391643210129476     
          48          11   831.859375     T  -15.503989546666334       -4.2033869297082074        172.33930864058749        2.3694143519854882        7.0370325007193468       -5.9289936746418102E-002   1.7174686742582226       0.11645750393016664       0.20391643210129476     
          49          11   831.859375     T  -15.503989546666334       -4.2033869297082074        172.33930864058749        2.3694143519854882        7.0370325007193468       -5.9289936746418102E-002   1.7174686742582226       0.11645750393016664       0.20391643210129476     
          50          11   958.203125     T  -15.538447936507026       -4.2284107573280236        172.43019637271294        2.3664303002678748        7.1411509962465525       -6.4849772083303406E-002   1.7099465986418787       0.11852895976117797       0.20795433769107716     
          51          11   1026.56250     T  -15.148351440075981       -4.0033113235566473        181.68872404741631        2.4118467575114679        6.7140253191733859      -0.22833326054907813        1.6869423905561172       0.12315184985346482       0.20632058467521111     
          52          11   1024.17188     T  -15.113096438793280       -4.2300245344600054        256.28673044302894        1.4979613680747574        4.1322683236688835      -0.13065715532069611        1.1657883495959609       0.20022146135675453       0.24504376340866327     
          53          11   1024.17188     T  -15.113096438793280       -4.2300245344600054        256.28673044302894        1.4979613680747574        4.1322683236688835      -0.13065715532069611        1.1657883495959609       0.20022146135675453       0.24504376340866327     
          54          11   1024.17188     T  -15.113096438793280       -4.2300245344600054        256.28673044302894        1.4979613680747574        4.1322683236688835      -0.13065715532069611        1.1657883495959609       0.20022146135675453       0.24504376340866327     
          55          11   1024.17188     T  -15.113096438793280       -4.2300245344600054        256.28673044302894        1.4979613680747574        4.1322683236688835      -0.13065715532069611        1.1657883495959609       0.20022146135675453       0.24504376340866327     
          56          11   948.929688     T  -16.226805460348082       -4.7434965513544061        255.95025429385700        1.7510483720836905        3.2390445226940336      -0.31388649240912725        1.3841377884003077       0.12137348181691363       0.20371079890131308     
          57          11   904.656250     T  -15.790699650662779       -4.5455414150922611        204.01251188249955        2.3696140478922998        5.8546421744112020      -0.28717430095715463        1.6521734874519565       0.11418597900401942       0.19082829025670806     
          58          11   904.656250     T  -15.790699650662779       -4.5455414150922611        204.01251188249955        2.3696140478922998        5.8546421744112020      -0.28717430095715463        1.6521734874519565       0.11418597900401942       0.19082829025670806     
          59          11   947.320312     T  -15.895765337434410       -4.5350685836335529        232.89409284140669        1.8862126002867763        7.3091952601654038       0.28199449830792528        1.4834823907280204       0.14688062119578416       0.15153708595073920     
          60          11   947.320312     T  -15.895765337434410       -4.5350685836335529        232.89409284140669        1.8862126002867763        7.3091952601654038       0.28199449830792528        1.4834823907280204       0.14688062119578416       0.15153708595073920     
          61          11   943.265625     T  -15.031371105215271       -4.1661816683679609        244.11778554041734        1.5308367179405262        6.3589165994861983       0.46866927544084080        1.4778451229447198       0.19912028563601689       0.13034532273833574     
          62          11   930.500000     T  -16.682596198743166       -5.6852549468055260        280.32166360577196        1.1016753758864730        4.4976753033939803       0.75597960808450493        1.4192380026335478       0.23586193203085895       0.11014844527261523     
          63          11   930.500000     T  -16.682596198743166       -5.6852549468055260        280.32166360577196        1.1016753758864730        4.4976753033939803       0.75597960808450493        1.4192380026335478       0.23586193203085895       0.11014844527261523     
          64          11   828.132812     T  -16.877719005498037       -5.5201242271928432        277.05566448943250        1.6104131543004019        2.7427650213953632       -5.9877460055625865E-002   1.5847929045480498       0.18966933652610343       0.10249832451484860     
          65          11   828.132812     T  -16.877719005498037       -5.5201242271928432        277.05566448943250        1.6104131543004019        2.7427650213953632       -5.9877460055625865E-002   1.5847929045480498       0.18966933652610343       0.10249832451484860     
          66          11   828.132812     T  -16.877719005498037       -5.5201242271928432        277.05566448943250        1.6104131543004019        2.7427650213953632       -5.9877460055625865E-002   1.5847929045480498       0.18966933652610343       0.10249832451484860     
          67          11   828.132812     T  -16.877719005498037       -5.5201242271928432        277.05566448943250        1.6104131543004019        2.7427650213953632       -5.9877460055625865E-002   1.5847929045480498       0.18966933652610343       0.10249832451484860     
          68          11   994.609375     T  -17.017113095071110       -6.0378412793848435        284.45527272457093        1.1266000477889864        4.6210381526129041       0.81629873355624960       0.97293919939096363       0.19868674031383582       0.19499736315250618     
          69          11   994.609375     T  -17.017113095071110       -6.0378412793848435        284.45527272457093        1.1266000477889864        4.6210381526129041       0.81629873355624960       0.97293919939096363       0.19868674031383582       0.19499736315250618     
          70          11   890.750000     T  -17.054008707331857       -6.1390608465804553        289.55037985199255        1.0573848760431814        3.3801681314059668       0.74074618599241893        1.1228682886426449       0.20179804206985161       0.15918106506067031     
          71          11   890.750000     T  -17.054008707331857       -6.1390608465804553        289.55037985199255        1.0573848760431814        3.3801681314059668       0.74074618599241893        1.1228682886426449       0.20179804206985161       0.15918106506067031     
          72          11   890.750000     T  -17.054008707331857       -6.1390608465804553        289.55037985199255        1.0573848760431814        3.3801681314059668       0.74074618599241893        1.1228682886426449       0.20179804206985161       0.15918106506067031     
          73          11   890.750000     T  -17.054008707331857       -6.1390608465804553        289.55037985199255        1.0573848760431814        3.3801681314059668       0.74074618599241893        1.1228682886426449       0.20179804206985161       0.15918106506067031     
          74          11   890.750000     T  -17.054008707331857       -6.1390608465804553        289.55037985199255        1.0573848760431814        3.3801681314059668       0.74074618599241893        1.1228682886426449       0.20179804206985161       0.15918106506067031     
          75          11   890.750000     T  -17.054008707331857       -6.1390608465804553        289.55037985199255        1.0573848760431814        3.3801681314059668       0.74074618599241893        1.1228682886426449       0.20179804206985161       0.15918106506067031     
          76          11   910.789062     T  -17.089551236411008       -6.1734728885889574        289.70443754788135        1.0636894963292272        3.3797921661413004       0.74035334548531218        1.1030401814294151       0.20208149748608165       0.15909643621877756     
          77          11   910.789062     T  -17.089551236411008       -6.1734728885889574        289.70443754788135        1.0636894963292272        3.3797921661413004       0.74035334548531218        1.1030401814294151       0.20208149748608165       0.15909643621877756     
          78          11   910.789062     T  -17.089551236411008       -6.1734728885889574        289.70443754788135        1.0636894963292272        3.3797921661413004       0.74035334548531218        1.1030401814294151       0.20208149748608165       0.15909643621877756     
          79          11   944.132812     T  -17.156313774529121       -6.2472281983282150        289.43226463292876        1.0130842146565244        3.3847839280419847       0.74008919990930333        1.1033430003865135       0.20310641395526527       0.15934480998366041     
          80          11   944.132812     T  -17.156313774529121       -6.2472281983282150        289.43226463292876        1.0130842146565244        3.3847839280419847       0.74008919990930333        1.1033430003865135       0.20310641395526527       0.15934480998366041     
          81          11   944.132812     T  -17.156313774529121       -6.2472281983282150        289.43226463292876        1.0130842146565244        3.3847839280419847       0.74008919990930333        1.1033430003865135       0.20310641395526527       0.15934480998366041     
          82          11   944.132812     T  -17.156313774529121       -6.2472281983282150        289.43226463292876        1.0130842146565244        3.3847839280419847       0.74008919990930333        1.1033430003865135       0.20310641395526527       0.15934480998366041     
          83          11   944.132812     T  -17.156313774529121       -6.2472281983282150        289.43226463292876        1.0130842146565244        3.3847839280419847       0.74008919990930333        1.1033430003865135       0.20310641395526527       0.15934480998366041     
          84          11   944.132812     T  -17.156313774529121       -6.2472281983282150        289.43226463292876        1.0130842146565244        3.3847839280419847       0.74008919990930333        1.1033430003865135       0.20310641395526527       0.15934480998366041     
          85          11   944.132812     T  -17.156313774529121       -6.2472281983282150        289.43226463292876        1.0130842146565244        3.3847839280419847       0.74008919990930333        1.1033430003865135       0.20310641395526527       0.15934480998366041     
          86          11   944.132812     T  -17.156313774529121       -6.2472281983282150        289.43226463292876        1.0130842146565244        3.3847839280419847       0.74008919990930333        1.1033430003865135       0.20310641395526527       0.15934480998366041     
          87          11   944.132812     T  -17.156313774529121       -6.2472281983282150        289.43226463292876        1.0130842146565244        3.3847839280419847       0.74008919990930333        1.1033430003865135       0.20310641395526527       0.15934480998366041     
          88          11   944.132812     T  -17.156313774529121       -6.2472281983282150        289.43226463292876        1.0130842146565244        3.3847839280419847       0.74008919990930333        1.1033430003865135       0.20310641395526527       0.15934480998366041     
          89          11   944.132812     T  -17.156313774529121       -6.2472281983282150        289.43226463292876        1.0130842146565244        3.3847839280419847       0.74008919990930333        1.1033430003865135       0.20310641395526527       0.15934480998366041     
          90          11   944.132812     T  -17.156313774529121       -6.2472281983282150        289.43226463292876        1.0130842146565244        3.3847839280419847       0.74008919990930333        1.1033430003865135       0.20310641395526527       0.15934480998366041     
          91          11   944.132812     T  -17.156313774529121       -6.2472281983282150        289.43226463292876        1.0130842146565244        3.3847839280419847       0.74008919990930333        1.1033430003865135       0.20310641395526527       0.15934480998366041     
          92          11   944.132812     T  -17.156313774529121       -6.2472281983282150        289.43226463292876        1.0130842146565244        3.3847839280419847       0.74008919990930333        1.1033430003865135       0.20310641395526527       0.15934480998366041     
          93          11   944.132812     T  -17.156313774529121       -6.2472281983282150        289.43226463292876        1.0130842146565244        3.3847839280419847       0.74008919990930333        1.1033430003865135       0.20310641395526527       0.15934480998366041     
          94          11   944.132812     T  -17.156313774529121       -6.2472281983282150        289.43226463292876        1.0130842146565244        3.3847839280419847       0.74008919990930333        1.1033430003865135       0.20310641395526527       0.15934480998366041     
          95          11   1104.09375     T  -17.600516414830636       -6.3632698589609173        290.20227507032320        1.0701588005408069        2.9385102010748851      -0.37892084480184429       0.57567736785655488       0.25040085796167300       0.21863007948170962     
          96          11   1104.09375     T  -17.600516414830636       -6.3632698589609173        290.20227507032320        1.0701588005408069        2.9385102010748851      -0.37892084480184429       0.57567736785655488       0.25040085796167300       0.21863007948170962     
          97          11   1104.09375     T  -17.600516414830636       -6.3632698589609173        290.20227507032320        1.0701588005408069        2.9385102010748851      -0.37892084480184429       0.57567736785655488       0.25040085796167300       0.21863007948170962     
          98          11   1555.87500     T  -15.556399150645678       -4.3951765377213681        295.25513607941508       0.80069453882685149        5.1784124968214638      -0.47078790025730360       0.67378561804506398       0.28814860349926669       0.14613256534286367     
          99          11   1555.87500     T  -15.556399150645678       -4.3951765377213681        295.25513607941508       0.80069453882685149        5.1784124968214638      -0.47078790025730360       0.67378561804506398       0.28814860349926669       0.14613256534286367     
         100          11   1555.87500     T  -15.556399150645678       -4.3951765377213681        295.25513607941508       0.80069453882685149        5.1784124968214638      -0.47078790025730360       0.67378561804506398       0.28814860349926669       0.14613256534286367     
         101          11   1555.87500     T  -15.556399150645678       -4.3951765377213681        295.25513607941508       0.80069453882685149        5.1784124968214638      -0.47078790025730360       0.67378561804506398       0.28814860349926669       0.14613256534286367     
         102          11   1555.87500     T  -15.556399150645678       -4.3951765377213681        295.25513607941508       0.80069453882685149        5.1784124968214638      -0.47078790025730360       0.67378561804506398       0.28814860349926669       0.14613256534286367     
         103          11   1555.87500     T  -15.556399150645678       -4.3951765377213681        295.25513607941508       0.80069453882685149        5.1784124968214638      -0.47078790025730360       0.67378561804506398       0.28814860349926669       0.14613256534286367     
         104          11   1555.87500     T  -15.556399150645678       -4.3951765377213681        295.25513607941508       0.80069453882685149        5.1784124968214638      -0.47078790025730360       0.67378561804506398       0.28814860349926669       0.14613256534286367     
         105          11   1555.87500     T  -15.556399150645678       -4.3951765377213681        295.25513607941508       0.80069453882685149        5.1784124968214638      -0.47078790025730360       0.67378561804506398       0.28814860349926669       0.14613256534286367     
         106          11   1512.39062     T  -15.500848933084709       -4.3441249320711002        295.11682499320136       0.80089442916555076        5.1667591026056616      -0.47299557720964297       0.67403959903366151       0.28819230781594413       0.14632348255631056     
         107          11   1512.39062     T  -15.500848933084709       -4.3441249320711002        295.11682499320136       0.80089442916555076        5.1667591026056616      -0.47299557720964297       0.67403959903366151       0.28819230781594413       0.14632348255631056     
         108          11   1512.39062     T  -15.500848933084709       -4.3441249320711002        295.11682499320136       0.80089442916555076        5.1667591026056616      -0.47299557720964297       0.67403959903366151       0.28819230781594413       0.14632348255631056     
         109          11   1512.39062     T  -15.500848933084709       -4.3441249320711002        295.11682499320136       0.80089442916555076        5.1667591026056616      -0.47299557720964297       0.67403959903366151       0.28819230781594413       0.14632348255631056     
         110          11   1512.39062     T  -15.500848933084709       -4.3441249320711002        295.11682499320136       0.80089442916555076        5.1667591026056616      -0.47299557720964297       0.67403959903366151       0.28819230781594413       0.14632348255631056     
         111          11   1512.39062     T  -15.500848933084709       -4.3441249320711002        295.11682499320136       0.80089442916555076        5.1667591026056616      -0.47299557720964297       0.67403959903366151       0.28819230781594413       0.14632348255631056     
         112          11   1512.39062     T  -15.500848933084709       -4.3441249320711002        295.11682499320136       0.80089442916555076        5.1667591026056616      -0.47299557720964297       0.67403959903366151       0.28819230781594413       0.14632348255631056     
         113          11   1512.39062     T  -15.500848933084709       -4.3441249320711002        295.11682499320136       0.80089442916555076        5.1667591026056616      -0.47299557720964297       0.67403959903366151       0.28819230781594413       0.14632348255631056     
         114          11   1407.93750     T  -14.320915165472409       -3.9132879387667994        243.01260893550665        1.0402259712241191        3.5870072362268970       -1.7614668271901199        1.9085059750521285       0.22069032240668637       0.12054345922394286     
         115          11   1407.93750     T  -14.320915165472409       -3.9132879387667994        243.01260893550665        1.0402259712241191        3.5870072362268970       -1.7614668271901199        1.9085059750521285       0.22069032240668637       0.12054345922394286     
         116          11   1407.93750     T  -14.320915165472409       -3.9132879387667994        243.01260893550665        1.0402259712241191        3.5870072362268970       -1.7614668271901199        1.9085059750521285       0.22069032240668637       0.12054345922394286     
         117          11   1454.31250     T  -14.639176502366539       -3.5046471511561799        293.67056287112513       0.92446464165599362        2.8718503446089039       -1.9635640068601581       0.64838817203987709       0.27982206511637303       0.15982163219595097     
         118          11   1454.31250     T  -14.639176502366539       -3.5046471511561799        293.67056287112513       0.92446464165599362        2.8718503446089039       -1.9635640068601581       0.64838817203987709       0.27982206511637303       0.15982163219595097     
         119          11   1454.31250     T  -14.639176502366539       -3.5046471511561799        293.67056287112513       0.92446464165599362        2.8718503446089039       -1.9635640068601581       0.64838817203987709       0.27982206511637303       0.15982163219595097     
         120          11   1454.31250     T  -14.639176502366539       -3.5046471511561799        293.67056287112513       0.92446464165599362        2.8718503446089039       -1.9635640068601581       0.64838817203987709       0.27982206511637303       0.15982163219595097     
         121          11   1454.31250     T  -14.639176502366539       -3.5046471511561799        293.67056287112513       0.92446464165599362        2.8718503446089039       -1.9635640068601581       0.64838817203987709       0.27982206511637303       0.15982163219595097     
         122          11   1454.31250     T  -14.639176502366539       -3.5046471511561799        293.67056287112513       0.92446464165599362        2.8718503446089039       -1.9635640068601581       0.64838817203987709       0.27982206511637303       0.15982163219595097     
         123          11   1454.31250     T  -14.639176502366539       -3.5046471511561799        293.67056287112513       0.92446464165599362        2.8718503446089039       -1.9635640068601581       0.64838817203987709       0.27982206511637303       0.15982163219595097     
         124          11   1454.31250     T  -14.639176502366539       -3.5046471511561799        293.67056287112513       0.92446464165599362        2.8718503446089039       -1.9635640068601581       0.64838817203987709       0.27982206511637303       0.15982163219595097     
         125          11   1454.31250     T  -14.639176502366539       -3.5046471511561799        293.67056287112513       0.92446464165599362        2.8718503446089039       -1.9635640068601581       0.64838817203987709       0.27982206511637303       0.15982163219595097     
         126          11   1437.82812     T  -14.912627311160305       -3.7944433943909934        293.72700194964489       0.92084225160712163        2.9077527626618060       -1.9755757981897202       0.68906660472598902       0.27908340795638392       0.15925904152065853     
         127          11   1437.82812     T  -14.912627311160305       -3.7944433943909934        293.72700194964489       0.92084225160712163        2.9077527626618060       -1.9755757981897202       0.68906660472598902       0.27908340795638392       0.15925904152065853     
         128          11   1437.82812     T  -14.912627311160305       -3.7944433943909934        293.72700194964489       0.92084225160712163        2.9077527626618060       -1.9755757981897202       0.68906660472598902       0.27908340795638392       0.15925904152065853     
         129          11   1437.82812     T  -14.912627311160305       -3.7944433943909934        293.72700194964489       0.92084225160712163        2.9077527626618060       -1.9755757981897202       0.68906660472598902       0.27908340795638392       0.15925904152065853     
         130          11   1437.82812     T  -14.912627311160305       -3.7944433943909934        293.72700194964489       0.92084225160712163        2.9077527626618060       -1.9755757981897202       0.68906660472598902       0.27908340795638392       0.15925904152065853     
         131          11   1437.82812     T  -14.912627311160305       -3.7944433943909934        293.72700194964489       0.92084225160712163        2.9077527626618060       -1.9755757981897202       0.68906660472598902       0.27908340795638392       0.15925904152065853     
         132          11   1437.82812     T  -14.912627311160305       -3.7944433943909934        293.72700194964489       0.92084225160712163        2.9077527626618060       -1.9755757981897202       0.68906660472598902       0.27908340795638392       0.15925904152065853     
         133          11   1437.82812     T  -14.912627311160305       -3.7944433943909934        293.72700194964489       0.92084225160712163        2.9077527626618060       -1.9755757981897202       0.68906660472598902       0.27908340795638392       0.15925904152065853     
         134          11   1292.98438     T  -13.960246417025637       -4.1010607826289895        152.00026042953397       0.43393735324461036        3.7578134741624285      -0.76799482869275115        4.6811061457809071       0.16717939871620138       0.23102231722209782     
         135          11   1204.40625     T  -14.659151821925878       -4.4554360494596770        190.83129412570119       0.39717236980321213        3.7197738877928312      -0.76675544102581572        4.6817308154793214       0.16774742469055665       0.23165256313967464     
         136          11   1212.81250     T  -15.289201658242281       -4.6342283241669451        208.35437238190141        1.0480320951883844        6.8155951979391780       -1.3451482907042502        2.6826771700746672       0.24281995413796942       0.20893674245518032     
         137          11   1212.81250     T  -15.289201658242281       -4.6342283241669451        208.35437238190141        1.0480320951883844        6.8155951979391780       -1.3451482907042502        2.6826771700746672       0.24281995413796942       0.20893674245518032     
         138          11   1212.81250     T  -15.289201658242281       -4.6342283241669451        208.35437238190141        1.0480320951883844        6.8155951979391780       -1.3451482907042502        2.6826771700746672       0.24281995413796942       0.20893674245518032     
         139          11   1405.29688     T  -15.740395513170917       -5.0922918668556809        206.50554970195327        1.0088551756298516        6.8764630538216398       -1.4447234244653360        2.7616531277925085       0.24508520064342529       0.20748944313438047     
         140          11   1342.73438     T  -15.445678694731154       -5.0128431915276428        164.37787537045713       0.44387883288493390        5.2322314684368916      -0.47672300033855075        4.7627359020557671       0.17354896265567790       0.27725962927005438     
         141          11   1342.73438     T  -15.445678694731154       -5.0128431915276428        164.37787537045713       0.44387883288493390        5.2322314684368916      -0.47672300033855075        4.7627359020557671       0.17354896265567790       0.27725962927005438     
         142          11   1076.46875     T  -13.746394620211245       -3.9884868077623006        196.27607097132429        1.5307344508747622        3.7512336311587124       -1.2197816279821203        1.4090760864353371       0.21253540936203397       0.17009480755711559     
         143          11   1076.46875     T  -13.746394620211245       -3.9884868077623006        196.27607097132429        1.5307344508747622        3.7512336311587124       -1.2197816279821203        1.4090760864353371       0.21253540936203397       0.17009480755711559     
         144          11   1076.46875     T  -13.746394620211245       -3.9884868077623006        196.27607097132429        1.5307344508747622        3.7512336311587124       -1.2197816279821203        1.4090760864353371       0.21253540936203397       0.17009480755711559     
         145          11   1076.46875     T  -13.746394620211245       -3.9884868077623006        196.27607097132429        1.5307344508747622        3.7512336311587124       -1.2197816279821203        1.4090760864353371       0.21253540936203397       0.17009480755711559     
         146          11   1336.51562     T  -14.452048995993463       -4.2891198269511257        190.78734899396594       0.48886200578834105        4.0861432432307554      -0.77327202611759316        4.6782922873587234       0.17157957991115461       0.22991085262148689     
         147          11   1336.51562     T  -14.452048995993463       -4.2891198269511257        190.78734899396594       0.48886200578834105        4.0861432432307554      -0.77327202611759316        4.6782922873587234       0.17157957991115461       0.22991085262148689     
         148          11   1336.51562     T  -14.452048995993463       -4.2891198269511257        190.78734899396594       0.48886200578834105        4.0861432432307554      -0.77327202611759316        4.6782922873587234       0.17157957991115461       0.22991085262148689     
         149          11   1336.51562     T  -14.452048995993463       -4.2891198269511257        190.78734899396594       0.48886200578834105        4.0861432432307554      -0.77327202611759316        4.6782922873587234       0.17157957991115461       0.22991085262148689     
         150          11   1336.51562     T  -14.452048995993463       -4.2891198269511257        190.78734899396594       0.48886200578834105        4.0861432432307554      -0.77327202611759316        4.6782922873587234       0.17157957991115461       0.22991085262148689     
         151          11   1336.51562     T  -14.452048995993463       -4.2891198269511257        190.78734899396594       0.48886200578834105        4.0861432432307554      -0.77327202611759316        4.6782922873587234       0.17157957991115461       0.22991085262148689     
         152          11   1336.51562     T  -14.452048995993463       -4.2891198269511257        190.78734899396594       0.48886200578834105        4.0861432432307554      -0.77327202611759316        4.6782922873587234       0.17157957991115461       0.22991085262148689     
         153          11   1336.51562     T  -14.452048995993463       -4.2891198269511257        190.78734899396594       0.48886200578834105        4.0861432432307554      -0.77327202611759316        4.6782922873587234       0.17157957991115461       0.22991085262148689     
         154          11   1595.23438     T  -14.628081304659590       -4.5076964037538261        112.09094343384314       0.48927501617887298        2.3229006995484092      -0.98855960293424716        4.6279205686884213       0.15508902788197804       0.18630430300958178     
         155          11   1595.23438     T  -14.628081304659590       -4.5076964037538261        112.09094343384314       0.48927501617887298        2.3229006995484092      -0.98855960293424716        4.6279205686884213       0.15508902788197804       0.18630430300958178     
         156          11   1595.23438     T  -14.628081304659590       -4.5076964037538261        112.09094343384314       0.48927501617887298        2.3229006995484092      -0.98855960293424716        4.6279205686884213       0.15508902788197804       0.18630430300958178     
         157          11   984.515625     T  -13.969268187343541       -3.9961863962601702        211.57324543155099        1.6125958026520628        3.9876165507273083      -0.93821694961816171        1.4881426728483726       0.20431118499571418       0.18163758606538438     
         158          11   984.515625     T  -13.969268187343541       -3.9961863962601702        211.57324543155099        1.6125958026520628        3.9876165507273083      -0.93821694961816171        1.4881426728483726       0.20431118499571418       0.18163758606538438     
         159          11   984.515625     T  -13.969268187343541       -3.9961863962601702        211.57324543155099        1.6125958026520628        3.9876165507273083      -0.93821694961816171        1.4881426728483726       0.20431118499571418       0.18163758606538438     
         160          11   967.359375     T  -14.485273740235311       -4.0403917782531211        237.88520299818100        1.5923205470697221        2.9187138731872384       -1.2155823024066064        1.3485265107590478       0.20348972423375825       0.13388732367118264     
         161          11   967.359375     T  -14.485273740235311       -4.0403917782531211        237.88520299818100        1.5923205470697221        2.9187138731872384       -1.2155823024066064        1.3485265107590478       0.20348972423375825       0.13388732367118264     
         162          11   967.359375     T  -14.485273740235311       -4.0403917782531211        237.88520299818100        1.5923205470697221        2.9187138731872384       -1.2155823024066064        1.3485265107590478       0.20348972423375825       0.13388732367118264     
         163          11   967.359375     T  -14.485273740235311       -4.0403917782531211        237.88520299818100        1.5923205470697221        2.9187138731872384       -1.2155823024066064        1.3485265107590478       0.20348972423375825       0.13388732367118264     
         164          11   967.359375     T  -14.485273740235311       -4.0403917782531211        237.88520299818100        1.5923205470697221        2.9187138731872384       -1.2155823024066064        1.3485265107590478       0.20348972423375825       0.13388732367118264     
         165          11   953.078125     T  -14.482382089763700       -4.0260185019670898        238.27165544358138        1.6194067571507804        2.9037885618778159       -1.2164642580729290        1.3505724839808333       0.20336478309074441       0.13376518454649411     
         166          11   953.078125     T  -14.482382089763700       -4.0260185019670898        238.27165544358138        1.6194067571507804        2.9037885618778159       -1.2164642580729290        1.3505724839808333       0.20336478309074441       0.13376518454649411     
         167          11   1002.01562     T  -14.538897867106900       -4.0435142570486091        239.22815443447635        1.6004433022574855        2.8489235513752753       -1.2354526809597193        1.2976144635132725       0.20143122898707677       0.13399426677430010     
         168          11   1002.01562     T  -14.538897867106900       -4.0435142570486091        239.22815443447635        1.6004433022574855        2.8489235513752753       -1.2354526809597193        1.2976144635132725       0.20143122898707677       0.13399426677430010     
         169          11   1002.01562     T  -14.538897867106900       -4.0435142570486091        239.22815443447635        1.6004433022574855        2.8489235513752753       -1.2354526809597193        1.2976144635132725       0.20143122898707677       0.13399426677430010     
         170          11   1002.01562     T  -14.538897867106900       -4.0435142570486091        239.22815443447635        1.6004433022574855        2.8489235513752753       -1.2354526809597193        1.2976144635132725       0.20143122898707677       0.13399426677430010     
         171          11   1002.01562     T  -14.538897867106900       -4.0435142570486091        239.22815443447635        1.6004433022574855        2.8489235513752753       -1.2354526809597193        1.2976144635132725       0.20143122898707677       0.13399426677430010     
         172          11   1002.01562     T  -14.538897867106900       -4.0435142570486091        239.22815443447635        1.6004433022574855        2.8489235513752753       -1.2354526809597193        1.2976144635132725       0.20143122898707677       0.13399426677430010     
         173          11   625.500000     T  -13.782110921697235       -3.6946338490226056        192.27191669401364        1.4933917602779976        4.2549311338314499      -0.72096929398886989        4.4923782586244219       0.15220051172817883       0.17404327714773907     
         174          11   625.500000     T  -13.782110921697235       -3.6946338490226056        192.27191669401364        1.4933917602779976        4.2549311338314499      -0.72096929398886989        4.4923782586244219       0.15220051172817883       0.17404327714773907     
         175          11   625.500000     T  -13.782110921697235       -3.6946338490226056        192.27191669401364        1.4933917602779976        4.2549311338314499      -0.72096929398886989        4.4923782586244219       0.15220051172817883       0.17404327714773907     
         176          11   625.500000     T  -13.782110921697235       -3.6946338490226056        192.27191669401364        1.4933917602779976        4.2549311338314499      -0.72096929398886989        4.4923782586244219       0.15220051172817883       0.17404327714773907     
         177          11   625.500000     T  -13.782110921697235       -3.6946338490226056        192.27191669401364        1.4933917602779976        4.2549311338314499      -0.72096929398886989        4.4923782586244219       0.15220051172817883       0.17404327714773907     
         178          11   625.500000     T  -13.782110921697235       -3.6946338490226056        192.27191669401364        1.4933917602779976        4.2549311338314499      -0.72096929398886989        4.4923782586244219       0.15220051172817883       0.17404327714773907     
         179          11   625.500000     T  -13.782110921697235       -3.6946338490226056        192.27191669401364        1.4933917602779976        4.2549311338314499      -0.72096929398886989        4.4923782586244219       0.15220051172817883       0.17404327714773907     
         180          11   625.500000     T  -13.782110921697235       -3.6946338490226056        192.27191669401364        1.4933917602779976        4.2549311338314499      -0.72096929398886989        4.4923782586244219       0.15220051172817883       0.17404327714773907     
         181          11   625.500000     T  -13.782110921697235       -3.6946338490226056        192.27191669401364        1.4933917602779976        4.2549311338314499      -0.72096929398886989        4.4923782586244219       0.15220051172817883       0.17404327714773907     
         182          11   625.500000     T  -13.782110921697235       -3.6946338490226056        192.27191669401364        1.4933917602779976        4.2549311338314499      -0.72096929398886989        4.4923782586244219       0.15220051172817883       0.17404327714773907     
         183          11   625.500000     T  -13.782110921697235       -3.6946338490226056        192.27191669401364        1.4933917602779976        4.2549311338314499      -0.72096929398886989        4.4923782586244219       0.15220051172817883       0.17404327714773907     
         184          11   625.500000     T  -13.782110921697235       -3.6946338490226056        192.27191669401364        1.4933917602779976        4.2549311338314499      -0.72096929398886989        4.4923782586244219       0.15220051172817883       0.17404327714773907     
         185          11   625.500000     T  -13.782110921697235       -3.6946338490226056        192.27191669401364        1.4933917602779976        4.2549311338314499      -0.72096929398886989        4.4923782586244219       0.15220051172817883       0.17404327714773907     
         186          11   1448.78125     T  -14.926189035705896       -4.0056265802112945        170.06101524279569       0.54657857635930696        4.0643195407469301      -0.49229212215931262        4.8835524711354292       0.10105484067143519       0.18149822684137554     
         187          11   1448.78125     T  -14.926189035705896       -4.0056265802112945        170.06101524279569       0.54657857635930696        4.0643195407469301      -0.49229212215931262        4.8835524711354292       0.10105484067143519       0.18149822684137554     
         188          11   1448.78125     T  -14.926189035705896       -4.0056265802112945        170.06101524279569       0.54657857635930696        4.0643195407469301      -0.49229212215931262        4.8835524711354292       0.10105484067143519       0.18149822684137554     
         189          11   1448.78125     T  -14.926189035705896       -4.0056265802112945        170.06101524279569       0.54657857635930696        4.0643195407469301      -0.49229212215931262        4.8835524711354292       0.10105484067143519       0.18149822684137554     
         190          11   1448.78125     T  -14.926189035705896       -4.0056265802112945        170.06101524279569       0.54657857635930696        4.0643195407469301      -0.49229212215931262        4.8835524711354292       0.10105484067143519       0.18149822684137554     
         191          11   1448.78125     T  -14.926189035705896       -4.0056265802112945        170.06101524279569       0.54657857635930696        4.0643195407469301      -0.49229212215931262        4.8835524711354292       0.10105484067143519       0.18149822684137554     
         192          11   1448.78125     T  -14.926189035705896       -4.0056265802112945        170.06101524279569       0.54657857635930696        4.0643195407469301      -0.49229212215931262        4.8835524711354292       0.10105484067143519       0.18149822684137554     
         193          11   1448.78125     T  -14.926189035705896       -4.0056265802112945        170.06101524279569       0.54657857635930696        4.0643195407469301      -0.49229212215931262        4.8835524711354292       0.10105484067143519       0.18149822684137554     
         194          11   1448.78125     T  -14.926189035705896       -4.0056265802112945        170.06101524279569       0.54657857635930696        4.0643195407469301      -0.49229212215931262        4.8835524711354292       0.10105484067143519       0.18149822684137554     
         195          11   1448.78125     T  -14.926189035705896       -4.0056265802112945        170.06101524279569       0.54657857635930696        4.0643195407469301      -0.49229212215931262        4.8835524711354292       0.10105484067143519       0.18149822684137554     
         196          11   1285.68750     T  -14.587976737723091       -3.7069482569387233        169.97319154916252       0.55751689441693275        4.0659135294879256      -0.49162789865460299        4.9476043154596541       0.10126894223672805       0.16986763678378422     
         197          11   1285.68750     T  -14.587976737723091       -3.7069482569387233        169.97319154916252       0.55751689441693275        4.0659135294879256      -0.49162789865460299        4.9476043154596541       0.10126894223672805       0.16986763678378422     
         198          11   1285.68750     T  -14.587976737723091       -3.7069482569387233        169.97319154916252       0.55751689441693275        4.0659135294879256      -0.49162789865460299        4.9476043154596541       0.10126894223672805       0.16986763678378422     
         199          11   1285.68750     T  -14.587976737723091       -3.7069482569387233        169.97319154916252       0.55751689441693275        4.0659135294879256      -0.49162789865460299        4.9476043154596541       0.10126894223672805       0.16986763678378422     
         200          11   1285.68750     T  -14.587976737723091       -3.7069482569387233        169.97319154916252       0.55751689441693275        4.0659135294879256      -0.49162789865460299        4.9476043154596541       0.10126894223672805       0.16986763678378422     
         201          11   1285.68750     T  -14.587976737723091       -3.7069482569387233        169.97319154916252       0.55751689441693275        4.0659135294879256      -0.49162789865460299        4.9476043154596541       0.10126894223672805       0.16986763678378422     
         202          11   1285.68750     T  -14.587976737723091       -3.7069482569387233        169.97319154916252       0.55751689441693275        4.0659135294879256      -0.49162789865460299        4.9476043154596541       0.10126894223672805       0.16986763678378422     
         203          11   1285.68750     T  -14.587976737723091       -3.7069482569387233        169.97319154916252       0.55751689441693275        4.0659135294879256      -0.49162789865460299        4.9476043154596541       0.10126894223672805       0.16986763678378422     
         204          11   1285.68750     T  -14.587976737723091       -3.7069482569387233        169.97319154916252       0.55751689441693275        4.0659135294879256      -0.49162789865460299        4.9476043154596541       0.10126894223672805       0.16986763678378422     
         205          11   1285.68750     T  -14.587976737723091       -3.7069482569387233        169.97319154916252       0.55751689441693275        4.0659135294879256      -0.49162789865460299        4.9476043154596541       0.10126894223672805       0.16986763678378422     
         206          11   1285.68750     T  -14.587976737723091       -3.7069482569387233        169.97319154916252       0.55751689441693275        4.0659135294879256      -0.49162789865460299        4.9476043154596541       0.10126894223672805       0.16986763678378422     
         207          11   1138.56250     T  -12.631152372670808       -2.7285295325579844        165.77294199074885        1.0461490193234153        4.6128276856353674      -0.47348067524832760        4.9776017918735018       0.18865251731574054       0.10404833000170430     
         208          11   1138.56250     T  -12.631152372670808       -2.7285295325579844        165.77294199074885        1.0461490193234153        4.6128276856353674      -0.47348067524832760        4.9776017918735018       0.18865251731574054       0.10404833000170430     
         209          11   1138.56250     T  -12.631152372670808       -2.7285295325579844        165.77294199074885        1.0461490193234153        4.6128276856353674      -0.47348067524832760        4.9776017918735018       0.18865251731574054       0.10404833000170430     
         210          11   1138.56250     T  -12.631152372670808       -2.7285295325579844        165.77294199074885        1.0461490193234153        4.6128276856353674      -0.47348067524832760        4.9776017918735018       0.18865251731574054       0.10404833000170430     
         211          11   1138.56250     T  -12.631152372670808       -2.7285295325579844        165.77294199074885        1.0461490193234153        4.6128276856353674      -0.47348067524832760        4.9776017918735018       0.18865251731574054       0.10404833000170430     
         212          11   1138.56250     T  -12.631152372670808       -2.7285295325579844        165.77294199074885        1.0461490193234153        4.6128276856353674      -0.47348067524832760        4.9776017918735018       0.18865251731574054       0.10404833000170430     
         213          11   1138.56250     T  -12.631152372670808       -2.7285295325579844        165.77294199074885        1.0461490193234153        4.6128276856353674      -0.47348067524832760        4.9776017918735018       0.18865251731574054       0.10404833000170430     
         214          11   1138.56250     T  -12.631152372670808       -2.7285295325579844        165.77294199074885        1.0461490193234153        4.6128276856353674      -0.47348067524832760        4.9776017918735018       0.18865251731574054       0.10404833000170430     
         215          11   1138.56250     T  -12.631152372670808       -2.7285295325579844        165.77294199074885        1.0461490193234153        4.6128276856353674      -0.47348067524832760        4.9776017918735018       0.18865251731574054       0.10404833000170430     
         216          11   997.375000     T  -14.182181321433866       -4.0715940478963555        156.72969309643193       0.99558745654488345        4.3833383266662667      -0.53821808691785356        4.6594711753185951       0.12805273475457635       0.16231757365884197     
         217          11   997.375000     T  -14.182181321433866       -4.0715940478963555        156.72969309643193       0.99558745654488345        4.3833383266662667      -0.53821808691785356        4.6594711753185951       0.12805273475457635       0.16231757365884197     
         218          11   1006.68750     T  -13.911790559851141       -4.0478229871672422        202.14037838110275        1.8851943828357374        3.9762578320968931      -0.80392526132740993        1.5523878134129647       0.25376386654441868       0.13008130708795981     
         219          11   1006.68750     T  -13.911790559851141       -4.0478229871672422        202.14037838110275        1.8851943828357374        3.9762578320968931      -0.80392526132740993        1.5523878134129647       0.25376386654441868       0.13008130708795981     
         220          11   1006.68750     T  -13.911790559851141       -4.0478229871672422        202.14037838110275        1.8851943828357374        3.9762578320968931      -0.80392526132740993        1.5523878134129647       0.25376386654441868       0.13008130708795981     
         221          11   1095.43750     T  -14.358374279272413       -4.5277805283819639        192.96097520040038        1.8291630558719782        3.7497913990203982      -0.87107055791997490        1.0926125516719845       0.19357029172362283       0.18781339978181416     
         222          11   1095.43750     T  -14.358374279272413       -4.5277805283819639        192.96097520040038        1.8291630558719782        3.7497913990203982      -0.87107055791997490        1.0926125516719845       0.19357029172362283       0.18781339978181416     
         223          11   1173.15625     T  -14.651170951459489       -3.9592982037636744        206.76578474404781        1.9456515150396398        2.8396926852471265       -1.5215993934506868      -0.33496994081598691       0.20671573848864011       0.27270101960660137     
         224          11   1657.62500     T  -15.156247459033306       -4.9274289157969040        225.76267204110371       0.86514625535408407        3.0216548710615005       -1.7341155794101037       0.12084378025050958       0.20060673603904505       0.16115549225761164     
         225          11   1657.62500     T  -15.156247459033306       -4.9274289157969040        225.76267204110371       0.86514625535408407        3.0216548710615005       -1.7341155794101037       0.12084378025050958       0.20060673603904505       0.16115549225761164     
         226          11   1657.62500     T  -15.156247459033306       -4.9274289157969040        225.76267204110371       0.86514625535408407        3.0216548710615005       -1.7341155794101037       0.12084378025050958       0.20060673603904505       0.16115549225761164     
         227          11   1657.62500     T  -15.156247459033306       -4.9274289157969040        225.76267204110371       0.86514625535408407        3.0216548710615005       -1.7341155794101037       0.12084378025050958       0.20060673603904505       0.16115549225761164     
         228          11   1657.62500     T  -15.156247459033306       -4.9274289157969040        225.76267204110371       0.86514625535408407        3.0216548710615005       -1.7341155794101037       0.12084378025050958       0.20060673603904505       0.16115549225761164     
         229          11   1657.62500     T  -15.156247459033306       -4.9274289157969040        225.76267204110371       0.86514625535408407        3.0216548710615005       -1.7341155794101037       0.12084378025050958       0.20060673603904505       0.16115549225761164     
         230          11   1657.62500     T  -15.156247459033306       -4.9274289157969040        225.76267204110371       0.86514625535408407        3.0216548710615005       -1.7341155794101037       0.12084378025050958       0.20060673603904505       0.16115549225761164     
         231          11   1657.62500     T  -15.156247459033306       -4.9274289157969040        225.76267204110371       0.86514625535408407        3.0216548710615005       -1.7341155794101037       0.12084378025050958       0.20060673603904505       0.16115549225761164     
         232          11   1657.62500     T  -15.156247459033306       -4.9274289157969040        225.76267204110371       0.86514625535408407        3.0216548710615005       -1.7341155794101037       0.12084378025050958       0.20060673603904505       0.16115549225761164     
         233          11   1657.62500     T  -15.156247459033306       -4.9274289157969040        225.76267204110371       0.86514625535408407        3.0216548710615005       -1.7341155794101037       0.12084378025050958       0.20060673603904505       0.16115549225761164     
         234          11   1657.62500     T  -15.156247459033306       -4.9274289157969040        225.76267204110371       0.86514625535408407        3.0216548710615005       -1.7341155794101037       0.12084378025050958       0.20060673603904505       0.16115549225761164     
         235          11   1062.84375     T  -14.749174004936400       -4.6573440461018416        199.21319737878125        1.3431707714185170        3.3509417156964547       -1.4073036442815456        2.7597729226686720       0.32371536965828873       0.19050515408325525     
         236          11   1062.84375     T  -14.749174004936400       -4.6573440461018416        199.21319737878125        1.3431707714185170        3.3509417156964547       -1.4073036442815456        2.7597729226686720       0.32371536965828873       0.19050515408325525     
         237          11   1062.84375     T  -14.749174004936400       -4.6573440461018416        199.21319737878125        1.3431707714185170        3.3509417156964547       -1.4073036442815456        2.7597729226686720       0.32371536965828873       0.19050515408325525     
         238          11   1062.84375     T  -14.749174004936400       -4.6573440461018416        199.21319737878125        1.3431707714185170        3.3509417156964547       -1.4073036442815456        2.7597729226686720       0.32371536965828873       0.19050515408325525     
         239          11   1062.84375     T  -14.749174004936400       -4.6573440461018416        199.21319737878125        1.3431707714185170        3.3509417156964547       -1.4073036442815456        2.7597729226686720       0.32371536965828873       0.19050515408325525     
         240          11   1062.84375     T  -14.749174004936400       -4.6573440461018416        199.21319737878125        1.3431707714185170        3.3509417156964547       -1.4073036442815456        2.7597729226686720       0.32371536965828873       0.19050515408325525     
         241          11   1112.50000     T  -14.089708768210212       -4.2839099580653262        193.65915949875821        1.8613160130761597        3.6553148967972899      -0.92208395196175963        1.0686259323276928       0.20041194656434611       0.18427900614073572     
         242          11   1112.50000     T  -14.089708768210212       -4.2839099580653262        193.65915949875821        1.8613160130761597        3.6553148967972899      -0.92208395196175963        1.0686259323276928       0.20041194656434611       0.18427900614073572     
         243          11   1015.93750     T  -13.039587317721752       -3.1838117698348793        164.33213753991188        1.0535129668824976        4.5883198058869201      -0.46495963615510499        4.9151424158773294       0.19746968756538391       0.10381208376751780     
         244          11   1015.93750     T  -13.039587317721752       -3.1838117698348793        164.33213753991188        1.0535129668824976        4.5883198058869201      -0.46495963615510499        4.9151424158773294       0.19746968756538391       0.10381208376751780     
         245          11   1015.93750     T  -13.039587317721752       -3.1838117698348793        164.33213753991188        1.0535129668824976        4.5883198058869201      -0.46495963615510499        4.9151424158773294       0.19746968756538391       0.10381208376751780     
         246          11   1015.93750     T  -13.039587317721752       -3.1838117698348793        164.33213753991188        1.0535129668824976        4.5883198058869201      -0.46495963615510499        4.9151424158773294       0.19746968756538391       0.10381208376751780     
         247          11   1015.93750     T  -13.039587317721752       -3.1838117698348793        164.33213753991188        1.0535129668824976        4.5883198058869201      -0.46495963615510499        4.9151424158773294       0.19746968756538391       0.10381208376751780     
         248          11   1015.93750     T  -13.039587317721752       -3.1838117698348793        164.33213753991188        1.0535129668824976        4.5883198058869201      -0.46495963615510499        4.9151424158773294       0.19746968756538391       0.10381208376751780     
         249          11   1015.93750     T  -13.039587317721752       -3.1838117698348793        164.33213753991188        1.0535129668824976        4.5883198058869201      -0.46495963615510499        4.9151424158773294       0.19746968756538391       0.10381208376751780     
         250          11   1015.93750     T  -13.039587317721752       -3.1838117698348793        164.33213753991188        1.0535129668824976        4.5883198058869201      -0.46495963615510499        4.9151424158773294       0.19746968756538391       0.10381208376751780     
         251          11   1015.93750     T  -13.039587317721752       -3.1838117698348793        164.33213753991188        1.0535129668824976        4.5883198058869201      -0.46495963615510499        4.9151424158773294       0.19746968756538391       0.10381208376751780     
         252          11   1015.93750     T  -13.039587317721752       -3.1838117698348793        164.33213753991188        1.0535129668824976        4.5883198058869201      -0.46495963615510499        4.9151424158773294       0.19746968756538391       0.10381208376751780     
         253          11   1015.93750     T  -13.039587317721752       -3.1838117698348793        164.33213753991188        1.0535129668824976        4.5883198058869201      -0.46495963615510499        4.9151424158773294       0.19746968756538391       0.10381208376751780     
         254          11   1015.93750     T  -13.039587317721752       -3.1838117698348793        164.33213753991188        1.0535129668824976        4.5883198058869201      -0.46495963615510499        4.9151424158773294       0.19746968756538391       0.10381208376751780     
         255          11   1015.93750     T  -13.039587317721752       -3.1838117698348793        164.33213753991188        1.0535129668824976        4.5883198058869201      -0.46495963615510499        4.9151424158773294       0.19746968756538391       0.10381208376751780     
         256          11   1148.75000     T  -14.041059095474250       -4.0126348322651451        204.41918708841899        1.8490050495924437        3.8773930461878821      -0.93973274329019307        1.0832601080519537       0.16851739601160184       0.16414518318858018     
         257          11   1148.75000     T  -14.041059095474250       -4.0126348322651451        204.41918708841899        1.8490050495924437        3.8773930461878821      -0.93973274329019307        1.0832601080519537       0.16851739601160184       0.16414518318858018     
         258          11   1148.75000     T  -14.041059095474250       -4.0126348322651451        204.41918708841899        1.8490050495924437        3.8773930461878821      -0.93973274329019307        1.0832601080519537       0.16851739601160184       0.16414518318858018     
         259          11   1148.75000     T  -14.041059095474250       -4.0126348322651451        204.41918708841899        1.8490050495924437        3.8773930461878821      -0.93973274329019307        1.0832601080519537       0.16851739601160184       0.16414518318858018     
         260          11   1148.75000     T  -14.041059095474250       -4.0126348322651451        204.41918708841899        1.8490050495924437        3.8773930461878821      -0.93973274329019307        1.0832601080519537       0.16851739601160184       0.16414518318858018     
         261          11   1148.75000     T  -14.041059095474250       -4.0126348322651451        204.41918708841899        1.8490050495924437        3.8773930461878821      -0.93973274329019307        1.0832601080519537       0.16851739601160184       0.16414518318858018     
         262          11   1148.75000     T  -14.041059095474250       -4.0126348322651451        204.41918708841899        1.8490050495924437        3.8773930461878821      -0.93973274329019307        1.0832601080519537       0.16851739601160184       0.16414518318858018     
         263          11   1148.75000     T  -14.041059095474250       -4.0126348322651451        204.41918708841899        1.8490050495924437        3.8773930461878821      -0.93973274329019307        1.0832601080519537       0.16851739601160184       0.16414518318858018     
         264          11   1148.75000     T  -14.041059095474250       -4.0126348322651451        204.41918708841899        1.8490050495924437        3.8773930461878821      -0.93973274329019307        1.0832601080519537       0.16851739601160184       0.16414518318858018     
         265          11   1148.75000     T  -14.041059095474250       -4.0126348322651451        204.41918708841899        1.8490050495924437        3.8773930461878821      -0.93973274329019307        1.0832601080519537       0.16851739601160184       0.16414518318858018     
         266          11   1148.75000     T  -14.041059095474250       -4.0126348322651451        204.41918708841899        1.8490050495924437        3.8773930461878821      -0.93973274329019307        1.0832601080519537       0.16851739601160184       0.16414518318858018     
         267          11   1148.75000     T  -14.041059095474250       -4.0126348322651451        204.41918708841899        1.8490050495924437        3.8773930461878821      -0.93973274329019307        1.0832601080519537       0.16851739601160184       0.16414518318858018     
         268          11   1148.75000     T  -14.041059095474250       -4.0126348322651451        204.41918708841899        1.8490050495924437        3.8773930461878821      -0.93973274329019307        1.0832601080519537       0.16851739601160184       0.16414518318858018     
         269          11   1148.75000     T  -14.041059095474250       -4.0126348322651451        204.41918708841899        1.8490050495924437        3.8773930461878821      -0.93973274329019307        1.0832601080519537       0.16851739601160184       0.16414518318858018     
         270          11   1148.75000     T  -14.041059095474250       -4.0126348322651451        204.41918708841899        1.8490050495924437        3.8773930461878821      -0.93973274329019307        1.0832601080519537       0.16851739601160184       0.16414518318858018     
         271          11   1148.75000     T  -14.041059095474250       -4.0126348322651451        204.41918708841899        1.8490050495924437        3.8773930461878821      -0.93973274329019307        1.0832601080519537       0.16851739601160184       0.16414518318858018     
         272          11   1148.75000     T  -14.041059095474250       -4.0126348322651451        204.41918708841899        1.8490050495924437        3.8773930461878821      -0.93973274329019307        1.0832601080519537       0.16851739601160184       0.16414518318858018     
         273          11   1148.75000     T  -14.041059095474250       -4.0126348322651451        204.41918708841899        1.8490050495924437        3.8773930461878821      -0.93973274329019307        1.0832601080519537       0.16851739601160184       0.16414518318858018     
         274          11   997.437500     T  -14.685595724758254       -4.4925231065239268        203.24425311231522        1.7638436960915151        4.9638985397280520      -0.96878084451048552        1.0948154092770630       0.16301092309849727       0.17193930754176351     
         275          11   997.437500     T  -14.685595724758254       -4.4925231065239268        203.24425311231522        1.7638436960915151        4.9638985397280520      -0.96878084451048552        1.0948154092770630       0.16301092309849727       0.17193930754176351     
         276          11   1085.28125     T  -14.528663439425131       -4.3842924963959655        195.49380442150280        1.1083818236553453        2.7800434482452911       -1.4926153278638443        3.0643242619209698       0.24868196943080220       0.11388911080287571     
         277          11   1085.28125     T  -14.528663439425131       -4.3842924963959655        195.49380442150280        1.1083818236553453        2.7800434482452911       -1.4926153278638443        3.0643242619209698       0.24868196943080220       0.11388911080287571     
         278          11   1085.28125     T  -14.528663439425131       -4.3842924963959655        195.49380442150280        1.1083818236553453        2.7800434482452911       -1.4926153278638443        3.0643242619209698       0.24868196943080220       0.11388911080287571     
         279          11   1085.28125     T  -14.528663439425131       -4.3842924963959655        195.49380442150280        1.1083818236553453        2.7800434482452911       -1.4926153278638443        3.0643242619209698       0.24868196943080220       0.11388911080287571     
         280          11   1085.28125     T  -14.528663439425131       -4.3842924963959655        195.49380442150280        1.1083818236553453        2.7800434482452911       -1.4926153278638443        3.0643242619209698       0.24868196943080220       0.11388911080287571     
         281          11   1178.43750     T  -14.189629294372718       -4.0445096146310888        194.10678766986621        1.2070158872126351        2.7980929753552446       -1.4744401091664974        3.0452898891352307       0.25572242237377996       0.11252122198687815     
         282          11   1178.43750     T  -14.189629294372718       -4.0445096146310888        194.10678766986621        1.2070158872126351        2.7980929753552446       -1.4744401091664974        3.0452898891352307       0.25572242237377996       0.11252122198687815     
         283          11   1178.43750     T  -14.189629294372718       -4.0445096146310888        194.10678766986621        1.2070158872126351        2.7980929753552446       -1.4744401091664974        3.0452898891352307       0.25572242237377996       0.11252122198687815     
         284          11   1040.65625     T  -13.980975560694736       -4.0417047374647606        192.63732113763632        1.3242982328345274        4.1166771984958928       -1.6047425701019777        2.9153964150503526       0.27811811643589807       0.11455683473601137     
         285          11   1040.65625     T  -13.980975560694736       -4.0417047374647606        192.63732113763632        1.3242982328345274        4.1166771984958928       -1.6047425701019777        2.9153964150503526       0.27811811643589807       0.11455683473601137     
         286          11   1040.65625     T  -13.980975560694736       -4.0417047374647606        192.63732113763632        1.3242982328345274        4.1166771984958928       -1.6047425701019777        2.9153964150503526       0.27811811643589807       0.11455683473601137     
         287          11   1040.65625     T  -13.980975560694736       -4.0417047374647606        192.63732113763632        1.3242982328345274        4.1166771984958928       -1.6047425701019777        2.9153964150503526       0.27811811643589807       0.11455683473601137     
         288          11   1040.65625     T  -13.980975560694736       -4.0417047374647606        192.63732113763632        1.3242982328345274        4.1166771984958928       -1.6047425701019777        2.9153964150503526       0.27811811643589807       0.11455683473601137     
         289          11   1040.65625     T  -13.980975560694736       -4.0417047374647606        192.63732113763632        1.3242982328345274        4.1166771984958928       -1.6047425701019777        2.9153964150503526       0.27811811643589807       0.11455683473601137     
         290          11   1139.71875     T  -14.169430227268027       -4.4711481411423275        181.89627616713904        1.9077893919931628        4.4409476575302831       -1.1725843668474296        1.6186473255290004       0.19942379028180993       0.13564598112785267     
         291          11   1139.71875     T  -14.169430227268027       -4.4711481411423275        181.89627616713904        1.9077893919931628        4.4409476575302831       -1.1725843668474296        1.6186473255290004       0.19942379028180993       0.13564598112785267     
         292          11   1139.71875     T  -14.169430227268027       -4.4711481411423275        181.89627616713904        1.9077893919931628        4.4409476575302831       -1.1725843668474296        1.6186473255290004       0.19942379028180993       0.13564598112785267     
         293          11   1139.71875     T  -14.169430227268027       -4.4711481411423275        181.89627616713904        1.9077893919931628        4.4409476575302831       -1.1725843668474296        1.6186473255290004       0.19942379028180993       0.13564598112785267     
         294          11   1139.71875     T  -14.169430227268027       -4.4711481411423275        181.89627616713904        1.9077893919931628        4.4409476575302831       -1.1725843668474296        1.6186473255290004       0.19942379028180993       0.13564598112785267     
         295          11   1139.71875     T  -14.169430227268027       -4.4711481411423275        181.89627616713904        1.9077893919931628        4.4409476575302831       -1.1725843668474296        1.6186473255290004       0.19942379028180993       0.13564598112785267     
         296          11   1139.71875     T  -14.169430227268027       -4.4711481411423275        181.89627616713904        1.9077893919931628        4.4409476575302831       -1.1725843668474296        1.6186473255290004       0.19942379028180993       0.13564598112785267     
