           1           0   598.021912     F  -38.422719849847816       -28.826380569426107        145.72799073117591        2.6199584219189149        4.9950797007044523        1.0460080849457321        2.1232783570626403       0.28697974095330114       0.19624751380473343     
           2           0   598.021912     F  -38.422719849847816       -28.826380569426107        145.72799073117591        2.6199584219189149        4.9950797007044523        1.0460080849457321        2.1232783570626403       0.28697974095330114       0.19624751380473343     
           3           0   598.021912     F  -38.422719849847816       -28.826380569426107        145.72799073117591        2.6199584219189149        4.9950797007044523        1.0460080849457321        2.1232783570626403       0.28697974095330114       0.19624751380473343     
           4           0   598.021912     F  -38.422719849847816       -28.826380569426107        145.72799073117591        2.6199584219189149        4.9950797007044523        1.0460080849457321        2.1232783570626403       0.28697974095330114       0.19624751380473343     
           5           0   598.021912     F  -38.422719849847816       -28.826380569426107        145.72799073117591        2.6199584219189149        4.9950797007044523        1.0460080849457321        2.1232783570626403       0.28697974095330114       0.19624751380473343     
           6           0   598.021912     F  -38.422719849847816       -28.826380569426107        145.72799073117591        2.6199584219189149        4.9950797007044523        1.0460080849457321        2.1232783570626403       0.28697974095330114       0.19624751380473343     
           7           0   598.021912     F  -38.422719849847816       -28.826380569426107        145.72799073117591        2.6199584219189149        4.9950797007044523        1.0460080849457321        2.1232783570626403       0.28697974095330114       0.19624751380473343     
           8           0   598.021912     F  -38.422719849847816       -28.826380569426107        145.72799073117591        2.6199584219189149        4.9950797007044523        1.0460080849457321        2.1232783570626403       0.28697974095330114       0.19624751380473343     
           9           0   854.684570     F  -21.283459072444870       -10.417923171110441        167.90678323475103        2.0849190231884047        6.8202103899625337       0.82021268004250569        1.5403766919803932       0.31566595561797522       0.27056349116426598     
          10           0   854.684570     F  -21.283459072444870       -10.417923171110441        167.90678323475103        2.0849190231884047        6.8202103899625337       0.82021268004250569        1.5403766919803932       0.31566595561797522       0.27056349116426598     
          11           0   854.684570     F  -21.283459072444870       -10.417923171110441        167.90678323475103        2.0849190231884047        6.8202103899625337       0.82021268004250569        1.5403766919803932       0.31566595561797522       0.27056349116426598     
          12           0   854.684570     F  -21.283459072444870       -10.417923171110441        167.90678323475103        2.0849190231884047        6.8202103899625337       0.82021268004250569        1.5403766919803932       0.31566595561797522       0.27056349116426598     
          13           0   854.684570     F  -21.283459072444870       -10.417923171110441        167.90678323475103        2.0849190231884047        6.8202103899625337       0.82021268004250569        1.5403766919803932       0.31566595561797522       0.27056349116426598     
          14           0   1109.70117     F  -20.047254740019770       -9.4323101301500820        186.97958197040592        1.4234671956756597        6.0934174921765667       0.61323788186551120        1.1858090673691739       0.35097735698133842       0.22292346146783615     
          15           0   1109.70117     F  -20.047254740019770       -9.4323101301500820        186.97958197040592        1.4234671956756597        6.0934174921765667       0.61323788186551120        1.1858090673691739       0.35097735698133842       0.22292346146783615     
          16           0   1109.70117     F  -20.047254740019770       -9.4323101301500820        186.97958197040592        1.4234671956756597        6.0934174921765667       0.61323788186551120        1.1858090673691739       0.35097735698133842       0.22292346146783615     
          17           0   1109.70117     F  -20.047254740019770       -9.4323101301500820        186.97958197040592        1.4234671956756597        6.0934174921765667       0.61323788186551120        1.1858090673691739       0.35097735698133842       0.22292346146783615     
          18           0   1109.70117     F  -20.047254740019770       -9.4323101301500820        186.97958197040592        1.4234671956756597        6.0934174921765667       0.61323788186551120        1.1858090673691739       0.35097735698133842       0.22292346146783615     
          19           0   1109.70117     F  -20.047254740019770       -9.4323101301500820        186.97958197040592        1.4234671956756597        6.0934174921765667       0.61323788186551120        1.1858090673691739       0.35097735698133842       0.22292346146783615     
          20           0   1109.70117     F  -20.047254740019770       -9.4323101301500820        186.97958197040592        1.4234671956756597        6.0934174921765667       0.61323788186551120        1.1858090673691739       0.35097735698133842       0.22292346146783615     
          21           0   1068.41211     F  -17.932062807909109       -8.3650177161488148        151.74615955599043        1.8069747473576410        4.1421497848331361       0.28492187487047049        1.3865906716402496       0.27538004131654792       0.21118395881720306     
          22           0   1068.41211     F  -17.932062807909109       -8.3650177161488148        151.74615955599043        1.8069747473576410        4.1421497848331361       0.28492187487047049        1.3865906716402496       0.27538004131654792       0.21118395881720306     
          23           0   1068.41211     F  -17.932062807909109       -8.3650177161488148        151.74615955599043        1.8069747473576410        4.1421497848331361       0.28492187487047049        1.3865906716402496       0.27538004131654792       0.21118395881720306     
          24           0   1068.41211     F  -17.932062807909109       -8.3650177161488148        151.74615955599043        1.8069747473576410        4.1421497848331361       0.28492187487047049        1.3865906716402496       0.27538004131654792       0.21118395881720306     
          25           0   1241.10938     F  -18.594743231682969       -8.0817281088539801        161.32679937672197        1.7111084098081555        6.3567181054853528       0.39295551112838512        1.1282518309099454       0.40870516275637175       0.14257900479875610     
          26           0   1241.10938     F  -18.594743231682969       -8.0817281088539801        161.32679937672197        1.7111084098081555        6.3567181054853528       0.39295551112838512        1.1282518309099454       0.40870516275637175       0.14257900479875610     
          27           0   1241.10938     F  -18.594743231682969       -8.0817281088539801        161.32679937672197        1.7111084098081555        6.3567181054853528       0.39295551112838512        1.1282518309099454       0.40870516275637175       0.14257900479875610     
          28           0   1241.10938     F  -18.594743231682969       -8.0817281088539801        161.32679937672197        1.7111084098081555        6.3567181054853528       0.39295551112838512        1.1282518309099454       0.40870516275637175       0.14257900479875610     
          29           0   1241.10938     F  -18.594743231682969       -8.0817281088539801        161.32679937672197        1.7111084098081555        6.3567181054853528       0.39295551112838512        1.1282518309099454       0.40870516275637175       0.14257900479875610     
          30           0   1241.10938     F  -18.594743231682969       -8.0817281088539801        161.32679937672197        1.7111084098081555        6.3567181054853528       0.39295551112838512        1.1282518309099454       0.40870516275637175       0.14257900479875610     
          31           0   1241.10938     T  -18.594743231682969       -8.0817281088539801        161.32679937672197        1.7111084098081555        6.3567181054853528       0.39295551112838512        1.1282518309099454       0.40870516275637175       0.14257900479875610     
          32           0   1077.29688     T  -18.503499993500384       -7.6921862676032315        169.65101164026234        1.6841300199404745        6.8719620123738325       0.40800878905204019        1.1029934270587964       0.42293027292543667       0.15460229879577991     
          33           0   963.761719     T  -14.917161158029280       -3.8655649705465338        178.84043185917872        2.3359819750330018        6.6068258147529155      -0.21630524674154164        1.6673616845540506       0.12621958292185750       0.21171242638660581     
          34           0   1014.52344     T  -15.165005898084930       -4.2222992115821096        176.72099986161257        2.3573326059534341        6.4631144746696396      -0.24630636083154189        1.6556928017925510       0.13189672403830846       0.22175112447590822     
          35           0   1014.52344     T  -15.165005898084930       -4.2222992115821096        176.72099986161257        2.3573326059534341        6.4631144746696396      -0.24630636083154189        1.6556928017925510       0.13189672403830846       0.22175112447590822     
          36           0   1014.52344     T  -15.165005898084930       -4.2222992115821096        176.72099986161257        2.3573326059534341        6.4631144746696396      -0.24630636083154189        1.6556928017925510       0.13189672403830846       0.22175112447590822     
          37           0   1014.52344     T  -15.165005898084930       -4.2222992115821096        176.72099986161257        2.3573326059534341        6.4631144746696396      -0.24630636083154189        1.6556928017925510       0.13189672403830846       0.22175112447590822     
          38           0   1014.52344     T  -15.165005898084930       -4.2222992115821096        176.72099986161257        2.3573326059534341        6.4631144746696396      -0.24630636083154189        1.6556928017925510       0.13189672403830846       0.22175112447590822     
          39           0   1014.52344     T  -15.165005898084930       -4.2222992115821096        176.72099986161257        2.3573326059534341        6.4631144746696396      -0.24630636083154189        1.6556928017925510       0.13189672403830846       0.22175112447590822     
          40           0   1038.56641     T  -15.325069885861364       -4.3559903543966536        196.16099723199773        2.3135363255159551        6.3753445905784929      -0.57097149305751160        1.5766974167222254       0.16547329679784820       0.25993169636371638     
          41           0   1038.56641     T  -15.325069885861364       -4.3559903543966536        196.16099723199773        2.3135363255159551        6.3753445905784929      -0.57097149305751160        1.5766974167222254       0.16547329679784820       0.25993169636371638     
          42           0   1048.74609     T  -15.478175489380217       -4.1514274102022268        298.08327527207672        1.4181066238746196        4.1379649953606270       -9.2057116193902708E-002   1.1768919751423339       0.17422144506098200       0.21519873453268723     
          43           0   1048.74609     T  -15.478175489380217       -4.1514274102022268        298.08327527207672        1.4181066238746196        4.1379649953606270       -9.2057116193902708E-002   1.1768919751423339       0.17422144506098200       0.21519873453268723     
          44           0   1048.74609     T  -15.478175489380217       -4.1514274102022268        298.08327527207672        1.4181066238746196        4.1379649953606270       -9.2057116193902708E-002   1.1768919751423339       0.17422144506098200       0.21519873453268723     
          45           0   1048.74609     T  -15.478175489380217       -4.1514274102022268        298.08327527207672        1.4181066238746196        4.1379649953606270       -9.2057116193902708E-002   1.1768919751423339       0.17422144506098200       0.21519873453268723     
          46           0   1048.74609     T  -15.478175489380217       -4.1514274102022268        298.08327527207672        1.4181066238746196        4.1379649953606270       -9.2057116193902708E-002   1.1768919751423339       0.17422144506098200       0.21519873453268723     
          47           0   1048.74609     T  -15.478175489380217       -4.1514274102022268        298.08327527207672        1.4181066238746196        4.1379649953606270       -9.2057116193902708E-002   1.1768919751423339       0.17422144506098200       0.21519873453268723     
          48           0   1019.57031     T  -14.932138024645454       -3.6543162714631672        204.02761536475552        2.0111334149313445        7.8492136509769761      -0.12657553379892703        1.4225038329059898       0.20510525735518437       0.25109921125832096     
          49           0   1019.57031     T  -14.932138024645454       -3.6543162714631672        204.02761536475552        2.0111334149313445        7.8492136509769761      -0.12657553379892703        1.4225038329059898       0.20510525735518437       0.25109921125832096     
          50           0   1019.57031     T  -14.932138024645454       -3.6543162714631672        204.02761536475552        2.0111334149313445        7.8492136509769761      -0.12657553379892703        1.4225038329059898       0.20510525735518437       0.25109921125832096     
          51           0   1019.57031     T  -14.932138024645454       -3.6543162714631672        204.02761536475552        2.0111334149313445        7.8492136509769761      -0.12657553379892703        1.4225038329059898       0.20510525735518437       0.25109921125832096     
          52           0   1019.57031     T  -14.932138024645454       -3.6543162714631672        204.02761536475552        2.0111334149313445        7.8492136509769761      -0.12657553379892703        1.4225038329059898       0.20510525735518437       0.25109921125832096     
          53           0   1019.57031     T  -14.932138024645454       -3.6543162714631672        204.02761536475552        2.0111334149313445        7.8492136509769761      -0.12657553379892703        1.4225038329059898       0.20510525735518437       0.25109921125832096     
          54           0   934.484375     T  -15.485431096235290       -3.7146050578663616        181.59912822372277        2.3117755039441237        8.7173861295428026      -0.19584583566740169        1.5441961350799656       0.13647275600936853       0.23255946831234017     
          55           0   934.484375     T  -15.485431096235290       -3.7146050578663616        181.59912822372277        2.3117755039441237        8.7173861295428026      -0.19584583566740169        1.5441961350799656       0.13647275600936853       0.23255946831234017     
          56           0   934.484375     T  -15.485431096235290       -3.7146050578663616        181.59912822372277        2.3117755039441237        8.7173861295428026      -0.19584583566740169        1.5441961350799656       0.13647275600936853       0.23255946831234017     
          57           0   934.484375     T  -15.485431096235290       -3.7146050578663616        181.59912822372277        2.3117755039441237        8.7173861295428026      -0.19584583566740169        1.5441961350799656       0.13647275600936853       0.23255946831234017     
          58           0   983.578125     T  -15.506643758086380       -3.9057877783300157        224.77382113500360        1.8562373931243334        8.2373067572520196       0.43981755603715883        1.4933756341663771       0.14656144282036598       0.16228712002802259     
          59           0   983.578125     T  -15.506643758086380       -3.9057877783300157        224.77382113500360        1.8562373931243334        8.2373067572520196       0.43981755603715883        1.4933756341663771       0.14656144282036598       0.16228712002802259     
          60           0   983.578125     T  -15.506643758086380       -3.9057877783300157        224.77382113500360        1.8562373931243334        8.2373067572520196       0.43981755603715883        1.4933756341663771       0.14656144282036598       0.16228712002802259     
          61           0   1013.97656     T  -14.635101621767816       -4.0042666149351147        217.10345252785615        1.9144884113718812        6.4246444830514227        3.9311753149423433E-003   1.5109717782762615       0.18077284302213359       0.18140073321672162     
          62           0   1013.97656     T  -14.635101621767816       -4.0042666149351147        217.10345252785615        1.9144884113718812        6.4246444830514227        3.9311753149423433E-003   1.5109717782762615       0.18077284302213359       0.18140073321672162     
          63           0   1013.97656     T  -14.635101621767816       -4.0042666149351147        217.10345252785615        1.9144884113718812        6.4246444830514227        3.9311753149423433E-003   1.5109717782762615       0.18077284302213359       0.18140073321672162     
          64           0   1013.97656     T  -14.635101621767816       -4.0042666149351147        217.10345252785615        1.9144884113718812        6.4246444830514227        3.9311753149423433E-003   1.5109717782762615       0.18077284302213359       0.18140073321672162     
          65           0   1013.97656     T  -14.635101621767816       -4.0042666149351147        217.10345252785615        1.9144884113718812        6.4246444830514227        3.9311753149423433E-003   1.5109717782762615       0.18077284302213359       0.18140073321672162     
          66           0   1013.97656     T  -14.635101621767816       -4.0042666149351147        217.10345252785615        1.9144884113718812        6.4246444830514227        3.9311753149423433E-003   1.5109717782762615       0.18077284302213359       0.18140073321672162     
          67           0   1013.97656     T  -14.635101621767816       -4.0042666149351147        217.10345252785615        1.9144884113718812        6.4246444830514227        3.9311753149423433E-003   1.5109717782762615       0.18077284302213359       0.18140073321672162     
          68           0   943.710938     T  -14.363479663711018       -3.6516978926673378        205.71231339855851        1.7801206231941995        7.1938411804551450       0.24215440124319654        1.6013893258710832       0.18528098877065033       0.17502212699762643     
          69           0   943.710938     T  -14.363479663711018       -3.6516978926673378        205.71231339855851        1.7801206231941995        7.1938411804551450       0.24215440124319654        1.6013893258710832       0.18528098877065033       0.17502212699762643     
          70           0   943.710938     T  -14.363479663711018       -3.6516978926673378        205.71231339855851        1.7801206231941995        7.1938411804551450       0.24215440124319654        1.6013893258710832       0.18528098877065033       0.17502212699762643     
          71           0   943.710938     T  -14.363479663711018       -3.6516978926673378        205.71231339855851        1.7801206231941995        7.1938411804551450       0.24215440124319654        1.6013893258710832       0.18528098877065033       0.17502212699762643     
          72           0   967.171875     T  -15.075384259153953       -5.0672657460846091        177.93651702304362        2.4777131348832935        5.8026151892727036      -0.61767740072073296        1.9134001381855574       0.18468654139734003       0.18005692553347064     
          73           0   967.171875     T  -15.075384259153953       -5.0672657460846091        177.93651702304362        2.4777131348832935        5.8026151892727036      -0.61767740072073296        1.9134001381855574       0.18468654139734003       0.18005692553347064     
          74           0   979.742188     T  -14.753101014177275       -4.2378710838030589        188.97197632521244        2.4019078355776236        5.1585020413091058      -0.58970322578764978        1.6092499720707607       0.14780892733228423       0.22823607609736990     
          75           0   976.828125     T  -14.893738685989915       -4.6809493234177122        223.60938815215238        1.4406388839667033        4.4685108642700122      -0.37727538309858083        1.5606491873051038       0.17859860753032358       0.16313693512616437     
          76           0   976.828125     T  -14.893738685989915       -4.6809493234177122        223.60938815215238        1.4406388839667033        4.4685108642700122      -0.37727538309858083        1.5606491873051038       0.17859860753032358       0.16313693512616437     
          77           0   976.828125     T  -14.893738685989915       -4.6809493234177122        223.60938815215238        1.4406388839667033        4.4685108642700122      -0.37727538309858083        1.5606491873051038       0.17859860753032358       0.16313693512616437     
          78           0   1067.75781     T  -14.787009178190996       -4.5687674124344655        223.82427774715109        1.4470316545500297        4.4737748181700461      -0.37505194941071290        1.5407784104379840       0.17822933595332599       0.16320055546889445     
          79           0   752.140625     T  -14.348460767632361       -3.5555318631573449        183.26053185025498        2.1868555057753465        4.4591258401637921        3.0981265636839422E-002   1.8924009187034720       0.11035766077678089       0.18015416054129524     
          80           0   858.257812     T  -14.455307006402782       -3.7699320120463331        189.33104046748829        1.8486507236226730        2.4631123810193349      -0.60405864507475548        2.1387977527029158       0.14143203223231524       0.12288828771296675     
          81           0   858.257812     T  -14.455307006402782       -3.7699320120463331        189.33104046748829        1.8486507236226730        2.4631123810193349      -0.60405864507475548        2.1387977527029158       0.14143203223231524       0.12288828771296675     
          82           0   858.257812     T  -14.455307006402782       -3.7699320120463331        189.33104046748829        1.8486507236226730        2.4631123810193349      -0.60405864507475548        2.1387977527029158       0.14143203223231524       0.12288828771296675     
          83           0   858.257812     T  -14.455307006402782       -3.7699320120463331        189.33104046748829        1.8486507236226730        2.4631123810193349      -0.60405864507475548        2.1387977527029158       0.14143203223231524       0.12288828771296675     
          84           0   858.257812     T  -14.455307006402782       -3.7699320120463331        189.33104046748829        1.8486507236226730        2.4631123810193349      -0.60405864507475548        2.1387977527029158       0.14143203223231524       0.12288828771296675     
          85           0   858.257812     T  -14.455307006402782       -3.7699320120463331        189.33104046748829        1.8486507236226730        2.4631123810193349      -0.60405864507475548        2.1387977527029158       0.14143203223231524       0.12288828771296675     
          86           0   858.257812     T  -14.455307006402782       -3.7699320120463331        189.33104046748829        1.8486507236226730        2.4631123810193349      -0.60405864507475548        2.1387977527029158       0.14143203223231524       0.12288828771296675     
          87           0   858.257812     T  -14.455307006402782       -3.7699320120463331        189.33104046748829        1.8486507236226730        2.4631123810193349      -0.60405864507475548        2.1387977527029158       0.14143203223231524       0.12288828771296675     
          88           0   858.257812     T  -14.455307006402782       -3.7699320120463331        189.33104046748829        1.8486507236226730        2.4631123810193349      -0.60405864507475548        2.1387977527029158       0.14143203223231524       0.12288828771296675     
          89           0   858.257812     T  -14.455307006402782       -3.7699320120463331        189.33104046748829        1.8486507236226730        2.4631123810193349      -0.60405864507475548        2.1387977527029158       0.14143203223231524       0.12288828771296675     
          90           0   784.757812     T  -14.493503286538390       -3.7998302783704907        189.20956633822507        1.8479087208046290        2.4456421266424955      -0.60712526296697744        2.1363151215143437       0.14166302498918432       0.12293159034609934     
          91           0   784.757812     T  -14.493503286538390       -3.7998302783704907        189.20956633822507        1.8479087208046290        2.4456421266424955      -0.60712526296697744        2.1363151215143437       0.14166302498918432       0.12293159034609934     
          92           0   784.757812     T  -14.493503286538390       -3.7998302783704907        189.20956633822507        1.8479087208046290        2.4456421266424955      -0.60712526296697744        2.1363151215143437       0.14166302498918432       0.12293159034609934     
          93           0   784.757812     T  -14.493503286538390       -3.7998302783704907        189.20956633822507        1.8479087208046290        2.4456421266424955      -0.60712526296697744        2.1363151215143437       0.14166302498918432       0.12293159034609934     
          94           0   784.757812     T  -14.493503286538390       -3.7998302783704907        189.20956633822507        1.8479087208046290        2.4456421266424955      -0.60712526296697744        2.1363151215143437       0.14166302498918432       0.12293159034609934     
          95           0   784.757812     T  -14.493503286538390       -3.7998302783704907        189.20956633822507        1.8479087208046290        2.4456421266424955      -0.60712526296697744        2.1363151215143437       0.14166302498918432       0.12293159034609934     
          96           0   784.757812     T  -14.493503286538390       -3.7998302783704907        189.20956633822507        1.8479087208046290        2.4456421266424955      -0.60712526296697744        2.1363151215143437       0.14166302498918432       0.12293159034609934     
          97           0   784.757812     T  -14.493503286538390       -3.7998302783704907        189.20956633822507        1.8479087208046290        2.4456421266424955      -0.60712526296697744        2.1363151215143437       0.14166302498918432       0.12293159034609934     
          98           0   784.757812     T  -14.493503286538390       -3.7998302783704907        189.20956633822507        1.8479087208046290        2.4456421266424955      -0.60712526296697744        2.1363151215143437       0.14166302498918432       0.12293159034609934     
          99           0   784.757812     T  -14.493503286538390       -3.7998302783704907        189.20956633822507        1.8479087208046290        2.4456421266424955      -0.60712526296697744        2.1363151215143437       0.14166302498918432       0.12293159034609934     
         100           0   784.757812     T  -14.493503286538390       -3.7998302783704907        189.20956633822507        1.8479087208046290        2.4456421266424955      -0.60712526296697744        2.1363151215143437       0.14166302498918432       0.12293159034609934     
         101           0   784.757812     T  -14.493503286538390       -3.7998302783704907        189.20956633822507        1.8479087208046290        2.4456421266424955      -0.60712526296697744        2.1363151215143437       0.14166302498918432       0.12293159034609934     
         102           0   784.757812     T  -14.493503286538390       -3.7998302783704907        189.20956633822507        1.8479087208046290        2.4456421266424955      -0.60712526296697744        2.1363151215143437       0.14166302498918432       0.12293159034609934     
         103           0   784.757812     T  -14.493503286538390       -3.7998302783704907        189.20956633822507        1.8479087208046290        2.4456421266424955      -0.60712526296697744        2.1363151215143437       0.14166302498918432       0.12293159034609934     
         104           0   784.757812     T  -14.493503286538390       -3.7998302783704907        189.20956633822507        1.8479087208046290        2.4456421266424955      -0.60712526296697744        2.1363151215143437       0.14166302498918432       0.12293159034609934     
         105           0   784.757812     T  -14.493503286538390       -3.7998302783704907        189.20956633822507        1.8479087208046290        2.4456421266424955      -0.60712526296697744        2.1363151215143437       0.14166302498918432       0.12293159034609934     
         106           0   784.757812     T  -14.493503286538390       -3.7998302783704907        189.20956633822507        1.8479087208046290        2.4456421266424955      -0.60712526296697744        2.1363151215143437       0.14166302498918432       0.12293159034609934     
         107           0   966.296875     T  -14.646876717997486       -4.1858400482879876        181.50631166326980        2.1802985873926026        6.7910103828443482      -0.66199729626922665        1.6029850562524997       0.16180363182706797       0.15907053655363199     
         108           0   966.296875     T  -14.646876717997486       -4.1858400482879876        181.50631166326980        2.1802985873926026        6.7910103828443482      -0.66199729626922665        1.6029850562524997       0.16180363182706797       0.15907053655363199     
         109           0   966.296875     T  -14.646876717997486       -4.1858400482879876        181.50631166326980        2.1802985873926026        6.7910103828443482      -0.66199729626922665        1.6029850562524997       0.16180363182706797       0.15907053655363199     
         110           0   966.296875     T  -14.646876717997486       -4.1858400482879876        181.50631166326980        2.1802985873926026        6.7910103828443482      -0.66199729626922665        1.6029850562524997       0.16180363182706797       0.15907053655363199     
         111           0   966.296875     T  -14.646876717997486       -4.1858400482879876        181.50631166326980        2.1802985873926026        6.7910103828443482      -0.66199729626922665        1.6029850562524997       0.16180363182706797       0.15907053655363199     
         112           0   966.296875     T  -14.646876717997486       -4.1858400482879876        181.50631166326980        2.1802985873926026        6.7910103828443482      -0.66199729626922665        1.6029850562524997       0.16180363182706797       0.15907053655363199     
         113           0   966.296875     T  -14.646876717997486       -4.1858400482879876        181.50631166326980        2.1802985873926026        6.7910103828443482      -0.66199729626922665        1.6029850562524997       0.16180363182706797       0.15907053655363199     
         114           0   966.296875     T  -14.646876717997486       -4.1858400482879876        181.50631166326980        2.1802985873926026        6.7910103828443482      -0.66199729626922665        1.6029850562524997       0.16180363182706797       0.15907053655363199     
         115           0   966.296875     T  -14.646876717997486       -4.1858400482879876        181.50631166326980        2.1802985873926026        6.7910103828443482      -0.66199729626922665        1.6029850562524997       0.16180363182706797       0.15907053655363199     
         116           0   966.296875     T  -14.646876717997486       -4.1858400482879876        181.50631166326980        2.1802985873926026        6.7910103828443482      -0.66199729626922665        1.6029850562524997       0.16180363182706797       0.15907053655363199     
         117           0   1138.98438     T  -14.311567837644763       -4.0004214374383418        190.92240634434697        2.0839280510936584        3.3742601847532256       -1.0574403408985082        1.0524693528922939       0.19020401367273829       0.25931812651225883     
         118           0   1301.03125     T  -14.516360491638778       -4.6829128730893954        151.21552216996039       0.43403805057901812        3.7716884459171958      -0.82025642841902280        4.6552839795253576       0.16796793357028503       0.22901801977090278     
         119           0   1301.03125     T  -14.516360491638778       -4.6829128730893954        151.21552216996039       0.43403805057901812        3.7716884459171958      -0.82025642841902280        4.6552839795253576       0.16796793357028503       0.22901801977090278     
         120           0   1301.03125     T  -14.516360491638778       -4.6829128730893954        151.21552216996039       0.43403805057901812        3.7716884459171958      -0.82025642841902280        4.6552839795253576       0.16796793357028503       0.22901801977090278     
         121           0   1301.03125     T  -14.516360491638778       -4.6829128730893954        151.21552216996039       0.43403805057901812        3.7716884459171958      -0.82025642841902280        4.6552839795253576       0.16796793357028503       0.22901801977090278     
         122           0   1301.03125     T  -14.516360491638778       -4.6829128730893954        151.21552216996039       0.43403805057901812        3.7716884459171958      -0.82025642841902280        4.6552839795253576       0.16796793357028503       0.22901801977090278     
         123           0   1301.03125     T  -14.516360491638778       -4.6829128730893954        151.21552216996039       0.43403805057901812        3.7716884459171958      -0.82025642841902280        4.6552839795253576       0.16796793357028503       0.22901801977090278     
         124           0   1301.03125     T  -14.516360491638778       -4.6829128730893954        151.21552216996039       0.43403805057901812        3.7716884459171958      -0.82025642841902280        4.6552839795253576       0.16796793357028503       0.22901801977090278     
         125           0   1301.03125     T  -14.516360491638778       -4.6829128730893954        151.21552216996039       0.43403805057901812        3.7716884459171958      -0.82025642841902280        4.6552839795253576       0.16796793357028503       0.22901801977090278     
         126           0   1301.03125     T  -14.516360491638778       -4.6829128730893954        151.21552216996039       0.43403805057901812        3.7716884459171958      -0.82025642841902280        4.6552839795253576       0.16796793357028503       0.22901801977090278     
         127           0   1301.03125     T  -14.516360491638778       -4.6829128730893954        151.21552216996039       0.43403805057901812        3.7716884459171958      -0.82025642841902280        4.6552839795253576       0.16796793357028503       0.22901801977090278     
         128           0   1301.03125     T  -14.516360491638778       -4.6829128730893954        151.21552216996039       0.43403805057901812        3.7716884459171958      -0.82025642841902280        4.6552839795253576       0.16796793357028503       0.22901801977090278     
         129           0   1301.03125     T  -14.516360491638778       -4.6829128730893954        151.21552216996039       0.43403805057901812        3.7716884459171958      -0.82025642841902280        4.6552839795253576       0.16796793357028503       0.22901801977090278     
         130           0   1505.92188     T  -14.195412978958457       -4.2000145276849086        138.97052873758187       0.41750036623182613        2.4380501911097352       -1.1072428089194577        4.4840321220482755       0.16279240768485304       0.18310545077936916     
         131           0   1387.95312     T  -14.063469929976108       -4.0944401082525337        137.11799750900130       0.41770155864019953        2.4332240662984748       -1.1469154377035340        4.4586705318928006       0.16488902690954527       0.18225728921124237     
         132           0   1387.95312     T  -14.063469929976108       -4.0944401082525337        137.11799750900130       0.41770155864019953        2.4332240662984748       -1.1469154377035340        4.4586705318928006       0.16488902690954527       0.18225728921124237     
         133           0   1387.95312     T  -14.063469929976108       -4.0944401082525337        137.11799750900130       0.41770155864019953        2.4332240662984748       -1.1469154377035340        4.4586705318928006       0.16488902690954527       0.18225728921124237     
         134           0   1387.95312     T  -14.063469929976108       -4.0944401082525337        137.11799750900130       0.41770155864019953        2.4332240662984748       -1.1469154377035340        4.4586705318928006       0.16488902690954527       0.18225728921124237     
         135           0   1387.95312     T  -14.063469929976108       -4.0944401082525337        137.11799750900130       0.41770155864019953        2.4332240662984748       -1.1469154377035340        4.4586705318928006       0.16488902690954527       0.18225728921124237     
         136           0   1387.95312     T  -14.063469929976108       -4.0944401082525337        137.11799750900130       0.41770155864019953        2.4332240662984748       -1.1469154377035340        4.4586705318928006       0.16488902690954527       0.18225728921124237     
         137           0   1387.95312     T  -14.063469929976108       -4.0944401082525337        137.11799750900130       0.41770155864019953        2.4332240662984748       -1.1469154377035340        4.4586705318928006       0.16488902690954527       0.18225728921124237     
         138           0   1387.95312     T  -14.063469929976108       -4.0944401082525337        137.11799750900130       0.41770155864019953        2.4332240662984748       -1.1469154377035340        4.4586705318928006       0.16488902690954527       0.18225728921124237     
         139           0   1387.95312     T  -14.063469929976108       -4.0944401082525337        137.11799750900130       0.41770155864019953        2.4332240662984748       -1.1469154377035340        4.4586705318928006       0.16488902690954527       0.18225728921124237     
         140           0   1387.95312     T  -14.063469929976108       -4.0944401082525337        137.11799750900130       0.41770155864019953        2.4332240662984748       -1.1469154377035340        4.4586705318928006       0.16488902690954527       0.18225728921124237     
         141           0   1387.95312     T  -14.063469929976108       -4.0944401082525337        137.11799750900130       0.41770155864019953        2.4332240662984748       -1.1469154377035340        4.4586705318928006       0.16488902690954527       0.18225728921124237     
         142           0   1387.95312     T  -14.063469929976108       -4.0944401082525337        137.11799750900130       0.41770155864019953        2.4332240662984748       -1.1469154377035340        4.4586705318928006       0.16488902690954527       0.18225728921124237     
         143           0   1387.95312     T  -14.063469929976108       -4.0944401082525337        137.11799750900130       0.41770155864019953        2.4332240662984748       -1.1469154377035340        4.4586705318928006       0.16488902690954527       0.18225728921124237     
         144           0   1387.95312     T  -14.063469929976108       -4.0944401082525337        137.11799750900130       0.41770155864019953        2.4332240662984748       -1.1469154377035340        4.4586705318928006       0.16488902690954527       0.18225728921124237     
         145           0   1387.95312     T  -14.063469929976108       -4.0944401082525337        137.11799750900130       0.41770155864019953        2.4332240662984748       -1.1469154377035340        4.4586705318928006       0.16488902690954527       0.18225728921124237     
         146           0   1020.60938     T  -14.056297320119475       -3.8565938105407516        235.24822937835134        1.5419749151111526        4.0458992399510079       -1.0979205232715235        1.3767338343011548       0.21096753609257179       0.16868868437715265     
         147           0   1020.60938     T  -14.056297320119475       -3.8565938105407516        235.24822937835134        1.5419749151111526        4.0458992399510079       -1.0979205232715235        1.3767338343011548       0.21096753609257179       0.16868868437715265     
         148           0   1020.60938     T  -14.056297320119475       -3.8565938105407516        235.24822937835134        1.5419749151111526        4.0458992399510079       -1.0979205232715235        1.3767338343011548       0.21096753609257179       0.16868868437715265     
         149           0   1020.60938     T  -14.056297320119475       -3.8565938105407516        235.24822937835134        1.5419749151111526        4.0458992399510079       -1.0979205232715235        1.3767338343011548       0.21096753609257179       0.16868868437715265     
         150           0   944.546875     T  -14.172842838530897       -3.9160958513607520        209.72885391882610        1.5547490684710989        5.1175189480346077      -0.86528546581791954        1.7928575235155724       0.20706474105658509       0.21540258598609560     
         151           0   944.546875     T  -14.172842838530897       -3.9160958513607520        209.72885391882610        1.5547490684710989        5.1175189480346077      -0.86528546581791954        1.7928575235155724       0.20706474105658509       0.21540258598609560     
         152           0   944.546875     T  -14.172842838530897       -3.9160958513607520        209.72885391882610        1.5547490684710989        5.1175189480346077      -0.86528546581791954        1.7928575235155724       0.20706474105658509       0.21540258598609560     
         153           0   944.546875     T  -14.172842838530897       -3.9160958513607520        209.72885391882610        1.5547490684710989        5.1175189480346077      -0.86528546581791954        1.7928575235155724       0.20706474105658509       0.21540258598609560     
         154           0   944.546875     T  -14.172842838530897       -3.9160958513607520        209.72885391882610        1.5547490684710989        5.1175189480346077      -0.86528546581791954        1.7928575235155724       0.20706474105658509       0.21540258598609560     
         155           0   944.546875     T  -14.172842838530897       -3.9160958513607520        209.72885391882610        1.5547490684710989        5.1175189480346077      -0.86528546581791954        1.7928575235155724       0.20706474105658509       0.21540258598609560     
         156           0   1187.46875     T  -16.176219562658229       -4.8773499497257973        241.07682718346987       0.53164255489591883        5.9351943495343633       0.57835403442115574        3.8707322866483840       0.12987682832060468       0.17259475557803119     
         157           0   1187.46875     T  -16.176219562658229       -4.8773499497257973        241.07682718346987       0.53164255489591883        5.9351943495343633       0.57835403442115574        3.8707322866483840       0.12987682832060468       0.17259475557803119     
         158           0   1187.46875     T  -16.176219562658229       -4.8773499497257973        241.07682718346987       0.53164255489591883        5.9351943495343633       0.57835403442115574        3.8707322866483840       0.12987682832060468       0.17259475557803119     
         159           0   1187.46875     T  -16.176219562658229       -4.8773499497257973        241.07682718346987       0.53164255489591883        5.9351943495343633       0.57835403442115574        3.8707322866483840       0.12987682832060468       0.17259475557803119     
         160           0   1187.46875     T  -16.176219562658229       -4.8773499497257973        241.07682718346987       0.53164255489591883        5.9351943495343633       0.57835403442115574        3.8707322866483840       0.12987682832060468       0.17259475557803119     
         161           0   1187.46875     T  -16.176219562658229       -4.8773499497257973        241.07682718346987       0.53164255489591883        5.9351943495343633       0.57835403442115574        3.8707322866483840       0.12987682832060468       0.17259475557803119     
         162           0   1187.46875     T  -16.176219562658229       -4.8773499497257973        241.07682718346987       0.53164255489591883        5.9351943495343633       0.57835403442115574        3.8707322866483840       0.12987682832060468       0.17259475557803119     
         163           0   1220.28125     T  -16.619861895748773       -5.0999082894257972        213.84671908631898       0.54892713684096295        7.0344501126493606       0.86046074334451350        4.0189401059088095       0.13152256704092252       0.22116146000204984     
         164           0   1220.28125     T  -16.619861895748773       -5.0999082894257972        213.84671908631898       0.54892713684096295        7.0344501126493606       0.86046074334451350        4.0189401059088095       0.13152256704092252       0.22116146000204984     
         165           0   1220.28125     T  -16.619861895748773       -5.0999082894257972        213.84671908631898       0.54892713684096295        7.0344501126493606       0.86046074334451350        4.0189401059088095       0.13152256704092252       0.22116146000204984     
         166           0   600.156250     T  -13.691945990517485       -3.6156653102058574        192.18226976687569        1.4949845959091703        4.2594903966904214      -0.72332467424122426        4.5526687806081449       0.15307436507319083       0.17368742474761084     
         167           0   600.156250     T  -13.691945990517485       -3.6156653102058574        192.18226976687569        1.4949845959091703        4.2594903966904214      -0.72332467424122426        4.5526687806081449       0.15307436507319083       0.17368742474761084     
         168           0   600.156250     T  -13.691945990517485       -3.6156653102058574        192.18226976687569        1.4949845959091703        4.2594903966904214      -0.72332467424122426        4.5526687806081449       0.15307436507319083       0.17368742474761084     
         169           0   1193.93750     T  -14.964965994075804       -5.0827411813113237        188.41050380885082        1.1778376260339882        3.7794560052934787      -0.81401987229565220        1.7107816282949675       0.17611638285284212       0.19037106731964662     
         170           0   1193.93750     T  -14.964965994075804       -5.0827411813113237        188.41050380885082        1.1778376260339882        3.7794560052934787      -0.81401987229565220        1.7107816282949675       0.17611638285284212       0.19037106731964662     
         171           0   1193.93750     T  -14.964965994075804       -5.0827411813113237        188.41050380885082        1.1778376260339882        3.7794560052934787      -0.81401987229565220        1.7107816282949675       0.17611638285284212       0.19037106731964662     
         172           0   1443.71875     T  -15.543793709995278       -5.8706230355066440        175.91641974215815       0.57983072249901668        3.3907497218455602      -0.86142259070546545        3.1811988579570647       0.21743725802077060       0.19611677386258400     
         173           0   1819.40625     T  -17.042127130677287       -7.1377149456005728        194.89485774005993       0.70999163356537487        3.1907844085572976       -1.0793631100162793      -0.93703054576396039       0.26724762437888427       0.19067654589891339     
         174           0   1819.40625     T  -17.042127130677287       -7.1377149456005728        194.89485774005993       0.70999163356537487        3.1907844085572976       -1.0793631100162793      -0.93703054576396039       0.26724762437888427       0.19067654589891339     
         175           0   1819.40625     T  -17.042127130677287       -7.1377149456005728        194.89485774005993       0.70999163356537487        3.1907844085572976       -1.0793631100162793      -0.93703054576396039       0.26724762437888427       0.19067654589891339     
         176           0   1819.40625     T  -17.042127130677287       -7.1377149456005728        194.89485774005993       0.70999163356537487        3.1907844085572976       -1.0793631100162793      -0.93703054576396039       0.26724762437888427       0.19067654589891339     
         177           0   1819.40625     T  -17.042127130677287       -7.1377149456005728        194.89485774005993       0.70999163356537487        3.1907844085572976       -1.0793631100162793      -0.93703054576396039       0.26724762437888427       0.19067654589891339     
         178           0   1825.79688     T  -16.575341176175641       -6.6638820120496902        195.09910426107331       0.69044281918878714        3.1804420825296460       -1.0799843154347832      -0.90652110151661980       0.26820134960757580       0.19075952800185420     
         179           0   1825.79688     T  -16.575341176175641       -6.6638820120496902        195.09910426107331       0.69044281918878714        3.1804420825296460       -1.0799843154347832      -0.90652110151661980       0.26820134960757580       0.19075952800185420     
         180           0   1825.79688     T  -16.575341176175641       -6.6638820120496902        195.09910426107331       0.69044281918878714        3.1804420825296460       -1.0799843154347832      -0.90652110151661980       0.26820134960757580       0.19075952800185420     
         181           0   1825.79688     T  -16.575341176175641       -6.6638820120496902        195.09910426107331       0.69044281918878714        3.1804420825296460       -1.0799843154347832      -0.90652110151661980       0.26820134960757580       0.19075952800185420     
         182           0   1825.79688     T  -16.575341176175641       -6.6638820120496902        195.09910426107331       0.69044281918878714        3.1804420825296460       -1.0799843154347832      -0.90652110151661980       0.26820134960757580       0.19075952800185420     
         183           0   918.375000     T  -13.648971729236482       -3.3117617258294119        170.12749111641580        1.0570840402164499        4.0963419923973357      -0.56491640949063326        4.6900128827878298       0.12322429105093090       0.18175039060765946     
         184           0   918.375000     T  -13.648971729236482       -3.3117617258294119        170.12749111641580        1.0570840402164499        4.0963419923973357      -0.56491640949063326        4.6900128827878298       0.12322429105093090       0.18175039060765946     
         185           0   918.375000     T  -13.648971729236482       -3.3117617258294119        170.12749111641580        1.0570840402164499        4.0963419923973357      -0.56491640949063326        4.6900128827878298       0.12322429105093090       0.18175039060765946     
         186           0   918.375000     T  -13.648971729236482       -3.3117617258294119        170.12749111641580        1.0570840402164499        4.0963419923973357      -0.56491640949063326        4.6900128827878298       0.12322429105093090       0.18175039060765946     
         187           0   918.375000     T  -13.648971729236482       -3.3117617258294119        170.12749111641580        1.0570840402164499        4.0963419923973357      -0.56491640949063326        4.6900128827878298       0.12322429105093090       0.18175039060765946     
         188           0   918.375000     T  -13.648971729236482       -3.3117617258294119        170.12749111641580        1.0570840402164499        4.0963419923973357      -0.56491640949063326        4.6900128827878298       0.12322429105093090       0.18175039060765946     
         189           0   918.375000     T  -13.648971729236482       -3.3117617258294119        170.12749111641580        1.0570840402164499        4.0963419923973357      -0.56491640949063326        4.6900128827878298       0.12322429105093090       0.18175039060765946     
         190           0   918.375000     T  -13.648971729236482       -3.3117617258294119        170.12749111641580        1.0570840402164499        4.0963419923973357      -0.56491640949063326        4.6900128827878298       0.12322429105093090       0.18175039060765946     
         191           0   798.593750     T  -13.673674955656844       -3.7135210505926768        193.11229023785103        2.0616214631342942        3.9330430006341239      -0.81670936830331475        2.2306959978581622       0.17544841235705452       0.19637394994033416     
         192           0   798.593750     T  -13.673674955656844       -3.7135210505926768        193.11229023785103        2.0616214631342942        3.9330430006341239      -0.81670936830331475        2.2306959978581622       0.17544841235705452       0.19637394994033416     
         193           0   798.593750     T  -13.673674955656844       -3.7135210505926768        193.11229023785103        2.0616214631342942        3.9330430006341239      -0.81670936830331475        2.2306959978581622       0.17544841235705452       0.19637394994033416     
         194           0   798.593750     T  -13.673674955656844       -3.7135210505926768        193.11229023785103        2.0616214631342942        3.9330430006341239      -0.81670936830331475        2.2306959978581622       0.17544841235705452       0.19637394994033416     
         195           0   798.593750     T  -13.673674955656844       -3.7135210505926768        193.11229023785103        2.0616214631342942        3.9330430006341239      -0.81670936830331475        2.2306959978581622       0.17544841235705452       0.19637394994033416     
         196           0   798.593750     T  -13.673674955656844       -3.7135210505926768        193.11229023785103        2.0616214631342942        3.9330430006341239      -0.81670936830331475        2.2306959978581622       0.17544841235705452       0.19637394994033416     
         197           0   798.593750     T  -13.673674955656844       -3.7135210505926768        193.11229023785103        2.0616214631342942        3.9330430006341239      -0.81670936830331475        2.2306959978581622       0.17544841235705452       0.19637394994033416     
         198           0   798.593750     T  -13.673674955656844       -3.7135210505926768        193.11229023785103        2.0616214631342942        3.9330430006341239      -0.81670936830331475        2.2306959978581622       0.17544841235705452       0.19637394994033416     
         199           0   798.593750     T  -13.673674955656844       -3.7135210505926768        193.11229023785103        2.0616214631342942        3.9330430006341239      -0.81670936830331475        2.2306959978581622       0.17544841235705452       0.19637394994033416     
         200           0   798.593750     T  -13.673674955656844       -3.7135210505926768        193.11229023785103        2.0616214631342942        3.9330430006341239      -0.81670936830331475        2.2306959978581622       0.17544841235705452       0.19637394994033416     
         201           0   798.593750     T  -13.673674955656844       -3.7135210505926768        193.11229023785103        2.0616214631342942        3.9330430006341239      -0.81670936830331475        2.2306959978581622       0.17544841235705452       0.19637394994033416     
         202           0   1003.43750     T  -13.821853603755548       -3.4225922348145210        201.51143677892790        2.0213186572070825        3.3104305271585535      -0.97169056989460656       0.95354054239072461       0.15675981108829537       0.22187087929379462     
         203           0   1003.43750     T  -13.821853603755548       -3.4225922348145210        201.51143677892790        2.0213186572070825        3.3104305271585535      -0.97169056989460656       0.95354054239072461       0.15675981108829537       0.22187087929379462     
         204           0   1003.43750     T  -13.821853603755548       -3.4225922348145210        201.51143677892790        2.0213186572070825        3.3104305271585535      -0.97169056989460656       0.95354054239072461       0.15675981108829537       0.22187087929379462     
         205           0   1003.43750     T  -13.821853603755548       -3.4225922348145210        201.51143677892790        2.0213186572070825        3.3104305271585535      -0.97169056989460656       0.95354054239072461       0.15675981108829537       0.22187087929379462     
         206           0   1003.43750     T  -13.821853603755548       -3.4225922348145210        201.51143677892790        2.0213186572070825        3.3104305271585535      -0.97169056989460656       0.95354054239072461       0.15675981108829537       0.22187087929379462     
         207           0   1003.43750     T  -13.821853603755548       -3.4225922348145210        201.51143677892790        2.0213186572070825        3.3104305271585535      -0.97169056989460656       0.95354054239072461       0.15675981108829537       0.22187087929379462     
         208           0   1003.43750     T  -13.821853603755548       -3.4225922348145210        201.51143677892790        2.0213186572070825        3.3104305271585535      -0.97169056989460656       0.95354054239072461       0.15675981108829537       0.22187087929379462     
         209           0   1107.62500     T  -14.364435410077558       -3.7032067215820517        215.08288320182396        1.5549729477147549        2.7862940887117591       -1.5480316545972206        8.4710728827226314E-002  0.17310942222121961       0.23366364730589231     
         210           0   1107.62500     T  -14.364435410077558       -3.7032067215820517        215.08288320182396        1.5549729477147549        2.7862940887117591       -1.5480316545972206        8.4710728827226314E-002  0.17310942222121961       0.23366364730589231     
         211           0   964.500000     T  -12.841745348272759       -2.9531297599458730        165.49627174278891        1.0482487003462408        4.5944402557121382      -0.47254069045139319        4.9707552801003354       0.18689139204228064       0.10517837025197094     
         212           0   964.500000     T  -12.841745348272759       -2.9531297599458730        165.49627174278891        1.0482487003462408        4.5944402557121382      -0.47254069045139319        4.9707552801003354       0.18689139204228064       0.10517837025197094     
         213           0   944.125000     T  -14.211552313024251       -3.8806460956521409        156.23648880286018        1.0245374060152650        4.3652756001824695      -0.54271231718068536        4.5308494333342706       0.11727100214180920       0.16112276630580524     
         214           0   944.125000     T  -14.211552313024251       -3.8806460956521409        156.23648880286018        1.0245374060152650        4.3652756001824695      -0.54271231718068536        4.5308494333342706       0.11727100214180920       0.16112276630580524     
         215           0   944.125000     T  -14.211552313024251       -3.8806460956521409        156.23648880286018        1.0245374060152650        4.3652756001824695      -0.54271231718068536        4.5308494333342706       0.11727100214180920       0.16112276630580524     
         216           0   944.125000     T  -14.211552313024251       -3.8806460956521409        156.23648880286018        1.0245374060152650        4.3652756001824695      -0.54271231718068536        4.5308494333342706       0.11727100214180920       0.16112276630580524     
         217           0   944.125000     T  -14.211552313024251       -3.8806460956521409        156.23648880286018        1.0245374060152650        4.3652756001824695      -0.54271231718068536        4.5308494333342706       0.11727100214180920       0.16112276630580524     
         218           0   951.250000     T  -14.839509004653838       -4.2025287302688312        157.51744121555950        1.0456025277346883        4.3570871155807627      -0.42746047824744637        4.5371411112337006       0.10608234756410173       0.16192245827585167     
         219           0   951.250000     T  -14.839509004653838       -4.2025287302688312        157.51744121555950        1.0456025277346883        4.3570871155807627      -0.42746047824744637        4.5371411112337006       0.10608234756410173       0.16192245827585167     
         220           0   1580.34375     T  -16.515383218103061       -6.4291955049034959        178.52925882329774       0.61599138495957662        3.6499642177885674       -1.8365506811066332        1.6382523017305526       0.17164873495246902       0.23591692327208338     
         221           0   1580.34375     T  -16.515383218103061       -6.4291955049034959        178.52925882329774       0.61599138495957662        3.6499642177885674       -1.8365506811066332        1.6382523017305526       0.17164873495246902       0.23591692327208338     
         222           0   870.437500     T  -15.268365272628127       -4.2261771703554247        186.65778007672830        1.3401279217124660        2.6994913753688881       -1.3627735920167781        2.6871933333503977       0.18944211851644502       0.32294122637431977     
         223           0   870.437500     T  -15.268365272628127       -4.2261771703554247        186.65778007672830        1.3401279217124660        2.6994913753688881       -1.3627735920167781        2.6871933333503977       0.18944211851644502       0.32294122637431977     
         224           0   870.437500     T  -15.268365272628127       -4.2261771703554247        186.65778007672830        1.3401279217124660        2.6994913753688881       -1.3627735920167781        2.6871933333503977       0.18944211851644502       0.32294122637431977     
         225           0   793.656250     T  -15.258339659095141       -3.9962719478713549        163.46173583571490        1.1697414436575018        3.3819770930649606      -0.78134306753452887        3.6645391638709675       0.11582156631083963       0.29647340197189892     
         226           0   902.343750     T  -14.906333985559513       -3.6414541951843193        163.62047531067054        1.1731932590114948        3.3731042970154181      -0.78155309240524340        3.6259149820450287       0.11585675480908189       0.29657278955703797     
         227           0   806.812500     T  -15.401190480500446       -4.3274133250625439        167.89054943272589        1.1839867746686425        3.3709965512560642      -0.84498453575922983        3.5836648837261906       0.12316856894040515       0.28923347949099321     
         228           0   806.812500     T  -15.401190480500446       -4.3274133250625439        167.89054943272589        1.1839867746686425        3.3709965512560642      -0.84498453575922983        3.5836648837261906       0.12316856894040515       0.28923347949099321     
         229           0   1119.56250     T  -15.095973285084792       -3.9041121567304597        209.81498963286751        2.0332056664987763        2.7109731411981270       -1.1968935787972617       0.20020290636049648       0.18015665972464556       0.30751876997787903     
         230           0   1119.56250     T  -15.095973285084792       -3.9041121567304597        209.81498963286751        2.0332056664987763        2.7109731411981270       -1.1968935787972617       0.20020290636049648       0.18015665972464556       0.30751876997787903     
         231           0   1119.56250     T  -15.095973285084792       -3.9041121567304597        209.81498963286751        2.0332056664987763        2.7109731411981270       -1.1968935787972617       0.20020290636049648       0.18015665972464556       0.30751876997787903     
         232           0   974.218750     T  -15.625437223019805       -4.3579418014662430        187.44418486243748        1.9033768160653732        3.4122804421071784      -0.71101101881214024        1.3120485505802240       0.11650655748354222       0.27349680869046278     
         233           0   974.218750     T  -15.625437223019805       -4.3579418014662430        187.44418486243748        1.9033768160653732        3.4122804421071784      -0.71101101881214024        1.3120485505802240       0.11650655748354222       0.27349680869046278     
         234           0   787.000000     T  -14.795245879661826       -4.1067500491596025        179.82433605490729        1.8035764214071133        4.2751359560042532      -0.25618231125594515        2.7386818852936790       0.11079959218673917       0.16139774093027090     
         235           0   787.000000     T  -14.795245879661826       -4.1067500491596025        179.82433605490729        1.8035764214071133        4.2751359560042532      -0.25618231125594515        2.7386818852936790       0.11079959218673917       0.16139774093027090     
         236           0   970.968750     T  -12.723573547698994       -2.9293127106200485        164.38123536274549        1.0480249354323710        4.5775570095106435      -0.48881228313456926        4.9361410594772446       0.20588054269093134       0.10619550693023745     
         237           0   970.968750     T  -12.723573547698994       -2.9293127106200485        164.38123536274549        1.0480249354323710        4.5775570095106435      -0.48881228313456926        4.9361410594772446       0.20588054269093134       0.10619550693023745     
         238           0   970.968750     T  -12.723573547698994       -2.9293127106200485        164.38123536274549        1.0480249354323710        4.5775570095106435      -0.48881228313456926        4.9361410594772446       0.20588054269093134       0.10619550693023745     
         239           0   970.968750     T  -12.723573547698994       -2.9293127106200485        164.38123536274549        1.0480249354323710        4.5775570095106435      -0.48881228313456926        4.9361410594772446       0.20588054269093134       0.10619550693023745     
         240           0   970.968750     T  -12.723573547698994       -2.9293127106200485        164.38123536274549        1.0480249354323710        4.5775570095106435      -0.48881228313456926        4.9361410594772446       0.20588054269093134       0.10619550693023745     
         241           0   1069.81250     T  -12.821585888660191       -3.0805620048222280        165.05103910104381        1.0433778473042277        4.5585425067347600      -0.48669219070510916        4.9743574249365166       0.20772028714241328       0.11002953786788583     
         242           0   1069.81250     T  -12.821585888660191       -3.0805620048222280        165.05103910104381        1.0433778473042277        4.5585425067347600      -0.48669219070510916        4.9743574249365166       0.20772028714241328       0.11002953786788583     
         243           0   1069.81250     T  -12.821585888660191       -3.0805620048222280        165.05103910104381        1.0433778473042277        4.5585425067347600      -0.48669219070510916        4.9743574249365166       0.20772028714241328       0.11002953786788583     
         244           0   946.781250     T  -12.859187075653910       -2.9897074558974452        163.59784063764232        1.0641618899422873        4.5804518049117569      -0.48669346444855238        4.9699987249565858       0.19802442291422756       0.10238982305058733     
         245           0   946.781250     T  -12.859187075653910       -2.9897074558974452        163.59784063764232        1.0641618899422873        4.5804518049117569      -0.48669346444855238        4.9699987249565858       0.19802442291422756       0.10238982305058733     
         246           0   946.781250     T  -12.859187075653910       -2.9897074558974452        163.59784063764232        1.0641618899422873        4.5804518049117569      -0.48669346444855238        4.9699987249565858       0.19802442291422756       0.10238982305058733     
         247           0   946.781250     T  -12.859187075653910       -2.9897074558974452        163.59784063764232        1.0641618899422873        4.5804518049117569      -0.48669346444855238        4.9699987249565858       0.19802442291422756       0.10238982305058733     
         248           0   946.781250     T  -12.859187075653910       -2.9897074558974452        163.59784063764232        1.0641618899422873        4.5804518049117569      -0.48669346444855238        4.9699987249565858       0.19802442291422756       0.10238982305058733     
         249           0   946.781250     T  -12.859187075653910       -2.9897074558974452        163.59784063764232        1.0641618899422873        4.5804518049117569      -0.48669346444855238        4.9699987249565858       0.19802442291422756       0.10238982305058733     
         250           0   946.781250     T  -12.859187075653910       -2.9897074558974452        163.59784063764232        1.0641618899422873        4.5804518049117569      -0.48669346444855238        4.9699987249565858       0.19802442291422756       0.10238982305058733     
         251           0   946.781250     T  -12.859187075653910       -2.9897074558974452        163.59784063764232        1.0641618899422873        4.5804518049117569      -0.48669346444855238        4.9699987249565858       0.19802442291422756       0.10238982305058733     
         252           0   946.781250     T  -12.859187075653910       -2.9897074558974452        163.59784063764232        1.0641618899422873        4.5804518049117569      -0.48669346444855238        4.9699987249565858       0.19802442291422756       0.10238982305058733     
         253           0   946.781250     T  -12.859187075653910       -2.9897074558974452        163.59784063764232        1.0641618899422873        4.5804518049117569      -0.48669346444855238        4.9699987249565858       0.19802442291422756       0.10238982305058733     
         254           0   986.062500     T  -12.689199290575331       -2.8365028375161705        163.89751847617268        1.0450895366357786        4.5806015009830698      -0.48829152883597227        4.9297847332055333       0.19925489762992690       0.10333525362786071     
         255           0   931.781250     T  -12.777614504100285       -2.9418681807721572        163.17723038908542        1.0370298846372625        4.5819181926911199      -0.51296449803487720        4.9361101226792776       0.20453206849099601       0.10308018248514605     
         256           0   931.781250     T  -12.777614504100285       -2.9418681807721572        163.17723038908542        1.0370298846372625        4.5819181926911199      -0.51296449803487720        4.9361101226792776       0.20453206849099601       0.10308018248514605     
         257           0   931.781250     T  -12.777614504100285       -2.9418681807721572        163.17723038908542        1.0370298846372625        4.5819181926911199      -0.51296449803487720        4.9361101226792776       0.20453206849099601       0.10308018248514605     
         258           0   931.781250     T  -12.777614504100285       -2.9418681807721572        163.17723038908542        1.0370298846372625        4.5819181926911199      -0.51296449803487720        4.9361101226792776       0.20453206849099601       0.10308018248514605     
         259           0   931.781250     T  -12.777614504100285       -2.9418681807721572        163.17723038908542        1.0370298846372625        4.5819181926911199      -0.51296449803487720        4.9361101226792776       0.20453206849099601       0.10308018248514605     
         260           0   931.781250     T  -12.777614504100285       -2.9418681807721572        163.17723038908542        1.0370298846372625        4.5819181926911199      -0.51296449803487720        4.9361101226792776       0.20453206849099601       0.10308018248514605     
         261           0   1075.90625     T  -13.930688278019446       -3.9068332360625888        204.44123089435800        1.8476757613227364        3.8787756663960864      -0.94225065981824474        1.0828889989430017       0.16915648988317780       0.16423385986206282     
         262           0   1075.90625     T  -13.930688278019446       -3.9068332360625888        204.44123089435800        1.8476757613227364        3.8787756663960864      -0.94225065981824474        1.0828889989430017       0.16915648988317780       0.16423385986206282     
         263           0   1075.90625     T  -13.930688278019446       -3.9068332360625888        204.44123089435800        1.8476757613227364        3.8787756663960864      -0.94225065981824474        1.0828889989430017       0.16915648988317780       0.16423385986206282     
         264           0   1020.81250     T  -14.472482687471249       -4.5224869604195872        204.37685457996986        1.7795453870717119        3.8795403828128507      -0.93784444001499434       0.86498962230122578       0.18097989976657511       0.16752854409391535     
         265           0   977.906250     T  -13.656683003278486       -3.6365609354359059        164.90769226767250        1.0471270829377362        5.5077769990136130      -0.48965769110819390        4.8960418637074881       0.19939962077475562       0.10516562912259769     
         266           0   977.906250     T  -13.656683003278486       -3.6365609354359059        164.90769226767250        1.0471270829377362        5.5077769990136130      -0.48965769110819390        4.8960418637074881       0.19939962077475562       0.10516562912259769     
         267           0   1076.90625     T  -12.899904874638727       -3.1035420994727727        163.36247933687105       0.98778511780409484        4.5754270721745387      -0.48506722428942095        4.7489623774591951       0.20921676701428776       0.10494463738975049     
         268           0   1076.90625     T  -12.899904874638727       -3.1035420994727727        163.36247933687105       0.98778511780409484        4.5754270721745387      -0.48506722428942095        4.7489623774591951       0.20921676701428776       0.10494463738975049     
         269           0   1128.96875     T  -12.827723897343802       -3.0269149502693682        163.76879026300637       0.99112264544771222        4.5804257985926977      -0.48493055792744055        4.7401290069176216       0.20986406944981853       0.10482923490885103     
         270           0   1128.96875     T  -12.827723897343802       -3.0269149502693682        163.76879026300637       0.99112264544771222        4.5804257985926977      -0.48493055792744055        4.7401290069176216       0.20986406944981853       0.10482923490885103     
         271           0   1128.96875     T  -12.827723897343802       -3.0269149502693682        163.76879026300637       0.99112264544771222        4.5804257985926977      -0.48493055792744055        4.7401290069176216       0.20986406944981853       0.10482923490885103     
         272           0   1128.96875     T  -12.827723897343802       -3.0269149502693682        163.76879026300637       0.99112264544771222        4.5804257985926977      -0.48493055792744055        4.7401290069176216       0.20986406944981853       0.10482923490885103     
         273           0   1128.96875     T  -12.827723897343802       -3.0269149502693682        163.76879026300637       0.99112264544771222        4.5804257985926977      -0.48493055792744055        4.7401290069176216       0.20986406944981853       0.10482923490885103     
         274           0   1128.96875     T  -12.827723897343802       -3.0269149502693682        163.76879026300637       0.99112264544771222        4.5804257985926977      -0.48493055792744055        4.7401290069176216       0.20986406944981853       0.10482923490885103     
         275           0   1128.96875     T  -12.827723897343802       -3.0269149502693682        163.76879026300637       0.99112264544771222        4.5804257985926977      -0.48493055792744055        4.7401290069176216       0.20986406944981853       0.10482923490885103     
         276           0   1128.96875     T  -12.827723897343802       -3.0269149502693682        163.76879026300637       0.99112264544771222        4.5804257985926977      -0.48493055792744055        4.7401290069176216       0.20986406944981853       0.10482923490885103     
         277           0   1128.96875     T  -12.827723897343802       -3.0269149502693682        163.76879026300637       0.99112264544771222        4.5804257985926977      -0.48493055792744055        4.7401290069176216       0.20986406944981853       0.10482923490885103     
         278           0   1128.96875     T  -12.827723897343802       -3.0269149502693682        163.76879026300637       0.99112264544771222        4.5804257985926977      -0.48493055792744055        4.7401290069176216       0.20986406944981853       0.10482923490885103     
         279           0   1128.96875     T  -12.827723897343802       -3.0269149502693682        163.76879026300637       0.99112264544771222        4.5804257985926977      -0.48493055792744055        4.7401290069176216       0.20986406944981853       0.10482923490885103     
         280           0   1128.96875     T  -12.827723897343802       -3.0269149502693682        163.76879026300637       0.99112264544771222        4.5804257985926977      -0.48493055792744055        4.7401290069176216       0.20986406944981853       0.10482923490885103     
         281           0   1128.96875     T  -12.827723897343802       -3.0269149502693682        163.76879026300637       0.99112264544771222        4.5804257985926977      -0.48493055792744055        4.7401290069176216       0.20986406944981853       0.10482923490885103     
         282           0   1128.96875     T  -12.827723897343802       -3.0269149502693682        163.76879026300637       0.99112264544771222        4.5804257985926977      -0.48493055792744055        4.7401290069176216       0.20986406944981853       0.10482923490885103     
         283           0   1128.96875     T  -12.827723897343802       -3.0269149502693682        163.76879026300637       0.99112264544771222        4.5804257985926977      -0.48493055792744055        4.7401290069176216       0.20986406944981853       0.10482923490885103     
         284           0   995.281250     T  -12.835130980547012       -3.1317952190632634        162.68608332559060        1.0315705217558244        4.4087863374616925      -0.53401885269810512        4.9793029023822708       0.18439874714596780       0.11760617764331756     
         285           0   995.281250     T  -12.835130980547012       -3.1317952190632634        162.68608332559060        1.0315705217558244        4.4087863374616925      -0.53401885269810512        4.9793029023822708       0.18439874714596780       0.11760617764331756     
         286           0   995.281250     T  -12.835130980547012       -3.1317952190632634        162.68608332559060        1.0315705217558244        4.4087863374616925      -0.53401885269810512        4.9793029023822708       0.18439874714596780       0.11760617764331756     
         287           0   995.281250     T  -12.835130980547012       -3.1317952190632634        162.68608332559060        1.0315705217558244        4.4087863374616925      -0.53401885269810512        4.9793029023822708       0.18439874714596780       0.11760617764331756     
         288           0   995.281250     T  -12.835130980547012       -3.1317952190632634        162.68608332559060        1.0315705217558244        4.4087863374616925      -0.53401885269810512        4.9793029023822708       0.18439874714596780       0.11760617764331756     
         289           0   995.281250     T  -12.835130980547012       -3.1317952190632634        162.68608332559060        1.0315705217558244        4.4087863374616925      -0.53401885269810512        4.9793029023822708       0.18439874714596780       0.11760617764331756     
         290           0   995.281250     T  -12.835130980547012       -3.1317952190632634        162.68608332559060        1.0315705217558244        4.4087863374616925      -0.53401885269810512        4.9793029023822708       0.18439874714596780       0.11760617764331756     
         291           0   995.281250     T  -12.835130980547012       -3.1317952190632634        162.68608332559060        1.0315705217558244        4.4087863374616925      -0.53401885269810512        4.9793029023822708       0.18439874714596780       0.11760617764331756     
         292           0   1092.90625     T  -12.813503400353603       -3.1064330312158841        162.67174993487365        1.0155715078524541        4.4094615310091037      -0.53342091088537569        4.9733075793031825       0.18476647221454853       0.11702126874546888     
         293           0   1092.90625     T  -12.813503400353603       -3.1064330312158841        162.67174993487365        1.0155715078524541        4.4094615310091037      -0.53342091088537569        4.9733075793031825       0.18476647221454853       0.11702126874546888     
         294           0   1092.90625     T  -12.813503400353603       -3.1064330312158841        162.67174993487365        1.0155715078524541        4.4094615310091037      -0.53342091088537569        4.9733075793031825       0.18476647221454853       0.11702126874546888     
         295           0   1307.90625     T  -14.267323089291363       -4.4244806946059034        160.14361867228453       0.92026451045505486        5.1535685135419307      -0.68940123703647405        4.4352775625701630       0.20874074086284908       0.10727356592440135     
         296           0   1307.90625     T  -14.267323089291363       -4.4244806946059034        160.14361867228453       0.92026451045505486        5.1535685135419307      -0.68940123703647405        4.4352775625701630       0.20874074086284908       0.10727356592440135     
