           1           1   630.609680     F  -40.102821824486220       -30.377079582410719        145.57671029559654        2.4441878715760192        4.6524589208146292        1.1731144464853080        2.0676462420245496       0.31786443626684613       0.21247141660100649     
           2           1   646.887573     F  -33.693176746010188       -23.629796773058750        154.63909054684302        2.3017625552501828        5.4342654989347334        1.2824269530102466        1.9539964146949220       0.34362946754092272       0.21420781799519112     
           3           1   646.887573     F  -33.693176746010188       -23.629796773058750        154.63909054684302        2.3017625552501828        5.4342654989347334        1.2824269530102466        1.9539964146949220       0.34362946754092272       0.21420781799519112     
           4           1   646.887573     F  -33.693176746010188       -23.629796773058750        154.63909054684302        2.3017625552501828        5.4342654989347334        1.2824269530102466        1.9539964146949220       0.34362946754092272       0.21420781799519112     
           5           1   646.887573     F  -33.693176746010188       -23.629796773058750        154.63909054684302        2.3017625552501828        5.4342654989347334        1.2824269530102466        1.9539964146949220       0.34362946754092272       0.21420781799519112     
           6           1   646.887573     F  -33.693176746010188       -23.629796773058750        154.63909054684302        2.3017625552501828        5.4342654989347334        1.2824269530102466        1.9539964146949220       0.34362946754092272       0.21420781799519112     
           7           1   779.800781     F  -31.520871071477586       -20.600882083308310        160.83848736962446        1.9517548831294114        6.7348050171835947        1.2160890593466449        1.5657182017097901       0.39570124199072365       0.24041630661790114     
           8           1   779.800781     F  -31.520871071477586       -20.600882083308310        160.83848736962446        1.9517548831294114        6.7348050171835947        1.2160890593466449        1.5657182017097901       0.39570124199072365       0.24041630661790114     
           9           1   779.800781     F  -31.520871071477586       -20.600882083308310        160.83848736962446        1.9517548831294114        6.7348050171835947        1.2160890593466449        1.5657182017097901       0.39570124199072365       0.24041630661790114     
          10           1   779.800781     F  -31.520871071477586       -20.600882083308310        160.83848736962446        1.9517548831294114        6.7348050171835947        1.2160890593466449        1.5657182017097901       0.39570124199072365       0.24041630661790114     
          11           1   1333.06738     F  -21.597503945981554       -8.6253566327775939        164.69074203887266        1.3838781726476201        11.835482937024706      -0.34522835860923085       0.50746711853764725       0.33751750267227015       0.29443197737157878     
          12           1   1333.06738     F  -21.597503945981554       -8.6253566327775939        164.69074203887266        1.3838781726476201        11.835482937024706      -0.34522835860923085       0.50746711853764725       0.33751750267227015       0.29443197737157878     
          13           1   1084.85254     F  -19.053636117557012       -4.8070504749893299        201.10535424997090        1.6279197707438209        14.701756533371345      -0.52678500811905193       0.60788019912523972       0.24866622161689647       0.30866166418693369     
          14           1   1084.85254     F  -19.053636117557012       -4.8070504749893299        201.10535424997090        1.6279197707438209        14.701756533371345      -0.52678500811905193       0.60788019912523972       0.24866622161689647       0.30866166418693369     
          15           1   1084.85254     F  -19.053636117557012       -4.8070504749893299        201.10535424997090        1.6279197707438209        14.701756533371345      -0.52678500811905193       0.60788019912523972       0.24866622161689647       0.30866166418693369     
          16           1   1084.85254     F  -19.053636117557012       -4.8070504749893299        201.10535424997090        1.6279197707438209        14.701756533371345      -0.52678500811905193       0.60788019912523972       0.24866622161689647       0.30866166418693369     
          17           1   1084.85254     F  -19.053636117557012       -4.8070504749893299        201.10535424997090        1.6279197707438209        14.701756533371345      -0.52678500811905193       0.60788019912523972       0.24866622161689647       0.30866166418693369     
          18           1   1057.94141     F  -18.869994097221394       -3.7191527498028645        206.67702825668178        1.7011874979348969        13.358304452054107      -0.57691170483591858       0.85975736789264867       0.12493531946119224       0.36965122601483658     
          19           1   1107.06641     F  -18.827317687668973       -5.9656052843963661        161.05370243509671        1.7731978016251644        10.349633721852301      -0.52750509008424074       0.93704702339172041       0.15667252514160407       0.34250962982706662     
          20           1   965.548828     F  -14.840150128121648       -3.7312551301399188        201.62521235429608        2.0076973060509915        7.8084689320946667        6.2884677511825332E-002   1.4807915461556731       0.18879229444300108       0.22505735682098540     
          21           1   965.548828     F  -14.840150128121648       -3.7312551301399188        201.62521235429608        2.0076973060509915        7.8084689320946667        6.2884677511825332E-002   1.4807915461556731       0.18879229444300108       0.22505735682098540     
          22           1   965.548828     F  -14.840150128121648       -3.7312551301399188        201.62521235429608        2.0076973060509915        7.8084689320946667        6.2884677511825332E-002   1.4807915461556731       0.18879229444300108       0.22505735682098540     
          23           1   965.548828     F  -14.840150128121648       -3.7312551301399188        201.62521235429608        2.0076973060509915        7.8084689320946667        6.2884677511825332E-002   1.4807915461556731       0.18879229444300108       0.22505735682098540     
          24           1   965.548828     F  -14.840150128121648       -3.7312551301399188        201.62521235429608        2.0076973060509915        7.8084689320946667        6.2884677511825332E-002   1.4807915461556731       0.18879229444300108       0.22505735682098540     
          25           1   1049.31250     F  -14.890234360998221       -3.7727650233510421        201.09825391651756        2.0107412902572812        7.8610558082891506        6.5987937823152501E-002   1.4884354611192252       0.18452207983926294       0.22116923215477430     
          26           1   1049.31250     F  -14.890234360998221       -3.7727650233510421        201.09825391651756        2.0107412902572812        7.8610558082891506        6.5987937823152501E-002   1.4884354611192252       0.18452207983926294       0.22116923215477430     
          27           1   1049.31250     F  -14.890234360998221       -3.7727650233510421        201.09825391651756        2.0107412902572812        7.8610558082891506        6.5987937823152501E-002   1.4884354611192252       0.18452207983926294       0.22116923215477430     
          28           1   1049.31250     F  -14.890234360998221       -3.7727650233510421        201.09825391651756        2.0107412902572812        7.8610558082891506        6.5987937823152501E-002   1.4884354611192252       0.18452207983926294       0.22116923215477430     
          29           1   1049.31250     F  -14.890234360998221       -3.7727650233510421        201.09825391651756        2.0107412902572812        7.8610558082891506        6.5987937823152501E-002   1.4884354611192252       0.18452207983926294       0.22116923215477430     
          30           1   1049.31250     F  -14.890234360998221       -3.7727650233510421        201.09825391651756        2.0107412902572812        7.8610558082891506        6.5987937823152501E-002   1.4884354611192252       0.18452207983926294       0.22116923215477430     
          31           1   1007.72266     T  -15.203620948092722       -3.8434508854895668        192.58884943502937        2.3260283131181900        7.2768679064783557      -0.16671418198920443        1.6643539975656667       0.12770890397181014       0.20767886515147363     
          32           1   1007.72266     T  -15.203620948092722       -3.8434508854895668        192.58884943502937        2.3260283131181900        7.2768679064783557      -0.16671418198920443        1.6643539975656667       0.12770890397181014       0.20767886515147363     
          33           1   1007.72266     T  -15.203620948092722       -3.8434508854895668        192.58884943502937        2.3260283131181900        7.2768679064783557      -0.16671418198920443        1.6643539975656667       0.12770890397181014       0.20767886515147363     
          34           1   1013.21484     T  -15.571284133003369       -4.8784820549379528        176.92663525267864        2.5750198314740902        8.0799725197654233      -0.33864229949997221        1.6286701046752152       0.19992033391802619       0.13282536902131745     
          35           1   1045.60547     T  -15.145402708843138       -4.0134430001648926        191.86481920019426        2.3223269586080768        6.9699973153767605      -0.38294668633380169        1.6298101820233943       0.15062009544757804       0.24265571143486986     
          36           1   1045.60547     T  -15.145402708843138       -4.0134430001648926        191.86481920019426        2.3223269586080768        6.9699973153767605      -0.38294668633380169        1.6298101820233943       0.15062009544757804       0.24265571143486986     
          37           1   1045.60547     T  -15.145402708843138       -4.0134430001648926        191.86481920019426        2.3223269586080768        6.9699973153767605      -0.38294668633380169        1.6298101820233943       0.15062009544757804       0.24265571143486986     
          38           1   1045.60547     T  -15.145402708843138       -4.0134430001648926        191.86481920019426        2.3223269586080768        6.9699973153767605      -0.38294668633380169        1.6298101820233943       0.15062009544757804       0.24265571143486986     
          39           1   1045.60547     T  -15.145402708843138       -4.0134430001648926        191.86481920019426        2.3223269586080768        6.9699973153767605      -0.38294668633380169        1.6298101820233943       0.15062009544757804       0.24265571143486986     
          40           1   1045.60547     T  -15.145402708843138       -4.0134430001648926        191.86481920019426        2.3223269586080768        6.9699973153767605      -0.38294668633380169        1.6298101820233943       0.15062009544757804       0.24265571143486986     
          41           1   1045.60547     T  -15.145402708843138       -4.0134430001648926        191.86481920019426        2.3223269586080768        6.9699973153767605      -0.38294668633380169        1.6298101820233943       0.15062009544757804       0.24265571143486986     
          42           1   1001.99609     T  -15.278383955879503       -3.9734746798806864        290.80049848374597        1.3901550567807173        4.5668429682061271        9.0542779877836613E-002   1.2092567108406407       0.16777606049544336       0.21165919164188626     
          43           1   1001.99609     T  -15.278383955879503       -3.9734746798806864        290.80049848374597        1.3901550567807173        4.5668429682061271        9.0542779877836613E-002   1.2092567108406407       0.16777606049544336       0.21165919164188626     
          44           1   1001.99609     T  -15.278383955879503       -3.9734746798806864        290.80049848374597        1.3901550567807173        4.5668429682061271        9.0542779877836613E-002   1.2092567108406407       0.16777606049544336       0.21165919164188626     
          45           1   1001.99609     T  -15.278383955879503       -3.9734746798806864        290.80049848374597        1.3901550567807173        4.5668429682061271        9.0542779877836613E-002   1.2092567108406407       0.16777606049544336       0.21165919164188626     
          46           1   1001.99609     T  -15.278383955879503       -3.9734746798806864        290.80049848374597        1.3901550567807173        4.5668429682061271        9.0542779877836613E-002   1.2092567108406407       0.16777606049544336       0.21165919164188626     
          47           1   1002.95312     T  -15.534340217462962       -4.2034428585194883        298.15124350967261        1.4301656797363207        4.1286885756696483       -7.9229429822477590E-002   1.1779155767507237       0.17320093355050672       0.21467568412765289     
          48           1   1002.95312     T  -15.534340217462962       -4.2034428585194883        298.15124350967261        1.4301656797363207        4.1286885756696483       -7.9229429822477590E-002   1.1779155767507237       0.17320093355050672       0.21467568412765289     
          49           1   1002.95312     T  -15.534340217462962       -4.2034428585194883        298.15124350967261        1.4301656797363207        4.1286885756696483       -7.9229429822477590E-002   1.1779155767507237       0.17320093355050672       0.21467568412765289     
          50           1   938.804688     T  -15.181323004271952       -3.6805579191486042        196.32063441658963        2.3368215598210664        6.7787285090064895      -0.13120597613385671        1.6620298931760786       0.11391569819911293       0.20138860255665700     
          51           1   938.804688     T  -15.181323004271952       -3.6805579191486042        196.32063441658963        2.3368215598210664        6.7787285090064895      -0.13120597613385671        1.6620298931760786       0.11391569819911293       0.20138860255665700     
          52           1   938.804688     T  -15.181323004271952       -3.6805579191486042        196.32063441658963        2.3368215598210664        6.7787285090064895      -0.13120597613385671        1.6620298931760786       0.11391569819911293       0.20138860255665700     
          53           1   938.804688     T  -15.181323004271952       -3.6805579191486042        196.32063441658963        2.3368215598210664        6.7787285090064895      -0.13120597613385671        1.6620298931760786       0.11391569819911293       0.20138860255665700     
          54           1   938.804688     T  -15.181323004271952       -3.6805579191486042        196.32063441658963        2.3368215598210664        6.7787285090064895      -0.13120597613385671        1.6620298931760786       0.11391569819911293       0.20138860255665700     
          55           1   938.804688     T  -15.181323004271952       -3.6805579191486042        196.32063441658963        2.3368215598210664        6.7787285090064895      -0.13120597613385671        1.6620298931760786       0.11391569819911293       0.20138860255665700     
          56           1   938.804688     T  -15.181323004271952       -3.6805579191486042        196.32063441658963        2.3368215598210664        6.7787285090064895      -0.13120597613385671        1.6620298931760786       0.11391569819911293       0.20138860255665700     
          57           1   950.726562     T  -14.771988137179477       -4.2630889509802952        188.93194675783644        2.3993954257168761        5.1634083602021166      -0.58675232832960456        1.6135967447358690       0.14814886685541809       0.22781762922721155     
          58           1   950.726562     T  -14.771988137179477       -4.2630889509802952        188.93194675783644        2.3993954257168761        5.1634083602021166      -0.58675232832960456        1.6135967447358690       0.14814886685541809       0.22781762922721155     
          59           1   950.726562     T  -14.771988137179477       -4.2630889509802952        188.93194675783644        2.3993954257168761        5.1634083602021166      -0.58675232832960456        1.6135967447358690       0.14814886685541809       0.22781762922721155     
          60           1   950.726562     T  -14.771988137179477       -4.2630889509802952        188.93194675783644        2.3993954257168761        5.1634083602021166      -0.58675232832960456        1.6135967447358690       0.14814886685541809       0.22781762922721155     
          61           1   950.726562     T  -14.771988137179477       -4.2630889509802952        188.93194675783644        2.3993954257168761        5.1634083602021166      -0.58675232832960456        1.6135967447358690       0.14814886685541809       0.22781762922721155     
          62           1   950.726562     T  -14.771988137179477       -4.2630889509802952        188.93194675783644        2.3993954257168761        5.1634083602021166      -0.58675232832960456        1.6135967447358690       0.14814886685541809       0.22781762922721155     
          63           1   842.156250     T  -15.110272634132567       -4.8746079394512174        217.64153359788659        1.9490594523427938        4.0829795821672805       0.12489457326070116        1.5597049093720274       0.17309574337626310       0.19341114081785321     
          64           1   842.156250     T  -15.110272634132567       -4.8746079394512174        217.64153359788659        1.9490594523427938        4.0829795821672805       0.12489457326070116        1.5597049093720274       0.17309574337626310       0.19341114081785321     
          65           1   842.156250     T  -15.110272634132567       -4.8746079394512174        217.64153359788659        1.9490594523427938        4.0829795821672805       0.12489457326070116        1.5597049093720274       0.17309574337626310       0.19341114081785321     
          66           1   1081.50000     T  -15.552863721578637       -3.7036850200944240        196.65248741876613        1.8967882864539265        7.2072275643835315       0.28644325953541278       0.99776449304540260       0.15712672318402143       0.32153907959582356     
          67           1   1081.50000     T  -15.552863721578637       -3.7036850200944240        196.65248741876613        1.8967882864539265        7.2072275643835315       0.28644325953541278       0.99776449304540260       0.15712672318402143       0.32153907959582356     
          68           1   1081.50000     T  -15.552863721578637       -3.7036850200944240        196.65248741876613        1.8967882864539265        7.2072275643835315       0.28644325953541278       0.99776449304540260       0.15712672318402143       0.32153907959582356     
          69           1   1081.50000     T  -15.552863721578637       -3.7036850200944240        196.65248741876613        1.8967882864539265        7.2072275643835315       0.28644325953541278       0.99776449304540260       0.15712672318402143       0.32153907959582356     
          70           1   1081.50000     T  -15.552863721578637       -3.7036850200944240        196.65248741876613        1.8967882864539265        7.2072275643835315       0.28644325953541278       0.99776449304540260       0.15712672318402143       0.32153907959582356     
          71           1   1081.50000     T  -15.552863721578637       -3.7036850200944240        196.65248741876613        1.8967882864539265        7.2072275643835315       0.28644325953541278       0.99776449304540260       0.15712672318402143       0.32153907959582356     
          72           1   1081.50000     T  -15.552863721578637       -3.7036850200944240        196.65248741876613        1.8967882864539265        7.2072275643835315       0.28644325953541278       0.99776449304540260       0.15712672318402143       0.32153907959582356     
          73           1   934.171875     T  -15.144351867246282       -3.9723384287930434        196.18128851278783        2.0194432610466588        6.8606828289068655       -1.5148089698806462E-002   1.2472915672680054       0.18940376695168193       0.28400989349281680     
          74           1   934.171875     T  -15.144351867246282       -3.9723384287930434        196.18128851278783        2.0194432610466588        6.8606828289068655       -1.5148089698806462E-002   1.2472915672680054       0.18940376695168193       0.28400989349281680     
          75           1   934.171875     T  -15.144351867246282       -3.9723384287930434        196.18128851278783        2.0194432610466588        6.8606828289068655       -1.5148089698806462E-002   1.2472915672680054       0.18940376695168193       0.28400989349281680     
          76           1   934.171875     T  -15.144351867246282       -3.9723384287930434        196.18128851278783        2.0194432610466588        6.8606828289068655       -1.5148089698806462E-002   1.2472915672680054       0.18940376695168193       0.28400989349281680     
          77           1   934.171875     T  -15.144351867246282       -3.9723384287930434        196.18128851278783        2.0194432610466588        6.8606828289068655       -1.5148089698806462E-002   1.2472915672680054       0.18940376695168193       0.28400989349281680     
          78           1   934.171875     T  -15.144351867246282       -3.9723384287930434        196.18128851278783        2.0194432610466588        6.8606828289068655       -1.5148089698806462E-002   1.2472915672680054       0.18940376695168193       0.28400989349281680     
          79           1   1080.56250     T  -14.476064480279803       -3.6751337695562398        206.23752135853414        1.7379330364793395        7.4611110031154659       0.25392267482688224        1.5949280916607946       0.18685285158837661       0.17458088050284587     
          80           1   1080.56250     T  -14.476064480279803       -3.6751337695562398        206.23752135853414        1.7379330364793395        7.4611110031154659       0.25392267482688224        1.5949280916607946       0.18685285158837661       0.17458088050284587     
          81           1   1080.56250     T  -14.476064480279803       -3.6751337695562398        206.23752135853414        1.7379330364793395        7.4611110031154659       0.25392267482688224        1.5949280916607946       0.18685285158837661       0.17458088050284587     
          82           1   1080.56250     T  -14.476064480279803       -3.6751337695562398        206.23752135853414        1.7379330364793395        7.4611110031154659       0.25392267482688224        1.5949280916607946       0.18685285158837661       0.17458088050284587     
          83           1   1080.56250     T  -14.476064480279803       -3.6751337695562398        206.23752135853414        1.7379330364793395        7.4611110031154659       0.25392267482688224        1.5949280916607946       0.18685285158837661       0.17458088050284587     
          84           1   1080.56250     T  -14.476064480279803       -3.6751337695562398        206.23752135853414        1.7379330364793395        7.4611110031154659       0.25392267482688224        1.5949280916607946       0.18685285158837661       0.17458088050284587     
          85           1   1080.56250     T  -14.476064480279803       -3.6751337695562398        206.23752135853414        1.7379330364793395        7.4611110031154659       0.25392267482688224        1.5949280916607946       0.18685285158837661       0.17458088050284587     
          86           1   1080.56250     T  -14.476064480279803       -3.6751337695562398        206.23752135853414        1.7379330364793395        7.4611110031154659       0.25392267482688224        1.5949280916607946       0.18685285158837661       0.17458088050284587     
          87           1   1080.56250     T  -14.476064480279803       -3.6751337695562398        206.23752135853414        1.7379330364793395        7.4611110031154659       0.25392267482688224        1.5949280916607946       0.18685285158837661       0.17458088050284587     
          88           1   1080.56250     T  -14.476064480279803       -3.6751337695562398        206.23752135853414        1.7379330364793395        7.4611110031154659       0.25392267482688224        1.5949280916607946       0.18685285158837661       0.17458088050284587     
          89           1   1080.56250     T  -14.476064480279803       -3.6751337695562398        206.23752135853414        1.7379330364793395        7.4611110031154659       0.25392267482688224        1.5949280916607946       0.18685285158837661       0.17458088050284587     
          90           1   1080.56250     T  -14.476064480279803       -3.6751337695562398        206.23752135853414        1.7379330364793395        7.4611110031154659       0.25392267482688224        1.5949280916607946       0.18685285158837661       0.17458088050284587     
          91           1   1080.56250     T  -14.476064480279803       -3.6751337695562398        206.23752135853414        1.7379330364793395        7.4611110031154659       0.25392267482688224        1.5949280916607946       0.18685285158837661       0.17458088050284587     
          92           1   1080.56250     T  -14.476064480279803       -3.6751337695562398        206.23752135853414        1.7379330364793395        7.4611110031154659       0.25392267482688224        1.5949280916607946       0.18685285158837661       0.17458088050284587     
          93           1   1080.56250     T  -14.476064480279803       -3.6751337695562398        206.23752135853414        1.7379330364793395        7.4611110031154659       0.25392267482688224        1.5949280916607946       0.18685285158837661       0.17458088050284587     
          94           1   1080.56250     T  -14.476064480279803       -3.6751337695562398        206.23752135853414        1.7379330364793395        7.4611110031154659       0.25392267482688224        1.5949280916607946       0.18685285158837661       0.17458088050284587     
          95           1   1080.56250     T  -14.476064480279803       -3.6751337695562398        206.23752135853414        1.7379330364793395        7.4611110031154659       0.25392267482688224        1.5949280916607946       0.18685285158837661       0.17458088050284587     
          96           1   1080.56250     T  -14.476064480279803       -3.6751337695562398        206.23752135853414        1.7379330364793395        7.4611110031154659       0.25392267482688224        1.5949280916607946       0.18685285158837661       0.17458088050284587     
          97           1   1080.56250     T  -14.476064480279803       -3.6751337695562398        206.23752135853414        1.7379330364793395        7.4611110031154659       0.25392267482688224        1.5949280916607946       0.18685285158837661       0.17458088050284587     
          98           1   1080.56250     T  -14.476064480279803       -3.6751337695562398        206.23752135853414        1.7379330364793395        7.4611110031154659       0.25392267482688224        1.5949280916607946       0.18685285158837661       0.17458088050284587     
          99           1   757.546875     T  -15.643089749827663       -4.4590723376661128        224.16144556587574        1.6699020837441356        4.4215799953522978       0.63971301902061251        1.5458500930967298       0.11231163054455685       0.18123558986905447     
         100           1   757.546875     T  -15.643089749827663       -4.4590723376661128        224.16144556587574        1.6699020837441356        4.4215799953522978       0.63971301902061251        1.5458500930967298       0.11231163054455685       0.18123558986905447     
         101           1   757.546875     T  -15.643089749827663       -4.4590723376661128        224.16144556587574        1.6699020837441356        4.4215799953522978       0.63971301902061251        1.5458500930967298       0.11231163054455685       0.18123558986905447     
         102           1   1013.62500     T  -14.405805811381677       -3.6231382477735736        206.09333119649872        1.7516003485862126        7.4111003336644927       0.24882094207445651        1.5978272937862761       0.18672898635715562       0.17463253275768176     
         103           1   1013.62500     T  -14.405805811381677       -3.6231382477735736        206.09333119649872        1.7516003485862126        7.4111003336644927       0.24882094207445651        1.5978272937862761       0.18672898635715562       0.17463253275768176     
         104           1   1013.62500     T  -14.405805811381677       -3.6231382477735736        206.09333119649872        1.7516003485862126        7.4111003336644927       0.24882094207445651        1.5978272937862761       0.18672898635715562       0.17463253275768176     
         105           1   1013.62500     T  -14.405805811381677       -3.6231382477735736        206.09333119649872        1.7516003485862126        7.4111003336644927       0.24882094207445651        1.5978272937862761       0.18672898635715562       0.17463253275768176     
         106           1   994.890625     T  -14.212779238543520       -4.1178594232804695        195.93846466041245        1.5041879594598855        5.7943099061548882       -9.7289033781796139E-002   2.1798119401999054       0.23834258391596794       0.13097208130168159     
         107           1   775.984375     T  -14.928756019932020       -4.1542310324313494        201.35010149958705        2.0087734975684799        5.1904008326402273       0.33728706894086008        1.4961608537991857       0.14879096746407697       0.24713173931799060     
         108           1   775.984375     T  -14.928756019932020       -4.1542310324313494        201.35010149958705        2.0087734975684799        5.1904008326402273       0.33728706894086008        1.4961608537991857       0.14879096746407697       0.24713173931799060     
         109           1   835.468750     T  -14.615758094632024       -3.8358192359331058        179.62497094695763        2.4362221844013705        4.8648501429995754      -0.34184800540101068        1.4960228250581986       0.12350652213363679       0.23158759743564372     
         110           1   1013.70312     T  -16.239137005812019       -5.0970204038005154        260.36674137529030        1.7277628758398085        6.1570248234254601       0.45733587058793956       0.81144228274767460       0.19582278951889673       0.21234715397573872     
         111           1   1013.70312     T  -16.239137005812019       -5.0970204038005154        260.36674137529030        1.7277628758398085        6.1570248234254601       0.45733587058793956       0.81144228274767460       0.19582278951889673       0.21234715397573872     
         112           1   1013.70312     T  -16.239137005812019       -5.0970204038005154        260.36674137529030        1.7277628758398085        6.1570248234254601       0.45733587058793956       0.81144228274767460       0.19582278951889673       0.21234715397573872     
         113           1   1013.70312     T  -16.239137005812019       -5.0970204038005154        260.36674137529030        1.7277628758398085        6.1570248234254601       0.45733587058793956       0.81144228274767460       0.19582278951889673       0.21234715397573872     
         114           1   1013.70312     T  -16.239137005812019       -5.0970204038005154        260.36674137529030        1.7277628758398085        6.1570248234254601       0.45733587058793956       0.81144228274767460       0.19582278951889673       0.21234715397573872     
         115           1   1013.70312     T  -16.239137005812019       -5.0970204038005154        260.36674137529030        1.7277628758398085        6.1570248234254601       0.45733587058793956       0.81144228274767460       0.19582278951889673       0.21234715397573872     
         116           1   1013.70312     T  -16.239137005812019       -5.0970204038005154        260.36674137529030        1.7277628758398085        6.1570248234254601       0.45733587058793956       0.81144228274767460       0.19582278951889673       0.21234715397573872     
         117           1   1013.70312     T  -16.239137005812019       -5.0970204038005154        260.36674137529030        1.7277628758398085        6.1570248234254601       0.45733587058793956       0.81144228274767460       0.19582278951889673       0.21234715397573872     
         118           1   1415.93750     T  -14.772190989384258       -4.6177704525428851        139.96125379864111       0.41763545547229913        2.2785323862098004       -1.0958340276444580        4.5184475175559555       0.16155175586063783       0.18501271396742863     
         119           1   1415.93750     T  -14.772190989384258       -4.6177704525428851        139.96125379864111       0.41763545547229913        2.2785323862098004       -1.0958340276444580        4.5184475175559555       0.16155175586063783       0.18501271396742863     
         120           1   1369.37500     T  -14.282908876568699       -4.1312176510698908        140.43417678322592       0.41861641090126794        2.2776430834157373       -1.1018197039090962        4.5171354008283453       0.16212439131057413       0.18478876870753280     
         121           1   1369.37500     T  -14.282908876568699       -4.1312176510698908        140.43417678322592       0.41861641090126794        2.2776430834157373       -1.1018197039090962        4.5171354008283453       0.16212439131057413       0.18478876870753280     
         122           1   1057.35938     T  -13.888673258486889       -3.9456613448298254        214.55279507044330        1.5066683812082040        3.8696211520930857       -1.2734225290889500        1.3552908433825297       0.21560645478280271       0.16572491707877401     
         123           1   1057.35938     T  -13.888673258486889       -3.9456613448298254        214.55279507044330        1.5066683812082040        3.8696211520930857       -1.2734225290889500        1.3552908433825297       0.21560645478280271       0.16572491707877401     
         124           1   1051.53125     T  -13.924762911425189       -3.9923309286581290        213.55952445598609        1.5078124926500862        3.8678990868784182       -1.2911395698202870        1.3580549792898613       0.21672867207933122       0.16714567073966621     
         125           1   1051.53125     T  -13.924762911425189       -3.9923309286581290        213.55952445598609        1.5078124926500862        3.8678990868784182       -1.2911395698202870        1.3580549792898613       0.21672867207933122       0.16714567073966621     
         126           1   1051.53125     T  -13.924762911425189       -3.9923309286581290        213.55952445598609        1.5078124926500862        3.8678990868784182       -1.2911395698202870        1.3580549792898613       0.21672867207933122       0.16714567073966621     
         127           1   1051.53125     T  -13.924762911425189       -3.9923309286581290        213.55952445598609        1.5078124926500862        3.8678990868784182       -1.2911395698202870        1.3580549792898613       0.21672867207933122       0.16714567073966621     
         128           1   1051.53125     T  -13.924762911425189       -3.9923309286581290        213.55952445598609        1.5078124926500862        3.8678990868784182       -1.2911395698202870        1.3580549792898613       0.21672867207933122       0.16714567073966621     
         129           1   1051.53125     T  -13.924762911425189       -3.9923309286581290        213.55952445598609        1.5078124926500862        3.8678990868784182       -1.2911395698202870        1.3580549792898613       0.21672867207933122       0.16714567073966621     
         130           1   1246.98438     T  -14.256186078793554       -4.4334067602214242        150.30514074117136       0.43396776852344826        3.7648804746370481      -0.84481324092469245        4.6564569750427989       0.16979751986070182       0.23039590045015368     
         131           1   1246.98438     T  -14.256186078793554       -4.4334067602214242        150.30514074117136       0.43396776852344826        3.7648804746370481      -0.84481324092469245        4.6564569750427989       0.16979751986070182       0.23039590045015368     
         132           1   1246.98438     T  -14.256186078793554       -4.4334067602214242        150.30514074117136       0.43396776852344826        3.7648804746370481      -0.84481324092469245        4.6564569750427989       0.16979751986070182       0.23039590045015368     
         133           1   1246.98438     T  -14.256186078793554       -4.4334067602214242        150.30514074117136       0.43396776852344826        3.7648804746370481      -0.84481324092469245        4.6564569750427989       0.16979751986070182       0.23039590045015368     
         134           1   1246.98438     T  -14.256186078793554       -4.4334067602214242        150.30514074117136       0.43396776852344826        3.7648804746370481      -0.84481324092469245        4.6564569750427989       0.16979751986070182       0.23039590045015368     
         135           1   1246.98438     T  -14.256186078793554       -4.4334067602214242        150.30514074117136       0.43396776852344826        3.7648804746370481      -0.84481324092469245        4.6564569750427989       0.16979751986070182       0.23039590045015368     
         136           1   1246.98438     T  -14.256186078793554       -4.4334067602214242        150.30514074117136       0.43396776852344826        3.7648804746370481      -0.84481324092469245        4.6564569750427989       0.16979751986070182       0.23039590045015368     
         137           1   1346.71875     T  -14.749339459199426       -4.6631453807410903        186.56615857957317       0.42033021898002909        4.0402265654054599      -0.88911125984567640        4.5719724145137981       0.17361555233793827       0.22728511520095410     
         138           1   1346.71875     T  -14.749339459199426       -4.6631453807410903        186.56615857957317       0.42033021898002909        4.0402265654054599      -0.88911125984567640        4.5719724145137981       0.17361555233793827       0.22728511520095410     
         139           1   1346.71875     T  -14.749339459199426       -4.6631453807410903        186.56615857957317       0.42033021898002909        4.0402265654054599      -0.88911125984567640        4.5719724145137981       0.17361555233793827       0.22728511520095410     
         140           1   1346.71875     T  -14.749339459199426       -4.6631453807410903        186.56615857957317       0.42033021898002909        4.0402265654054599      -0.88911125984567640        4.5719724145137981       0.17361555233793827       0.22728511520095410     
         141           1   1242.95312     T  -14.883443070525988       -3.8027502059577936        240.21348424699934        1.0669911004799282        7.0368099947769132       -1.4713492078428789        2.5780206874032894       0.24675256728717140       0.20518350061673879     
         142           1   1242.95312     T  -14.883443070525988       -3.8027502059577936        240.21348424699934        1.0669911004799282        7.0368099947769132       -1.4713492078428789        2.5780206874032894       0.24675256728717140       0.20518350061673879     
         143           1   1242.95312     T  -14.883443070525988       -3.8027502059577936        240.21348424699934        1.0669911004799282        7.0368099947769132       -1.4713492078428789        2.5780206874032894       0.24675256728717140       0.20518350061673879     
         144           1   1242.95312     T  -14.883443070525988       -3.8027502059577936        240.21348424699934        1.0669911004799282        7.0368099947769132       -1.4713492078428789        2.5780206874032894       0.24675256728717140       0.20518350061673879     
         145           1   1242.95312     T  -14.883443070525988       -3.8027502059577936        240.21348424699934        1.0669911004799282        7.0368099947769132       -1.4713492078428789        2.5780206874032894       0.24675256728717140       0.20518350061673879     
         146           1   1242.95312     T  -14.883443070525988       -3.8027502059577936        240.21348424699934        1.0669911004799282        7.0368099947769132       -1.4713492078428789        2.5780206874032894       0.24675256728717140       0.20518350061673879     
         147           1   1242.95312     T  -14.883443070525988       -3.8027502059577936        240.21348424699934        1.0669911004799282        7.0368099947769132       -1.4713492078428789        2.5780206874032894       0.24675256728717140       0.20518350061673879     
         148           1   1242.95312     T  -14.883443070525988       -3.8027502059577936        240.21348424699934        1.0669911004799282        7.0368099947769132       -1.4713492078428789        2.5780206874032894       0.24675256728717140       0.20518350061673879     
         149           1   1242.95312     T  -14.883443070525988       -3.8027502059577936        240.21348424699934        1.0669911004799282        7.0368099947769132       -1.4713492078428789        2.5780206874032894       0.24675256728717140       0.20518350061673879     
         150           1   1242.95312     T  -14.883443070525988       -3.8027502059577936        240.21348424699934        1.0669911004799282        7.0368099947769132       -1.4713492078428789        2.5780206874032894       0.24675256728717140       0.20518350061673879     
         151           1   1242.95312     T  -14.883443070525988       -3.8027502059577936        240.21348424699934        1.0669911004799282        7.0368099947769132       -1.4713492078428789        2.5780206874032894       0.24675256728717140       0.20518350061673879     
         152           1   1242.95312     T  -14.883443070525988       -3.8027502059577936        240.21348424699934        1.0669911004799282        7.0368099947769132       -1.4713492078428789        2.5780206874032894       0.24675256728717140       0.20518350061673879     
         153           1   1242.95312     T  -14.883443070525988       -3.8027502059577936        240.21348424699934        1.0669911004799282        7.0368099947769132       -1.4713492078428789        2.5780206874032894       0.24675256728717140       0.20518350061673879     
         154           1   1097.50000     T  -15.216015567514102       -3.6447852232645062        275.46396475811076        1.0720213276327517        7.1842617949747982       -1.5293590350387694        2.5166616197607565       0.25547187973071206       0.20485788590077605     
         155           1   1097.50000     T  -15.216015567514102       -3.6447852232645062        275.46396475811076        1.0720213276327517        7.1842617949747982       -1.5293590350387694        2.5166616197607565       0.25547187973071206       0.20485788590077605     
         156           1   1097.50000     T  -15.216015567514102       -3.6447852232645062        275.46396475811076        1.0720213276327517        7.1842617949747982       -1.5293590350387694        2.5166616197607565       0.25547187973071206       0.20485788590077605     
         157           1   1097.50000     T  -15.216015567514102       -3.6447852232645062        275.46396475811076        1.0720213276327517        7.1842617949747982       -1.5293590350387694        2.5166616197607565       0.25547187973071206       0.20485788590077605     
         158           1   1095.31250     T  -15.937375725726353       -4.7030857576295784        279.35610500852022        1.5094546206291248        5.6406480327700770      -0.87506256295748219        1.5278297085775732       0.21773831749854378       0.22123414544120318     
         159           1   1044.50000     T  -16.049684571858393       -4.8160535389958898        280.36899737534804        1.5069886553494340        5.5861195117681275      -0.85617231756054069        1.5433088735029679       0.21851060751886975       0.22152950303759120     
         160           1   1277.98438     T  -14.046545580155497       -4.1020463279251960        211.89500423084408        1.6086213108343974        3.9942523018487575      -0.95798531337110449       0.37774470383920294       0.20337871843909938       0.16851394853825707     
         161           1   1277.98438     T  -14.046545580155497       -4.1020463279251960        211.89500423084408        1.6086213108343974        3.9942523018487575      -0.95798531337110449       0.37774470383920294       0.20337871843909938       0.16851394853825707     
         162           1   1277.98438     T  -14.046545580155497       -4.1020463279251960        211.89500423084408        1.6086213108343974        3.9942523018487575      -0.95798531337110449       0.37774470383920294       0.20337871843909938       0.16851394853825707     
         163           1   1277.98438     T  -14.046545580155497       -4.1020463279251960        211.89500423084408        1.6086213108343974        3.9942523018487575      -0.95798531337110449       0.37774470383920294       0.20337871843909938       0.16851394853825707     
         164           1   1002.73438     T  -14.067851282652537       -3.8690433684372083        234.45944528535566        1.5398808105256721        3.9407835756509875       -1.1239779069668367        1.3798128416005451       0.21065389386772260       0.17348632140364587     
         165           1   1002.73438     T  -14.067851282652537       -3.8690433684372083        234.45944528535566        1.5398808105256721        3.9407835756509875       -1.1239779069668367        1.3798128416005451       0.21065389386772260       0.17348632140364587     
         166           1   1002.73438     T  -14.067851282652537       -3.8690433684372083        234.45944528535566        1.5398808105256721        3.9407835756509875       -1.1239779069668367        1.3798128416005451       0.21065389386772260       0.17348632140364587     
         167           1   1002.73438     T  -14.067851282652537       -3.8690433684372083        234.45944528535566        1.5398808105256721        3.9407835756509875       -1.1239779069668367        1.3798128416005451       0.21065389386772260       0.17348632140364587     
         168           1   1478.48438     T  -15.490229586745208       -4.2607235468198716        264.11724502522628       0.44565224963887812        4.8396296292185808       0.31286504218775624        3.4678822142024424       0.13624046430358394       0.13545112758216457     
         169           1   1478.48438     T  -15.490229586745208       -4.2607235468198716        264.11724502522628       0.44565224963887812        4.8396296292185808       0.31286504218775624        3.4678822142024424       0.13624046430358394       0.13545112758216457     
         170           1   1205.76562     T  -15.896574412997641       -4.8044958063185472        243.10013094639618       0.49272630167969655        4.8967885636599551       0.46021310248490460        3.5167127847287869       0.12824672710080756       0.14503600114876261     
         171           1   1216.00000     T  -15.687532929264604       -4.4555676860531452        264.10562941006424       0.44521886784768872        4.8403745652530761       0.30623016890794358        3.4620154910267589       0.13605662410822980       0.13556007508625256     
         172           1   1216.00000     T  -15.687532929264604       -4.4555676860531452        264.10562941006424       0.44521886784768872        4.8403745652530761       0.30623016890794358        3.4620154910267589       0.13605662410822980       0.13556007508625256     
         173           1   1216.00000     T  -15.687532929264604       -4.4555676860531452        264.10562941006424       0.44521886784768872        4.8403745652530761       0.30623016890794358        3.4620154910267589       0.13605662410822980       0.13556007508625256     
         174           1   1216.00000     T  -15.687532929264604       -4.4555676860531452        264.10562941006424       0.44521886784768872        4.8403745652530761       0.30623016890794358        3.4620154910267589       0.13605662410822980       0.13556007508625256     
         175           1   1216.00000     T  -15.687532929264604       -4.4555676860531452        264.10562941006424       0.44521886784768872        4.8403745652530761       0.30623016890794358        3.4620154910267589       0.13605662410822980       0.13556007508625256     
         176           1   1216.00000     T  -15.687532929264604       -4.4555676860531452        264.10562941006424       0.44521886784768872        4.8403745652530761       0.30623016890794358        3.4620154910267589       0.13605662410822980       0.13556007508625256     
         177           1   1216.00000     T  -15.687532929264604       -4.4555676860531452        264.10562941006424       0.44521886784768872        4.8403745652530761       0.30623016890794358        3.4620154910267589       0.13605662410822980       0.13556007508625256     
         178           1   1216.00000     T  -15.687532929264604       -4.4555676860531452        264.10562941006424       0.44521886784768872        4.8403745652530761       0.30623016890794358        3.4620154910267589       0.13605662410822980       0.13556007508625256     
         179           1   1216.00000     T  -15.687532929264604       -4.4555676860531452        264.10562941006424       0.44521886784768872        4.8403745652530761       0.30623016890794358        3.4620154910267589       0.13605662410822980       0.13556007508625256     
         180           1   1216.00000     T  -15.687532929264604       -4.4555676860531452        264.10562941006424       0.44521886784768872        4.8403745652530761       0.30623016890794358        3.4620154910267589       0.13605662410822980       0.13556007508625256     
         181           1   1216.00000     T  -15.687532929264604       -4.4555676860531452        264.10562941006424       0.44521886784768872        4.8403745652530761       0.30623016890794358        3.4620154910267589       0.13605662410822980       0.13556007508625256     
         182           1   1216.00000     T  -15.687532929264604       -4.4555676860531452        264.10562941006424       0.44521886784768872        4.8403745652530761       0.30623016890794358        3.4620154910267589       0.13605662410822980       0.13556007508625256     
         183           1   819.750000     T  -14.985622927555291       -3.6751037926985992        286.31045802430913       0.88232105343623157        5.3531955532090212       0.13499855904111513        3.4053849594210197       0.16521029672139578       0.12795774271844917     
         184           1   819.750000     T  -14.985622927555291       -3.6751037926985992        286.31045802430913       0.88232105343623157        5.3531955532090212       0.13499855904111513        3.4053849594210197       0.16521029672139578       0.12795774271844917     
         185           1   819.750000     T  -14.985622927555291       -3.6751037926985992        286.31045802430913       0.88232105343623157        5.3531955532090212       0.13499855904111513        3.4053849594210197       0.16521029672139578       0.12795774271844917     
         186           1   819.750000     T  -14.985622927555291       -3.6751037926985992        286.31045802430913       0.88232105343623157        5.3531955532090212       0.13499855904111513        3.4053849594210197       0.16521029672139578       0.12795774271844917     
         187           1   819.750000     T  -14.985622927555291       -3.6751037926985992        286.31045802430913       0.88232105343623157        5.3531955532090212       0.13499855904111513        3.4053849594210197       0.16521029672139578       0.12795774271844917     
         188           1   819.750000     T  -14.985622927555291       -3.6751037926985992        286.31045802430913       0.88232105343623157        5.3531955532090212       0.13499855904111513        3.4053849594210197       0.16521029672139578       0.12795774271844917     
         189           1   819.750000     T  -14.985622927555291       -3.6751037926985992        286.31045802430913       0.88232105343623157        5.3531955532090212       0.13499855904111513        3.4053849594210197       0.16521029672139578       0.12795774271844917     
         190           1   819.750000     T  -14.985622927555291       -3.6751037926985992        286.31045802430913       0.88232105343623157        5.3531955532090212       0.13499855904111513        3.4053849594210197       0.16521029672139578       0.12795774271844917     
         191           1   819.750000     T  -14.985622927555291       -3.6751037926985992        286.31045802430913       0.88232105343623157        5.3531955532090212       0.13499855904111513        3.4053849594210197       0.16521029672139578       0.12795774271844917     
         192           1   819.750000     T  -14.985622927555291       -3.6751037926985992        286.31045802430913       0.88232105343623157        5.3531955532090212       0.13499855904111513        3.4053849594210197       0.16521029672139578       0.12795774271844917     
         193           1   819.750000     T  -14.985622927555291       -3.6751037926985992        286.31045802430913       0.88232105343623157        5.3531955532090212       0.13499855904111513        3.4053849594210197       0.16521029672139578       0.12795774271844917     
         194           1   819.750000     T  -14.985622927555291       -3.6751037926985992        286.31045802430913       0.88232105343623157        5.3531955532090212       0.13499855904111513        3.4053849594210197       0.16521029672139578       0.12795774271844917     
         195           1   786.687500     T  -15.059109198962636       -3.8091006265096383        286.40396149818184       0.88505662510309735        5.0793952992530151       0.13603299532998533        3.4910821688117433       0.16533058634254325       0.12785240782054216     
         196           1   786.687500     T  -15.059109198962636       -3.8091006265096383        286.40396149818184       0.88505662510309735        5.0793952992530151       0.13603299532998533        3.4910821688117433       0.16533058634254325       0.12785240782054216     
         197           1   786.687500     T  -15.059109198962636       -3.8091006265096383        286.40396149818184       0.88505662510309735        5.0793952992530151       0.13603299532998533        3.4910821688117433       0.16533058634254325       0.12785240782054216     
         198           1   978.843750     T  -14.127816676011776       -4.2957838299048214        191.38467059447026        1.8439543283682713        3.7267025246443537      -0.78554812659643736        1.3269475209729535       0.18977856847134730       0.18808635705110344     
         199           1   978.843750     T  -14.127816676011776       -4.2957838299048214        191.38467059447026        1.8439543283682713        3.7267025246443537      -0.78554812659643736        1.3269475209729535       0.18977856847134730       0.18808635705110344     
         200           1   1055.15625     T  -13.783225924779808       -3.8320159407863188        214.13699178795306        1.8574465932557560        3.6622657277562873       -1.1086050895412733       0.32785125414949606       0.23857904952446476       0.17425487382373950     
         201           1   1055.15625     T  -13.783225924779808       -3.8320159407863188        214.13699178795306        1.8574465932557560        3.6622657277562873       -1.1086050895412733       0.32785125414949606       0.23857904952446476       0.17425487382373950     
         202           1   1055.15625     T  -13.783225924779808       -3.8320159407863188        214.13699178795306        1.8574465932557560        3.6622657277562873       -1.1086050895412733       0.32785125414949606       0.23857904952446476       0.17425487382373950     
         203           1   1309.25000     T  -14.744239886819742       -4.3110361454783286        206.78450646156128        1.2019978866667427        3.5334081987895662       -1.0017197548787786       0.43820496631333111       0.18670931407271091       0.25401363333201565     
         204           1   1309.25000     T  -14.744239886819742       -4.3110361454783286        206.78450646156128        1.2019978866667427        3.5334081987895662       -1.0017197548787786       0.43820496631333111       0.18670931407271091       0.25401363333201565     
         205           1   1309.25000     T  -14.744239886819742       -4.3110361454783286        206.78450646156128        1.2019978866667427        3.5334081987895662       -1.0017197548787786       0.43820496631333111       0.18670931407271091       0.25401363333201565     
         206           1   1291.87500     T  -14.164319843951450       -3.7287001060114813        224.41194145256887        1.8147532307123566        3.0015107521755073       -1.2217563508209339      -0.93860097629153849       0.21938328071078825       0.22284137305043744     
         207           1   1291.87500     T  -14.164319843951450       -3.7287001060114813        224.41194145256887        1.8147532307123566        3.0015107521755073       -1.2217563508209339      -0.93860097629153849       0.21938328071078825       0.22284137305043744     
         208           1   1038.21875     T  -14.082787062194472       -3.8468153016783422        209.72844864527292        1.3901297834906412        3.4389491537386849      -0.82489268734157339        1.5244131596611135       0.16605858432640669       0.19562276952477131     
         209           1   998.906250     T  -13.954363939008099       -4.0889349883956321        201.97362506951401        1.8821056345370299        3.9799542258490717      -0.80181256169427673        1.5544418646807205       0.25459480119571842       0.12970775803919551     
         210           1   998.906250     T  -13.954363939008099       -4.0889349883956321        201.97362506951401        1.8821056345370299        3.9799542258490717      -0.80181256169427673        1.5544418646807205       0.25459480119571842       0.12970775803919551     
         211           1   998.906250     T  -13.954363939008099       -4.0889349883956321        201.97362506951401        1.8821056345370299        3.9799542258490717      -0.80181256169427673        1.5544418646807205       0.25459480119571842       0.12970775803919551     
         212           1   998.906250     T  -13.954363939008099       -4.0889349883956321        201.97362506951401        1.8821056345370299        3.9799542258490717      -0.80181256169427673        1.5544418646807205       0.25459480119571842       0.12970775803919551     
         213           1   998.906250     T  -13.954363939008099       -4.0889349883956321        201.97362506951401        1.8821056345370299        3.9799542258490717      -0.80181256169427673        1.5544418646807205       0.25459480119571842       0.12970775803919551     
         214           1   998.906250     T  -13.954363939008099       -4.0889349883956321        201.97362506951401        1.8821056345370299        3.9799542258490717      -0.80181256169427673        1.5544418646807205       0.25459480119571842       0.12970775803919551     
         215           1   998.906250     T  -13.954363939008099       -4.0889349883956321        201.97362506951401        1.8821056345370299        3.9799542258490717      -0.80181256169427673        1.5544418646807205       0.25459480119571842       0.12970775803919551     
         216           1   996.593750     T  -13.982612746243866       -4.1194575849773010        201.85309733335430        1.8834359299982688        3.9792251558573706      -0.79908731963218205        1.5450207327135490       0.25438596632508964       0.12982693767578782     
         217           1   996.593750     T  -13.982612746243866       -4.1194575849773010        201.85309733335430        1.8834359299982688        3.9792251558573706      -0.79908731963218205        1.5450207327135490       0.25438596632508964       0.12982693767578782     
         218           1   996.593750     T  -13.982612746243866       -4.1194575849773010        201.85309733335430        1.8834359299982688        3.9792251558573706      -0.79908731963218205        1.5450207327135490       0.25438596632508964       0.12982693767578782     
         219           1   996.593750     T  -13.982612746243866       -4.1194575849773010        201.85309733335430        1.8834359299982688        3.9792251558573706      -0.79908731963218205        1.5450207327135490       0.25438596632508964       0.12982693767578782     
         220           1   996.593750     T  -13.982612746243866       -4.1194575849773010        201.85309733335430        1.8834359299982688        3.9792251558573706      -0.79908731963218205        1.5450207327135490       0.25438596632508964       0.12982693767578782     
         221           1   996.593750     T  -13.982612746243866       -4.1194575849773010        201.85309733335430        1.8834359299982688        3.9792251558573706      -0.79908731963218205        1.5450207327135490       0.25438596632508964       0.12982693767578782     
         222           1   996.593750     T  -13.982612746243866       -4.1194575849773010        201.85309733335430        1.8834359299982688        3.9792251558573706      -0.79908731963218205        1.5450207327135490       0.25438596632508964       0.12982693767578782     
         223           1   996.593750     T  -13.982612746243866       -4.1194575849773010        201.85309733335430        1.8834359299982688        3.9792251558573706      -0.79908731963218205        1.5450207327135490       0.25438596632508964       0.12982693767578782     
         224           1   996.593750     T  -13.982612746243866       -4.1194575849773010        201.85309733335430        1.8834359299982688        3.9792251558573706      -0.79908731963218205        1.5450207327135490       0.25438596632508964       0.12982693767578782     
         225           1   996.593750     T  -13.982612746243866       -4.1194575849773010        201.85309733335430        1.8834359299982688        3.9792251558573706      -0.79908731963218205        1.5450207327135490       0.25438596632508964       0.12982693767578782     
         226           1   996.593750     T  -13.982612746243866       -4.1194575849773010        201.85309733335430        1.8834359299982688        3.9792251558573706      -0.79908731963218205        1.5450207327135490       0.25438596632508964       0.12982693767578782     
         227           1   1154.46875     T  -14.624520599361187       -3.8949011052716758        209.45986298218256        1.9308037170710977        2.8281507618271777       -1.5280955210757934      -0.42921688825025001       0.20679973505897961       0.27305000341560198     
         228           1   1154.46875     T  -14.624520599361187       -3.8949011052716758        209.45986298218256        1.9308037170710977        2.8281507618271777       -1.5280955210757934      -0.42921688825025001       0.20679973505897961       0.27305000341560198     
         229           1   1154.46875     T  -14.624520599361187       -3.8949011052716758        209.45986298218256        1.9308037170710977        2.8281507618271777       -1.5280955210757934      -0.42921688825025001       0.20679973505897961       0.27305000341560198     
         230           1   917.437500     T  -14.414613864802174       -4.7483851745740138        180.95686340232808        1.1548021352103235        3.6680136238733785       -1.1596793209182350        3.3677985665372852       0.20851611659913963       0.18703532257374839     
         231           1   966.468750     T  -13.890671290079412       -4.2152162584980388        186.62734031332263        1.1830860918036894        3.8941620902057048       -1.0377025720627369        3.8049243006982314       0.26128441149129689       0.13829204156640065     
         232           1   966.468750     T  -13.890671290079412       -4.2152162584980388        186.62734031332263        1.1830860918036894        3.8941620902057048       -1.0377025720627369        3.8049243006982314       0.26128441149129689       0.13829204156640065     
         233           1   1025.12500     T  -14.774489951649313       -4.6767049312162996        199.17028438585956        1.3411898197687424        3.3546485989000994       -1.4067734394091038        2.7865070656273616       0.32429319590921257       0.19161452941118884     
         234           1   1025.12500     T  -14.774489951649313       -4.6767049312162996        199.17028438585956        1.3411898197687424        3.3546485989000994       -1.4067734394091038        2.7865070656273616       0.32429319590921257       0.19161452941118884     
         235           1   968.375000     T  -14.744857134211259       -4.6614954616758002        198.26327120502802        1.3375483872305656        3.3428052600497886       -1.4002415043312932        2.8380336747844894       0.32472336506508720       0.18958421812981216     
         236           1   968.375000     T  -14.744857134211259       -4.6614954616758002        198.26327120502802        1.3375483872305656        3.3428052600497886       -1.4002415043312932        2.8380336747844894       0.32472336506508720       0.18958421812981216     
         237           1   968.375000     T  -14.744857134211259       -4.6614954616758002        198.26327120502802        1.3375483872305656        3.3428052600497886       -1.4002415043312932        2.8380336747844894       0.32472336506508720       0.18958421812981216     
         238           1   968.375000     T  -14.744857134211259       -4.6614954616758002        198.26327120502802        1.3375483872305656        3.3428052600497886       -1.4002415043312932        2.8380336747844894       0.32472336506508720       0.18958421812981216     
         239           1   907.406250     T  -14.791646071376739       -4.6809473901712728        202.01550398659830        1.3355441211246906        3.4048172397679091       -1.4036611826869776        2.8605170995453459       0.32447722199761420       0.18922300777852832     
         240           1   907.406250     T  -14.791646071376739       -4.6809473901712728        202.01550398659830        1.3355441211246906        3.4048172397679091       -1.4036611826869776        2.8605170995453459       0.32447722199761420       0.18922300777852832     
         241           1   907.406250     T  -14.791646071376739       -4.6809473901712728        202.01550398659830        1.3355441211246906        3.4048172397679091       -1.4036611826869776        2.8605170995453459       0.32447722199761420       0.18922300777852832     
         242           1   907.406250     T  -14.791646071376739       -4.6809473901712728        202.01550398659830        1.3355441211246906        3.4048172397679091       -1.4036611826869776        2.8605170995453459       0.32447722199761420       0.18922300777852832     
         243           1   907.406250     T  -14.791646071376739       -4.6809473901712728        202.01550398659830        1.3355441211246906        3.4048172397679091       -1.4036611826869776        2.8605170995453459       0.32447722199761420       0.18922300777852832     
         244           1   910.375000     T  -15.166746349342713       -4.9806589354138264        202.93382705010907        1.3225766679661417        3.4033274029117915       -1.4035914841918200        2.8710074127540386       0.33537316805466083       0.19376803254903677     
         245           1   910.375000     T  -15.166746349342713       -4.9806589354138264        202.93382705010907        1.3225766679661417        3.4033274029117915       -1.4035914841918200        2.8710074127540386       0.33537316805466083       0.19376803254903677     
         246           1   910.375000     T  -15.166746349342713       -4.9806589354138264        202.93382705010907        1.3225766679661417        3.4033274029117915       -1.4035914841918200        2.8710074127540386       0.33537316805466083       0.19376803254903677     
         247           1   910.375000     T  -15.166746349342713       -4.9806589354138264        202.93382705010907        1.3225766679661417        3.4033274029117915       -1.4035914841918200        2.8710074127540386       0.33537316805466083       0.19376803254903677     
         248           1   908.187500     T  -14.560184294936445       -4.4063429883475882        211.49120717643945        1.2385145495423826        3.6083012411663939       -1.4884974194329657        3.2630614050166571       0.31159905439679164       0.19225257880895680     
         249           1   987.093750     T  -15.068083713244551       -4.8351079980858902        215.19784949359030        1.2179625315310256        3.6802196026992391       -1.5115315612835762        3.3346180848322216       0.31174555234471607       0.20110871934947711     
         250           1   987.093750     T  -15.068083713244551       -4.8351079980858902        215.19784949359030        1.2179625315310256        3.6802196026992391       -1.5115315612835762        3.3346180848322216       0.31174555234471607       0.20110871934947711     
         251           1   917.781250     T  -12.948607968515333       -3.0989043138333305        164.21449276878630        1.0475883954788043        4.5995413577776416      -0.49256105016624357        4.9681031932846436       0.19673491164642959       0.10440945301890255     
         252           1   917.781250     T  -12.948607968515333       -3.0989043138333305        164.21449276878630        1.0475883954788043        4.5995413577776416      -0.49256105016624357        4.9681031932846436       0.19673491164642959       0.10440945301890255     
         253           1   917.781250     T  -12.948607968515333       -3.0989043138333305        164.21449276878630        1.0475883954788043        4.5995413577776416      -0.49256105016624357        4.9681031932846436       0.19673491164642959       0.10440945301890255     
         254           1   917.781250     T  -12.948607968515333       -3.0989043138333305        164.21449276878630        1.0475883954788043        4.5995413577776416      -0.49256105016624357        4.9681031932846436       0.19673491164642959       0.10440945301890255     
         255           1   917.781250     T  -12.948607968515333       -3.0989043138333305        164.21449276878630        1.0475883954788043        4.5995413577776416      -0.49256105016624357        4.9681031932846436       0.19673491164642959       0.10440945301890255     
         256           1   832.593750     T  -14.883042616252798       -4.7441179209731930        219.25914776930898        1.1844316221358198        3.8036438134595145       -1.5865033570617568        3.7059183622418232       0.28787272277769782       0.18895313411476899     
         257           1   832.593750     T  -14.883042616252798       -4.7441179209731930        219.25914776930898        1.1844316221358198        3.8036438134595145       -1.5865033570617568        3.7059183622418232       0.28787272277769782       0.18895313411476899     
         258           1   832.593750     T  -14.883042616252798       -4.7441179209731930        219.25914776930898        1.1844316221358198        3.8036438134595145       -1.5865033570617568        3.7059183622418232       0.28787272277769782       0.18895313411476899     
         259           1   832.593750     T  -14.883042616252798       -4.7441179209731930        219.25914776930898        1.1844316221358198        3.8036438134595145       -1.5865033570617568        3.7059183622418232       0.28787272277769782       0.18895313411476899     
         260           1   832.593750     T  -14.883042616252798       -4.7441179209731930        219.25914776930898        1.1844316221358198        3.8036438134595145       -1.5865033570617568        3.7059183622418232       0.28787272277769782       0.18895313411476899     
         261           1   999.312500     T  -14.661338201033605       -4.4980001823523130        219.15518825763544        1.1417337794123312        3.8074835338918431       -1.6132164387280692        3.6347275220613313       0.29491468812634919       0.19000544340605835     
         262           1   850.906250     T  -14.362574843776422       -4.2529820701116012        219.31193433262703        1.2091813318922238        3.8062788597388559       -1.6214002629357585        3.8506803435015691       0.28059908042902987       0.18648439694467905     
         263           1   850.906250     T  -14.362574843776422       -4.2529820701116012        219.31193433262703        1.2091813318922238        3.8062788597388559       -1.6214002629357585        3.8506803435015691       0.28059908042902987       0.18648439694467905     
         264           1   850.906250     T  -14.362574843776422       -4.2529820701116012        219.31193433262703        1.2091813318922238        3.8062788597388559       -1.6214002629357585        3.8506803435015691       0.28059908042902987       0.18648439694467905     
         265           1   850.906250     T  -14.362574843776422       -4.2529820701116012        219.31193433262703        1.2091813318922238        3.8062788597388559       -1.6214002629357585        3.8506803435015691       0.28059908042902987       0.18648439694467905     
         266           1   850.406250     T  -14.362653165761163       -4.2474125358088468        219.53641252899496        1.1961363576152859        3.8076224802346199       -1.6228922828488523        3.8445491957584461       0.28097922357786909       0.18702588030473499     
         267           1   833.437500     T  -14.407800876152539       -4.3212099525197232        217.80365572619240        1.2161070827905422        3.9725501067529376       -1.6491516995698181        3.9054539367676511       0.28204465589258176       0.18400323335061394     
         268           1   833.437500     T  -14.407800876152539       -4.3212099525197232        217.80365572619240        1.2161070827905422        3.9725501067529376       -1.6491516995698181        3.9054539367676511       0.28204465589258176       0.18400323335061394     
         269           1   833.437500     T  -14.407800876152539       -4.3212099525197232        217.80365572619240        1.2161070827905422        3.9725501067529376       -1.6491516995698181        3.9054539367676511       0.28204465589258176       0.18400323335061394     
         270           1   954.781250     T  -14.385718070637536       -4.4046537594955133        203.25384771115597        1.6436603213285554        3.4956401600414657       -1.1328309326944721        2.0609998401794165       0.25025103137052063       0.20514678959922589     
         271           1   1134.37500     T  -14.796781385132030       -4.7726326180165124        203.75831747690572        1.5633156814360814        3.4944889543858482       -1.1320495312972543        1.7970755323950287       0.26258824375081519       0.20871409036134966     
         272           1   800.125000     T  -15.263154288531398       -4.5263591942661119        217.97037286887161        1.1990966406793084        2.2486694832141740       -1.6616691487143196        3.6987466904695077       0.29112999499974179       0.18921716316387641     
         273           1   800.125000     T  -15.263154288531398       -4.5263591942661119        217.97037286887161        1.1990966406793084        2.2486694832141740       -1.6616691487143196        3.6987466904695077       0.29112999499974179       0.18921716316387641     
         274           1   800.125000     T  -15.263154288531398       -4.5263591942661119        217.97037286887161        1.1990966406793084        2.2486694832141740       -1.6616691487143196        3.6987466904695077       0.29112999499974179       0.18921716316387641     
         275           1   800.125000     T  -15.263154288531398       -4.5263591942661119        217.97037286887161        1.1990966406793084        2.2486694832141740       -1.6616691487143196        3.6987466904695077       0.29112999499974179       0.18921716316387641     
         276           1   800.125000     T  -15.263154288531398       -4.5263591942661119        217.97037286887161        1.1990966406793084        2.2486694832141740       -1.6616691487143196        3.6987466904695077       0.29112999499974179       0.18921716316387641     
         277           1   800.125000     T  -15.263154288531398       -4.5263591942661119        217.97037286887161        1.1990966406793084        2.2486694832141740       -1.6616691487143196        3.6987466904695077       0.29112999499974179       0.18921716316387641     
         278           1   1106.21875     T  -14.553790039333670       -3.9528603999191843        227.13249120085985        1.7971870992275547        4.6678585214801132       -1.0238619498155421        1.5851490000601072       0.20396606343086479       0.24777057920935805     
         279           1   1106.21875     T  -14.553790039333670       -3.9528603999191843        227.13249120085985        1.7971870992275547        4.6678585214801132       -1.0238619498155421        1.5851490000601072       0.20396606343086479       0.24777057920935805     
         280           1   1106.21875     T  -14.553790039333670       -3.9528603999191843        227.13249120085985        1.7971870992275547        4.6678585214801132       -1.0238619498155421        1.5851490000601072       0.20396606343086479       0.24777057920935805     
         281           1   1221.62500     T  -14.384020142243767       -4.7586832765514213        185.18099790222698        1.3918587582311679        4.2273183961731089       -1.1535348884638332       0.82753878213428977       0.23153081617237825       0.14895327609818201     
         282           1   1221.62500     T  -14.384020142243767       -4.7586832765514213        185.18099790222698        1.3918587582311679        4.2273183961731089       -1.1535348884638332       0.82753878213428977       0.23153081617237825       0.14895327609818201     
         283           1   1186.15625     T  -14.001414475616379       -3.7512113319620295        189.28696422685255        1.8011488947667931        2.9323914948173218       -1.2773688197223605       0.80765243627501726       0.28260740279822344       0.10143852251633190     
         284           1   1186.15625     T  -14.001414475616379       -3.7512113319620295        189.28696422685255        1.8011488947667931        2.9323914948173218       -1.2773688197223605       0.80765243627501726       0.28260740279822344       0.10143852251633190     
         285           1   1186.15625     T  -14.001414475616379       -3.7512113319620295        189.28696422685255        1.8011488947667931        2.9323914948173218       -1.2773688197223605       0.80765243627501726       0.28260740279822344       0.10143852251633190     
         286           1   1055.87500     T  -13.727976575455168       -3.6506025319371727        188.13146589292305        1.8454193892556625        2.7844880891578891       -1.3276574673903903       0.96966587464145282       0.24962503659799726       0.11296879121830282     
         287           1   1105.09375     T  -14.649112193472387       -4.8925633457497089        184.10177832214163        1.7503426077772437        4.5913808244854959       -1.1317236310246759        1.4336812763829798       0.21706632433767967       0.12533604497560552     
         288           1   1160.78125     T  -14.542005542741665       -4.8448831595573250        181.86430837723708        1.9013854527824632        4.4436939810108695       -1.1765923702565311        1.6117361835864839       0.19978285185043115       0.13565611041528680     
         289           1   1024.12500     T  -14.183279800807888       -4.4851825932044393        181.90053200645767        1.9088257913121229        4.4570245615283302       -1.1757531841675022        1.6211188057940245       0.19953948810087360       0.13608984537566993     
         290           1   1024.12500     T  -14.183279800807888       -4.4851825932044393        181.90053200645767        1.9088257913121229        4.4570245615283302       -1.1757531841675022        1.6211188057940245       0.19953948810087360       0.13608984537566993     
         291           1   971.218750     T  -12.730460065607208       -3.0378090998997522        162.09125766580891        1.0347976216106478        4.4136466459636887      -0.54303514359780403        4.9398476582070305       0.18471971998973266       0.11811003827724427     
         292           1   971.218750     T  -12.730460065607208       -3.0378090998997522        162.09125766580891        1.0347976216106478        4.4136466459636887      -0.54303514359780403        4.9398476582070305       0.18471971998973266       0.11811003827724427     
         293           1   941.750000     T  -13.125689305496318       -3.4745552752909763        162.27837658271991        1.0351611346731642        4.3228344553974321      -0.53884026505598615        4.8271269800822560       0.19192065963687355       0.11815965749239922     
         294           1   941.750000     T  -13.125689305496318       -3.4745552752909763        162.27837658271991        1.0351611346731642        4.3228344553974321      -0.53884026505598615        4.8271269800822560       0.19192065963687355       0.11815965749239922     
         295           1   1121.78125     T  -13.158907997908070       -3.5445517878756085        161.73182542449345        1.0393204405076395        4.2352503742289000      -0.54168246744800597        4.7237886859842364       0.19813508367393906       0.11833209417669081     
         296           1   1121.78125     T  -13.158907997908070       -3.5445517878756085        161.73182542449345        1.0393204405076395        4.2352503742289000      -0.54168246744800597        4.7237886859842364       0.19813508367393906       0.11833209417669081     
