           1          15   650.766541     F  -38.189164161184522       -28.511312097438864        146.35387614047136        2.4506726299010237        5.1334437396690520        1.0707277818709029        2.0740061467393200       0.28052747288743207       0.20909440756103786     
           2          15   650.766541     F  -38.189164161184522       -28.511312097438864        146.35387614047136        2.4506726299010237        5.1334437396690520        1.0707277818709029        2.0740061467393200       0.28052747288743207       0.20909440756103786     
           3          15   650.766541     F  -38.189164161184522       -28.511312097438864        146.35387614047136        2.4506726299010237        5.1334437396690520        1.0707277818709029        2.0740061467393200       0.28052747288743207       0.20909440756103786     
           4          15   679.634033     F  -34.909645513381996       -25.267913612401692        145.49295112805356        2.2795569037173862        5.0900523916980243        1.1060482641618476        2.0437106614467280       0.28467279225907721       0.20305711335103674     
           5          15   653.788574     F  -32.864199240345918       -23.290389746106932        143.28378776124029        2.5577543265529363        4.8406736955707208        1.0729481828080050        2.0935270779833912       0.27619528815207589       0.20603741845000204     
           6          15   635.415527     F  -29.093816387089461       -19.032572851730745        161.14118342900193        2.4314743180546623        5.5119156352127332       0.88674095352556581        1.9244525344427790       0.26371174018266147       0.24364642994712390     
           7          15   635.415527     F  -29.093816387089461       -19.032572851730745        161.14118342900193        2.4314743180546623        5.5119156352127332       0.88674095352556581        1.9244525344427790       0.26371174018266147       0.24364642994712390     
           8          15   635.415527     F  -29.093816387089461       -19.032572851730745        161.14118342900193        2.4314743180546623        5.5119156352127332       0.88674095352556581        1.9244525344427790       0.26371174018266147       0.24364642994712390     
           9          15   635.415527     F  -29.093816387089461       -19.032572851730745        161.14118342900193        2.4314743180546623        5.5119156352127332       0.88674095352556581        1.9244525344427790       0.26371174018266147       0.24364642994712390     
          10          15   1006.11230     F  -14.795565642801998       -3.7238496007211253        201.62801964098327        2.0059692365188675        7.7665329481734160        6.5768690411440831E-002   1.4780332988788545       0.19417160542269801       0.22507158512230294     
          11          15   1006.11230     F  -14.795565642801998       -3.7238496007211253        201.62801964098327        2.0059692365188675        7.7665329481734160        6.5768690411440831E-002   1.4780332988788545       0.19417160542269801       0.22507158512230294     
          12          15   1006.11230     F  -14.795565642801998       -3.7238496007211253        201.62801964098327        2.0059692365188675        7.7665329481734160        6.5768690411440831E-002   1.4780332988788545       0.19417160542269801       0.22507158512230294     
          13          15   1006.11230     F  -14.795565642801998       -3.7238496007211253        201.62801964098327        2.0059692365188675        7.7665329481734160        6.5768690411440831E-002   1.4780332988788545       0.19417160542269801       0.22507158512230294     
          14          15   1006.11230     F  -14.795565642801998       -3.7238496007211253        201.62801964098327        2.0059692365188675        7.7665329481734160        6.5768690411440831E-002   1.4780332988788545       0.19417160542269801       0.22507158512230294     
          15          15   1006.11230     F  -14.795565642801998       -3.7238496007211253        201.62801964098327        2.0059692365188675        7.7665329481734160        6.5768690411440831E-002   1.4780332988788545       0.19417160542269801       0.22507158512230294     
          16          15   1006.11230     F  -14.795565642801998       -3.7238496007211253        201.62801964098327        2.0059692365188675        7.7665329481734160        6.5768690411440831E-002   1.4780332988788545       0.19417160542269801       0.22507158512230294     
          17          15   1006.11230     F  -14.795565642801998       -3.7238496007211253        201.62801964098327        2.0059692365188675        7.7665329481734160        6.5768690411440831E-002   1.4780332988788545       0.19417160542269801       0.22507158512230294     
          18          15   1006.11230     F  -14.795565642801998       -3.7238496007211253        201.62801964098327        2.0059692365188675        7.7665329481734160        6.5768690411440831E-002   1.4780332988788545       0.19417160542269801       0.22507158512230294     
          19          15   1006.11230     F  -14.795565642801998       -3.7238496007211253        201.62801964098327        2.0059692365188675        7.7665329481734160        6.5768690411440831E-002   1.4780332988788545       0.19417160542269801       0.22507158512230294     
          20          15   1006.11230     F  -14.795565642801998       -3.7238496007211253        201.62801964098327        2.0059692365188675        7.7665329481734160        6.5768690411440831E-002   1.4780332988788545       0.19417160542269801       0.22507158512230294     
          21          15   1006.11230     F  -14.795565642801998       -3.7238496007211253        201.62801964098327        2.0059692365188675        7.7665329481734160        6.5768690411440831E-002   1.4780332988788545       0.19417160542269801       0.22507158512230294     
          22          15   1006.11230     F  -14.795565642801998       -3.7238496007211253        201.62801964098327        2.0059692365188675        7.7665329481734160        6.5768690411440831E-002   1.4780332988788545       0.19417160542269801       0.22507158512230294     
          23          15   1006.11230     F  -14.795565642801998       -3.7238496007211253        201.62801964098327        2.0059692365188675        7.7665329481734160        6.5768690411440831E-002   1.4780332988788545       0.19417160542269801       0.22507158512230294     
          24          15   1006.11230     F  -14.795565642801998       -3.7238496007211253        201.62801964098327        2.0059692365188675        7.7665329481734160        6.5768690411440831E-002   1.4780332988788545       0.19417160542269801       0.22507158512230294     
          25          15   1006.11230     F  -14.795565642801998       -3.7238496007211253        201.62801964098327        2.0059692365188675        7.7665329481734160        6.5768690411440831E-002   1.4780332988788545       0.19417160542269801       0.22507158512230294     
          26          15   1006.11230     F  -14.795565642801998       -3.7238496007211253        201.62801964098327        2.0059692365188675        7.7665329481734160        6.5768690411440831E-002   1.4780332988788545       0.19417160542269801       0.22507158512230294     
          27          15   1006.11230     F  -14.795565642801998       -3.7238496007211253        201.62801964098327        2.0059692365188675        7.7665329481734160        6.5768690411440831E-002   1.4780332988788545       0.19417160542269801       0.22507158512230294     
          28          15   1006.11230     F  -14.795565642801998       -3.7238496007211253        201.62801964098327        2.0059692365188675        7.7665329481734160        6.5768690411440831E-002   1.4780332988788545       0.19417160542269801       0.22507158512230294     
          29          15   1006.11230     F  -14.795565642801998       -3.7238496007211253        201.62801964098327        2.0059692365188675        7.7665329481734160        6.5768690411440831E-002   1.4780332988788545       0.19417160542269801       0.22507158512230294     
          30          15   1006.11230     F  -14.795565642801998       -3.7238496007211253        201.62801964098327        2.0059692365188675        7.7665329481734160        6.5768690411440831E-002   1.4780332988788545       0.19417160542269801       0.22507158512230294     
          31          15   911.152344     T  -14.755370695210972       -3.6673240689023019        200.00878394966566        2.0343332273233936        7.7129497143294037        6.0630850174892933E-002   1.4741204759506368       0.19018318536463832       0.23055534842027164     
          32          15   911.152344     T  -14.755370695210972       -3.6673240689023019        200.00878394966566        2.0343332273233936        7.7129497143294037        6.0630850174892933E-002   1.4741204759506368       0.19018318536463832       0.23055534842027164     
          33          15   911.152344     T  -14.755370695210972       -3.6673240689023019        200.00878394966566        2.0343332273233936        7.7129497143294037        6.0630850174892933E-002   1.4741204759506368       0.19018318536463832       0.23055534842027164     
          34          15   911.152344     T  -14.755370695210972       -3.6673240689023019        200.00878394966566        2.0343332273233936        7.7129497143294037        6.0630850174892933E-002   1.4741204759506368       0.19018318536463832       0.23055534842027164     
          35          15   911.152344     T  -14.755370695210972       -3.6673240689023019        200.00878394966566        2.0343332273233936        7.7129497143294037        6.0630850174892933E-002   1.4741204759506368       0.19018318536463832       0.23055534842027164     
          36          15   947.101562     T  -15.078494924995267       -4.0208468740706191        172.49495768768307        2.3793371349932433        6.3017596244302636       -6.0048139134552633E-002   1.7062878700465116       0.11690603834487784       0.20451477855924738     
          37          15   947.101562     T  -15.078494924995267       -4.0208468740706191        172.49495768768307        2.3793371349932433        6.3017596244302636       -6.0048139134552633E-002   1.7062878700465116       0.11690603834487784       0.20451477855924738     
          38          15   947.101562     T  -15.078494924995267       -4.0208468740706191        172.49495768768307        2.3793371349932433        6.3017596244302636       -6.0048139134552633E-002   1.7062878700465116       0.11690603834487784       0.20451477855924738     
          39          15   947.101562     T  -15.078494924995267       -4.0208468740706191        172.49495768768307        2.3793371349932433        6.3017596244302636       -6.0048139134552633E-002   1.7062878700465116       0.11690603834487784       0.20451477855924738     
          40          15   842.355469     T  -16.124870360735102       -5.6480383835667292        181.07086420021210        2.3685242064655418        6.3415419238969903      -0.25506367655651024        1.7054305152979250       0.19624004613485924       0.23988359122156777     
          41          15   842.355469     T  -16.124870360735102       -5.6480383835667292        181.07086420021210        2.3685242064655418        6.3415419238969903      -0.25506367655651024        1.7054305152979250       0.19624004613485924       0.23988359122156777     
          42          15   965.496094     T  -16.944986323037217       -5.8214718226229341        179.47729907253145        2.2973706920404240        8.9689047704443308        9.4368423376416030E-002   1.3671834897592645       0.30323346414861502       0.13443173768894315     
          43          15   965.496094     T  -16.944986323037217       -5.8214718226229341        179.47729907253145        2.2973706920404240        8.9689047704443308        9.4368423376416030E-002   1.3671834897592645       0.30323346414861502       0.13443173768894315     
          44          15   965.496094     T  -16.944986323037217       -5.8214718226229341        179.47729907253145        2.2973706920404240        8.9689047704443308        9.4368423376416030E-002   1.3671834897592645       0.30323346414861502       0.13443173768894315     
          45          15   965.496094     T  -16.944986323037217       -5.8214718226229341        179.47729907253145        2.2973706920404240        8.9689047704443308        9.4368423376416030E-002   1.3671834897592645       0.30323346414861502       0.13443173768894315     
          46          15   930.027344     T  -15.299692855340400       -3.9878323996952454        291.18956830703826        1.3914305951547081        4.5723922274417541        8.9327266413768869E-002   1.2126768635172978       0.16765923629331597       0.21172289409699832     
          47          15   1016.90625     T  -15.444364711604027       -4.1354607668048837        298.13621709534459        1.4302919350890038        4.1481049048175773       -8.3035660647779522E-002   1.1822710874392384       0.17346425498046930       0.21107521351718167     
          48          15   1016.90625     T  -15.444364711604027       -4.1354607668048837        298.13621709534459        1.4302919350890038        4.1481049048175773       -8.3035660647779522E-002   1.1822710874392384       0.17346425498046930       0.21107521351718167     
          49          15   1042.69531     T  -15.198650087483180       -4.0862530986194301        278.28778250189299        1.4573338362625883        3.8205050078223746      -0.19425529439530820        1.1783598382911402       0.19124776092476212       0.23544171169529923     
          50          15   916.921875     T  -15.577160692282218       -4.4373331154169104        278.40375985122489        1.4571582500251929        3.7030092680335276       0.24902368706334491        1.2752744176607089       0.14693682584294987       0.16884713898394649     
          51          15   893.937500     T  -15.856338268041007       -4.6200352419453798        203.99564062971075        2.3694634932113376        5.8434190372843968      -0.28942159668887463        1.6514851981889864       0.11440527862832980       0.19081401224652364     
          52          15   893.937500     T  -15.856338268041007       -4.6200352419453798        203.99564062971075        2.3694634932113376        5.8434190372843968      -0.28942159668887463        1.6514851981889864       0.11440527862832980       0.19081401224652364     
          53          15   893.937500     T  -15.856338268041007       -4.6200352419453798        203.99564062971075        2.3694634932113376        5.8434190372843968      -0.28942159668887463        1.6514851981889864       0.11440527862832980       0.19081401224652364     
          54          15   893.937500     T  -15.856338268041007       -4.6200352419453798        203.99564062971075        2.3694634932113376        5.8434190372843968      -0.28942159668887463        1.6514851981889864       0.11440527862832980       0.19081401224652364     
          55          15   893.937500     T  -15.856338268041007       -4.6200352419453798        203.99564062971075        2.3694634932113376        5.8434190372843968      -0.28942159668887463        1.6514851981889864       0.11440527862832980       0.19081401224652364     
          56          15   893.937500     T  -15.856338268041007       -4.6200352419453798        203.99564062971075        2.3694634932113376        5.8434190372843968      -0.28942159668887463        1.6514851981889864       0.11440527862832980       0.19081401224652364     
          57          15   893.937500     T  -15.856338268041007       -4.6200352419453798        203.99564062971075        2.3694634932113376        5.8434190372843968      -0.28942159668887463        1.6514851981889864       0.11440527862832980       0.19081401224652364     
          58          15   927.179688     T  -15.809886235911115       -4.5717640627543714        204.00761196929318        2.3673021387917186        5.8595962774929138      -0.29055101604327738        1.6591894054939313       0.11445460023708554       0.19044013827644998     
          59          15   927.179688     T  -15.809886235911115       -4.5717640627543714        204.00761196929318        2.3673021387917186        5.8595962774929138      -0.29055101604327738        1.6591894054939313       0.11445460023708554       0.19044013827644998     
          60          15   927.179688     T  -15.809886235911115       -4.5717640627543714        204.00761196929318        2.3673021387917186        5.8595962774929138      -0.29055101604327738        1.6591894054939313       0.11445460023708554       0.19044013827644998     
          61          15   927.179688     T  -15.809886235911115       -4.5717640627543714        204.00761196929318        2.3673021387917186        5.8595962774929138      -0.29055101604327738        1.6591894054939313       0.11445460023708554       0.19044013827644998     
          62          15   927.179688     T  -15.809886235911115       -4.5717640627543714        204.00761196929318        2.3673021387917186        5.8595962774929138      -0.29055101604327738        1.6591894054939313       0.11445460023708554       0.19044013827644998     
          63          15   927.179688     T  -15.809886235911115       -4.5717640627543714        204.00761196929318        2.3673021387917186        5.8595962774929138      -0.29055101604327738        1.6591894054939313       0.11445460023708554       0.19044013827644998     
          64          15   927.179688     T  -15.809886235911115       -4.5717640627543714        204.00761196929318        2.3673021387917186        5.8595962774929138      -0.29055101604327738        1.6591894054939313       0.11445460023708554       0.19044013827644998     
          65          15   927.179688     T  -15.809886235911115       -4.5717640627543714        204.00761196929318        2.3673021387917186        5.8595962774929138      -0.29055101604327738        1.6591894054939313       0.11445460023708554       0.19044013827644998     
          66          15   927.179688     T  -15.809886235911115       -4.5717640627543714        204.00761196929318        2.3673021387917186        5.8595962774929138      -0.29055101604327738        1.6591894054939313       0.11445460023708554       0.19044013827644998     
          67          15   927.179688     T  -15.809886235911115       -4.5717640627543714        204.00761196929318        2.3673021387917186        5.8595962774929138      -0.29055101604327738        1.6591894054939313       0.11445460023708554       0.19044013827644998     
          68          15   927.179688     T  -15.809886235911115       -4.5717640627543714        204.00761196929318        2.3673021387917186        5.8595962774929138      -0.29055101604327738        1.6591894054939313       0.11445460023708554       0.19044013827644998     
          69          15   927.179688     T  -15.809886235911115       -4.5717640627543714        204.00761196929318        2.3673021387917186        5.8595962774929138      -0.29055101604327738        1.6591894054939313       0.11445460023708554       0.19044013827644998     
          70          15   886.156250     T  -15.715200955391916       -4.4812157287878875        204.35217372309947        2.3582020865707842        5.8511304231456247      -0.28717519889484772        1.6580242190888019       0.11469294143095284       0.19053060929174503     
          71          15   1022.03125     T  -15.610063185662812       -4.3130144974877371        199.84406000649795        2.3563547175049209        7.6387134963420147      -0.65639574790420008        1.4119356859576040       0.15547391460794041       0.22906861830063754     
          72          15   1022.03125     T  -15.610063185662812       -4.3130144974877371        199.84406000649795        2.3563547175049209        7.6387134963420147      -0.65639574790420008        1.4119356859576040       0.15547391460794041       0.22906861830063754     
          73          15   1022.03125     T  -15.610063185662812       -4.3130144974877371        199.84406000649795        2.3563547175049209        7.6387134963420147      -0.65639574790420008        1.4119356859576040       0.15547391460794041       0.22906861830063754     
          74          15   1022.03125     T  -15.610063185662812       -4.3130144974877371        199.84406000649795        2.3563547175049209        7.6387134963420147      -0.65639574790420008        1.4119356859576040       0.15547391460794041       0.22906861830063754     
          75          15   1022.03125     T  -15.610063185662812       -4.3130144974877371        199.84406000649795        2.3563547175049209        7.6387134963420147      -0.65639574790420008        1.4119356859576040       0.15547391460794041       0.22906861830063754     
          76          15   1022.03125     T  -15.610063185662812       -4.3130144974877371        199.84406000649795        2.3563547175049209        7.6387134963420147      -0.65639574790420008        1.4119356859576040       0.15547391460794041       0.22906861830063754     
          77          15   965.343750     T  -16.036635369415151       -3.7147301155387398        203.03705779561599        2.2710965280133988        8.4251997275997006       0.10973645140151907        1.7294212204226147       0.10320429279708546       0.15214963648500177     
          78          15   783.250000     T  -17.525135280981658       -4.8744283040821923        177.55524402810218        2.5279685895356141        6.4306183426126182       0.66452172751898286        1.6455009433714722        8.0879696198925696E-002  0.23849816561734535     
          79          15   783.250000     T  -17.525135280981658       -4.8744283040821923        177.55524402810218        2.5279685895356141        6.4306183426126182       0.66452172751898286        1.6455009433714722        8.0879696198925696E-002  0.23849816561734535     
          80          15   783.250000     T  -17.525135280981658       -4.8744283040821923        177.55524402810218        2.5279685895356141        6.4306183426126182       0.66452172751898286        1.6455009433714722        8.0879696198925696E-002  0.23849816561734535     
          81          15   712.312500     T  -16.553889605063073       -4.8025118115093850        213.53789160141213        2.0179146928247915        3.8182861516438993       0.36823963975710827        1.2004386199947945       0.11304682635637656       0.29151129702367523     
          82          15   712.312500     T  -16.553889605063073       -4.8025118115093850        213.53789160141213        2.0179146928247915        3.8182861516438993       0.36823963975710827        1.2004386199947945       0.11304682635637656       0.29151129702367523     
          83          15   712.312500     T  -16.553889605063073       -4.8025118115093850        213.53789160141213        2.0179146928247915        3.8182861516438993       0.36823963975710827        1.2004386199947945       0.11304682635637656       0.29151129702367523     
          84          15   712.312500     T  -16.553889605063073       -4.8025118115093850        213.53789160141213        2.0179146928247915        3.8182861516438993       0.36823963975710827        1.2004386199947945       0.11304682635637656       0.29151129702367523     
          85          15   712.312500     T  -16.553889605063073       -4.8025118115093850        213.53789160141213        2.0179146928247915        3.8182861516438993       0.36823963975710827        1.2004386199947945       0.11304682635637656       0.29151129702367523     
          86          15   712.312500     T  -16.553889605063073       -4.8025118115093850        213.53789160141213        2.0179146928247915        3.8182861516438993       0.36823963975710827        1.2004386199947945       0.11304682635637656       0.29151129702367523     
          87          15   1351.45312     T  -15.264932907732206       -4.2533507379400231        197.82846290249941        1.3961040270014853        8.0626417802186019       -1.6141414893107073        1.5579191177068534       0.31142801604297538       0.18210571813566637     
          88          15   1351.45312     T  -15.264932907732206       -4.2533507379400231        197.82846290249941        1.3961040270014853        8.0626417802186019       -1.6141414893107073        1.5579191177068534       0.31142801604297538       0.18210571813566637     
          89          15   1272.49219     T  -16.228512944718794       -4.1060305867371181        237.64992307290115        1.2587736288096139        10.349159857447942      -0.36420243327804352        1.3800651255100407       0.24984784897460627       0.14475702534998813     
          90          15   1272.49219     T  -16.228512944718794       -4.1060305867371181        237.64992307290115        1.2587736288096139        10.349159857447942      -0.36420243327804352        1.3800651255100407       0.24984784897460627       0.14475702534998813     
          91          15   1272.49219     T  -16.228512944718794       -4.1060305867371181        237.64992307290115        1.2587736288096139        10.349159857447942      -0.36420243327804352        1.3800651255100407       0.24984784897460627       0.14475702534998813     
          92          15   1272.49219     T  -16.228512944718794       -4.1060305867371181        237.64992307290115        1.2587736288096139        10.349159857447942      -0.36420243327804352        1.3800651255100407       0.24984784897460627       0.14475702534998813     
          93          15   1272.49219     T  -16.228512944718794       -4.1060305867371181        237.64992307290115        1.2587736288096139        10.349159857447942      -0.36420243327804352        1.3800651255100407       0.24984784897460627       0.14475702534998813     
          94          15   1272.49219     T  -16.228512944718794       -4.1060305867371181        237.64992307290115        1.2587736288096139        10.349159857447942      -0.36420243327804352        1.3800651255100407       0.24984784897460627       0.14475702534998813     
          95          15   1272.49219     T  -16.228512944718794       -4.1060305867371181        237.64992307290115        1.2587736288096139        10.349159857447942      -0.36420243327804352        1.3800651255100407       0.24984784897460627       0.14475702534998813     
          96          15   1272.49219     T  -16.228512944718794       -4.1060305867371181        237.64992307290115        1.2587736288096139        10.349159857447942      -0.36420243327804352        1.3800651255100407       0.24984784897460627       0.14475702534998813     
          97          15   1272.49219     T  -16.228512944718794       -4.1060305867371181        237.64992307290115        1.2587736288096139        10.349159857447942      -0.36420243327804352        1.3800651255100407       0.24984784897460627       0.14475702534998813     
          98          15   1272.49219     T  -16.228512944718794       -4.1060305867371181        237.64992307290115        1.2587736288096139        10.349159857447942      -0.36420243327804352        1.3800651255100407       0.24984784897460627       0.14475702534998813     
          99          15   1272.49219     T  -16.228512944718794       -4.1060305867371181        237.64992307290115        1.2587736288096139        10.349159857447942      -0.36420243327804352        1.3800651255100407       0.24984784897460627       0.14475702534998813     
         100          15   1272.49219     T  -16.228512944718794       -4.1060305867371181        237.64992307290115        1.2587736288096139        10.349159857447942      -0.36420243327804352        1.3800651255100407       0.24984784897460627       0.14475702534998813     
         101          15   1272.49219     T  -16.228512944718794       -4.1060305867371181        237.64992307290115        1.2587736288096139        10.349159857447942      -0.36420243327804352        1.3800651255100407       0.24984784897460627       0.14475702534998813     
         102          15   1272.49219     T  -16.228512944718794       -4.1060305867371181        237.64992307290115        1.2587736288096139        10.349159857447942      -0.36420243327804352        1.3800651255100407       0.24984784897460627       0.14475702534998813     
         103          15   1272.49219     T  -16.228512944718794       -4.1060305867371181        237.64992307290115        1.2587736288096139        10.349159857447942      -0.36420243327804352        1.3800651255100407       0.24984784897460627       0.14475702534998813     
         104          15   1272.49219     T  -16.228512944718794       -4.1060305867371181        237.64992307290115        1.2587736288096139        10.349159857447942      -0.36420243327804352        1.3800651255100407       0.24984784897460627       0.14475702534998813     
         105          15   1272.49219     T  -16.228512944718794       -4.1060305867371181        237.64992307290115        1.2587736288096139        10.349159857447942      -0.36420243327804352        1.3800651255100407       0.24984784897460627       0.14475702534998813     
         106          15   1272.49219     T  -16.228512944718794       -4.1060305867371181        237.64992307290115        1.2587736288096139        10.349159857447942      -0.36420243327804352        1.3800651255100407       0.24984784897460627       0.14475702534998813     
         107          15   1272.49219     T  -16.228512944718794       -4.1060305867371181        237.64992307290115        1.2587736288096139        10.349159857447942      -0.36420243327804352        1.3800651255100407       0.24984784897460627       0.14475702534998813     
         108          15   1272.49219     T  -16.228512944718794       -4.1060305867371181        237.64992307290115        1.2587736288096139        10.349159857447942      -0.36420243327804352        1.3800651255100407       0.24984784897460627       0.14475702534998813     
         109          15   1272.49219     T  -16.228512944718794       -4.1060305867371181        237.64992307290115        1.2587736288096139        10.349159857447942      -0.36420243327804352        1.3800651255100407       0.24984784897460627       0.14475702534998813     
         110          15   769.375000     T  -16.901334109299313       -5.6847624977824678        155.23539640279088        1.8714470737426998        8.1269941453802570       0.43447738543604980        2.8538212390420798       0.12686198606882110       0.13447647041839539     
         111          15   769.375000     T  -16.901334109299313       -5.6847624977824678        155.23539640279088        1.8714470737426998        8.1269941453802570       0.43447738543604980        2.8538212390420798       0.12686198606882110       0.13447647041839539     
         112          15   769.375000     T  -16.901334109299313       -5.6847624977824678        155.23539640279088        1.8714470737426998        8.1269941453802570       0.43447738543604980        2.8538212390420798       0.12686198606882110       0.13447647041839539     
         113          15   769.375000     T  -16.901334109299313       -5.6847624977824678        155.23539640279088        1.8714470737426998        8.1269941453802570       0.43447738543604980        2.8538212390420798       0.12686198606882110       0.13447647041839539     
         114          15   769.375000     T  -16.901334109299313       -5.6847624977824678        155.23539640279088        1.8714470737426998        8.1269941453802570       0.43447738543604980        2.8538212390420798       0.12686198606882110       0.13447647041839539     
         115          15   1353.95312     T  -16.129234910922303       -4.6678396792587469        220.67984223618961        1.1642861900591983        8.0205643781726099       -1.3721737667527791        1.1648177203248555       0.36564261288395250       0.13972558737433283     
         116          15   1353.95312     T  -16.129234910922303       -4.6678396792587469        220.67984223618961        1.1642861900591983        8.0205643781726099       -1.3721737667527791        1.1648177203248555       0.36564261288395250       0.13972558737433283     
         117          15   1353.95312     T  -16.129234910922303       -4.6678396792587469        220.67984223618961        1.1642861900591983        8.0205643781726099       -1.3721737667527791        1.1648177203248555       0.36564261288395250       0.13972558737433283     
         118          15   1353.95312     T  -16.129234910922303       -4.6678396792587469        220.67984223618961        1.1642861900591983        8.0205643781726099       -1.3721737667527791        1.1648177203248555       0.36564261288395250       0.13972558737433283     
         119          15   1353.95312     T  -16.129234910922303       -4.6678396792587469        220.67984223618961        1.1642861900591983        8.0205643781726099       -1.3721737667527791        1.1648177203248555       0.36564261288395250       0.13972558737433283     
         120          15   1353.95312     T  -16.129234910922303       -4.6678396792587469        220.67984223618961        1.1642861900591983        8.0205643781726099       -1.3721737667527791        1.1648177203248555       0.36564261288395250       0.13972558737433283     
         121          15   1353.95312     T  -16.129234910922303       -4.6678396792587469        220.67984223618961        1.1642861900591983        8.0205643781726099       -1.3721737667527791        1.1648177203248555       0.36564261288395250       0.13972558737433283     
         122          15   1353.95312     T  -16.129234910922303       -4.6678396792587469        220.67984223618961        1.1642861900591983        8.0205643781726099       -1.3721737667527791        1.1648177203248555       0.36564261288395250       0.13972558737433283     
         123          15   1225.31250     T  -16.648574607663189       -4.4344075171509649        232.63938850668791        1.1824635887579418        9.5153204100337394       -1.0988275051994283        1.3167211543663764       0.37140557718853456       0.18404239697712374     
         124          15   1225.31250     T  -16.648574607663189       -4.4344075171509649        232.63938850668791        1.1824635887579418        9.5153204100337394       -1.0988275051994283        1.3167211543663764       0.37140557718853456       0.18404239697712374     
         125          15   1225.31250     T  -16.648574607663189       -4.4344075171509649        232.63938850668791        1.1824635887579418        9.5153204100337394       -1.0988275051994283        1.3167211543663764       0.37140557718853456       0.18404239697712374     
         126          15   1100.09375     T  -18.772026696600548       -5.4158578078145130        224.52408557949624        1.4286307653479802        13.062131922444721       0.39317493994448749        1.5227941377078806       0.34396944104161531       0.19268250211623586     
         127          15   1100.09375     T  -18.772026696600548       -5.4158578078145130        224.52408557949624        1.4286307653479802        13.062131922444721       0.39317493994448749        1.5227941377078806       0.34396944104161531       0.19268250211623586     
         128          15   1679.73438     T  -18.446536673077752       -5.9907732328259344        257.85076776320460       0.58324085768448264        8.9096436877282095      -0.90612904043160825        1.8847683651081675       0.39373473542682519       0.12400993319045928     
         129          15   1679.73438     T  -18.446536673077752       -5.9907732328259344        257.85076776320460       0.58324085768448264        8.9096436877282095      -0.90612904043160825        1.8847683651081675       0.39373473542682519       0.12400993319045928     
         130          15   1679.73438     T  -18.446536673077752       -5.9907732328259344        257.85076776320460       0.58324085768448264        8.9096436877282095      -0.90612904043160825        1.8847683651081675       0.39373473542682519       0.12400993319045928     
         131          15   1768.92188     T  -20.007161866270149       -7.6859288516674464        252.54127815440708        6.0232868175927538E-002   9.3348044436833533      -0.47759836323303806        3.1702989233534575       0.36229653898762076       0.17799508682239376     
         132          15   1768.92188     T  -20.007161866270149       -7.6859288516674464        252.54127815440708        6.0232868175927538E-002   9.3348044436833533      -0.47759836323303806        3.1702989233534575       0.36229653898762076       0.17799508682239376     
         133          15   1768.92188     T  -20.007161866270149       -7.6859288516674464        252.54127815440708        6.0232868175927538E-002   9.3348044436833533      -0.47759836323303806        3.1702989233534575       0.36229653898762076       0.17799508682239376     
         134          15   1768.92188     T  -20.007161866270149       -7.6859288516674464        252.54127815440708        6.0232868175927538E-002   9.3348044436833533      -0.47759836323303806        3.1702989233534575       0.36229653898762076       0.17799508682239376     
         135          15   1768.92188     T  -20.007161866270149       -7.6859288516674464        252.54127815440708        6.0232868175927538E-002   9.3348044436833533      -0.47759836323303806        3.1702989233534575       0.36229653898762076       0.17799508682239376     
         136          15   1768.92188     T  -20.007161866270149       -7.6859288516674464        252.54127815440708        6.0232868175927538E-002   9.3348044436833533      -0.47759836323303806        3.1702989233534575       0.36229653898762076       0.17799508682239376     
         137          15   1768.92188     T  -20.007161866270149       -7.6859288516674464        252.54127815440708        6.0232868175927538E-002   9.3348044436833533      -0.47759836323303806        3.1702989233534575       0.36229653898762076       0.17799508682239376     
         138          15   1768.92188     T  -20.007161866270149       -7.6859288516674464        252.54127815440708        6.0232868175927538E-002   9.3348044436833533      -0.47759836323303806        3.1702989233534575       0.36229653898762076       0.17799508682239376     
         139          15   1768.92188     T  -20.007161866270149       -7.6859288516674464        252.54127815440708        6.0232868175927538E-002   9.3348044436833533      -0.47759836323303806        3.1702989233534575       0.36229653898762076       0.17799508682239376     
         140          15   1768.92188     T  -20.007161866270149       -7.6859288516674464        252.54127815440708        6.0232868175927538E-002   9.3348044436833533      -0.47759836323303806        3.1702989233534575       0.36229653898762076       0.17799508682239376     
         141          15   1768.92188     T  -20.007161866270149       -7.6859288516674464        252.54127815440708        6.0232868175927538E-002   9.3348044436833533      -0.47759836323303806        3.1702989233534575       0.36229653898762076       0.17799508682239376     
         142          15   1440.68750     T  -18.063844796452720       -6.4807971080522968        252.53056692483756       0.52380233595191739        7.5644999005239004       -9.6786425964328168E-002   2.2612755304564502       0.33489062861694968       0.18785013092159014     
         143          15   1418.76562     T  -15.884370391362054       -5.1079417028217717        268.06829622023884       0.93831787663573241        3.9910171183364000       -1.7382473016271240        1.1537799488873259       0.27507867284243159       0.20647344493489178     
         144          15   1418.76562     T  -15.884370391362054       -5.1079417028217717        268.06829622023884       0.93831787663573241        3.9910171183364000       -1.7382473016271240        1.1537799488873259       0.27507867284243159       0.20647344493489178     
         145          15   1418.76562     T  -15.884370391362054       -5.1079417028217717        268.06829622023884       0.93831787663573241        3.9910171183364000       -1.7382473016271240        1.1537799488873259       0.27507867284243159       0.20647344493489178     
         146          15   1418.76562     T  -15.884370391362054       -5.1079417028217717        268.06829622023884       0.93831787663573241        3.9910171183364000       -1.7382473016271240        1.1537799488873259       0.27507867284243159       0.20647344493489178     
         147          15   1418.76562     T  -15.884370391362054       -5.1079417028217717        268.06829622023884       0.93831787663573241        3.9910171183364000       -1.7382473016271240        1.1537799488873259       0.27507867284243159       0.20647344493489178     
         148          15   1418.76562     T  -15.884370391362054       -5.1079417028217717        268.06829622023884       0.93831787663573241        3.9910171183364000       -1.7382473016271240        1.1537799488873259       0.27507867284243159       0.20647344493489178     
         149          15   1418.76562     T  -15.884370391362054       -5.1079417028217717        268.06829622023884       0.93831787663573241        3.9910171183364000       -1.7382473016271240        1.1537799488873259       0.27507867284243159       0.20647344493489178     
         150          15   1418.76562     T  -15.884370391362054       -5.1079417028217717        268.06829622023884       0.93831787663573241        3.9910171183364000       -1.7382473016271240        1.1537799488873259       0.27507867284243159       0.20647344493489178     
         151          15   1455.65625     T  -14.756501923942407       -4.8401929610440462        193.55317818729014        1.0628803348126716        5.4256593078731417       -1.7233207426659654        2.4619575024557023       0.24023805218569266       0.16025913592524674     
         152          15   1455.65625     T  -14.756501923942407       -4.8401929610440462        193.55317818729014        1.0628803348126716        5.4256593078731417       -1.7233207426659654        2.4619575024557023       0.24023805218569266       0.16025913592524674     
         153          15   1101.26562     T  -13.856375477669495       -3.6692525184572657        233.49433742082272        1.5584342719126161        4.0185383220561661       -1.1060584531539761        1.3951224209371600       0.21107873584621925       0.17304088745663238     
         154          15   1101.26562     T  -13.856375477669495       -3.6692525184572657        233.49433742082272        1.5584342719126161        4.0185383220561661       -1.1060584531539761        1.3951224209371600       0.21107873584621925       0.17304088745663238     
         155          15   1101.26562     T  -13.856375477669495       -3.6692525184572657        233.49433742082272        1.5584342719126161        4.0185383220561661       -1.1060584531539761        1.3951224209371600       0.21107873584621925       0.17304088745663238     
         156          15   1101.26562     T  -13.856375477669495       -3.6692525184572657        233.49433742082272        1.5584342719126161        4.0185383220561661       -1.1060584531539761        1.3951224209371600       0.21107873584621925       0.17304088745663238     
         157          15   1101.26562     T  -13.856375477669495       -3.6692525184572657        233.49433742082272        1.5584342719126161        4.0185383220561661       -1.1060584531539761        1.3951224209371600       0.21107873584621925       0.17304088745663238     
         158          15   1101.26562     T  -13.856375477669495       -3.6692525184572657        233.49433742082272        1.5584342719126161        4.0185383220561661       -1.1060584531539761        1.3951224209371600       0.21107873584621925       0.17304088745663238     
         159          15   1101.26562     T  -13.856375477669495       -3.6692525184572657        233.49433742082272        1.5584342719126161        4.0185383220561661       -1.1060584531539761        1.3951224209371600       0.21107873584621925       0.17304088745663238     
         160          15   1101.26562     T  -13.856375477669495       -3.6692525184572657        233.49433742082272        1.5584342719126161        4.0185383220561661       -1.1060584531539761        1.3951224209371600       0.21107873584621925       0.17304088745663238     
         161          15   1101.26562     T  -13.856375477669495       -3.6692525184572657        233.49433742082272        1.5584342719126161        4.0185383220561661       -1.1060584531539761        1.3951224209371600       0.21107873584621925       0.17304088745663238     
         162          15   1153.64062     T  -14.052729231925337       -4.1162876021393382        211.07924554959311        1.6224800759531568        4.0514376148171616      -0.94010810467106831       0.37846860143502631       0.20349616567939149       0.16828194363773344     
         163          15   1153.64062     T  -14.052729231925337       -4.1162876021393382        211.07924554959311        1.6224800759531568        4.0514376148171616      -0.94010810467106831       0.37846860143502631       0.20349616567939149       0.16828194363773344     
         164          15   1153.64062     T  -14.052729231925337       -4.1162876021393382        211.07924554959311        1.6224800759531568        4.0514376148171616      -0.94010810467106831       0.37846860143502631       0.20349616567939149       0.16828194363773344     
         165          15   1153.64062     T  -14.052729231925337       -4.1162876021393382        211.07924554959311        1.6224800759531568        4.0514376148171616      -0.94010810467106831       0.37846860143502631       0.20349616567939149       0.16828194363773344     
         166          15   1153.64062     T  -14.052729231925337       -4.1162876021393382        211.07924554959311        1.6224800759531568        4.0514376148171616      -0.94010810467106831       0.37846860143502631       0.20349616567939149       0.16828194363773344     
         167          15   1153.64062     T  -14.052729231925337       -4.1162876021393382        211.07924554959311        1.6224800759531568        4.0514376148171616      -0.94010810467106831       0.37846860143502631       0.20349616567939149       0.16828194363773344     
         168          15   1153.64062     T  -14.052729231925337       -4.1162876021393382        211.07924554959311        1.6224800759531568        4.0514376148171616      -0.94010810467106831       0.37846860143502631       0.20349616567939149       0.16828194363773344     
         169          15   1153.64062     T  -14.052729231925337       -4.1162876021393382        211.07924554959311        1.6224800759531568        4.0514376148171616      -0.94010810467106831       0.37846860143502631       0.20349616567939149       0.16828194363773344     
         170          15   1153.64062     T  -14.052729231925337       -4.1162876021393382        211.07924554959311        1.6224800759531568        4.0514376148171616      -0.94010810467106831       0.37846860143502631       0.20349616567939149       0.16828194363773344     
         171          15   1153.64062     T  -14.052729231925337       -4.1162876021393382        211.07924554959311        1.6224800759531568        4.0514376148171616      -0.94010810467106831       0.37846860143502631       0.20349616567939149       0.16828194363773344     
         172          15   1153.64062     T  -14.052729231925337       -4.1162876021393382        211.07924554959311        1.6224800759531568        4.0514376148171616      -0.94010810467106831       0.37846860143502631       0.20349616567939149       0.16828194363773344     
         173          15   1011.81250     T  -14.069788967436125       -3.8458434477845662        236.18441643095903        1.5830061185203925        3.9993524885724776       -1.1077898354738109        1.3774929557191593       0.20907460641580913       0.17357983267450505     
         174          15   1011.81250     T  -14.069788967436125       -3.8458434477845662        236.18441643095903        1.5830061185203925        3.9993524885724776       -1.1077898354738109        1.3774929557191593       0.20907460641580913       0.17357983267450505     
         175          15   1011.81250     T  -14.069788967436125       -3.8458434477845662        236.18441643095903        1.5830061185203925        3.9993524885724776       -1.1077898354738109        1.3774929557191593       0.20907460641580913       0.17357983267450505     
         176          15   1011.81250     T  -14.069788967436125       -3.8458434477845662        236.18441643095903        1.5830061185203925        3.9993524885724776       -1.1077898354738109        1.3774929557191593       0.20907460641580913       0.17357983267450505     
         177          15   1011.81250     T  -14.069788967436125       -3.8458434477845662        236.18441643095903        1.5830061185203925        3.9993524885724776       -1.1077898354738109        1.3774929557191593       0.20907460641580913       0.17357983267450505     
         178          15   1011.81250     T  -14.069788967436125       -3.8458434477845662        236.18441643095903        1.5830061185203925        3.9993524885724776       -1.1077898354738109        1.3774929557191593       0.20907460641580913       0.17357983267450505     
         179          15   1011.81250     T  -14.069788967436125       -3.8458434477845662        236.18441643095903        1.5830061185203925        3.9993524885724776       -1.1077898354738109        1.3774929557191593       0.20907460641580913       0.17357983267450505     
         180          15   1011.81250     T  -14.069788967436125       -3.8458434477845662        236.18441643095903        1.5830061185203925        3.9993524885724776       -1.1077898354738109        1.3774929557191593       0.20907460641580913       0.17357983267450505     
         181          15   1011.81250     T  -14.069788967436125       -3.8458434477845662        236.18441643095903        1.5830061185203925        3.9993524885724776       -1.1077898354738109        1.3774929557191593       0.20907460641580913       0.17357983267450505     
         182          15   1288.00000     T  -14.345956752408359       -4.2494619129343878        214.06745442190601        1.1326068063002994        3.8262593328004124      -0.94245341936679683        1.5535458718353041       0.18050961214496228       0.18124142383190620     
         183          15   1304.90625     T  -14.422005346683669       -4.3322200528383048        213.54182041931017        1.1304583806649096        3.8284662720308966      -0.93737489036285926        1.5461150018329799       0.18056331205728005       0.18111585759136239     
         184          15   1300.78125     T  -14.278552312981409       -4.1984541040623924        213.35166755329527        1.1327504687009262        3.8230797205209943      -0.93735674802386415        1.5505182115035041       0.18193320586762918       0.18112725201617344     
         185          15   1300.78125     T  -14.278552312981409       -4.1984541040623924        213.35166755329527        1.1327504687009262        3.8230797205209943      -0.93735674802386415        1.5505182115035041       0.18193320586762918       0.18112725201617344     
         186          15   847.843750     T  -14.846606717805285       -5.0469056173560105        193.73758031016547        2.2144783987452938        4.0702930148177776      -0.81875972483347470        2.3295160122040315       0.21125392318780464       0.19036009880177140     
         187          15   847.843750     T  -14.846606717805285       -5.0469056173560105        193.73758031016547        2.2144783987452938        4.0702930148177776      -0.81875972483347470        2.3295160122040315       0.21125392318780464       0.19036009880177140     
         188          15   847.843750     T  -14.846606717805285       -5.0469056173560105        193.73758031016547        2.2144783987452938        4.0702930148177776      -0.81875972483347470        2.3295160122040315       0.21125392318780464       0.19036009880177140     
         189          15   847.843750     T  -14.846606717805285       -5.0469056173560105        193.73758031016547        2.2144783987452938        4.0702930148177776      -0.81875972483347470        2.3295160122040315       0.21125392318780464       0.19036009880177140     
         190          15   847.843750     T  -14.846606717805285       -5.0469056173560105        193.73758031016547        2.2144783987452938        4.0702930148177776      -0.81875972483347470        2.3295160122040315       0.21125392318780464       0.19036009880177140     
         191          15   981.656250     T  -14.325709138491966       -4.4103489902774173        187.90233324825903        1.8488297654473811        3.7128478165059327      -0.74478182191832942        1.4600706132896029       0.18960445749717592       0.21174758596773918     
         192          15   981.656250     T  -14.325709138491966       -4.4103489902774173        187.90233324825903        1.8488297654473811        3.7128478165059327      -0.74478182191832942        1.4600706132896029       0.18960445749717592       0.21174758596773918     
         193          15   1209.90625     T  -14.377129243174789       -4.3179582427727636        205.13387883628494        1.6417412626116026        3.4180768818845997       -1.0087347081144526      -0.37427106732833931       0.25307387597657083       0.21288206691347625     
         194          15   1209.90625     T  -14.377129243174789       -4.3179582427727636        205.13387883628494        1.6417412626116026        3.4180768818845997       -1.0087347081144526      -0.37427106732833931       0.25307387597657083       0.21288206691347625     
         195          15   1209.90625     T  -14.377129243174789       -4.3179582427727636        205.13387883628494        1.6417412626116026        3.4180768818845997       -1.0087347081144526      -0.37427106732833931       0.25307387597657083       0.21288206691347625     
         196          15   1209.90625     T  -14.377129243174789       -4.3179582427727636        205.13387883628494        1.6417412626116026        3.4180768818845997       -1.0087347081144526      -0.37427106732833931       0.25307387597657083       0.21288206691347625     
         197          15   1209.90625     T  -14.377129243174789       -4.3179582427727636        205.13387883628494        1.6417412626116026        3.4180768818845997       -1.0087347081144526      -0.37427106732833931       0.25307387597657083       0.21288206691347625     
         198          15   1209.90625     T  -14.377129243174789       -4.3179582427727636        205.13387883628494        1.6417412626116026        3.4180768818845997       -1.0087347081144526      -0.37427106732833931       0.25307387597657083       0.21288206691347625     
         199          15   1209.90625     T  -14.377129243174789       -4.3179582427727636        205.13387883628494        1.6417412626116026        3.4180768818845997       -1.0087347081144526      -0.37427106732833931       0.25307387597657083       0.21288206691347625     
         200          15   1209.90625     T  -14.377129243174789       -4.3179582427727636        205.13387883628494        1.6417412626116026        3.4180768818845997       -1.0087347081144526      -0.37427106732833931       0.25307387597657083       0.21288206691347625     
         201          15   1209.90625     T  -14.377129243174789       -4.3179582427727636        205.13387883628494        1.6417412626116026        3.4180768818845997       -1.0087347081144526      -0.37427106732833931       0.25307387597657083       0.21288206691347625     
         202          15   1209.90625     T  -14.377129243174789       -4.3179582427727636        205.13387883628494        1.6417412626116026        3.4180768818845997       -1.0087347081144526      -0.37427106732833931       0.25307387597657083       0.21288206691347625     
         203          15   1209.90625     T  -14.377129243174789       -4.3179582427727636        205.13387883628494        1.6417412626116026        3.4180768818845997       -1.0087347081144526      -0.37427106732833931       0.25307387597657083       0.21288206691347625     
         204          15   1169.09375     T  -13.757441497042715       -3.3653195185428846        201.53288249706029        2.0290721115406014        3.3257533843209170      -0.96714124850941108       0.94596151139254103       0.15716413278322613       0.22182125364577196     
         205          15   1169.09375     T  -13.757441497042715       -3.3653195185428846        201.53288249706029        2.0290721115406014        3.3257533843209170      -0.96714124850941108       0.94596151139254103       0.15716413278322613       0.22182125364577196     
         206          15   968.625000     T  -15.237426950356282       -4.2100171492200360        216.25858461405019        1.5619878908523408        3.0332159762334592      -0.91364768874215063        1.3411295536380810       0.13194590019550548       0.23059971959433415     
         207          15   968.625000     T  -15.237426950356282       -4.2100171492200360        216.25858461405019        1.5619878908523408        3.0332159762334592      -0.91364768874215063        1.3411295536380810       0.13194590019550548       0.23059971959433415     
         208          15   1243.71875     T  -14.631236661654398       -3.7998468647462067        169.90314601918081       0.55285026446070906        4.0771478381798669      -0.49418174272149651        4.9295134654856891       0.10286002516608460       0.17088029723685538     
         209          15   1243.71875     T  -14.631236661654398       -3.7998468647462067        169.90314601918081       0.55285026446070906        4.0771478381798669      -0.49418174272149651        4.9295134654856891       0.10286002516608460       0.17088029723685538     
         210          15   1243.71875     T  -14.631236661654398       -3.7998468647462067        169.90314601918081       0.55285026446070906        4.0771478381798669      -0.49418174272149651        4.9295134654856891       0.10286002516608460       0.17088029723685538     
         211          15   1243.71875     T  -14.631236661654398       -3.7998468647462067        169.90314601918081       0.55285026446070906        4.0771478381798669      -0.49418174272149651        4.9295134654856891       0.10286002516608460       0.17088029723685538     
         212          15   1243.71875     T  -14.631236661654398       -3.7998468647462067        169.90314601918081       0.55285026446070906        4.0771478381798669      -0.49418174272149651        4.9295134654856891       0.10286002516608460       0.17088029723685538     
         213          15   1004.06250     T  -14.556048789333602       -4.4517705566266281        154.94791324981423        1.0044228954610772        4.3753669930239072      -0.55920056207611524        4.4960741527192329       0.12758449568167138       0.16111868039541982     
         214          15   1082.34375     T  -14.485028387401140       -4.5439302329241977        155.12024167973644        1.0018731210618430        4.3749297231185560      -0.56670034081578513        4.5115130282135034       0.13724183206023735       0.16272429907197672     
         215          15   1082.34375     T  -14.485028387401140       -4.5439302329241977        155.12024167973644        1.0018731210618430        4.3749297231185560      -0.56670034081578513        4.5115130282135034       0.13724183206023735       0.16272429907197672     
         216          15   1082.34375     T  -14.485028387401140       -4.5439302329241977        155.12024167973644        1.0018731210618430        4.3749297231185560      -0.56670034081578513        4.5115130282135034       0.13724183206023735       0.16272429907197672     
         217          15   1082.34375     T  -14.485028387401140       -4.5439302329241977        155.12024167973644        1.0018731210618430        4.3749297231185560      -0.56670034081578513        4.5115130282135034       0.13724183206023735       0.16272429907197672     
         218          15   1082.34375     T  -14.485028387401140       -4.5439302329241977        155.12024167973644        1.0018731210618430        4.3749297231185560      -0.56670034081578513        4.5115130282135034       0.13724183206023735       0.16272429907197672     
         219          15   1082.34375     T  -14.485028387401140       -4.5439302329241977        155.12024167973644        1.0018731210618430        4.3749297231185560      -0.56670034081578513        4.5115130282135034       0.13724183206023735       0.16272429907197672     
         220          15   1082.34375     T  -14.485028387401140       -4.5439302329241977        155.12024167973644        1.0018731210618430        4.3749297231185560      -0.56670034081578513        4.5115130282135034       0.13724183206023735       0.16272429907197672     
         221          15   1082.34375     T  -14.485028387401140       -4.5439302329241977        155.12024167973644        1.0018731210618430        4.3749297231185560      -0.56670034081578513        4.5115130282135034       0.13724183206023735       0.16272429907197672     
         222          15   1082.34375     T  -14.485028387401140       -4.5439302329241977        155.12024167973644        1.0018731210618430        4.3749297231185560      -0.56670034081578513        4.5115130282135034       0.13724183206023735       0.16272429907197672     
         223          15   1082.34375     T  -14.485028387401140       -4.5439302329241977        155.12024167973644        1.0018731210618430        4.3749297231185560      -0.56670034081578513        4.5115130282135034       0.13724183206023735       0.16272429907197672     
         224          15   988.687500     T  -14.418840209233514       -4.4730171628252293        155.14671359152780       0.99509160184869072        4.3858567499649768      -0.56856468781350644        4.5183092958487610       0.13699839638883290       0.16231528915562576     
         225          15   988.687500     T  -14.418840209233514       -4.4730171628252293        155.14671359152780       0.99509160184869072        4.3858567499649768      -0.56856468781350644        4.5183092958487610       0.13699839638883290       0.16231528915562576     
         226          15   988.687500     T  -14.418840209233514       -4.4730171628252293        155.14671359152780       0.99509160184869072        4.3858567499649768      -0.56856468781350644        4.5183092958487610       0.13699839638883290       0.16231528915562576     
         227          15   988.687500     T  -14.418840209233514       -4.4730171628252293        155.14671359152780       0.99509160184869072        4.3858567499649768      -0.56856468781350644        4.5183092958487610       0.13699839638883290       0.16231528915562576     
         228          15   988.687500     T  -14.418840209233514       -4.4730171628252293        155.14671359152780       0.99509160184869072        4.3858567499649768      -0.56856468781350644        4.5183092958487610       0.13699839638883290       0.16231528915562576     
         229          15   988.687500     T  -14.418840209233514       -4.4730171628252293        155.14671359152780       0.99509160184869072        4.3858567499649768      -0.56856468781350644        4.5183092958487610       0.13699839638883290       0.16231528915562576     
         230          15   988.687500     T  -14.418840209233514       -4.4730171628252293        155.14671359152780       0.99509160184869072        4.3858567499649768      -0.56856468781350644        4.5183092958487610       0.13699839638883290       0.16231528915562576     
         231          15   988.687500     T  -14.418840209233514       -4.4730171628252293        155.14671359152780       0.99509160184869072        4.3858567499649768      -0.56856468781350644        4.5183092958487610       0.13699839638883290       0.16231528915562576     
         232          15   988.687500     T  -14.418840209233514       -4.4730171628252293        155.14671359152780       0.99509160184869072        4.3858567499649768      -0.56856468781350644        4.5183092958487610       0.13699839638883290       0.16231528915562576     
         233          15   1141.09375     T  -13.849801211334466       -4.0409335334819909        195.84196715686835        1.8580363070054020        3.7768716149780559      -0.92073792008941180        1.1251440358431810       0.20125473184822371       0.18107904894091090     
         234          15   976.843750     T  -15.542235818872808       -3.5942131947518750        209.56327524355430        2.0523920745003630        2.5584713526367238       -1.4863776325039095       -3.2682445261631089E-002  0.14461418305133139       0.34542592901862212     
         235          15   1016.68750     T  -15.263742790253191       -4.2186247143602440        215.36764558596619        2.0838900308510935        2.7801012944406653       -1.3566994908345107       0.35805971347257814       0.19776124156728309       0.29674112766840194     
         236          15   1016.68750     T  -15.263742790253191       -4.2186247143602440        215.36764558596619        2.0838900308510935        2.7801012944406653       -1.3566994908345107       0.35805971347257814       0.19776124156728309       0.29674112766840194     
         237          15   682.906250     T  -15.592025768076034       -5.2381932348549336        177.53684883058031        1.7562696452486528        3.4697663070460094      -0.71129765892849350        4.0873641451077365       0.18237408866845684       0.27796928376276364     
         238          15   682.906250     T  -15.592025768076034       -5.2381932348549336        177.53684883058031        1.7562696452486528        3.4697663070460094      -0.71129765892849350        4.0873641451077365       0.18237408866845684       0.27796928376276364     
         239          15   682.906250     T  -15.592025768076034       -5.2381932348549336        177.53684883058031        1.7562696452486528        3.4697663070460094      -0.71129765892849350        4.0873641451077365       0.18237408866845684       0.27796928376276364     
         240          15   682.906250     T  -15.592025768076034       -5.2381932348549336        177.53684883058031        1.7562696452486528        3.4697663070460094      -0.71129765892849350        4.0873641451077365       0.18237408866845684       0.27796928376276364     
         241          15   682.906250     T  -15.592025768076034       -5.2381932348549336        177.53684883058031        1.7562696452486528        3.4697663070460094      -0.71129765892849350        4.0873641451077365       0.18237408866845684       0.27796928376276364     
         242          15   682.906250     T  -15.592025768076034       -5.2381932348549336        177.53684883058031        1.7562696452486528        3.4697663070460094      -0.71129765892849350        4.0873641451077365       0.18237408866845684       0.27796928376276364     
         243          15   682.906250     T  -15.592025768076034       -5.2381932348549336        177.53684883058031        1.7562696452486528        3.4697663070460094      -0.71129765892849350        4.0873641451077365       0.18237408866845684       0.27796928376276364     
         244          15   682.906250     T  -15.592025768076034       -5.2381932348549336        177.53684883058031        1.7562696452486528        3.4697663070460094      -0.71129765892849350        4.0873641451077365       0.18237408866845684       0.27796928376276364     
         245          15   682.906250     T  -15.592025768076034       -5.2381932348549336        177.53684883058031        1.7562696452486528        3.4697663070460094      -0.71129765892849350        4.0873641451077365       0.18237408866845684       0.27796928376276364     
         246          15   682.906250     T  -15.592025768076034       -5.2381932348549336        177.53684883058031        1.7562696452486528        3.4697663070460094      -0.71129765892849350        4.0873641451077365       0.18237408866845684       0.27796928376276364     
         247          15   682.906250     T  -15.592025768076034       -5.2381932348549336        177.53684883058031        1.7562696452486528        3.4697663070460094      -0.71129765892849350        4.0873641451077365       0.18237408866845684       0.27796928376276364     
         248          15   682.906250     T  -15.592025768076034       -5.2381932348549336        177.53684883058031        1.7562696452486528        3.4697663070460094      -0.71129765892849350        4.0873641451077365       0.18237408866845684       0.27796928376276364     
         249          15   682.906250     T  -15.592025768076034       -5.2381932348549336        177.53684883058031        1.7562696452486528        3.4697663070460094      -0.71129765892849350        4.0873641451077365       0.18237408866845684       0.27796928376276364     
         250          15   1038.93750     T  -12.859429923098821       -2.9731751933475095        163.25484000857082        1.0777222722414923        4.5804029142899489      -0.48494997246579385        4.9907977270883856       0.19747321685453811       0.10132623445560646     
         251          15   1038.93750     T  -12.859429923098821       -2.9731751933475095        163.25484000857082        1.0777222722414923        4.5804029142899489      -0.48494997246579385        4.9907977270883856       0.19747321685453811       0.10132623445560646     
         252          15   1038.93750     T  -12.859429923098821       -2.9731751933475095        163.25484000857082        1.0777222722414923        4.5804029142899489      -0.48494997246579385        4.9907977270883856       0.19747321685453811       0.10132623445560646     
         253          15   1038.93750     T  -12.859429923098821       -2.9731751933475095        163.25484000857082        1.0777222722414923        4.5804029142899489      -0.48494997246579385        4.9907977270883856       0.19747321685453811       0.10132623445560646     
         254          15   1038.93750     T  -12.859429923098821       -2.9731751933475095        163.25484000857082        1.0777222722414923        4.5804029142899489      -0.48494997246579385        4.9907977270883856       0.19747321685453811       0.10132623445560646     
         255          15   1038.93750     T  -12.859429923098821       -2.9731751933475095        163.25484000857082        1.0777222722414923        4.5804029142899489      -0.48494997246579385        4.9907977270883856       0.19747321685453811       0.10132623445560646     
         256          15   1038.93750     T  -12.859429923098821       -2.9731751933475095        163.25484000857082        1.0777222722414923        4.5804029142899489      -0.48494997246579385        4.9907977270883856       0.19747321685453811       0.10132623445560646     
         257          15   1038.93750     T  -12.859429923098821       -2.9731751933475095        163.25484000857082        1.0777222722414923        4.5804029142899489      -0.48494997246579385        4.9907977270883856       0.19747321685453811       0.10132623445560646     
         258          15   1038.93750     T  -12.859429923098821       -2.9731751933475095        163.25484000857082        1.0777222722414923        4.5804029142899489      -0.48494997246579385        4.9907977270883856       0.19747321685453811       0.10132623445560646     
         259          15   1038.93750     T  -12.859429923098821       -2.9731751933475095        163.25484000857082        1.0777222722414923        4.5804029142899489      -0.48494997246579385        4.9907977270883856       0.19747321685453811       0.10132623445560646     
         260          15   1038.93750     T  -12.859429923098821       -2.9731751933475095        163.25484000857082        1.0777222722414923        4.5804029142899489      -0.48494997246579385        4.9907977270883856       0.19747321685453811       0.10132623445560646     
         261          15   1038.93750     T  -12.859429923098821       -2.9731751933475095        163.25484000857082        1.0777222722414923        4.5804029142899489      -0.48494997246579385        4.9907977270883856       0.19747321685453811       0.10132623445560646     
         262          15   1038.93750     T  -12.859429923098821       -2.9731751933475095        163.25484000857082        1.0777222722414923        4.5804029142899489      -0.48494997246579385        4.9907977270883856       0.19747321685453811       0.10132623445560646     
         263          15   1038.93750     T  -12.859429923098821       -2.9731751933475095        163.25484000857082        1.0777222722414923        4.5804029142899489      -0.48494997246579385        4.9907977270883856       0.19747321685453811       0.10132623445560646     
         264          15   1038.93750     T  -12.859429923098821       -2.9731751933475095        163.25484000857082        1.0777222722414923        4.5804029142899489      -0.48494997246579385        4.9907977270883856       0.19747321685453811       0.10132623445560646     
         265          15   1038.93750     T  -12.859429923098821       -2.9731751933475095        163.25484000857082        1.0777222722414923        4.5804029142899489      -0.48494997246579385        4.9907977270883856       0.19747321685453811       0.10132623445560646     
         266          15   1038.93750     T  -12.859429923098821       -2.9731751933475095        163.25484000857082        1.0777222722414923        4.5804029142899489      -0.48494997246579385        4.9907977270883856       0.19747321685453811       0.10132623445560646     
         267          15   1038.93750     T  -12.859429923098821       -2.9731751933475095        163.25484000857082        1.0777222722414923        4.5804029142899489      -0.48494997246579385        4.9907977270883856       0.19747321685453811       0.10132623445560646     
         268          15   1038.93750     T  -12.859429923098821       -2.9731751933475095        163.25484000857082        1.0777222722414923        4.5804029142899489      -0.48494997246579385        4.9907977270883856       0.19747321685453811       0.10132623445560646     
         269          15   1038.93750     T  -12.859429923098821       -2.9731751933475095        163.25484000857082        1.0777222722414923        4.5804029142899489      -0.48494997246579385        4.9907977270883856       0.19747321685453811       0.10132623445560646     
         270          15   1038.93750     T  -12.859429923098821       -2.9731751933475095        163.25484000857082        1.0777222722414923        4.5804029142899489      -0.48494997246579385        4.9907977270883856       0.19747321685453811       0.10132623445560646     
         271          15   999.062500     T  -12.563782140043404       -2.6516099485610667        163.68390853797430        1.0816349709257100        4.5922912108059917      -0.48536703674155590        4.9773097670294248       0.19647209189580878       0.10032808627460719     
         272          15   999.062500     T  -12.563782140043404       -2.6516099485610667        163.68390853797430        1.0816349709257100        4.5922912108059917      -0.48536703674155590        4.9773097670294248       0.19647209189580878       0.10032808627460719     
         273          15   999.062500     T  -12.563782140043404       -2.6516099485610667        163.68390853797430        1.0816349709257100        4.5922912108059917      -0.48536703674155590        4.9773097670294248       0.19647209189580878       0.10032808627460719     
         274          15   1031.15625     T  -13.132955974901625       -3.1290800827992022        163.03762116295709       0.99306564544014719        5.6634769603868431      -0.51751031003836911        4.9894006469219434       0.19301872648586535       0.10977595931863005     
         275          15   1031.15625     T  -13.132955974901625       -3.1290800827992022        163.03762116295709       0.99306564544014719        5.6634769603868431      -0.51751031003836911        4.9894006469219434       0.19301872648586535       0.10977595931863005     
         276          15   1031.15625     T  -13.132955974901625       -3.1290800827992022        163.03762116295709       0.99306564544014719        5.6634769603868431      -0.51751031003836911        4.9894006469219434       0.19301872648586535       0.10977595931863005     
         277          15   1151.00000     T  -13.287187754509908       -3.4278682188842771        165.50704491333011       0.84295279691734204        5.6306967055756880      -0.53345434743360487        4.8419460447381564       0.19581152984738115       0.12469484264939093     
         278          15   1361.15625     T  -14.782069148950507       -4.6889151476359245        167.70943756675487       0.62989599779818972        6.6808126450501719      -0.57561906723940048        4.7004462552181625       0.19501922038718150       0.15362615194858700     
         279          15   1284.75000     T  -14.803662026704385       -4.6898025665522365        167.31850908221622       0.60610264486531329        6.5247164417438297      -0.61367044953553940        4.6790612553266442       0.18205368717834985       0.16994521341214824     
         280          15   1188.06250     T  -13.246835296539880       -3.7195731519220079        162.82451334675244       0.72601951080945848        3.9050376566561615      -0.60013428426817039        4.4980379820737886       0.18239363052177557       0.15245655056015167     
         281          15   1188.06250     T  -13.246835296539880       -3.7195731519220079        162.82451334675244       0.72601951080945848        3.9050376566561615      -0.60013428426817039        4.4980379820737886       0.18239363052177557       0.15245655056015167     
         282          15   1188.06250     T  -13.246835296539880       -3.7195731519220079        162.82451334675244       0.72601951080945848        3.9050376566561615      -0.60013428426817039        4.4980379820737886       0.18239363052177557       0.15245655056015167     
         283          15   1188.06250     T  -13.246835296539880       -3.7195731519220079        162.82451334675244       0.72601951080945848        3.9050376566561615      -0.60013428426817039        4.4980379820737886       0.18239363052177557       0.15245655056015167     
         284          15   1188.06250     T  -13.246835296539880       -3.7195731519220079        162.82451334675244       0.72601951080945848        3.9050376566561615      -0.60013428426817039        4.4980379820737886       0.18239363052177557       0.15245655056015167     
         285          15   1188.06250     T  -13.246835296539880       -3.7195731519220079        162.82451334675244       0.72601951080945848        3.9050376566561615      -0.60013428426817039        4.4980379820737886       0.18239363052177557       0.15245655056015167     
         286          15   1188.06250     T  -13.246835296539880       -3.7195731519220079        162.82451334675244       0.72601951080945848        3.9050376566561615      -0.60013428426817039        4.4980379820737886       0.18239363052177557       0.15245655056015167     
         287          15   1188.06250     T  -13.246835296539880       -3.7195731519220079        162.82451334675244       0.72601951080945848        3.9050376566561615      -0.60013428426817039        4.4980379820737886       0.18239363052177557       0.15245655056015167     
         288          15   1506.25000     T  -14.020147612920830       -4.3733239658947189        162.92988505480133       0.41846418597192769        3.3958871675449180      -0.66661356457217102        4.0413818824338943       0.17996525019942816       0.18743461012638360     
         289          15   1271.90625     T  -13.890693783031388       -3.9616399388481738        161.64106957943216       0.45912997791956411        3.2198522785761408      -0.71635718749595212        4.3464417365480443       0.15476770405693768       0.19968026208985365     
         290          15   1271.90625     T  -13.890693783031388       -3.9616399388481738        161.64106957943216       0.45912997791956411        3.2198522785761408      -0.71635718749595212        4.3464417365480443       0.15476770405693768       0.19968026208985365     
         291          15   1271.90625     T  -13.890693783031388       -3.9616399388481738        161.64106957943216       0.45912997791956411        3.2198522785761408      -0.71635718749595212        4.3464417365480443       0.15476770405693768       0.19968026208985365     
         292          15   1271.90625     T  -13.890693783031388       -3.9616399388481738        161.64106957943216       0.45912997791956411        3.2198522785761408      -0.71635718749595212        4.3464417365480443       0.15476770405693768       0.19968026208985365     
         293          15   1271.90625     T  -13.890693783031388       -3.9616399388481738        161.64106957943216       0.45912997791956411        3.2198522785761408      -0.71635718749595212        4.3464417365480443       0.15476770405693768       0.19968026208985365     
         294          15   1271.90625     T  -13.890693783031388       -3.9616399388481738        161.64106957943216       0.45912997791956411        3.2198522785761408      -0.71635718749595212        4.3464417365480443       0.15476770405693768       0.19968026208985365     
         295          15   1271.90625     T  -13.890693783031388       -3.9616399388481738        161.64106957943216       0.45912997791956411        3.2198522785761408      -0.71635718749595212        4.3464417365480443       0.15476770405693768       0.19968026208985365     
         296          15   1211.81250     T  -15.008223164984393       -4.9875470084433280        180.99883565117386        1.3406456251867929        3.2146489773064006       -1.3501748192812959       0.97941529961406426       0.17691308669803116       0.21796592061727521     
