           1          13   701.313843     F  -38.620378102742272       -28.833725671978971        147.23451413446443        2.4204193854701210        5.7160387670714101        1.0709607793494687        2.0016182625768120       0.28155857466496825       0.20140434363265489     
           2          13   656.202881     F  -28.202929616162905       -18.141861920472731        154.28480834415743        2.4050875563018241        6.3794785848945219       0.98053089970309737        2.0591982931589961       0.25690115489785070       0.21664443978634129     
           3          13   656.202881     F  -28.202929616162905       -18.141861920472731        154.28480834415743        2.4050875563018241        6.3794785848945219       0.98053089970309737        2.0591982931589961       0.25690115489785070       0.21664443978634129     
           4          13   723.301514     F  -28.620972167991386       -18.555293713391887        147.95850771381328        2.4995612341299895        6.2210855826559133       0.89822269030295221        1.9279577771064447       0.28143078402798555       0.22377206876175573     
           5          13   646.579590     F  -28.072952612398204       -18.082731738727603        146.19764283033606        2.7786532529125259        6.0074532316482250       0.86333681269293694        1.9696481987229022       0.27285688706237837       0.22678370968697789     
           6          13   646.579590     F  -28.072952612398204       -18.082731738727603        146.19764283033606        2.7786532529125259        6.0074532316482250       0.86333681269293694        1.9696481987229022       0.27285688706237837       0.22678370968697789     
           7          13   646.579590     F  -28.072952612398204       -18.082731738727603        146.19764283033606        2.7786532529125259        6.0074532316482250       0.86333681269293694        1.9696481987229022       0.27285688706237837       0.22678370968697789     
           8          13   719.597656     F  -21.896260738041860       -11.525316246823310        178.05441666893623        2.4016931458033066        5.9778855994428417       0.72302970549446177        1.7436009823619705       0.30461762203478837       0.23299129458742379     
           9          13   838.297852     F  -18.576674328499038       -8.4947549556826587        165.38392641740117        2.3165347434674564        5.9986634457546799       0.60225381345656048        1.7047228870520206       0.29470780669232854       0.20950889438479631     
          10          13   838.297852     F  -18.576674328499038       -8.4947549556826587        165.38392641740117        2.3165347434674564        5.9986634457546799       0.60225381345656048        1.7047228870520206       0.29470780669232854       0.20950889438479631     
          11          13   838.297852     F  -18.576674328499038       -8.4947549556826587        165.38392641740117        2.3165347434674564        5.9986634457546799       0.60225381345656048        1.7047228870520206       0.29470780669232854       0.20950889438479631     
          12          13   862.511719     F  -18.477072895799886       -8.7256079697820006        169.65450441241316        2.6780506896204646        5.2609690272044460       -1.0864161124013602E-002   1.8390523518929232       0.19377487000881133       0.17902453745707006     
          13          13   862.511719     F  -18.477072895799886       -8.7256079697820006        169.65450441241316        2.6780506896204646        5.2609690272044460       -1.0864161124013602E-002   1.8390523518929232       0.19377487000881133       0.17902453745707006     
          14          13   910.802734     F  -18.259386570725120       -8.7057430860276170        156.39023616765087        2.0619633955415955        4.7545406538590163       0.12685801394187488        1.5652689340083856       0.22656649903896880       0.19871163495011526     
          15          13   910.802734     F  -18.259386570725120       -8.7057430860276170        156.39023616765087        2.0619633955415955        4.7545406538590163       0.12685801394187488        1.5652689340083856       0.22656649903896880       0.19871163495011526     
          16          13   910.802734     F  -18.259386570725120       -8.7057430860276170        156.39023616765087        2.0619633955415955        4.7545406538590163       0.12685801394187488        1.5652689340083856       0.22656649903896880       0.19871163495011526     
          17          13   910.802734     F  -18.259386570725120       -8.7057430860276170        156.39023616765087        2.0619633955415955        4.7545406538590163       0.12685801394187488        1.5652689340083856       0.22656649903896880       0.19871163495011526     
          18          13   910.802734     F  -18.259386570725120       -8.7057430860276170        156.39023616765087        2.0619633955415955        4.7545406538590163       0.12685801394187488        1.5652689340083856       0.22656649903896880       0.19871163495011526     
          19          13   910.802734     F  -18.259386570725120       -8.7057430860276170        156.39023616765087        2.0619633955415955        4.7545406538590163       0.12685801394187488        1.5652689340083856       0.22656649903896880       0.19871163495011526     
          20          13   910.802734     F  -18.259386570725120       -8.7057430860276170        156.39023616765087        2.0619633955415955        4.7545406538590163       0.12685801394187488        1.5652689340083856       0.22656649903896880       0.19871163495011526     
          21          13   910.802734     F  -18.259386570725120       -8.7057430860276170        156.39023616765087        2.0619633955415955        4.7545406538590163       0.12685801394187488        1.5652689340083856       0.22656649903896880       0.19871163495011526     
          22          13   979.931641     F  -17.872134473487847       -7.6982065373831157        177.88222890317590        1.7241683635326925        5.9017254072068432       0.48147772588940396        1.3759309491445046       0.29307272879953783       0.21174661015081025     
          23          13   979.931641     F  -17.872134473487847       -7.6982065373831157        177.88222890317590        1.7241683635326925        5.9017254072068432       0.48147772588940396        1.3759309491445046       0.29307272879953783       0.21174661015081025     
          24          13   979.931641     F  -17.872134473487847       -7.6982065373831157        177.88222890317590        1.7241683635326925        5.9017254072068432       0.48147772588940396        1.3759309491445046       0.29307272879953783       0.21174661015081025     
          25          13   979.931641     F  -17.872134473487847       -7.6982065373831157        177.88222890317590        1.7241683635326925        5.9017254072068432       0.48147772588940396        1.3759309491445046       0.29307272879953783       0.21174661015081025     
          26          13   979.931641     F  -17.872134473487847       -7.6982065373831157        177.88222890317590        1.7241683635326925        5.9017254072068432       0.48147772588940396        1.3759309491445046       0.29307272879953783       0.21174661015081025     
          27          13   979.931641     F  -17.872134473487847       -7.6982065373831157        177.88222890317590        1.7241683635326925        5.9017254072068432       0.48147772588940396        1.3759309491445046       0.29307272879953783       0.21174661015081025     
          28          13   979.931641     F  -17.872134473487847       -7.6982065373831157        177.88222890317590        1.7241683635326925        5.9017254072068432       0.48147772588940396        1.3759309491445046       0.29307272879953783       0.21174661015081025     
          29          13   979.931641     F  -17.872134473487847       -7.6982065373831157        177.88222890317590        1.7241683635326925        5.9017254072068432       0.48147772588940396        1.3759309491445046       0.29307272879953783       0.21174661015081025     
          30          13   979.931641     F  -17.872134473487847       -7.6982065373831157        177.88222890317590        1.7241683635326925        5.9017254072068432       0.48147772588940396        1.3759309491445046       0.29307272879953783       0.21174661015081025     
          31          13   1003.08203     T  -16.930686652058871       -7.0710211277513251        170.65779348314268        1.7491317301649645        5.4054162357505966       0.47750702567890607        1.4029754384569855       0.27545039028040585       0.19895584691405355     
          32          13   1312.94531     T  -17.302592254243724       -3.9085735205138055        229.92049896671517        1.2650108873064059        10.672760405240972       0.13311253640099419       0.58315622891380703       0.47559726327689844       0.10935081494017711     
          33          13   1312.94531     T  -17.302592254243724       -3.9085735205138055        229.92049896671517        1.2650108873064059        10.672760405240972       0.13311253640099419       0.58315622891380703       0.47559726327689844       0.10935081494017711     
          34          13   1312.94531     T  -17.302592254243724       -3.9085735205138055        229.92049896671517        1.2650108873064059        10.672760405240972       0.13311253640099419       0.58315622891380703       0.47559726327689844       0.10935081494017711     
          35          13   1312.94531     T  -17.302592254243724       -3.9085735205138055        229.92049896671517        1.2650108873064059        10.672760405240972       0.13311253640099419       0.58315622891380703       0.47559726327689844       0.10935081494017711     
          36          13   1312.94531     T  -17.302592254243724       -3.9085735205138055        229.92049896671517        1.2650108873064059        10.672760405240972       0.13311253640099419       0.58315622891380703       0.47559726327689844       0.10935081494017711     
          37          13   1312.94531     T  -17.302592254243724       -3.9085735205138055        229.92049896671517        1.2650108873064059        10.672760405240972       0.13311253640099419       0.58315622891380703       0.47559726327689844       0.10935081494017711     
          38          13   966.140625     T  -18.185041962434752       -8.1965038837864714        154.24176377902842        2.3214607079299263        5.8302415117230009       -2.2162950746979569E-002   1.5362318984365049       0.29404500282745272       0.11185091583316839     
          39          13   966.140625     T  -18.185041962434752       -8.1965038837864714        154.24176377902842        2.3214607079299263        5.8302415117230009       -2.2162950746979569E-002   1.5362318984365049       0.29404500282745272       0.11185091583316839     
          40          13   1180.69531     T  -18.302340587809514       -5.1998696661515025        232.34220300198106        1.2897282362480997        10.350361883635559       0.12361095136029515       0.60550352831409171       0.47932579173690171       0.13790659047827697     
          41          13   1180.69531     T  -18.302340587809514       -5.1998696661515025        232.34220300198106        1.2897282362480997        10.350361883635559       0.12361095136029515       0.60550352831409171       0.47932579173690171       0.13790659047827697     
          42          13   1180.69531     T  -18.302340587809514       -5.1998696661515025        232.34220300198106        1.2897282362480997        10.350361883635559       0.12361095136029515       0.60550352831409171       0.47932579173690171       0.13790659047827697     
          43          13   1180.69531     T  -18.302340587809514       -5.1998696661515025        232.34220300198106        1.2897282362480997        10.350361883635559       0.12361095136029515       0.60550352831409171       0.47932579173690171       0.13790659047827697     
          44          13   1123.76562     T  -18.666362406432441       -6.2728081707188377        250.34859927450418        1.0533515270604212        9.9933769937954260       0.91223222320492547       0.97814801695749454       0.33564505336792533       0.14546083551811320     
          45          13   1123.76562     T  -18.666362406432441       -6.2728081707188377        250.34859927450418        1.0533515270604212        9.9933769937954260       0.91223222320492547       0.97814801695749454       0.33564505336792533       0.14546083551811320     
          46          13   1204.24609     T  -18.723423424109718       -6.3414680244533157        250.38185506340480        1.0648723450074422        9.9803390301274675       0.92398573857182331       0.97869883071699382       0.33466136426413162       0.14712216241503201     
          47          13   1204.24609     T  -18.723423424109718       -6.3414680244533157        250.38185506340480        1.0648723450074422        9.9803390301274675       0.92398573857182331       0.97869883071699382       0.33466136426413162       0.14712216241503201     
          48          13   1204.24609     T  -18.723423424109718       -6.3414680244533157        250.38185506340480        1.0648723450074422        9.9803390301274675       0.92398573857182331       0.97869883071699382       0.33466136426413162       0.14712216241503201     
          49          13   1204.24609     T  -18.723423424109718       -6.3414680244533157        250.38185506340480        1.0648723450074422        9.9803390301274675       0.92398573857182331       0.97869883071699382       0.33466136426413162       0.14712216241503201     
          50          13   1290.51562     T  -19.470749797465363       -6.5141887090729780        268.86399399605199       0.95004442110209586        10.615984410901063       0.63785836951544983       0.94275257236879306       0.35961737682106676       0.15554349427883093     
          51          13   1191.96875     T  -19.042997911816716       -5.9582908146861220        186.78622839108243        1.8272455443129834        13.695997036822249       0.25676106203157112        1.3343750012070430       0.32683517941184337       0.18834426133939081     
          52          13   1191.96875     T  -19.042997911816716       -5.9582908146861220        186.78622839108243        1.8272455443129834        13.695997036822249       0.25676106203157112        1.3343750012070430       0.32683517941184337       0.18834426133939081     
          53          13   1419.51562     T  -20.144692305443677       -6.4840298607673077        281.50652134719820       0.86868965706601764        11.495643466383139       0.47224995801414305       0.87947303761290174       0.38034588198658315       0.19728071062467670     
          54          13   1082.35938     T  -14.917827712536544       -3.6400423158752662        204.01544118242234        2.0165477671113585        7.8484069337698621      -0.12627715414652918        1.4224273775423968       0.20457028159062587       0.25096909288871333     
          55          13   1082.35938     T  -14.917827712536544       -3.6400423158752662        204.01544118242234        2.0165477671113585        7.8484069337698621      -0.12627715414652918        1.4224273775423968       0.20457028159062587       0.25096909288871333     
          56          13   1082.35938     T  -14.917827712536544       -3.6400423158752662        204.01544118242234        2.0165477671113585        7.8484069337698621      -0.12627715414652918        1.4224273775423968       0.20457028159062587       0.25096909288871333     
          57          13   1082.35938     T  -14.917827712536544       -3.6400423158752662        204.01544118242234        2.0165477671113585        7.8484069337698621      -0.12627715414652918        1.4224273775423968       0.20457028159062587       0.25096909288871333     
          58          13   1082.35938     T  -14.917827712536544       -3.6400423158752662        204.01544118242234        2.0165477671113585        7.8484069337698621      -0.12627715414652918        1.4224273775423968       0.20457028159062587       0.25096909288871333     
          59          13   997.375000     T  -15.298607171947118       -5.0600326501408013        179.84881850098006        2.4351846521422713        4.7619081634950851      -0.86373852020417274        1.5525567756941783       0.17046950333380531       0.24405158172791314     
          60          13   897.875000     T  -15.157501912850305       -4.2119299653018363        211.80226615680220        2.0511411986451660        6.8742468340225473      -0.30013303608269049        1.4116682810482171       0.20481784808429626       0.23996860057606501     
          61          13   897.875000     T  -15.157501912850305       -4.2119299653018363        211.80226615680220        2.0511411986451660        6.8742468340225473      -0.30013303608269049        1.4116682810482171       0.20481784808429626       0.23996860057606501     
          62          13   897.875000     T  -15.157501912850305       -4.2119299653018363        211.80226615680220        2.0511411986451660        6.8742468340225473      -0.30013303608269049        1.4116682810482171       0.20481784808429626       0.23996860057606501     
          63          13   1045.57812     T  -14.761240809912724       -3.4808833472744101        200.76402781666448        1.8501909583556708        8.4615969365418806       0.30052681190044900        1.4455894967637437       0.18181571792640372       0.21030137764233989     
          64          13   1045.57812     T  -14.761240809912724       -3.4808833472744101        200.76402781666448        1.8501909583556708        8.4615969365418806       0.30052681190044900        1.4455894967637437       0.18181571792640372       0.21030137764233989     
          65          13   1045.57812     T  -14.761240809912724       -3.4808833472744101        200.76402781666448        1.8501909583556708        8.4615969365418806       0.30052681190044900        1.4455894967637437       0.18181571792640372       0.21030137764233989     
          66          13   835.742188     T  -16.821891262670096       -5.4843808300908439        277.30825095124635        1.6085115948915352        2.7592767802791629       -7.2312918045135871E-002   1.5739953213439040       0.19059785141243424       0.10317116485258770     
          67          13   835.742188     T  -16.821891262670096       -5.4843808300908439        277.30825095124635        1.6085115948915352        2.7592767802791629       -7.2312918045135871E-002   1.5739953213439040       0.19059785141243424       0.10317116485258770     
          68          13   815.398438     T  -17.221715577714249       -5.8124557629574962        277.57201634410222        1.6100489420293940        2.6124638005407181       -7.2357092720772981E-002   1.5705847254544407       0.19206629830907362       0.10359495414857288     
          69          13   815.398438     T  -17.221715577714249       -5.8124557629574962        277.57201634410222        1.6100489420293940        2.6124638005407181       -7.2357092720772981E-002   1.5705847254544407       0.19206629830907362       0.10359495414857288     
          70          13   815.398438     T  -17.221715577714249       -5.8124557629574962        277.57201634410222        1.6100489420293940        2.6124638005407181       -7.2357092720772981E-002   1.5705847254544407       0.19206629830907362       0.10359495414857288     
          71          13   965.453125     T  -16.716150591263197       -5.7840968488604698        225.82960107048655        2.1310886765497221        7.2352605255301707      -0.28311424079907155        1.7341584521089217       0.19059543954910427       0.13799076949712560     
          72          13   1107.52344     T  -15.970273392629014       -4.2474385110643942        220.85207777480059        1.6282463059936796        9.8141955309027260       0.31783810768361032        1.5320339640601384       0.25763419693089129       0.15781198024030271     
          73          13   1107.52344     T  -15.970273392629014       -4.2474385110643942        220.85207777480059        1.6282463059936796        9.8141955309027260       0.31783810768361032        1.5320339640601384       0.25763419693089129       0.15781198024030271     
          74          13   1107.52344     T  -15.970273392629014       -4.2474385110643942        220.85207777480059        1.6282463059936796        9.8141955309027260       0.31783810768361032        1.5320339640601384       0.25763419693089129       0.15781198024030271     
          75          13   1107.52344     T  -15.970273392629014       -4.2474385110643942        220.85207777480059        1.6282463059936796        9.8141955309027260       0.31783810768361032        1.5320339640601384       0.25763419693089129       0.15781198024030271     
          76          13   1107.52344     T  -15.970273392629014       -4.2474385110643942        220.85207777480059        1.6282463059936796        9.8141955309027260       0.31783810768361032        1.5320339640601384       0.25763419693089129       0.15781198024030271     
          77          13   859.734375     T  -16.015027844472112       -4.6161244874674781        198.78963737521437        1.9308545992074926        7.6766263351951087       0.81522415545863269        1.5839412953230632       0.13708397012562074       0.20677181696062885     
          78          13   841.320312     T  -17.163130476211339       -5.7996271433210795        199.68311317104070        1.3570132350383328        9.2482776893326211        1.3360488997483053        1.5217156330812267       0.20735707061113712       0.19038131492022245     
          79          13   841.320312     T  -17.163130476211339       -5.7996271433210795        199.68311317104070        1.3570132350383328        9.2482776893326211        1.3360488997483053        1.5217156330812267       0.20735707061113712       0.19038131492022245     
          80          13   1155.57812     T  -15.615052781443747       -4.9795334620047100        241.73316070165308        1.2716827196361031        4.8243485056957258       -5.6535919232668042E-002   1.1507453597140238       0.21599282762269842       0.22802735637229349     
          81          13   1078.96875     T  -14.757870825360701       -3.9910128681840531        207.91115835567552        1.6144261550163130        6.1108911409521465      -0.34525809019990328        1.4905640976916934       0.16941906645614019       0.23035812344658166     
          82          13   1078.96875     T  -14.757870825360701       -3.9910128681840531        207.91115835567552        1.6144261550163130        6.1108911409521465      -0.34525809019990328        1.4905640976916934       0.16941906645614019       0.23035812344658166     
          83          13   1078.96875     T  -14.757870825360701       -3.9910128681840531        207.91115835567552        1.6144261550163130        6.1108911409521465      -0.34525809019990328        1.4905640976916934       0.16941906645614019       0.23035812344658166     
          84          13   1087.39844     T  -14.854134755306887       -4.0836385300049827        206.72569775670962        1.3057687928040302        6.2500949876530179      -0.30809414007277358        1.5172830259306040       0.17227345211682474       0.22977783300923413     
          85          13   1087.39844     T  -14.854134755306887       -4.0836385300049827        206.72569775670962        1.3057687928040302        6.2500949876530179      -0.30809414007277358        1.5172830259306040       0.17227345211682474       0.22977783300923413     
          86          13   1087.39844     T  -14.854134755306887       -4.0836385300049827        206.72569775670962        1.3057687928040302        6.2500949876530179      -0.30809414007277358        1.5172830259306040       0.17227345211682474       0.22977783300923413     
          87          13   1087.39844     T  -14.854134755306887       -4.0836385300049827        206.72569775670962        1.3057687928040302        6.2500949876530179      -0.30809414007277358        1.5172830259306040       0.17227345211682474       0.22977783300923413     
          88          13   1087.39844     T  -14.854134755306887       -4.0836385300049827        206.72569775670962        1.3057687928040302        6.2500949876530179      -0.30809414007277358        1.5172830259306040       0.17227345211682474       0.22977783300923413     
          89          13   1663.21875     T  -15.899597948724304       -5.7752127833418427        221.93894171042203       0.78187355776926049        4.9298147153010223       -1.9348724032684577        1.3724369713133462       0.24008225169229661       0.14838152939618121     
          90          13   1663.21875     T  -15.899597948724304       -5.7752127833418427        221.93894171042203       0.78187355776926049        4.9298147153010223       -1.9348724032684577        1.3724369713133462       0.24008225169229661       0.14838152939618121     
          91          13   1663.21875     T  -15.899597948724304       -5.7752127833418427        221.93894171042203       0.78187355776926049        4.9298147153010223       -1.9348724032684577        1.3724369713133462       0.24008225169229661       0.14838152939618121     
          92          13   1462.75000     T  -15.884684722195104       -4.6482335917526258        250.55036915793775       0.91111837615283087        4.5112110708782707      -0.58004933150361249       0.68040209684766029       0.17296084242746279       0.27721879381989933     
          93          13   895.515625     T  -14.265391162940515       -3.8182582004401913        217.17309811471887        1.5504370659987798        2.5581617477703804      -0.81278912505489209        1.5737456004179557       0.21730258384411821       0.20127253213950766     
          94          13   895.046875     T  -14.483323721008748       -3.6925128605859703        206.24526052730093        1.7376069749783756        7.4285097243378972       0.25177615077941001        1.5973096505954136       0.18662931868079874       0.17460914060847474     
          95          13   895.046875     T  -14.483323721008748       -3.6925128605859703        206.24526052730093        1.7376069749783756        7.4285097243378972       0.25177615077941001        1.5973096505954136       0.18662931868079874       0.17460914060847474     
          96          13   895.046875     T  -14.483323721008748       -3.6925128605859703        206.24526052730093        1.7376069749783756        7.4285097243378972       0.25177615077941001        1.5973096505954136       0.18662931868079874       0.17460914060847474     
          97          13   895.046875     T  -14.483323721008748       -3.6925128605859703        206.24526052730093        1.7376069749783756        7.4285097243378972       0.25177615077941001        1.5973096505954136       0.18662931868079874       0.17460914060847474     
          98          13   895.046875     T  -14.483323721008748       -3.6925128605859703        206.24526052730093        1.7376069749783756        7.4285097243378972       0.25177615077941001        1.5973096505954136       0.18662931868079874       0.17460914060847474     
          99          13   895.046875     T  -14.483323721008748       -3.6925128605859703        206.24526052730093        1.7376069749783756        7.4285097243378972       0.25177615077941001        1.5973096505954136       0.18662931868079874       0.17460914060847474     
         100          13   895.046875     T  -14.483323721008748       -3.6925128605859703        206.24526052730093        1.7376069749783756        7.4285097243378972       0.25177615077941001        1.5973096505954136       0.18662931868079874       0.17460914060847474     
         101          13   895.046875     T  -14.483323721008748       -3.6925128605859703        206.24526052730093        1.7376069749783756        7.4285097243378972       0.25177615077941001        1.5973096505954136       0.18662931868079874       0.17460914060847474     
         102          13   895.046875     T  -14.483323721008748       -3.6925128605859703        206.24526052730093        1.7376069749783756        7.4285097243378972       0.25177615077941001        1.5973096505954136       0.18662931868079874       0.17460914060847474     
         103          13   895.046875     T  -14.483323721008748       -3.6925128605859703        206.24526052730093        1.7376069749783756        7.4285097243378972       0.25177615077941001        1.5973096505954136       0.18662931868079874       0.17460914060847474     
         104          13   895.046875     T  -14.483323721008748       -3.6925128605859703        206.24526052730093        1.7376069749783756        7.4285097243378972       0.25177615077941001        1.5973096505954136       0.18662931868079874       0.17460914060847474     
         105          13   895.046875     T  -14.483323721008748       -3.6925128605859703        206.24526052730093        1.7376069749783756        7.4285097243378972       0.25177615077941001        1.5973096505954136       0.18662931868079874       0.17460914060847474     
         106          13   921.296875     T  -14.552551279338186       -3.8508689724848066        190.84843148006016        1.8135064527097240        2.4583076131806378      -0.60745524547687735        2.1435538675778028       0.14173687842748880       0.12269583362250228     
         107          13   690.906250     T  -15.192122094099588       -4.8932479943173064        215.73624760510501        1.3764875297865082        3.1608953335090924       0.30198281125458870        2.1250278536709977       0.16420814185138013       0.13856537596156615     
         108          13   1167.82812     T  -13.694491830734036       -3.7297907005741866        216.29660121414068        1.4718699623484484        3.9758296851240300       -1.2726010691503904        1.3584292893016365       0.21518811881203448       0.16602588752457506     
         109          13   1167.82812     T  -13.694491830734036       -3.7297907005741866        216.29660121414068        1.4718699623484484        3.9758296851240300       -1.2726010691503904        1.3584292893016365       0.21518811881203448       0.16602588752457506     
         110          13   1054.75000     T  -14.088947679015456       -4.2842829622594234        193.33487611331577        1.7538853946803887        4.6487122669696515      -0.39087380872618127        1.8088224758536016       0.20427044468375460       0.16984959216276546     
         111          13   1032.09375     T  -15.050413849411187       -4.5606138680478434        244.91727183035283        1.6337710214002881        3.9293990381169990      -0.57227589777790611       0.55977202629136569       0.26436895303860408       0.21022862958635619     
         112          13   1032.09375     T  -15.050413849411187       -4.5606138680478434        244.91727183035283        1.6337710214002881        3.9293990381169990      -0.57227589777790611       0.55977202629136569       0.26436895303860408       0.21022862958635619     
         113          13   1032.09375     T  -15.050413849411187       -4.5606138680478434        244.91727183035283        1.6337710214002881        3.9293990381169990      -0.57227589777790611       0.55977202629136569       0.26436895303860408       0.21022862958635619     
         114          13   1700.54688     T  -17.240302376160290       -5.7757496057828073        279.47608799165874       0.70656879303640452        2.9507322685824677       -1.5003222699607721       0.42962826857194419       0.40285949122382653       0.14410840826291146     
         115          13   1151.87500     T  -18.589783715680689       -7.4765411405142910        267.43380136115036        1.2087931229247348        4.2654829832500347       0.12440144947939667       0.56872072194853807       0.33647384351309689       0.22574532642358600     
         116          13   1151.87500     T  -18.589783715680689       -7.4765411405142910        267.43380136115036        1.2087931229247348        4.2654829832500347       0.12440144947939667       0.56872072194853807       0.33647384351309689       0.22574532642358600     
         117          13   1005.75000     T  -16.609492853387906       -5.3843798288948630        257.14202531327487        1.6343554280004542        6.6956012463768371        7.0719113146611265E-002  0.33863813980923996       0.24607284204573873       0.21436049496828224     
         118          13   1005.75000     T  -16.609492853387906       -5.3843798288948630        257.14202531327487        1.6343554280004542        6.6956012463768371        7.0719113146611265E-002  0.33863813980923996       0.24607284204573873       0.21436049496828224     
         119          13   1200.03125     T  -16.320719814846242       -5.2702197625997727        226.44240617433201       0.62509344928557120        7.2276905054624150       0.89434968694381911        3.5190699035662187       0.16885906931177400       0.16998266619836636     
         120          13   1200.03125     T  -16.320719814846242       -5.2702197625997727        226.44240617433201       0.62509344928557120        7.2276905054624150       0.89434968694381911        3.5190699035662187       0.16885906931177400       0.16998266619836636     
         121          13   1200.03125     T  -16.320719814846242       -5.2702197625997727        226.44240617433201       0.62509344928557120        7.2276905054624150       0.89434968694381911        3.5190699035662187       0.16885906931177400       0.16998266619836636     
         122          13   1200.03125     T  -16.320719814846242       -5.2702197625997727        226.44240617433201       0.62509344928557120        7.2276905054624150       0.89434968694381911        3.5190699035662187       0.16885906931177400       0.16998266619836636     
         123          13   1200.03125     T  -16.320719814846242       -5.2702197625997727        226.44240617433201       0.62509344928557120        7.2276905054624150       0.89434968694381911        3.5190699035662187       0.16885906931177400       0.16998266619836636     
         124          13   1200.03125     T  -16.320719814846242       -5.2702197625997727        226.44240617433201       0.62509344928557120        7.2276905054624150       0.89434968694381911        3.5190699035662187       0.16885906931177400       0.16998266619836636     
         125          13   1200.03125     T  -16.320719814846242       -5.2702197625997727        226.44240617433201       0.62509344928557120        7.2276905054624150       0.89434968694381911        3.5190699035662187       0.16885906931177400       0.16998266619836636     
         126          13   1200.03125     T  -16.320719814846242       -5.2702197625997727        226.44240617433201       0.62509344928557120        7.2276905054624150       0.89434968694381911        3.5190699035662187       0.16885906931177400       0.16998266619836636     
         127          13   1200.03125     T  -16.320719814846242       -5.2702197625997727        226.44240617433201       0.62509344928557120        7.2276905054624150       0.89434968694381911        3.5190699035662187       0.16885906931177400       0.16998266619836636     
         128          13   1200.03125     T  -16.320719814846242       -5.2702197625997727        226.44240617433201       0.62509344928557120        7.2276905054624150       0.89434968694381911        3.5190699035662187       0.16885906931177400       0.16998266619836636     
         129          13   1200.03125     T  -16.320719814846242       -5.2702197625997727        226.44240617433201       0.62509344928557120        7.2276905054624150       0.89434968694381911        3.5190699035662187       0.16885906931177400       0.16998266619836636     
         130          13   1200.03125     T  -16.320719814846242       -5.2702197625997727        226.44240617433201       0.62509344928557120        7.2276905054624150       0.89434968694381911        3.5190699035662187       0.16885906931177400       0.16998266619836636     
         131          13   998.578125     T  -16.580499280915944       -4.4727982587699477        267.96199463195404        1.6513333868963189        8.0901687131129094       0.42545133563477533       0.49325032583909523       0.22004664214083763       0.25285453199712865     
         132          13   998.578125     T  -16.580499280915944       -4.4727982587699477        267.96199463195404        1.6513333868963189        8.0901687131129094       0.42545133563477533       0.49325032583909523       0.22004664214083763       0.25285453199712865     
         133          13   998.578125     T  -16.580499280915944       -4.4727982587699477        267.96199463195404        1.6513333868963189        8.0901687131129094       0.42545133563477533       0.49325032583909523       0.22004664214083763       0.25285453199712865     
         134          13   998.578125     T  -16.580499280915944       -4.4727982587699477        267.96199463195404        1.6513333868963189        8.0901687131129094       0.42545133563477533       0.49325032583909523       0.22004664214083763       0.25285453199712865     
         135          13   998.578125     T  -16.580499280915944       -4.4727982587699477        267.96199463195404        1.6513333868963189        8.0901687131129094       0.42545133563477533       0.49325032583909523       0.22004664214083763       0.25285453199712865     
         136          13   998.578125     T  -16.580499280915944       -4.4727982587699477        267.96199463195404        1.6513333868963189        8.0901687131129094       0.42545133563477533       0.49325032583909523       0.22004664214083763       0.25285453199712865     
         137          13   1117.59375     T  -15.159022927949877       -4.9461440533341632        178.09785633594112        1.4404602459408011        3.2486315934015271       -1.6397663431460174        1.4462506610641483       0.24632720496478486       0.26969633294287715     
         138          13   1062.64062     T  -13.945218427684468       -4.1909293310990048        195.87258715267845        1.5324171481327602        3.7431705866968126       -1.2214973401256020        1.4254286920128838       0.21247522892358583       0.17019388189909243     
         139          13   1062.64062     T  -13.945218427684468       -4.1909293310990048        195.87258715267845        1.5324171481327602        3.7431705866968126       -1.2214973401256020        1.4254286920128838       0.21247522892358583       0.17019388189909243     
         140          13   1062.64062     T  -13.945218427684468       -4.1909293310990048        195.87258715267845        1.5324171481327602        3.7431705866968126       -1.2214973401256020        1.4254286920128838       0.21247522892358583       0.17019388189909243     
         141          13   1062.64062     T  -13.945218427684468       -4.1909293310990048        195.87258715267845        1.5324171481327602        3.7431705866968126       -1.2214973401256020        1.4254286920128838       0.21247522892358583       0.17019388189909243     
         142          13   1062.64062     T  -13.945218427684468       -4.1909293310990048        195.87258715267845        1.5324171481327602        3.7431705866968126       -1.2214973401256020        1.4254286920128838       0.21247522892358583       0.17019388189909243     
         143          13   1062.64062     T  -13.945218427684468       -4.1909293310990048        195.87258715267845        1.5324171481327602        3.7431705866968126       -1.2214973401256020        1.4254286920128838       0.21247522892358583       0.17019388189909243     
         144          13   1062.64062     T  -13.945218427684468       -4.1909293310990048        195.87258715267845        1.5324171481327602        3.7431705866968126       -1.2214973401256020        1.4254286920128838       0.21247522892358583       0.17019388189909243     
         145          13   1062.64062     T  -13.945218427684468       -4.1909293310990048        195.87258715267845        1.5324171481327602        3.7431705866968126       -1.2214973401256020        1.4254286920128838       0.21247522892358583       0.17019388189909243     
         146          13   1062.64062     T  -13.945218427684468       -4.1909293310990048        195.87258715267845        1.5324171481327602        3.7431705866968126       -1.2214973401256020        1.4254286920128838       0.21247522892358583       0.17019388189909243     
         147          13   1062.64062     T  -13.945218427684468       -4.1909293310990048        195.87258715267845        1.5324171481327602        3.7431705866968126       -1.2214973401256020        1.4254286920128838       0.21247522892358583       0.17019388189909243     
         148          13   1062.64062     T  -13.945218427684468       -4.1909293310990048        195.87258715267845        1.5324171481327602        3.7431705866968126       -1.2214973401256020        1.4254286920128838       0.21247522892358583       0.17019388189909243     
         149          13   1062.64062     T  -13.945218427684468       -4.1909293310990048        195.87258715267845        1.5324171481327602        3.7431705866968126       -1.2214973401256020        1.4254286920128838       0.21247522892358583       0.17019388189909243     
         150          13   1012.23438     T  -14.092943286034480       -3.8858967289522992        235.06923242738637        1.5659409634953980        4.0160516249297267       -1.1103091023211440        1.3901027331440343       0.21061413491052292       0.17319832444603941     
         151          13   1012.23438     T  -14.092943286034480       -3.8858967289522992        235.06923242738637        1.5659409634953980        4.0160516249297267       -1.1103091023211440        1.3901027331440343       0.21061413491052292       0.17319832444603941     
         152          13   1012.23438     T  -14.092943286034480       -3.8858967289522992        235.06923242738637        1.5659409634953980        4.0160516249297267       -1.1103091023211440        1.3901027331440343       0.21061413491052292       0.17319832444603941     
         153          13   1012.23438     T  -14.092943286034480       -3.8858967289522992        235.06923242738637        1.5659409634953980        4.0160516249297267       -1.1103091023211440        1.3901027331440343       0.21061413491052292       0.17319832444603941     
         154          13   1012.23438     T  -14.092943286034480       -3.8858967289522992        235.06923242738637        1.5659409634953980        4.0160516249297267       -1.1103091023211440        1.3901027331440343       0.21061413491052292       0.17319832444603941     
         155          13   1012.23438     T  -14.092943286034480       -3.8858967289522992        235.06923242738637        1.5659409634953980        4.0160516249297267       -1.1103091023211440        1.3901027331440343       0.21061413491052292       0.17319832444603941     
         156          13   1012.23438     T  -14.092943286034480       -3.8858967289522992        235.06923242738637        1.5659409634953980        4.0160516249297267       -1.1103091023211440        1.3901027331440343       0.21061413491052292       0.17319832444603941     
         157          13   1012.23438     T  -14.092943286034480       -3.8858967289522992        235.06923242738637        1.5659409634953980        4.0160516249297267       -1.1103091023211440        1.3901027331440343       0.21061413491052292       0.17319832444603941     
         158          13   1012.23438     T  -14.092943286034480       -3.8858967289522992        235.06923242738637        1.5659409634953980        4.0160516249297267       -1.1103091023211440        1.3901027331440343       0.21061413491052292       0.17319832444603941     
         159          13   1012.23438     T  -14.092943286034480       -3.8858967289522992        235.06923242738637        1.5659409634953980        4.0160516249297267       -1.1103091023211440        1.3901027331440343       0.21061413491052292       0.17319832444603941     
         160          13   1050.75000     T  -13.891962548520471       -3.7036649636045622        233.57717969422160        1.5599009508381276        4.0011109689071365       -1.1055821401395431        1.3955627662324619       0.21096327703241355       0.17323664765595248     
         161          13   1050.75000     T  -13.891962548520471       -3.7036649636045622        233.57717969422160        1.5599009508381276        4.0011109689071365       -1.1055821401395431        1.3955627662324619       0.21096327703241355       0.17323664765595248     
         162          13   1050.75000     T  -13.891962548520471       -3.7036649636045622        233.57717969422160        1.5599009508381276        4.0011109689071365       -1.1055821401395431        1.3955627662324619       0.21096327703241355       0.17323664765595248     
         163          13   1050.75000     T  -13.891962548520471       -3.7036649636045622        233.57717969422160        1.5599009508381276        4.0011109689071365       -1.1055821401395431        1.3955627662324619       0.21096327703241355       0.17323664765595248     
         164          13   1050.75000     T  -13.891962548520471       -3.7036649636045622        233.57717969422160        1.5599009508381276        4.0011109689071365       -1.1055821401395431        1.3955627662324619       0.21096327703241355       0.17323664765595248     
         165          13   1050.75000     T  -13.891962548520471       -3.7036649636045622        233.57717969422160        1.5599009508381276        4.0011109689071365       -1.1055821401395431        1.3955627662324619       0.21096327703241355       0.17323664765595248     
         166          13   1050.75000     T  -13.891962548520471       -3.7036649636045622        233.57717969422160        1.5599009508381276        4.0011109689071365       -1.1055821401395431        1.3955627662324619       0.21096327703241355       0.17323664765595248     
         167          13   1050.75000     T  -13.891962548520471       -3.7036649636045622        233.57717969422160        1.5599009508381276        4.0011109689071365       -1.1055821401395431        1.3955627662324619       0.21096327703241355       0.17323664765595248     
         168          13   1050.75000     T  -13.891962548520471       -3.7036649636045622        233.57717969422160        1.5599009508381276        4.0011109689071365       -1.1055821401395431        1.3955627662324619       0.21096327703241355       0.17323664765595248     
         169          13   1050.75000     T  -13.891962548520471       -3.7036649636045622        233.57717969422160        1.5599009508381276        4.0011109689071365       -1.1055821401395431        1.3955627662324619       0.21096327703241355       0.17323664765595248     
         170          13   990.750000     T  -13.939951085208154       -3.7579847863300309        232.93672916860368        1.5716846271595284        4.0050549195804050       -1.1071685835157450        1.3800040840953027       0.21061393286534874       0.17342804254361460     
         171          13   990.750000     T  -13.939951085208154       -3.7579847863300309        232.93672916860368        1.5716846271595284        4.0050549195804050       -1.1071685835157450        1.3800040840953027       0.21061393286534874       0.17342804254361460     
         172          13   990.750000     T  -13.939951085208154       -3.7579847863300309        232.93672916860368        1.5716846271595284        4.0050549195804050       -1.1071685835157450        1.3800040840953027       0.21061393286534874       0.17342804254361460     
         173          13   972.031250     T  -13.950116578981548       -3.9807226298446383        210.92725796976410        1.6266030739396327        3.9409072452008735      -0.97870875932997214        1.4425500686777155       0.20295991769369678       0.18185895850462638     
         174          13   972.031250     T  -13.950116578981548       -3.9807226298446383        210.92725796976410        1.6266030739396327        3.9409072452008735      -0.97870875932997214        1.4425500686777155       0.20295991769369678       0.18185895850462638     
         175          13   972.031250     T  -13.950116578981548       -3.9807226298446383        210.92725796976410        1.6266030739396327        3.9409072452008735      -0.97870875932997214        1.4425500686777155       0.20295991769369678       0.18185895850462638     
         176          13   1173.85938     T  -14.898979893323476       -4.7443739822232693        201.75664660009420        1.9315916215879863        5.3358882891869532       -1.7008992454949388      -0.57713933650316285       0.30199269469075346       0.18068235154882092     
         177          13   1173.85938     T  -14.898979893323476       -4.7443739822232693        201.75664660009420        1.9315916215879863        5.3358882891869532       -1.7008992454949388      -0.57713933650316285       0.30199269469075346       0.18068235154882092     
         178          13   1173.85938     T  -14.898979893323476       -4.7443739822232693        201.75664660009420        1.9315916215879863        5.3358882891869532       -1.7008992454949388      -0.57713933650316285       0.30199269469075346       0.18068235154882092     
         179          13   1173.85938     T  -14.898979893323476       -4.7443739822232693        201.75664660009420        1.9315916215879863        5.3358882891869532       -1.7008992454949388      -0.57713933650316285       0.30199269469075346       0.18068235154882092     
         180          13   1173.85938     T  -14.898979893323476       -4.7443739822232693        201.75664660009420        1.9315916215879863        5.3358882891869532       -1.7008992454949388      -0.57713933650316285       0.30199269469075346       0.18068235154882092     
         181          13   1266.09375     T  -14.941438568283353       -4.7830003036299766        202.01550476548513        1.9361690935043954        5.3402159417982968       -1.6980221261517863      -0.54486745112760826       0.30170313406643279       0.18098117430140123     
         182          13   1002.56250     T  -14.114957209651857       -3.8916812815321613        236.14521001804491        1.5832783570984474        3.9905582757029836       -1.1322527553661370        1.3847937326969357       0.20917823145978012       0.17367691580866962     
         183          13   1002.56250     T  -14.114957209651857       -3.8916812815321613        236.14521001804491        1.5832783570984474        3.9905582757029836       -1.1322527553661370        1.3847937326969357       0.20917823145978012       0.17367691580866962     
         184          13   1002.56250     T  -14.114957209651857       -3.8916812815321613        236.14521001804491        1.5832783570984474        3.9905582757029836       -1.1322527553661370        1.3847937326969357       0.20917823145978012       0.17367691580866962     
         185          13   1002.56250     T  -14.114957209651857       -3.8916812815321613        236.14521001804491        1.5832783570984474        3.9905582757029836       -1.1322527553661370        1.3847937326969357       0.20917823145978012       0.17367691580866962     
         186          13   1002.56250     T  -14.114957209651857       -3.8916812815321613        236.14521001804491        1.5832783570984474        3.9905582757029836       -1.1322527553661370        1.3847937326969357       0.20917823145978012       0.17367691580866962     
         187          13   1002.56250     T  -14.114957209651857       -3.8916812815321613        236.14521001804491        1.5832783570984474        3.9905582757029836       -1.1322527553661370        1.3847937326969357       0.20917823145978012       0.17367691580866962     
         188          13   1002.56250     T  -14.114957209651857       -3.8916812815321613        236.14521001804491        1.5832783570984474        3.9905582757029836       -1.1322527553661370        1.3847937326969357       0.20917823145978012       0.17367691580866962     
         189          13   1002.56250     T  -14.114957209651857       -3.8916812815321613        236.14521001804491        1.5832783570984474        3.9905582757029836       -1.1322527553661370        1.3847937326969357       0.20917823145978012       0.17367691580866962     
         190          13   698.093750     T  -14.013353070585760       -4.0550334048890626        198.75476548502158        1.9131365784365526        4.2436953621394364      -0.81439149718132686        3.2487169666308144       0.17472307967277889       0.17480147306313279     
         191          13   698.093750     T  -14.013353070585760       -4.0550334048890626        198.75476548502158        1.9131365784365526        4.2436953621394364      -0.81439149718132686        3.2487169666308144       0.17472307967277889       0.17480147306313279     
         192          13   656.062500     T  -14.162107781393448       -4.2038058738114152        198.88840884136442        1.9219922709802599        4.2454351374546428      -0.81696737275982489        3.3135614542211140       0.17497757216293100       0.17483881638435156     
         193          13   656.062500     T  -14.162107781393448       -4.2038058738114152        198.88840884136442        1.9219922709802599        4.2454351374546428      -0.81696737275982489        3.3135614542211140       0.17497757216293100       0.17483881638435156     
         194          13   656.062500     T  -14.162107781393448       -4.2038058738114152        198.88840884136442        1.9219922709802599        4.2454351374546428      -0.81696737275982489        3.3135614542211140       0.17497757216293100       0.17483881638435156     
         195          13   656.062500     T  -14.162107781393448       -4.2038058738114152        198.88840884136442        1.9219922709802599        4.2454351374546428      -0.81696737275982489        3.3135614542211140       0.17497757216293100       0.17483881638435156     
         196          13   656.062500     T  -14.162107781393448       -4.2038058738114152        198.88840884136442        1.9219922709802599        4.2454351374546428      -0.81696737275982489        3.3135614542211140       0.17497757216293100       0.17483881638435156     
         197          13   656.062500     T  -14.162107781393448       -4.2038058738114152        198.88840884136442        1.9219922709802599        4.2454351374546428      -0.81696737275982489        3.3135614542211140       0.17497757216293100       0.17483881638435156     
         198          13   656.062500     T  -14.162107781393448       -4.2038058738114152        198.88840884136442        1.9219922709802599        4.2454351374546428      -0.81696737275982489        3.3135614542211140       0.17497757216293100       0.17483881638435156     
         199          13   1256.21875     T  -13.940645021365290       -3.9016620356151752        214.27054419389952        1.8542712969946704        3.6591118667656781       -1.0677081714607035       0.32243831411027907       0.23859901298523459       0.19718344450655875     
         200          13   1424.62500     T  -14.338397454728838       -4.0182433850722168        229.44399571070198        1.1997099432106748        3.4622176955761228       -1.2696519318213668      -0.53277285160099364       0.23588125749181249       0.21332668568521021     
         201          13   1522.06250     T  -15.461419218712788       -5.1718972076958813        222.54378647623383       0.76715138466262600        5.5756008206703038       -1.9601227807543593        3.4462802196392355       0.23242884751539145       0.14172746398839250     
         202          13   1548.03125     T  -15.277355782121013       -4.8007646811180988        223.31659740184338       0.93980715744161070        2.9125769144515958       -1.4001586181616568        9.0356117400397118E-002  0.18258889755292579       0.20730795338936772     
         203          13   1548.03125     T  -15.277355782121013       -4.8007646811180988        223.31659740184338       0.93980715744161070        2.9125769144515958       -1.4001586181616568        9.0356117400397118E-002  0.18258889755292579       0.20730795338936772     
         204          13   1548.03125     T  -15.277355782121013       -4.8007646811180988        223.31659740184338       0.93980715744161070        2.9125769144515958       -1.4001586181616568        9.0356117400397118E-002  0.18258889755292579       0.20730795338936772     
         205          13   1548.03125     T  -15.277355782121013       -4.8007646811180988        223.31659740184338       0.93980715744161070        2.9125769144515958       -1.4001586181616568        9.0356117400397118E-002  0.18258889755292579       0.20730795338936772     
         206          13   1729.37500     T  -15.224888448903048       -5.0639097655488081        224.15341812121204       0.83915033177547815        3.9366005919504699       -1.4626958195028827       0.45449465455770122       0.28496789263913164       0.13313971300752703     
         207          13   1610.78125     T  -16.448061203489253       -6.0776334474024472        224.35425658274244       0.83407675830371664        3.9370523915914037       -1.4861159660784513       0.47133957101555485       0.28503436379096553       0.22278483620610129     
         208          13   1610.78125     T  -16.448061203489253       -6.0776334474024472        224.35425658274244       0.83407675830371664        3.9370523915914037       -1.4861159660784513       0.47133957101555485       0.28503436379096553       0.22278483620610129     
         209          13   1610.78125     T  -16.448061203489253       -6.0776334474024472        224.35425658274244       0.83407675830371664        3.9370523915914037       -1.4861159660784513       0.47133957101555485       0.28503436379096553       0.22278483620610129     
         210          13   860.937500     T  -14.068581263894306       -4.2233638418078607        177.91706630541705        1.1940021642849097        3.6455615989551493      -0.92460410287981698        3.8745446276589419       0.18752626776645770       0.21414831799918510     
         211          13   860.937500     T  -14.068581263894306       -4.2233638418078607        177.91706630541705        1.1940021642849097        3.6455615989551493      -0.92460410287981698        3.8745446276589419       0.18752626776645770       0.21414831799918510     
         212          13   860.937500     T  -14.068581263894306       -4.2233638418078607        177.91706630541705        1.1940021642849097        3.6455615989551493      -0.92460410287981698        3.8745446276589419       0.18752626776645770       0.21414831799918510     
         213          13   860.937500     T  -14.068581263894306       -4.2233638418078607        177.91706630541705        1.1940021642849097        3.6455615989551493      -0.92460410287981698        3.8745446276589419       0.18752626776645770       0.21414831799918510     
         214          13   860.937500     T  -14.068581263894306       -4.2233638418078607        177.91706630541705        1.1940021642849097        3.6455615989551493      -0.92460410287981698        3.8745446276589419       0.18752626776645770       0.21414831799918510     
         215          13   860.937500     T  -14.068581263894306       -4.2233638418078607        177.91706630541705        1.1940021642849097        3.6455615989551493      -0.92460410287981698        3.8745446276589419       0.18752626776645770       0.21414831799918510     
         216          13   932.656250     T  -15.218233442994743       -4.1607427747515757        187.06978049842047        1.3379390872409773        2.6966952324022628       -1.3810691725688053        2.7762779052379725       0.18874102967707732       0.32366079480481846     
         217          13   932.656250     T  -15.218233442994743       -4.1607427747515757        187.06978049842047        1.3379390872409773        2.6966952324022628       -1.3810691725688053        2.7762779052379725       0.18874102967707732       0.32366079480481846     
         218          13   932.656250     T  -15.218233442994743       -4.1607427747515757        187.06978049842047        1.3379390872409773        2.6966952324022628       -1.3810691725688053        2.7762779052379725       0.18874102967707732       0.32366079480481846     
         219          13   932.656250     T  -15.218233442994743       -4.1607427747515757        187.06978049842047        1.3379390872409773        2.6966952324022628       -1.3810691725688053        2.7762779052379725       0.18874102967707732       0.32366079480481846     
         220          13   833.062500     T  -15.248039184903860       -4.1935728833043475        186.87855522627328        1.3384237850817498        2.6957181333045566       -1.3740309905187178        2.7750975173723611       0.18862833234443338       0.32342359982403912     
         221          13   860.343750     T  -15.197891715909957       -4.1485315693491387        186.54171747998123        1.3409467143407143        2.6984528040936300       -1.3708264875323624        2.6864422029831925       0.18928972619053575       0.32372665226970293     
         222          13   860.343750     T  -15.197891715909957       -4.1485315693491387        186.54171747998123        1.3409467143407143        2.6984528040936300       -1.3708264875323624        2.6864422029831925       0.18928972619053575       0.32372665226970293     
         223          13   801.593750     T  -14.635548027819116       -4.5665850345330048        178.84648850399344        1.7191310667934816        4.6567304702363455      -0.22692039241916645        2.5184701596097741       0.18088118884389928       0.10389250481987082     
         224          13   1091.81250     T  -14.697881579955546       -3.9763161389284183        209.16982709881981        1.9445032955933255        2.8352901660980767       -1.5205928168961662      -0.33481377347477226       0.20677825433256861       0.27284810958057637     
         225          13   1091.81250     T  -14.697881579955546       -3.9763161389284183        209.16982709881981        1.9445032955933255        2.8352901660980767       -1.5205928168961662      -0.33481377347477226       0.20677825433256861       0.27284810958057637     
         226          13   1174.50000     T  -14.592541472367285       -3.8643958507058258        209.46186926735672        1.9315027455966289        2.8288765102941515       -1.5278881612554858      -0.42507788068447688       0.20670954821737034       0.27288197020870369     
         227          13   1174.50000     T  -14.592541472367285       -3.8643958507058258        209.46186926735672        1.9315027455966289        2.8288765102941515       -1.5278881612554858      -0.42507788068447688       0.20670954821737034       0.27288197020870369     
         228          13   988.218750     T  -13.914269276452345       -4.0837376826823766        196.89475327114815        1.8449940208661184        3.6807197352349519      -0.92282450971981012        1.1231720173716058       0.20161393740498665       0.18314831729018685     
         229          13   988.218750     T  -13.914269276452345       -4.0837376826823766        196.89475327114815        1.8449940208661184        3.6807197352349519      -0.92282450971981012        1.1231720173716058       0.20161393740498665       0.18314831729018685     
         230          13   988.218750     T  -13.914269276452345       -4.0837376826823766        196.89475327114815        1.8449940208661184        3.6807197352349519      -0.92282450971981012        1.1231720173716058       0.20161393740498665       0.18314831729018685     
         231          13   988.218750     T  -13.914269276452345       -4.0837376826823766        196.89475327114815        1.8449940208661184        3.6807197352349519      -0.92282450971981012        1.1231720173716058       0.20161393740498665       0.18314831729018685     
         232          13   988.218750     T  -13.914269276452345       -4.0837376826823766        196.89475327114815        1.8449940208661184        3.6807197352349519      -0.92282450971981012        1.1231720173716058       0.20161393740498665       0.18314831729018685     
         233          13   988.218750     T  -13.914269276452345       -4.0837376826823766        196.89475327114815        1.8449940208661184        3.6807197352349519      -0.92282450971981012        1.1231720173716058       0.20161393740498665       0.18314831729018685     
         234          13   988.218750     T  -13.914269276452345       -4.0837376826823766        196.89475327114815        1.8449940208661184        3.6807197352349519      -0.92282450971981012        1.1231720173716058       0.20161393740498665       0.18314831729018685     
         235          13   988.218750     T  -13.914269276452345       -4.0837376826823766        196.89475327114815        1.8449940208661184        3.6807197352349519      -0.92282450971981012        1.1231720173716058       0.20161393740498665       0.18314831729018685     
         236          13   988.218750     T  -13.914269276452345       -4.0837376826823766        196.89475327114815        1.8449940208661184        3.6807197352349519      -0.92282450971981012        1.1231720173716058       0.20161393740498665       0.18314831729018685     
         237          13   988.218750     T  -13.914269276452345       -4.0837376826823766        196.89475327114815        1.8449940208661184        3.6807197352349519      -0.92282450971981012        1.1231720173716058       0.20161393740498665       0.18314831729018685     
         238          13   1004.96875     T  -14.101969149052298       -4.2513938368246569        196.45219624633805        1.8500858351398077        3.7068403535000605      -0.93139953867748915        1.1450747167938027       0.19238992422697335       0.18147540321821060     
         239          13   1026.96875     T  -14.094750025454632       -4.2020347566727008        195.95590881791958        1.8609461746347042        3.6697412125007944      -0.93527702319966333        1.2167673353395407       0.18340005260603523       0.18248068989159874     
         240          13   1026.96875     T  -14.094750025454632       -4.2020347566727008        195.95590881791958        1.8609461746347042        3.6697412125007944      -0.93527702319966333        1.2167673353395407       0.18340005260603523       0.18248068989159874     
         241          13   1026.96875     T  -14.094750025454632       -4.2020347566727008        195.95590881791958        1.8609461746347042        3.6697412125007944      -0.93527702319966333        1.2167673353395407       0.18340005260603523       0.18248068989159874     
         242          13   1026.96875     T  -14.094750025454632       -4.2020347566727008        195.95590881791958        1.8609461746347042        3.6697412125007944      -0.93527702319966333        1.2167673353395407       0.18340005260603523       0.18248068989159874     
         243          13   1026.96875     T  -14.094750025454632       -4.2020347566727008        195.95590881791958        1.8609461746347042        3.6697412125007944      -0.93527702319966333        1.2167673353395407       0.18340005260603523       0.18248068989159874     
         244          13   957.687500     T  -14.268210638283293       -4.4234354461860743        173.70051185917859        1.1802362803428652        3.7164141675937827      -0.95612500261927114        3.5084945529489988       0.17512608142715308       0.20959849986495516     
         245          13   957.687500     T  -14.268210638283293       -4.4234354461860743        173.70051185917859        1.1802362803428652        3.7164141675937827      -0.95612500261927114        3.5084945529489988       0.17512608142715308       0.20959849986495516     
         246          13   957.687500     T  -14.268210638283293       -4.4234354461860743        173.70051185917859        1.1802362803428652        3.7164141675937827      -0.95612500261927114        3.5084945529489988       0.17512608142715308       0.20959849986495516     
         247          13   957.687500     T  -14.268210638283293       -4.4234354461860743        173.70051185917859        1.1802362803428652        3.7164141675937827      -0.95612500261927114        3.5084945529489988       0.17512608142715308       0.20959849986495516     
         248          13   1029.78125     T  -14.704874635219625       -3.5309625103195552        215.62965535138761        1.9448662021179282        3.0193270775276733       -1.4316029875425071       -2.0546299688481817E-002  0.14321539234620811       0.27312532376706250     
         249          13   1029.78125     T  -14.704874635219625       -3.5309625103195552        215.62965535138761        1.9448662021179282        3.0193270775276733       -1.4316029875425071       -2.0546299688481817E-002  0.14321539234620811       0.27312532376706250     
         250          13   1029.78125     T  -14.704874635219625       -3.5309625103195552        215.62965535138761        1.9448662021179282        3.0193270775276733       -1.4316029875425071       -2.0546299688481817E-002  0.14321539234620811       0.27312532376706250     
         251          13   1029.78125     T  -14.704874635219625       -3.5309625103195552        215.62965535138761        1.9448662021179282        3.0193270775276733       -1.4316029875425071       -2.0546299688481817E-002  0.14321539234620811       0.27312532376706250     
         252          13   1029.78125     T  -14.704874635219625       -3.5309625103195552        215.62965535138761        1.9448662021179282        3.0193270775276733       -1.4316029875425071       -2.0546299688481817E-002  0.14321539234620811       0.27312532376706250     
         253          13   1099.90625     T  -14.717245588468455       -3.5262337965915558        216.31564160997252        1.9822545635357767        3.0180578559788938       -1.4313138593840296       -2.0619952788294860E-002  0.14216837274828403       0.27244272797928087     
         254          13   1041.62500     T  -12.741467579214266       -2.8850792677240369        164.33422228820987        1.0525379104437036        4.5786773733343029      -0.46448486801553329        4.9110419581226115       0.19768252589888774       0.10364052646846010     
         255          13   1041.62500     T  -12.741467579214266       -2.8850792677240369        164.33422228820987        1.0525379104437036        4.5786773733343029      -0.46448486801553329        4.9110419581226115       0.19768252589888774       0.10364052646846010     
         256          13   948.687500     T  -12.804151072501050       -2.9583723632915921        165.29902997617049        1.0386051449187146        4.6251994776198924      -0.46046095626812572        4.8870638465155203       0.19667022940793533       0.10553811463373038     
         257          13   1030.31250     T  -12.746168210079578       -2.9090283106686590        165.03016488248832        1.0508048543362856        4.4144039090643608      -0.45863144778913112        4.9098951708611729       0.19595544052093680       0.10428797072640426     
         258          13   1030.31250     T  -12.746168210079578       -2.9090283106686590        165.03016488248832        1.0508048543362856        4.4144039090643608      -0.45863144778913112        4.9098951708611729       0.19595544052093680       0.10428797072640426     
         259          13   1030.31250     T  -12.746168210079578       -2.9090283106686590        165.03016488248832        1.0508048543362856        4.4144039090643608      -0.45863144778913112        4.9098951708611729       0.19595544052093680       0.10428797072640426     
         260          13   1030.31250     T  -12.746168210079578       -2.9090283106686590        165.03016488248832        1.0508048543362856        4.4144039090643608      -0.45863144778913112        4.9098951708611729       0.19595544052093680       0.10428797072640426     
         261          13   1030.31250     T  -12.746168210079578       -2.9090283106686590        165.03016488248832        1.0508048543362856        4.4144039090643608      -0.45863144778913112        4.9098951708611729       0.19595544052093680       0.10428797072640426     
         262          13   1030.31250     T  -12.746168210079578       -2.9090283106686590        165.03016488248832        1.0508048543362856        4.4144039090643608      -0.45863144778913112        4.9098951708611729       0.19595544052093680       0.10428797072640426     
         263          13   1030.31250     T  -12.746168210079578       -2.9090283106686590        165.03016488248832        1.0508048543362856        4.4144039090643608      -0.45863144778913112        4.9098951708611729       0.19595544052093680       0.10428797072640426     
         264          13   1030.31250     T  -12.746168210079578       -2.9090283106686590        165.03016488248832        1.0508048543362856        4.4144039090643608      -0.45863144778913112        4.9098951708611729       0.19595544052093680       0.10428797072640426     
         265          13   1030.31250     T  -12.746168210079578       -2.9090283106686590        165.03016488248832        1.0508048543362856        4.4144039090643608      -0.45863144778913112        4.9098951708611729       0.19595544052093680       0.10428797072640426     
         266          13   1030.31250     T  -12.746168210079578       -2.9090283106686590        165.03016488248832        1.0508048543362856        4.4144039090643608      -0.45863144778913112        4.9098951708611729       0.19595544052093680       0.10428797072640426     
         267          13   1030.31250     T  -12.746168210079578       -2.9090283106686590        165.03016488248832        1.0508048543362856        4.4144039090643608      -0.45863144778913112        4.9098951708611729       0.19595544052093680       0.10428797072640426     
         268          13   1067.43750     T  -12.922497595113263       -3.0180694857225623        163.24690387512683        1.0833873884935257        4.5762402585992836      -0.48635976283465127        4.9865358389134968       0.19742650223645181       0.10024576564491097     
         269          13   1071.03125     T  -13.027466927945909       -3.1429003493603735        163.36780483848531        1.0586048295943375        4.5710686515613048      -0.49193852611324285        4.9703830476931614       0.19771078443961204       0.10135527974501785     
         270          13   1071.03125     T  -13.027466927945909       -3.1429003493603735        163.36780483848531        1.0586048295943375        4.5710686515613048      -0.49193852611324285        4.9703830476931614       0.19771078443961204       0.10135527974501785     
         271          13   1071.03125     T  -13.027466927945909       -3.1429003493603735        163.36780483848531        1.0586048295943375        4.5710686515613048      -0.49193852611324285        4.9703830476931614       0.19771078443961204       0.10135527974501785     
         272          13   1071.03125     T  -13.027466927945909       -3.1429003493603735        163.36780483848531        1.0586048295943375        4.5710686515613048      -0.49193852611324285        4.9703830476931614       0.19771078443961204       0.10135527974501785     
         273          13   1071.03125     T  -13.027466927945909       -3.1429003493603735        163.36780483848531        1.0586048295943375        4.5710686515613048      -0.49193852611324285        4.9703830476931614       0.19771078443961204       0.10135527974501785     
         274          13   1071.03125     T  -13.027466927945909       -3.1429003493603735        163.36780483848531        1.0586048295943375        4.5710686515613048      -0.49193852611324285        4.9703830476931614       0.19771078443961204       0.10135527974501785     
         275          13   1071.03125     T  -13.027466927945909       -3.1429003493603735        163.36780483848531        1.0586048295943375        4.5710686515613048      -0.49193852611324285        4.9703830476931614       0.19771078443961204       0.10135527974501785     
         276          13   1071.03125     T  -13.027466927945909       -3.1429003493603735        163.36780483848531        1.0586048295943375        4.5710686515613048      -0.49193852611324285        4.9703830476931614       0.19771078443961204       0.10135527974501785     
         277          13   1071.03125     T  -13.027466927945909       -3.1429003493603735        163.36780483848531        1.0586048295943375        4.5710686515613048      -0.49193852611324285        4.9703830476931614       0.19771078443961204       0.10135527974501785     
         278          13   1071.03125     T  -13.027466927945909       -3.1429003493603735        163.36780483848531        1.0586048295943375        4.5710686515613048      -0.49193852611324285        4.9703830476931614       0.19771078443961204       0.10135527974501785     
         279          13   1071.03125     T  -13.027466927945909       -3.1429003493603735        163.36780483848531        1.0586048295943375        4.5710686515613048      -0.49193852611324285        4.9703830476931614       0.19771078443961204       0.10135527974501785     
         280          13   1071.03125     T  -13.027466927945909       -3.1429003493603735        163.36780483848531        1.0586048295943375        4.5710686515613048      -0.49193852611324285        4.9703830476931614       0.19771078443961204       0.10135527974501785     
         281          13   1071.03125     T  -13.027466927945909       -3.1429003493603735        163.36780483848531        1.0586048295943375        4.5710686515613048      -0.49193852611324285        4.9703830476931614       0.19771078443961204       0.10135527974501785     
         282          13   1030.15625     T  -13.708873601263001       -3.9442600678677078        179.13610816754479        1.9018626510528915        2.9543163123171707       -1.3825399854860065        1.2816132497996580       0.23137809011103927       0.13040206755773504     
         283          13   1030.15625     T  -13.708873601263001       -3.9442600678677078        179.13610816754479        1.9018626510528915        2.9543163123171707       -1.3825399854860065        1.2816132497996580       0.23137809011103927       0.13040206755773504     
         284          13   1030.15625     T  -13.708873601263001       -3.9442600678677078        179.13610816754479        1.9018626510528915        2.9543163123171707       -1.3825399854860065        1.2816132497996580       0.23137809011103927       0.13040206755773504     
         285          13   1030.15625     T  -13.708873601263001       -3.9442600678677078        179.13610816754479        1.9018626510528915        2.9543163123171707       -1.3825399854860065        1.2816132497996580       0.23137809011103927       0.13040206755773504     
         286          13   1030.15625     T  -13.708873601263001       -3.9442600678677078        179.13610816754479        1.9018626510528915        2.9543163123171707       -1.3825399854860065        1.2816132497996580       0.23137809011103927       0.13040206755773504     
         287          13   1106.09375     T  -13.740079336472629       -3.9343607533700364        181.50535390382638        1.7488992525789695        3.1491040040777132       -1.3480083400590455        1.0887478660719274       0.24864262466373649       0.11997630686496714     
         288          13   1106.09375     T  -13.740079336472629       -3.9343607533700364        181.50535390382638        1.7488992525789695        3.1491040040777132       -1.3480083400590455        1.0887478660719274       0.24864262466373649       0.11997630686496714     
         289          13   1106.09375     T  -13.740079336472629       -3.9343607533700364        181.50535390382638        1.7488992525789695        3.1491040040777132       -1.3480083400590455        1.0887478660719274       0.24864262466373649       0.11997630686496714     
         290          13   1053.84375     T  -14.016741258061991       -3.8662811516083000        186.24733159962432        1.6891953723151503        2.5150086369246925       -1.1614803078341858        1.2807504521553223       0.25009813924194785       0.11947904997510086     
         291          13   1155.62500     T  -13.950392360458821       -3.8242322934061317        186.29018067674633        1.7054268405708828        2.5488657443407883       -1.1544539699885057        1.3024002355840454       0.24923214090004381       0.11956743781407216     
         292          13   1155.62500     T  -13.950392360458821       -3.8242322934061317        186.29018067674633        1.7054268405708828        2.5488657443407883       -1.1544539699885057        1.3024002355840454       0.24923214090004381       0.11956743781407216     
         293          13   1105.59375     T  -13.992755113143032       -3.8577342079174013        186.15440911904827        1.6850579116026603        2.5412463320521126       -1.1570237175828795        1.2739161401732833       0.24990825603802075       0.11907348076377322     
         294          13   1074.28125     T  -14.165592717451020       -4.0750666849512029        186.28514978999254        1.6483231732324204        2.6189544845196524       -1.1516506529644066        1.3841580674639420       0.24220298394496426       0.11795982920741974     
         295          13   1673.31250     T  -14.600472599729784       -4.9065096929354990        169.73631720898038       0.14915913113150667        3.0870888268702537      -0.41499636852284444        4.2128142844896912       0.18721844962647308       0.17442489821658241     
         296          13   1673.31250     T  -14.600472599729784       -4.9065096929354990        169.73631720898038       0.14915913113150667        3.0870888268702537      -0.41499636852284444        4.2128142844896912       0.18721844962647308       0.17442489821658241     
