           1           5   690.120972     F  -36.603804318622167       -26.973298164768519        148.04256107561932        2.4958162706763081        4.8598272477529481       0.92520079332586591        1.9946972524485436       0.30186788206860721       0.19600312848677157     
           2           5   604.652832     F  -32.939454754985505       -23.285889597141932        151.01263623211980        2.6110005731970038        4.6525187611618515       0.84333695044152357        1.9716158843404445       0.31804896745567079       0.19140835375774665     
           3           5   604.652832     F  -32.939454754985505       -23.285889597141932        151.01263623211980        2.6110005731970038        4.6525187611618515       0.84333695044152357        1.9716158843404445       0.31804896745567079       0.19140835375774665     
           4           5   604.652832     F  -32.939454754985505       -23.285889597141932        151.01263623211980        2.6110005731970038        4.6525187611618515       0.84333695044152357        1.9716158843404445       0.31804896745567079       0.19140835375774665     
           5           5   604.652832     F  -32.939454754985505       -23.285889597141932        151.01263623211980        2.6110005731970038        4.6525187611618515       0.84333695044152357        1.9716158843404445       0.31804896745567079       0.19140835375774665     
           6           5   604.652832     F  -32.939454754985505       -23.285889597141932        151.01263623211980        2.6110005731970038        4.6525187611618515       0.84333695044152357        1.9716158843404445       0.31804896745567079       0.19140835375774665     
           7           5   690.916504     F  -21.876844020739878       -11.508809183392282        177.93028767003867        2.4014668972706024        5.9756422552733133       0.72373299233126720        1.7431652060853413       0.30476180207671250       0.23276051419264762     
           8           5   697.710938     F  -20.781006099030755       -10.452352995906010        174.38858662958927        2.3413627634296641        5.8211862737622306       0.74821488478738229        1.7141638271991266       0.29514003246613402       0.24249378611075106     
           9           5   697.710938     F  -20.781006099030755       -10.452352995906010        174.38858662958927        2.3413627634296641        5.8211862737622306       0.74821488478738229        1.7141638271991266       0.29514003246613402       0.24249378611075106     
          10           5   697.710938     F  -20.781006099030755       -10.452352995906010        174.38858662958927        2.3413627634296641        5.8211862737622306       0.74821488478738229        1.7141638271991266       0.29514003246613402       0.24249378611075106     
          11           5   697.710938     F  -20.781006099030755       -10.452352995906010        174.38858662958927        2.3413627634296641        5.8211862737622306       0.74821488478738229        1.7141638271991266       0.29514003246613402       0.24249378611075106     
          12           5   697.710938     F  -20.781006099030755       -10.452352995906010        174.38858662958927        2.3413627634296641        5.8211862737622306       0.74821488478738229        1.7141638271991266       0.29514003246613402       0.24249378611075106     
          13           5   697.710938     F  -20.781006099030755       -10.452352995906010        174.38858662958927        2.3413627634296641        5.8211862737622306       0.74821488478738229        1.7141638271991266       0.29514003246613402       0.24249378611075106     
          14           5   1097.59180     F  -19.777525738144785       -6.0661767441009840        201.49944446630565        1.7681377069453872        11.431059931262194      -0.15119596559806761       0.89187376140006580       0.23880510814399508       0.38240566704401968     
          15           5   1097.59180     F  -19.777525738144785       -6.0661767441009840        201.49944446630565        1.7681377069453872        11.431059931262194      -0.15119596559806761       0.89187376140006580       0.23880510814399508       0.38240566704401968     
          16           5   1097.59180     F  -19.777525738144785       -6.0661767441009840        201.49944446630565        1.7681377069453872        11.431059931262194      -0.15119596559806761       0.89187376140006580       0.23880510814399508       0.38240566704401968     
          17           5   1072.17188     F  -19.895927893246213       -5.2517415232271309        291.55826341145075        1.7922584767429273        13.187665654717033       -1.5922991455483835       0.46271484629370463       0.17894118398082370       0.27781659770348144     
          18           5   1072.17188     F  -19.895927893246213       -5.2517415232271309        291.55826341145075        1.7922584767429273        13.187665654717033       -1.5922991455483835       0.46271484629370463       0.17894118398082370       0.27781659770348144     
          19           5   1072.17188     F  -19.895927893246213       -5.2517415232271309        291.55826341145075        1.7922584767429273        13.187665654717033       -1.5922991455483835       0.46271484629370463       0.17894118398082370       0.27781659770348144     
          20           5   1183.45117     F  -19.833119371167893       -5.2349511283915451        291.80296889903713        1.7828846102303026        13.196357755641515       -1.5781495772025955       0.46431892599114216       0.17830129220375324       0.27101380767859162     
          21           5   1183.45117     F  -19.833119371167893       -5.2349511283915451        291.80296889903713        1.7828846102303026        13.196357755641515       -1.5781495772025955       0.46431892599114216       0.17830129220375324       0.27101380767859162     
          22           5   1110.05078     F  -19.455910580686492       -8.0948936600625458        159.54055112825026        1.9411405848421286        9.9268823317912318       0.16689936470591352        1.2150204271230802       0.32718175328458710       0.16398301610394211     
          23           5   1087.51367     F  -17.827575840867450       -5.0186530551375306        198.93739707785122        2.4537845311060917        13.141915698163599      -0.30054383021929437        1.4782489792112889       0.18813550198344062       0.16450099354017084     
          24           5   1188.16406     F  -19.254278149182714       -3.6102206334966662        194.28301940759525        2.3767719003293544        16.517044602788456       -1.1687722813221935       0.81983671360740140       0.12641501061389834       0.31735457332137645     
          25           5   1188.16406     F  -19.254278149182714       -3.6102206334966662        194.28301940759525        2.3767719003293544        16.517044602788456       -1.1687722813221935       0.81983671360740140       0.12641501061389834       0.31735457332137645     
          26           5   1188.16406     F  -19.254278149182714       -3.6102206334966662        194.28301940759525        2.3767719003293544        16.517044602788456       -1.1687722813221935       0.81983671360740140       0.12641501061389834       0.31735457332137645     
          27           5   1165.29297     F  -18.869966747913455       -3.5053375006636545        203.74046791635578        2.0619629102640582        16.931687847855688      -0.93455911584228957       0.64589200225958043       0.18508361895967387       0.33071165283346432     
          28           5   1165.29297     F  -18.869966747913455       -3.5053375006636545        203.74046791635578        2.0619629102640582        16.931687847855688      -0.93455911584228957       0.64589200225958043       0.18508361895967387       0.33071165283346432     
          29           5   1120.62500     F  -19.001198864231846       -3.6464862055669478        202.15972757563586        2.0881422064226656        16.871541724998380      -0.94097630214303607       0.64147492246350934       0.18566293115457808       0.33411880370258290     
          30           5   1031.52344     F  -15.111234154162476       -4.1076785506439766        177.33898941336693        2.3648220195103682        6.5326148596718241      -0.24996317294127895        1.6668011975098580       0.12821497449936495       0.21641773409543597     
          31           5   1031.52344     T  -15.111234154162476       -4.1076785506439766        177.33898941336693        2.3648220195103682        6.5326148596718241      -0.24996317294127895        1.6668011975098580       0.12821497449936495       0.21641773409543597     
          32           5   1031.52344     T  -15.111234154162476       -4.1076785506439766        177.33898941336693        2.3648220195103682        6.5326148596718241      -0.24996317294127895        1.6668011975098580       0.12821497449936495       0.21641773409543597     
          33           5   1031.52344     T  -15.111234154162476       -4.1076785506439766        177.33898941336693        2.3648220195103682        6.5326148596718241      -0.24996317294127895        1.6668011975098580       0.12821497449936495       0.21641773409543597     
          34           5   1031.52344     T  -15.111234154162476       -4.1076785506439766        177.33898941336693        2.3648220195103682        6.5326148596718241      -0.24996317294127895        1.6668011975098580       0.12821497449936495       0.21641773409543597     
          35           5   1031.52344     T  -15.111234154162476       -4.1076785506439766        177.33898941336693        2.3648220195103682        6.5326148596718241      -0.24996317294127895        1.6668011975098580       0.12821497449936495       0.21641773409543597     
          36           5   1031.52344     T  -15.111234154162476       -4.1076785506439766        177.33898941336693        2.3648220195103682        6.5326148596718241      -0.24996317294127895        1.6668011975098580       0.12821497449936495       0.21641773409543597     
          37           5   1031.52344     T  -15.111234154162476       -4.1076785506439766        177.33898941336693        2.3648220195103682        6.5326148596718241      -0.24996317294127895        1.6668011975098580       0.12821497449936495       0.21641773409543597     
          38           5   1017.83984     T  -15.185372658197862       -4.0263337662685359        278.55900616062007        1.4626024382945300        3.8082625869207840      -0.20925824623872577        1.1715417735681115       0.18552137907569508       0.23781816515895099     
          39           5   1017.83984     T  -15.185372658197862       -4.0263337662685359        278.55900616062007        1.4626024382945300        3.8082625869207840      -0.20925824623872577        1.1715417735681115       0.18552137907569508       0.23781816515895099     
          40           5   955.515625     T  -15.408569870861502       -4.1494517445913530        278.46889074018742        1.4639909075707400        4.2255928672128942       0.23153711512772371        1.2629615860394183       0.14028658423771215       0.17710501516307206     
          41           5   955.515625     T  -15.408569870861502       -4.1494517445913530        278.46889074018742        1.4639909075707400        4.2255928672128942       0.23153711512772371        1.2629615860394183       0.14028658423771215       0.17710501516307206     
          42           5   955.515625     T  -15.408569870861502       -4.1494517445913530        278.46889074018742        1.4639909075707400        4.2255928672128942       0.23153711512772371        1.2629615860394183       0.14028658423771215       0.17710501516307206     
          43           5   955.515625     T  -15.408569870861502       -4.1494517445913530        278.46889074018742        1.4639909075707400        4.2255928672128942       0.23153711512772371        1.2629615860394183       0.14028658423771215       0.17710501516307206     
          44           5   955.515625     T  -15.408569870861502       -4.1494517445913530        278.46889074018742        1.4639909075707400        4.2255928672128942       0.23153711512772371        1.2629615860394183       0.14028658423771215       0.17710501516307206     
          45           5   955.515625     T  -15.408569870861502       -4.1494517445913530        278.46889074018742        1.4639909075707400        4.2255928672128942       0.23153711512772371        1.2629615860394183       0.14028658423771215       0.17710501516307206     
          46           5   955.515625     T  -15.408569870861502       -4.1494517445913530        278.46889074018742        1.4639909075707400        4.2255928672128942       0.23153711512772371        1.2629615860394183       0.14028658423771215       0.17710501516307206     
          47           5   879.843750     T  -15.416941227786333       -4.2529278590298603        278.42775882143445        1.4721621941469425        4.2318668606307988       0.24309119731462708        1.2643188482985106       0.14759900291456199       0.17826233788287288     
          48           5   879.843750     T  -15.416941227786333       -4.2529278590298603        278.42775882143445        1.4721621941469425        4.2318668606307988       0.24309119731462708        1.2643188482985106       0.14759900291456199       0.17826233788287288     
          49           5   879.843750     T  -15.416941227786333       -4.2529278590298603        278.42775882143445        1.4721621941469425        4.2318668606307988       0.24309119731462708        1.2643188482985106       0.14759900291456199       0.17826233788287288     
          50           5   950.695312     T  -14.904635294782210       -4.1147973717112478        258.64149925199609        1.4982438558905053        3.9266949250779466       0.13004813956129377        1.2644310165682069       0.16791021623594135       0.19995824581052546     
          51           5   1025.00000     T  -15.137108651070442       -4.0694478851211180        270.44923037635090        1.5197351717375331        3.9788596666980975       -3.5057752322834985E-002   1.1277126292040351       0.17992001382210202       0.23491033075540102     
          52           5   1025.00000     T  -15.137108651070442       -4.0694478851211180        270.44923037635090        1.5197351717375331        3.9788596666980975       -3.5057752322834985E-002   1.1277126292040351       0.17992001382210202       0.23491033075540102     
          53           5   1025.00000     T  -15.137108651070442       -4.0694478851211180        270.44923037635090        1.5197351717375331        3.9788596666980975       -3.5057752322834985E-002   1.1277126292040351       0.17992001382210202       0.23491033075540102     
          54           5   1025.00000     T  -15.137108651070442       -4.0694478851211180        270.44923037635090        1.5197351717375331        3.9788596666980975       -3.5057752322834985E-002   1.1277126292040351       0.17992001382210202       0.23491033075540102     
          55           5   1025.00000     T  -15.137108651070442       -4.0694478851211180        270.44923037635090        1.5197351717375331        3.9788596666980975       -3.5057752322834985E-002   1.1277126292040351       0.17992001382210202       0.23491033075540102     
          56           5   1025.00000     T  -15.137108651070442       -4.0694478851211180        270.44923037635090        1.5197351717375331        3.9788596666980975       -3.5057752322834985E-002   1.1277126292040351       0.17992001382210202       0.23491033075540102     
          57           5   1025.00000     T  -15.137108651070442       -4.0694478851211180        270.44923037635090        1.5197351717375331        3.9788596666980975       -3.5057752322834985E-002   1.1277126292040351       0.17992001382210202       0.23491033075540102     
          58           5   985.843750     T  -16.171658512456368       -4.6370598562066503        262.89185314546978        1.5819370349294977        2.3788556337741666      -0.49096883892872029        1.0802285623733399       0.21396392413162449       0.26118393445084270     
          59           5   985.843750     T  -16.171658512456368       -4.6370598562066503        262.89185314546978        1.5819370349294977        2.3788556337741666      -0.49096883892872029        1.0802285623733399       0.21396392413162449       0.26118393445084270     
          60           5   985.843750     T  -16.171658512456368       -4.6370598562066503        262.89185314546978        1.5819370349294977        2.3788556337741666      -0.49096883892872029        1.0802285623733399       0.21396392413162449       0.26118393445084270     
          61           5   985.843750     T  -16.171658512456368       -4.6370598562066503        262.89185314546978        1.5819370349294977        2.3788556337741666      -0.49096883892872029        1.0802285623733399       0.21396392413162449       0.26118393445084270     
          62           5   985.843750     T  -16.171658512456368       -4.6370598562066503        262.89185314546978        1.5819370349294977        2.3788556337741666      -0.49096883892872029        1.0802285623733399       0.21396392413162449       0.26118393445084270     
          63           5   985.843750     T  -16.171658512456368       -4.6370598562066503        262.89185314546978        1.5819370349294977        2.3788556337741666      -0.49096883892872029        1.0802285623733399       0.21396392413162449       0.26118393445084270     
          64           5   1116.39062     T  -15.908648909787289       -4.7305207159701093        257.47982372286555        1.6243094227318315        4.0957538546488692      -0.54324041747060914       0.88336626755551129       0.21862555859580141       0.28521040885999355     
          65           5   1116.39062     T  -15.908648909787289       -4.7305207159701093        257.47982372286555        1.6243094227318315        4.0957538546488692      -0.54324041747060914       0.88336626755551129       0.21862555859580141       0.28521040885999355     
          66           5   1116.39062     T  -15.908648909787289       -4.7305207159701093        257.47982372286555        1.6243094227318315        4.0957538546488692      -0.54324041747060914       0.88336626755551129       0.21862555859580141       0.28521040885999355     
          67           5   1116.39062     T  -15.908648909787289       -4.7305207159701093        257.47982372286555        1.6243094227318315        4.0957538546488692      -0.54324041747060914       0.88336626755551129       0.21862555859580141       0.28521040885999355     
          68           5   1116.39062     T  -15.908648909787289       -4.7305207159701093        257.47982372286555        1.6243094227318315        4.0957538546488692      -0.54324041747060914       0.88336626755551129       0.21862555859580141       0.28521040885999355     
          69           5   1065.57031     T  -15.705344745722797       -4.6241135528942667        247.70217967776279        1.4909384396822587        4.9856734167275372      -0.28994157126909365       0.94562086292196657       0.22310182696862824       0.27446281869701300     
          70           5   1105.54688     T  -15.374979392898741       -4.6336217209438635        252.96252249228436        1.4164853135405935        3.8473493836380461      -0.36222358686853978        1.0851596997922566       0.23086351651641793       0.23859769691382021     
          71           5   1153.60156     T  -15.570596931239564       -4.9307117142105596        241.79794186315601        1.2732456206075398        4.8481571050826036       -6.2570729792062046E-002   1.1506839279170726       0.21573602767396452       0.22786911390030032     
          72           5   1153.60156     T  -15.570596931239564       -4.9307117142105596        241.79794186315601        1.2732456206075398        4.8481571050826036       -6.2570729792062046E-002   1.1506839279170726       0.21573602767396452       0.22786911390030032     
          73           5   1077.57812     T  -14.204623311791226       -4.0488309102243409        223.35573522843191        1.6418905602871103        4.1462720501483332      -0.67394965573725962        1.8107834054078340       0.21109306508174944       0.12400474250104286     
          74           5   1054.52344     T  -14.551373943503060       -4.3387676598700349        223.17179994431908        1.4351658595263062        4.5265256597402432      -0.37739222895764180        1.5608574078486523       0.17875543333585114       0.16157512232816520     
          75           5   1054.52344     T  -14.551373943503060       -4.3387676598700349        223.17179994431908        1.4351658595263062        4.5265256597402432      -0.37739222895764180        1.5608574078486523       0.17875543333585114       0.16157512232816520     
          76           5   1054.52344     T  -14.551373943503060       -4.3387676598700349        223.17179994431908        1.4351658595263062        4.5265256597402432      -0.37739222895764180        1.5608574078486523       0.17875543333585114       0.16157512232816520     
          77           5   1184.65625     T  -14.975445864345744       -3.8160815867480493        244.74116699317167        1.1318978185821991        6.6062087683579236      -0.80983521091451638        1.5099081990579202       0.29887450878166993       0.11333577120036585     
          78           5   1184.65625     T  -14.975445864345744       -3.8160815867480493        244.74116699317167        1.1318978185821991        6.6062087683579236      -0.80983521091451638        1.5099081990579202       0.29887450878166993       0.11333577120036585     
          79           5   1184.65625     T  -14.975445864345744       -3.8160815867480493        244.74116699317167        1.1318978185821991        6.6062087683579236      -0.80983521091451638        1.5099081990579202       0.29887450878166993       0.11333577120036585     
          80           5   1184.65625     T  -14.975445864345744       -3.8160815867480493        244.74116699317167        1.1318978185821991        6.6062087683579236      -0.80983521091451638        1.5099081990579202       0.29887450878166993       0.11333577120036585     
          81           5   1184.65625     T  -14.975445864345744       -3.8160815867480493        244.74116699317167        1.1318978185821991        6.6062087683579236      -0.80983521091451638        1.5099081990579202       0.29887450878166993       0.11333577120036585     
          82           5   1287.96094     T  -15.278686688984894       -4.2709850870848003        197.23189774646133        1.3958174964757759        8.0695268391156905       -1.6126702691000965        1.5574407457079917       0.31139730437706803       0.18213242455884140     
          83           5   1287.96094     T  -15.278686688984894       -4.2709850870848003        197.23189774646133        1.3958174964757759        8.0695268391156905       -1.6126702691000965        1.5574407457079917       0.31139730437706803       0.18213242455884140     
          84           5   1287.96094     T  -15.278686688984894       -4.2709850870848003        197.23189774646133        1.3958174964757759        8.0695268391156905       -1.6126702691000965        1.5574407457079917       0.31139730437706803       0.18213242455884140     
          85           5   1287.96094     T  -15.278686688984894       -4.2709850870848003        197.23189774646133        1.3958174964757759        8.0695268391156905       -1.6126702691000965        1.5574407457079917       0.31139730437706803       0.18213242455884140     
          86           5   1287.96094     T  -15.278686688984894       -4.2709850870848003        197.23189774646133        1.3958174964757759        8.0695268391156905       -1.6126702691000965        1.5574407457079917       0.31139730437706803       0.18213242455884140     
          87           5   1287.96094     T  -15.278686688984894       -4.2709850870848003        197.23189774646133        1.3958174964757759        8.0695268391156905       -1.6126702691000965        1.5574407457079917       0.31139730437706803       0.18213242455884140     
          88           5   1287.96094     T  -15.278686688984894       -4.2709850870848003        197.23189774646133        1.3958174964757759        8.0695268391156905       -1.6126702691000965        1.5574407457079917       0.31139730437706803       0.18213242455884140     
          89           5   1287.96094     T  -15.278686688984894       -4.2709850870848003        197.23189774646133        1.3958174964757759        8.0695268391156905       -1.6126702691000965        1.5574407457079917       0.31139730437706803       0.18213242455884140     
          90           5   1287.96094     T  -15.278686688984894       -4.2709850870848003        197.23189774646133        1.3958174964757759        8.0695268391156905       -1.6126702691000965        1.5574407457079917       0.31139730437706803       0.18213242455884140     
          91           5   1225.75781     T  -18.627403621162387       -6.8721363244148819        218.02324906911775        1.3217660912511209        5.7972809540389552       -1.7070692770095766       0.90954394297072649       0.35197842163421000       0.33148108842289659     
          92           5   1225.75781     T  -18.627403621162387       -6.8721363244148819        218.02324906911775        1.3217660912511209        5.7972809540389552       -1.7070692770095766       0.90954394297072649       0.35197842163421000       0.33148108842289659     
          93           5   1225.75781     T  -18.627403621162387       -6.8721363244148819        218.02324906911775        1.3217660912511209        5.7972809540389552       -1.7070692770095766       0.90954394297072649       0.35197842163421000       0.33148108842289659     
          94           5   1225.75781     T  -18.627403621162387       -6.8721363244148819        218.02324906911775        1.3217660912511209        5.7972809540389552       -1.7070692770095766       0.90954394297072649       0.35197842163421000       0.33148108842289659     
          95           5   1225.75781     T  -18.627403621162387       -6.8721363244148819        218.02324906911775        1.3217660912511209        5.7972809540389552       -1.7070692770095766       0.90954394297072649       0.35197842163421000       0.33148108842289659     
          96           5   1238.57812     T  -19.576660962607654       -7.0259755159670041        225.48719030410183       0.98956817824908361        1.6655667572143928       -1.6684226023613176        1.4396212376456434       0.32953996343282133       0.29588648015158414     
          97           5   1238.57812     T  -19.576660962607654       -7.0259755159670041        225.48719030410183       0.98956817824908361        1.6655667572143928       -1.6684226023613176        1.4396212376456434       0.32953996343282133       0.29588648015158414     
          98           5   1014.98438     T  -14.662912586942566       -3.8781675175402364        206.00835083694412        1.7384053446671266        7.4184709646705373       0.25079407582160967        1.5992582877067005       0.18672324843819954       0.17479431651293839     
          99           5   1014.98438     T  -14.662912586942566       -3.8781675175402364        206.00835083694412        1.7384053446671266        7.4184709646705373       0.25079407582160967        1.5992582877067005       0.18672324843819954       0.17479431651293839     
         100           5   1146.18750     T  -13.916518187852855       -3.9744741529852901        214.47486632266390        1.5074958315924756        3.8760034949154925       -1.2679546919806244        1.3585512723479725       0.21544882367853724       0.16553291764243894     
         101           5   1146.18750     T  -13.916518187852855       -3.9744741529852901        214.47486632266390        1.5074958315924756        3.8760034949154925       -1.2679546919806244        1.3585512723479725       0.21544882367853724       0.16553291764243894     
         102           5   1146.18750     T  -13.916518187852855       -3.9744741529852901        214.47486632266390        1.5074958315924756        3.8760034949154925       -1.2679546919806244        1.3585512723479725       0.21544882367853724       0.16553291764243894     
         103           5   1146.18750     T  -13.916518187852855       -3.9744741529852901        214.47486632266390        1.5074958315924756        3.8760034949154925       -1.2679546919806244        1.3585512723479725       0.21544882367853724       0.16553291764243894     
         104           5   1146.18750     T  -13.916518187852855       -3.9744741529852901        214.47486632266390        1.5074958315924756        3.8760034949154925       -1.2679546919806244        1.3585512723479725       0.21544882367853724       0.16553291764243894     
         105           5   1146.18750     T  -13.916518187852855       -3.9744741529852901        214.47486632266390        1.5074958315924756        3.8760034949154925       -1.2679546919806244        1.3585512723479725       0.21544882367853724       0.16553291764243894     
         106           5   1146.18750     T  -13.916518187852855       -3.9744741529852901        214.47486632266390        1.5074958315924756        3.8760034949154925       -1.2679546919806244        1.3585512723479725       0.21544882367853724       0.16553291764243894     
         107           5   1146.18750     T  -13.916518187852855       -3.9744741529852901        214.47486632266390        1.5074958315924756        3.8760034949154925       -1.2679546919806244        1.3585512723479725       0.21544882367853724       0.16553291764243894     
         108           5   1146.18750     T  -13.916518187852855       -3.9744741529852901        214.47486632266390        1.5074958315924756        3.8760034949154925       -1.2679546919806244        1.3585512723479725       0.21544882367853724       0.16553291764243894     
         109           5   1146.18750     T  -13.916518187852855       -3.9744741529852901        214.47486632266390        1.5074958315924756        3.8760034949154925       -1.2679546919806244        1.3585512723479725       0.21544882367853724       0.16553291764243894     
         110           5   1146.18750     T  -13.916518187852855       -3.9744741529852901        214.47486632266390        1.5074958315924756        3.8760034949154925       -1.2679546919806244        1.3585512723479725       0.21544882367853724       0.16553291764243894     
         111           5   1146.18750     T  -13.916518187852855       -3.9744741529852901        214.47486632266390        1.5074958315924756        3.8760034949154925       -1.2679546919806244        1.3585512723479725       0.21544882367853724       0.16553291764243894     
         112           5   1146.18750     T  -13.916518187852855       -3.9744741529852901        214.47486632266390        1.5074958315924756        3.8760034949154925       -1.2679546919806244        1.3585512723479725       0.21544882367853724       0.16553291764243894     
         113           5   1146.18750     T  -13.916518187852855       -3.9744741529852901        214.47486632266390        1.5074958315924756        3.8760034949154925       -1.2679546919806244        1.3585512723479725       0.21544882367853724       0.16553291764243894     
         114           5   1146.18750     T  -13.916518187852855       -3.9744741529852901        214.47486632266390        1.5074958315924756        3.8760034949154925       -1.2679546919806244        1.3585512723479725       0.21544882367853724       0.16553291764243894     
         115           5   1146.18750     T  -13.916518187852855       -3.9744741529852901        214.47486632266390        1.5074958315924756        3.8760034949154925       -1.2679546919806244        1.3585512723479725       0.21544882367853724       0.16553291764243894     
         116           5   1146.18750     T  -13.916518187852855       -3.9744741529852901        214.47486632266390        1.5074958315924756        3.8760034949154925       -1.2679546919806244        1.3585512723479725       0.21544882367853724       0.16553291764243894     
         117           5   1146.18750     T  -13.916518187852855       -3.9744741529852901        214.47486632266390        1.5074958315924756        3.8760034949154925       -1.2679546919806244        1.3585512723479725       0.21544882367853724       0.16553291764243894     
         118           5   1146.18750     T  -13.916518187852855       -3.9744741529852901        214.47486632266390        1.5074958315924756        3.8760034949154925       -1.2679546919806244        1.3585512723479725       0.21544882367853724       0.16553291764243894     
         119           5   1146.18750     T  -13.916518187852855       -3.9744741529852901        214.47486632266390        1.5074958315924756        3.8760034949154925       -1.2679546919806244        1.3585512723479725       0.21544882367853724       0.16553291764243894     
         120           5   1146.18750     T  -13.916518187852855       -3.9744741529852901        214.47486632266390        1.5074958315924756        3.8760034949154925       -1.2679546919806244        1.3585512723479725       0.21544882367853724       0.16553291764243894     
         121           5   1146.18750     T  -13.916518187852855       -3.9744741529852901        214.47486632266390        1.5074958315924756        3.8760034949154925       -1.2679546919806244        1.3585512723479725       0.21544882367853724       0.16553291764243894     
         122           5   1146.18750     T  -13.916518187852855       -3.9744741529852901        214.47486632266390        1.5074958315924756        3.8760034949154925       -1.2679546919806244        1.3585512723479725       0.21544882367853724       0.16553291764243894     
         123           5   1146.18750     T  -13.916518187852855       -3.9744741529852901        214.47486632266390        1.5074958315924756        3.8760034949154925       -1.2679546919806244        1.3585512723479725       0.21544882367853724       0.16553291764243894     
         124           5   1146.18750     T  -13.916518187852855       -3.9744741529852901        214.47486632266390        1.5074958315924756        3.8760034949154925       -1.2679546919806244        1.3585512723479725       0.21544882367853724       0.16553291764243894     
         125           5   1146.18750     T  -13.916518187852855       -3.9744741529852901        214.47486632266390        1.5074958315924756        3.8760034949154925       -1.2679546919806244        1.3585512723479725       0.21544882367853724       0.16553291764243894     
         126           5   1146.18750     T  -13.916518187852855       -3.9744741529852901        214.47486632266390        1.5074958315924756        3.8760034949154925       -1.2679546919806244        1.3585512723479725       0.21544882367853724       0.16553291764243894     
         127           5   1146.18750     T  -13.916518187852855       -3.9744741529852901        214.47486632266390        1.5074958315924756        3.8760034949154925       -1.2679546919806244        1.3585512723479725       0.21544882367853724       0.16553291764243894     
         128           5   1146.18750     T  -13.916518187852855       -3.9744741529852901        214.47486632266390        1.5074958315924756        3.8760034949154925       -1.2679546919806244        1.3585512723479725       0.21544882367853724       0.16553291764243894     
         129           5   1146.18750     T  -13.916518187852855       -3.9744741529852901        214.47486632266390        1.5074958315924756        3.8760034949154925       -1.2679546919806244        1.3585512723479725       0.21544882367853724       0.16553291764243894     
         130           5   1146.18750     T  -13.916518187852855       -3.9744741529852901        214.47486632266390        1.5074958315924756        3.8760034949154925       -1.2679546919806244        1.3585512723479725       0.21544882367853724       0.16553291764243894     
         131           5   1238.87500     T  -14.943136819491295       -5.1288781760854683        150.82657427061321       0.44164673302106072        3.8971084221946040      -0.84359455246858139        4.6243732612815567       0.17063130239525712       0.22987161672330278     
         132           5   1005.84375     T  -13.972489006605381       -3.8124500194330153        232.25492118538781        1.5146569564536756        4.0161681272163703       -1.2684810550678991        1.3446371363117531       0.21626602367720774       0.17148368668084743     
         133           5   1005.84375     T  -13.972489006605381       -3.8124500194330153        232.25492118538781        1.5146569564536756        4.0161681272163703       -1.2684810550678991        1.3446371363117531       0.21626602367720774       0.17148368668084743     
         134           5   1005.84375     T  -13.972489006605381       -3.8124500194330153        232.25492118538781        1.5146569564536756        4.0161681272163703       -1.2684810550678991        1.3446371363117531       0.21626602367720774       0.17148368668084743     
         135           5   1005.84375     T  -13.972489006605381       -3.8124500194330153        232.25492118538781        1.5146569564536756        4.0161681272163703       -1.2684810550678991        1.3446371363117531       0.21626602367720774       0.17148368668084743     
         136           5   1005.84375     T  -13.972489006605381       -3.8124500194330153        232.25492118538781        1.5146569564536756        4.0161681272163703       -1.2684810550678991        1.3446371363117531       0.21626602367720774       0.17148368668084743     
         137           5   1028.59375     T  -14.199854165047721       -4.0406037341913716        232.17683836480563        1.5046727236153574        4.0234874062738957       -1.2908706102677803        1.4482644486413299       0.21651485470163787       0.17159775335444216     
         138           5   1028.59375     T  -14.199854165047721       -4.0406037341913716        232.17683836480563        1.5046727236153574        4.0234874062738957       -1.2908706102677803        1.4482644486413299       0.21651485470163787       0.17159775335444216     
         139           5   1185.95312     T  -14.321061975867739       -3.9213015025484301        229.77196648236426        1.0428433690822259        5.7248858823675111       -1.7983403070701198        2.4905862296974197       0.24420141590591002       0.15806497696578989     
         140           5   1345.29688     T  -14.400318702224082       -3.4998316039046085        266.01646042217112        1.0557290406168716        5.9458437006391716       -1.7680149315102702        2.4364364999051746       0.24492630001824800       0.15707350788167873     
         141           5   1345.29688     T  -14.400318702224082       -3.4998316039046085        266.01646042217112        1.0557290406168716        5.9458437006391716       -1.7680149315102702        2.4364364999051746       0.24492630001824800       0.15707350788167873     
         142           5   1345.29688     T  -14.400318702224082       -3.4998316039046085        266.01646042217112        1.0557290406168716        5.9458437006391716       -1.7680149315102702        2.4364364999051746       0.24492630001824800       0.15707350788167873     
         143           5   1345.29688     T  -14.400318702224082       -3.4998316039046085        266.01646042217112        1.0557290406168716        5.9458437006391716       -1.7680149315102702        2.4364364999051746       0.24492630001824800       0.15707350788167873     
         144           5   1345.29688     T  -14.400318702224082       -3.4998316039046085        266.01646042217112        1.0557290406168716        5.9458437006391716       -1.7680149315102702        2.4364364999051746       0.24492630001824800       0.15707350788167873     
         145           5   1345.29688     T  -14.400318702224082       -3.4998316039046085        266.01646042217112        1.0557290406168716        5.9458437006391716       -1.7680149315102702        2.4364364999051746       0.24492630001824800       0.15707350788167873     
         146           5   1345.29688     T  -14.400318702224082       -3.4998316039046085        266.01646042217112        1.0557290406168716        5.9458437006391716       -1.7680149315102702        2.4364364999051746       0.24492630001824800       0.15707350788167873     
         147           5   1345.29688     T  -14.400318702224082       -3.4998316039046085        266.01646042217112        1.0557290406168716        5.9458437006391716       -1.7680149315102702        2.4364364999051746       0.24492630001824800       0.15707350788167873     
         148           5   1345.29688     T  -14.400318702224082       -3.4998316039046085        266.01646042217112        1.0557290406168716        5.9458437006391716       -1.7680149315102702        2.4364364999051746       0.24492630001824800       0.15707350788167873     
         149           5   1345.29688     T  -14.400318702224082       -3.4998316039046085        266.01646042217112        1.0557290406168716        5.9458437006391716       -1.7680149315102702        2.4364364999051746       0.24492630001824800       0.15707350788167873     
         150           5   1345.29688     T  -14.400318702224082       -3.4998316039046085        266.01646042217112        1.0557290406168716        5.9458437006391716       -1.7680149315102702        2.4364364999051746       0.24492630001824800       0.15707350788167873     
         151           5   1105.00000     T  -15.447069870567290       -4.4532623846922661        262.96656750159406       0.47718465531371529        4.6088207465609425      -0.81114244676717084        4.6511466249384474       0.17615581257899476       0.22607258718978193     
         152           5   1105.00000     T  -15.447069870567290       -4.4532623846922661        262.96656750159406       0.47718465531371529        4.6088207465609425      -0.81114244676717084        4.6511466249384474       0.17615581257899476       0.22607258718978193     
         153           5   1105.00000     T  -15.447069870567290       -4.4532623846922661        262.96656750159406       0.47718465531371529        4.6088207465609425      -0.81114244676717084        4.6511466249384474       0.17615581257899476       0.22607258718978193     
         154           5   900.000000     T  -17.568107602538877       -6.7266501845860649        244.11953633873566        2.1397334603318656        5.6581680542217674      -0.35190041270018696        1.6245481797362806       0.16290703155161559       0.17694882637212828     
         155           5   900.000000     T  -17.568107602538877       -6.7266501845860649        244.11953633873566        2.1397334603318656        5.6581680542217674      -0.35190041270018696        1.6245481797362806       0.16290703155161559       0.17694882637212828     
         156           5   848.437500     T  -17.376922704720943       -6.5373364216291678        243.61868609898218        2.1409468228397581        5.7264793537070613      -0.36816039975906450        1.5581824181702912       0.16597033423075216       0.18086532938989278     
         157           5   848.437500     T  -17.376922704720943       -6.5373364216291678        243.61868609898218        2.1409468228397581        5.7264793537070613      -0.36816039975906450        1.5581824181702912       0.16597033423075216       0.18086532938989278     
         158           5   919.656250     T  -17.440479746799511       -6.5890158336063394        244.01016491582908        2.1401546593742902        5.6513015112339664      -0.35496142669675212        1.5596155005109524       0.16296554491183918       0.18132485521737934     
         159           5   919.656250     T  -17.440479746799511       -6.5890158336063394        244.01016491582908        2.1401546593742902        5.6513015112339664      -0.35496142669675212        1.5596155005109524       0.16296554491183918       0.18132485521737934     
         160           5   919.656250     T  -17.440479746799511       -6.5890158336063394        244.01016491582908        2.1401546593742902        5.6513015112339664      -0.35496142669675212        1.5596155005109524       0.16296554491183918       0.18132485521737934     
         161           5   919.656250     T  -17.440479746799511       -6.5890158336063394        244.01016491582908        2.1401546593742902        5.6513015112339664      -0.35496142669675212        1.5596155005109524       0.16296554491183918       0.18132485521737934     
         162           5   919.656250     T  -17.440479746799511       -6.5890158336063394        244.01016491582908        2.1401546593742902        5.6513015112339664      -0.35496142669675212        1.5596155005109524       0.16296554491183918       0.18132485521737934     
         163           5   919.656250     T  -17.440479746799511       -6.5890158336063394        244.01016491582908        2.1401546593742902        5.6513015112339664      -0.35496142669675212        1.5596155005109524       0.16296554491183918       0.18132485521737934     
         164           5   773.718750     T  -17.675362455836183       -6.4600962565854161        227.13684707858471        2.2542992556716164        6.6962543197949271      -0.10515799888645602        1.7052180120245066       0.16335522965530716       0.23001722268836061     
         165           5   773.718750     T  -17.675362455836183       -6.4600962565854161        227.13684707858471        2.2542992556716164        6.6962543197949271      -0.10515799888645602        1.7052180120245066       0.16335522965530716       0.23001722268836061     
         166           5   773.718750     T  -17.675362455836183       -6.4600962565854161        227.13684707858471        2.2542992556716164        6.6962543197949271      -0.10515799888645602        1.7052180120245066       0.16335522965530716       0.23001722268836061     
         167           5   773.718750     T  -17.675362455836183       -6.4600962565854161        227.13684707858471        2.2542992556716164        6.6962543197949271      -0.10515799888645602        1.7052180120245066       0.16335522965530716       0.23001722268836061     
         168           5   773.718750     T  -17.675362455836183       -6.4600962565854161        227.13684707858471        2.2542992556716164        6.6962543197949271      -0.10515799888645602        1.7052180120245066       0.16335522965530716       0.23001722268836061     
         169           5   996.171875     T  -17.359522000144015       -6.5748674577572643        251.75815477719152        2.1861491414755814        3.2473620979477280       -1.1850076167272261      -0.16997501392472167       0.16042480865232223       0.12855889287309297     
         170           5   996.171875     T  -17.359522000144015       -6.5748674577572643        251.75815477719152        2.1861491414755814        3.2473620979477280       -1.1850076167272261      -0.16997501392472167       0.16042480865232223       0.12855889287309297     
         171           5   996.171875     T  -17.359522000144015       -6.5748674577572643        251.75815477719152        2.1861491414755814        3.2473620979477280       -1.1850076167272261      -0.16997501392472167       0.16042480865232223       0.12855889287309297     
         172           5   996.171875     T  -17.359522000144015       -6.5748674577572643        251.75815477719152        2.1861491414755814        3.2473620979477280       -1.1850076167272261      -0.16997501392472167       0.16042480865232223       0.12855889287309297     
         173           5   996.171875     T  -17.359522000144015       -6.5748674577572643        251.75815477719152        2.1861491414755814        3.2473620979477280       -1.1850076167272261      -0.16997501392472167       0.16042480865232223       0.12855889287309297     
         174           5   996.171875     T  -17.359522000144015       -6.5748674577572643        251.75815477719152        2.1861491414755814        3.2473620979477280       -1.1850076167272261      -0.16997501392472167       0.16042480865232223       0.12855889287309297     
         175           5   738.421875     T  -17.380523614298347       -5.0973554905213643        211.27404692663302        1.6092115718296600        3.5631237669538653      -0.76096378435154965        3.1026279756135748        7.9472313108340950E-002  0.13171066231819567     
         176           5   1076.70312     T  -16.076218694858348       -5.2215700654832595        229.81912227759841        1.7466784574510286        3.2232088315166956       -1.0142409841262481        5.4184338201351594E-002  0.13146393092141379       0.13996574051077190     
         177           5   1076.70312     T  -16.076218694858348       -5.2215700654832595        229.81912227759841        1.7466784574510286        3.2232088315166956       -1.0142409841262481        5.4184338201351594E-002  0.13146393092141379       0.13996574051077190     
         178           5   1076.70312     T  -16.076218694858348       -5.2215700654832595        229.81912227759841        1.7466784574510286        3.2232088315166956       -1.0142409841262481        5.4184338201351594E-002  0.13146393092141379       0.13996574051077190     
         179           5   1076.70312     T  -16.076218694858348       -5.2215700654832595        229.81912227759841        1.7466784574510286        3.2232088315166956       -1.0142409841262481        5.4184338201351594E-002  0.13146393092141379       0.13996574051077190     
         180           5   1076.70312     T  -16.076218694858348       -5.2215700654832595        229.81912227759841        1.7466784574510286        3.2232088315166956       -1.0142409841262481        5.4184338201351594E-002  0.13146393092141379       0.13996574051077190     
         181           5   1354.12500     T  -15.547324159329250       -4.3115809381614696        264.03391911299855       0.48021576668968957        4.8287008477477391       0.30408196333976123        3.4035551458122515       0.13576386696114795       0.13505890761052475     
         182           5   1354.12500     T  -15.547324159329250       -4.3115809381614696        264.03391911299855       0.48021576668968957        4.8287008477477391       0.30408196333976123        3.4035551458122515       0.13576386696114795       0.13505890761052475     
         183           5   1354.12500     T  -15.547324159329250       -4.3115809381614696        264.03391911299855       0.48021576668968957        4.8287008477477391       0.30408196333976123        3.4035551458122515       0.13576386696114795       0.13505890761052475     
         184           5   1261.12500     T  -14.176777955954073       -3.9748756660417834        212.68584623960848        1.1849068800514433        3.4778799650169470      -0.96192364192440194       0.41012355483242369       0.18040520457155187       0.20320352128796149     
         185           5   1261.12500     T  -14.176777955954073       -3.9748756660417834        212.68584623960848        1.1849068800514433        3.4778799650169470      -0.96192364192440194       0.41012355483242369       0.18040520457155187       0.20320352128796149     
         186           5   1261.12500     T  -14.176777955954073       -3.9748756660417834        212.68584623960848        1.1849068800514433        3.4778799650169470      -0.96192364192440194       0.41012355483242369       0.18040520457155187       0.20320352128796149     
         187           5   1261.12500     T  -14.176777955954073       -3.9748756660417834        212.68584623960848        1.1849068800514433        3.4778799650169470      -0.96192364192440194       0.41012355483242369       0.18040520457155187       0.20320352128796149     
         188           5   1261.12500     T  -14.176777955954073       -3.9748756660417834        212.68584623960848        1.1849068800514433        3.4778799650169470      -0.96192364192440194       0.41012355483242369       0.18040520457155187       0.20320352128796149     
         189           5   1261.12500     T  -14.176777955954073       -3.9748756660417834        212.68584623960848        1.1849068800514433        3.4778799650169470      -0.96192364192440194       0.41012355483242369       0.18040520457155187       0.20320352128796149     
         190           5   1261.12500     T  -14.176777955954073       -3.9748756660417834        212.68584623960848        1.1849068800514433        3.4778799650169470      -0.96192364192440194       0.41012355483242369       0.18040520457155187       0.20320352128796149     
         191           5   1261.12500     T  -14.176777955954073       -3.9748756660417834        212.68584623960848        1.1849068800514433        3.4778799650169470      -0.96192364192440194       0.41012355483242369       0.18040520457155187       0.20320352128796149     
         192           5   1261.12500     T  -14.176777955954073       -3.9748756660417834        212.68584623960848        1.1849068800514433        3.4778799650169470      -0.96192364192440194       0.41012355483242369       0.18040520457155187       0.20320352128796149     
         193           5   1261.12500     T  -14.176777955954073       -3.9748756660417834        212.68584623960848        1.1849068800514433        3.4778799650169470      -0.96192364192440194       0.41012355483242369       0.18040520457155187       0.20320352128796149     
         194           5   1261.12500     T  -14.176777955954073       -3.9748756660417834        212.68584623960848        1.1849068800514433        3.4778799650169470      -0.96192364192440194       0.41012355483242369       0.18040520457155187       0.20320352128796149     
         195           5   1261.12500     T  -14.176777955954073       -3.9748756660417834        212.68584623960848        1.1849068800514433        3.4778799650169470      -0.96192364192440194       0.41012355483242369       0.18040520457155187       0.20320352128796149     
         196           5   1366.25000     T  -13.816673000131715       -3.5634232247539765        233.65033240558307        1.1902296993783645        3.4106212543894947       -1.2697058936233987      -0.62515406070988688       0.23318913423291815       0.18876701382226838     
         197           5   1366.25000     T  -13.816673000131715       -3.5634232247539765        233.65033240558307        1.1902296993783645        3.4106212543894947       -1.2697058936233987      -0.62515406070988688       0.23318913423291815       0.18876701382226838     
         198           5   1408.90625     T  -13.955148652455799       -3.7628197281617424        228.81365520375527        1.1975424754716844        3.4614408072971630       -1.2966088409806962      -0.62454416826068881       0.23550524731798467       0.18961572707962732     
         199           5   1449.68750     T  -14.104526842313915       -4.0099676492331628        206.25322150023953        1.1887104881785577        3.5300515152271612      -0.99007187837022681       0.47078891055095234       0.18709213535977551       0.20427717848748611     
         200           5   1328.84375     T  -15.864180158075868       -5.8349678759390118        190.13882201194838       0.99803222782531809        3.6418437177430687       -1.0245503270063259        2.2925024914335932       0.15454454571417445       0.17250058376734548     
         201           5   1088.78125     T  -14.406419814483128       -4.0572665068056963        223.67817805949898        1.6409709071452674        5.6681471574597726       -1.7806100008585073        2.3804981202448432       0.26914310563272353       0.15712258999693152     
         202           5   1088.78125     T  -14.406419814483128       -4.0572665068056963        223.67817805949898        1.6409709071452674        5.6681471574597726       -1.7806100008585073        2.3804981202448432       0.26914310563272353       0.15712258999693152     
         203           5   1088.78125     T  -14.406419814483128       -4.0572665068056963        223.67817805949898        1.6409709071452674        5.6681471574597726       -1.7806100008585073        2.3804981202448432       0.26914310563272353       0.15712258999693152     
         204           5   1088.78125     T  -14.406419814483128       -4.0572665068056963        223.67817805949898        1.6409709071452674        5.6681471574597726       -1.7806100008585073        2.3804981202448432       0.26914310563272353       0.15712258999693152     
         205           5   723.093750     T  -14.014098979320552       -3.7051671662520707        188.05112928494367        1.7863331428707143        5.3993639099677821       -1.3188229775464808        4.1060627141606814       0.16724535525396084       0.21948218767312688     
         206           5   723.093750     T  -14.014098979320552       -3.7051671662520707        188.05112928494367        1.7863331428707143        5.3993639099677821       -1.3188229775464808        4.1060627141606814       0.16724535525396084       0.21948218767312688     
         207           5   987.968750     T  -15.423829153165840       -4.3631042812981802        216.25073805336226        1.5643584141657321        3.0301051067518241      -0.91251945735949824        1.3327228212241600       0.12999297403513779       0.23028361949006768     
         208           5   987.968750     T  -15.423829153165840       -4.3631042812981802        216.25073805336226        1.5643584141657321        3.0301051067518241      -0.91251945735949824        1.3327228212241600       0.12999297403513779       0.23028361949006768     
         209           5   1059.37500     T  -16.932657089302189       -4.3308533614756763        222.24982442861153        1.7375268093723368        2.6197028762568584       -1.0001156414148173        1.1324187287546643        9.2502692328492203E-002  0.26441053649965107     
         210           5   1059.37500     T  -16.932657089302189       -4.3308533614756763        222.24982442861153        1.7375268093723368        2.6197028762568584       -1.0001156414148173        1.1324187287546643        9.2502692328492203E-002  0.26441053649965107     
         211           5   1380.65625     T  -14.378157927267239       -3.5048991538680783        170.19783533145721       0.55614673189312003        4.0762633566674182      -0.49246366607894915        4.9617476407521526       0.10164826688272170       0.17094277327087240     
         212           5   1380.65625     T  -14.378157927267239       -3.5048991538680783        170.19783533145721       0.55614673189312003        4.0762633566674182      -0.49246366607894915        4.9617476407521526       0.10164826688272170       0.17094277327087240     
         213           5   1380.65625     T  -14.378157927267239       -3.5048991538680783        170.19783533145721       0.55614673189312003        4.0762633566674182      -0.49246366607894915        4.9617476407521526       0.10164826688272170       0.17094277327087240     
         214           5   1380.65625     T  -14.378157927267239       -3.5048991538680783        170.19783533145721       0.55614673189312003        4.0762633566674182      -0.49246366607894915        4.9617476407521526       0.10164826688272170       0.17094277327087240     
         215           5   1380.65625     T  -14.378157927267239       -3.5048991538680783        170.19783533145721       0.55614673189312003        4.0762633566674182      -0.49246366607894915        4.9617476407521526       0.10164826688272170       0.17094277327087240     
         216           5   1380.65625     T  -14.378157927267239       -3.5048991538680783        170.19783533145721       0.55614673189312003        4.0762633566674182      -0.49246366607894915        4.9617476407521526       0.10164826688272170       0.17094277327087240     
         217           5   1049.25000     T  -14.683815901895263       -4.5618715957941873        196.23994692551005       0.73461166191995986        3.3870724003109145       -1.0397708628377702        4.0024687580487655       0.16439698716625192       0.19789225836287172     
         218           5   1049.25000     T  -14.683815901895263       -4.5618715957941873        196.23994692551005       0.73461166191995986        3.3870724003109145       -1.0397708628377702        4.0024687580487655       0.16439698716625192       0.19789225836287172     
         219           5   1141.84375     T  -14.955421468611323       -4.7621274563277014        196.14524393104102       0.73073646765633471        3.3905292895080006       -1.0413083451469136        3.9935790366927963       0.16512267374918546       0.21262412714110937     
         220           5   1141.84375     T  -14.955421468611323       -4.7621274563277014        196.14524393104102       0.73073646765633471        3.3905292895080006       -1.0413083451469136        3.9935790366927963       0.16512267374918546       0.21262412714110937     
         221           5   1064.62500     T  -14.465091985215778       -3.7211021839808347        234.15044267958379        1.5595759655277079        2.7785028926595245       -1.3506456253909360       0.57560686853989906       0.22193285204328753       0.23817094718745363     
         222           5   1064.62500     T  -14.465091985215778       -3.7211021839808347        234.15044267958379        1.5595759655277079        2.7785028926595245       -1.3506456253909360       0.57560686853989906       0.22193285204328753       0.23817094718745363     
         223           5   1064.62500     T  -14.465091985215778       -3.7211021839808347        234.15044267958379        1.5595759655277079        2.7785028926595245       -1.3506456253909360       0.57560686853989906       0.22193285204328753       0.23817094718745363     
         224           5   1013.78125     T  -14.022549593134112       -4.1654571513901333        201.90117422722693        1.8026195361529342        3.9877288639901174      -0.79929837972157813        1.5417489096696093       0.25452971278628506       0.13111002900777935     
         225           5   1013.78125     T  -14.022549593134112       -4.1654571513901333        201.90117422722693        1.8026195361529342        3.9877288639901174      -0.79929837972157813        1.5417489096696093       0.25452971278628506       0.13111002900777935     
         226           5   963.968750     T  -13.870954648319435       -4.0979106663947196        197.91291861747004        1.7904649129058037        3.9851968665943436      -0.74096710474026128        1.5195465272907742       0.24763385753125500       0.13893308900565349     
         227           5   963.968750     T  -13.870954648319435       -4.0979106663947196        197.91291861747004        1.7904649129058037        3.9851968665943436      -0.74096710474026128        1.5195465272907742       0.24763385753125500       0.13893308900565349     
         228           5   1145.09375     T  -14.107823955907623       -4.2884330912678976        196.91922585096447        1.8416968870256081        3.7501210930613378      -0.92375125360682775        1.1244416381746789       0.20257420282564675       0.18166624956989239     
         229           5   1002.00000     T  -14.194622907975779       -4.3648710247091564        192.78630240710447        1.8291994080395373        3.7561317063327193      -0.86537870687777219        1.1686038286982305       0.19519611183017688       0.18962706609315400     
         230           5   1002.00000     T  -14.194622907975779       -4.3648710247091564        192.78630240710447        1.8291994080395373        3.7561317063327193      -0.86537870687777219        1.1686038286982305       0.19519611183017688       0.18962706609315400     
         231           5   1183.59375     T  -15.134520918092402       -4.8006346724471758        215.67167571838192        1.9634693953262787        3.0583411275936885       -1.4005162519777274        8.0362047088623836E-003  0.25883718551504681       0.22355929361096083     
         232           5   921.562500     T  -12.985944967886507       -3.1308101289212678        164.33721243816683        1.0540836859319469        4.5911957699887918      -0.49197651410406690        4.9224958638045537       0.19753656937764047       0.10386761186416864     
         233           5   921.562500     T  -12.985944967886507       -3.1308101289212678        164.33721243816683        1.0540836859319469        4.5911957699887918      -0.49197651410406690        4.9224958638045537       0.19753656937764047       0.10386761186416864     
         234           5   921.562500     T  -12.985944967886507       -3.1308101289212678        164.33721243816683        1.0540836859319469        4.5911957699887918      -0.49197651410406690        4.9224958638045537       0.19753656937764047       0.10386761186416864     
         235           5   921.562500     T  -12.985944967886507       -3.1308101289212678        164.33721243816683        1.0540836859319469        4.5911957699887918      -0.49197651410406690        4.9224958638045537       0.19753656937764047       0.10386761186416864     
         236           5   921.562500     T  -12.985944967886507       -3.1308101289212678        164.33721243816683        1.0540836859319469        4.5911957699887918      -0.49197651410406690        4.9224958638045537       0.19753656937764047       0.10386761186416864     
         237           5   921.562500     T  -12.985944967886507       -3.1308101289212678        164.33721243816683        1.0540836859319469        4.5911957699887918      -0.49197651410406690        4.9224958638045537       0.19753656937764047       0.10386761186416864     
         238           5   921.562500     T  -12.985944967886507       -3.1308101289212678        164.33721243816683        1.0540836859319469        4.5911957699887918      -0.49197651410406690        4.9224958638045537       0.19753656937764047       0.10386761186416864     
         239           5   921.562500     T  -12.985944967886507       -3.1308101289212678        164.33721243816683        1.0540836859319469        4.5911957699887918      -0.49197651410406690        4.9224958638045537       0.19753656937764047       0.10386761186416864     
         240           5   921.562500     T  -12.985944967886507       -3.1308101289212678        164.33721243816683        1.0540836859319469        4.5911957699887918      -0.49197651410406690        4.9224958638045537       0.19753656937764047       0.10386761186416864     
         241           5   921.562500     T  -12.985944967886507       -3.1308101289212678        164.33721243816683        1.0540836859319469        4.5911957699887918      -0.49197651410406690        4.9224958638045537       0.19753656937764047       0.10386761186416864     
         242           5   921.562500     T  -12.985944967886507       -3.1308101289212678        164.33721243816683        1.0540836859319469        4.5911957699887918      -0.49197651410406690        4.9224958638045537       0.19753656937764047       0.10386761186416864     
         243           5   921.562500     T  -12.985944967886507       -3.1308101289212678        164.33721243816683        1.0540836859319469        4.5911957699887918      -0.49197651410406690        4.9224958638045537       0.19753656937764047       0.10386761186416864     
         244           5   921.562500     T  -12.985944967886507       -3.1308101289212678        164.33721243816683        1.0540836859319469        4.5911957699887918      -0.49197651410406690        4.9224958638045537       0.19753656937764047       0.10386761186416864     
         245           5   921.562500     T  -12.985944967886507       -3.1308101289212678        164.33721243816683        1.0540836859319469        4.5911957699887918      -0.49197651410406690        4.9224958638045537       0.19753656937764047       0.10386761186416864     
         246           5   921.562500     T  -12.985944967886507       -3.1308101289212678        164.33721243816683        1.0540836859319469        4.5911957699887918      -0.49197651410406690        4.9224958638045537       0.19753656937764047       0.10386761186416864     
         247           5   921.562500     T  -12.985944967886507       -3.1308101289212678        164.33721243816683        1.0540836859319469        4.5911957699887918      -0.49197651410406690        4.9224958638045537       0.19753656937764047       0.10386761186416864     
         248           5   921.562500     T  -12.985944967886507       -3.1308101289212678        164.33721243816683        1.0540836859319469        4.5911957699887918      -0.49197651410406690        4.9224958638045537       0.19753656937764047       0.10386761186416864     
         249           5   921.562500     T  -12.985944967886507       -3.1308101289212678        164.33721243816683        1.0540836859319469        4.5911957699887918      -0.49197651410406690        4.9224958638045537       0.19753656937764047       0.10386761186416864     
         250           5   921.562500     T  -12.985944967886507       -3.1308101289212678        164.33721243816683        1.0540836859319469        4.5911957699887918      -0.49197651410406690        4.9224958638045537       0.19753656937764047       0.10386761186416864     
         251           5   921.562500     T  -12.985944967886507       -3.1308101289212678        164.33721243816683        1.0540836859319469        4.5911957699887918      -0.49197651410406690        4.9224958638045537       0.19753656937764047       0.10386761186416864     
         252           5   1093.84375     T  -12.901679867547342       -3.0461377217110854        164.31596013417450        1.0476521418779896        4.6011130955122308      -0.52630457074780401        4.9707646973508295       0.19478423851844773       0.10455879509983340     
         253           5   1093.84375     T  -12.901679867547342       -3.0461377217110854        164.31596013417450        1.0476521418779896        4.6011130955122308      -0.52630457074780401        4.9707646973508295       0.19478423851844773       0.10455879509983340     
         254           5   1093.84375     T  -12.901679867547342       -3.0461377217110854        164.31596013417450        1.0476521418779896        4.6011130955122308      -0.52630457074780401        4.9707646973508295       0.19478423851844773       0.10455879509983340     
         255           5   1070.28125     T  -13.954915566069134       -3.2316674308754805        190.21083117826547        2.3165174457872650        3.9266821827930731      -0.50649007721437433      -0.47191551448610136       0.11514860790864900       0.18609330510779146     
         256           5   1179.43750     T  -13.947815523098051       -3.2101204232958667        190.84833885455458        2.3080852245022969        3.9259428515153045      -0.50793505181219978      -0.45289524497381628       0.11505192488371659       0.18751370155195191     
         257           5   1179.43750     T  -13.947815523098051       -3.2101204232958667        190.84833885455458        2.3080852245022969        3.9259428515153045      -0.50793505181219978      -0.45289524497381628       0.11505192488371659       0.18751370155195191     
         258           5   1179.43750     T  -13.947815523098051       -3.2101204232958667        190.84833885455458        2.3080852245022969        3.9259428515153045      -0.50793505181219978      -0.45289524497381628       0.11505192488371659       0.18751370155195191     
         259           5   1179.43750     T  -13.947815523098051       -3.2101204232958667        190.84833885455458        2.3080852245022969        3.9259428515153045      -0.50793505181219978      -0.45289524497381628       0.11505192488371659       0.18751370155195191     
         260           5   1068.46875     T  -14.553411899413314       -3.8979278156152262        190.62601567144876        2.2719059061088207        3.9216907216253398      -0.47212963351024856      -0.70199597821750548       0.11846149743678282       0.18780470019622739     
         261           5   1068.46875     T  -14.553411899413314       -3.8979278156152262        190.62601567144876        2.2719059061088207        3.9216907216253398      -0.47212963351024856      -0.70199597821750548       0.11846149743678282       0.18780470019622739     
         262           5   1068.46875     T  -14.553411899413314       -3.8979278156152262        190.62601567144876        2.2719059061088207        3.9216907216253398      -0.47212963351024856      -0.70199597821750548       0.11846149743678282       0.18780470019622739     
         263           5   1068.46875     T  -14.553411899413314       -3.8979278156152262        190.62601567144876        2.2719059061088207        3.9216907216253398      -0.47212963351024856      -0.70199597821750548       0.11846149743678282       0.18780470019622739     
         264           5   1068.46875     T  -14.553411899413314       -3.8979278156152262        190.62601567144876        2.2719059061088207        3.9216907216253398      -0.47212963351024856      -0.70199597821750548       0.11846149743678282       0.18780470019622739     
         265           5   1068.46875     T  -14.553411899413314       -3.8979278156152262        190.62601567144876        2.2719059061088207        3.9216907216253398      -0.47212963351024856      -0.70199597821750548       0.11846149743678282       0.18780470019622739     
         266           5   1068.46875     T  -14.553411899413314       -3.8979278156152262        190.62601567144876        2.2719059061088207        3.9216907216253398      -0.47212963351024856      -0.70199597821750548       0.11846149743678282       0.18780470019622739     
         267           5   1068.46875     T  -14.553411899413314       -3.8979278156152262        190.62601567144876        2.2719059061088207        3.9216907216253398      -0.47212963351024856      -0.70199597821750548       0.11846149743678282       0.18780470019622739     
         268           5   1115.21875     T  -13.995603123964631       -3.3479947112085018        189.70365800628483        2.2980695601376158        3.0216974480642764      -0.46913890779454748      -0.69719269217836066       0.12325981331883784       0.18178788408763918     
         269           5   1115.21875     T  -13.995603123964631       -3.3479947112085018        189.70365800628483        2.2980695601376158        3.0216974480642764      -0.46913890779454748      -0.69719269217836066       0.12325981331883784       0.18178788408763918     
         270           5   1115.21875     T  -13.995603123964631       -3.3479947112085018        189.70365800628483        2.2980695601376158        3.0216974480642764      -0.46913890779454748      -0.69719269217836066       0.12325981331883784       0.18178788408763918     
         271           5   1115.21875     T  -13.995603123964631       -3.3479947112085018        189.70365800628483        2.2980695601376158        3.0216974480642764      -0.46913890779454748      -0.69719269217836066       0.12325981331883784       0.18178788408763918     
         272           5   1115.21875     T  -13.995603123964631       -3.3479947112085018        189.70365800628483        2.2980695601376158        3.0216974480642764      -0.46913890779454748      -0.69719269217836066       0.12325981331883784       0.18178788408763918     
         273           5   1115.21875     T  -13.995603123964631       -3.3479947112085018        189.70365800628483        2.2980695601376158        3.0216974480642764      -0.46913890779454748      -0.69719269217836066       0.12325981331883784       0.18178788408763918     
         274           5   1115.21875     T  -13.995603123964631       -3.3479947112085018        189.70365800628483        2.2980695601376158        3.0216974480642764      -0.46913890779454748      -0.69719269217836066       0.12325981331883784       0.18178788408763918     
         275           5   1115.21875     T  -13.995603123964631       -3.3479947112085018        189.70365800628483        2.2980695601376158        3.0216974480642764      -0.46913890779454748      -0.69719269217836066       0.12325981331883784       0.18178788408763918     
         276           5   1115.21875     T  -13.995603123964631       -3.3479947112085018        189.70365800628483        2.2980695601376158        3.0216974480642764      -0.46913890779454748      -0.69719269217836066       0.12325981331883784       0.18178788408763918     
         277           5   1115.21875     T  -13.995603123964631       -3.3479947112085018        189.70365800628483        2.2980695601376158        3.0216974480642764      -0.46913890779454748      -0.69719269217836066       0.12325981331883784       0.18178788408763918     
         278           5   1115.21875     T  -13.995603123964631       -3.3479947112085018        189.70365800628483        2.2980695601376158        3.0216974480642764      -0.46913890779454748      -0.69719269217836066       0.12325981331883784       0.18178788408763918     
         279           5   1115.21875     T  -13.995603123964631       -3.3479947112085018        189.70365800628483        2.2980695601376158        3.0216974480642764      -0.46913890779454748      -0.69719269217836066       0.12325981331883784       0.18178788408763918     
         280           5   1115.21875     T  -13.995603123964631       -3.3479947112085018        189.70365800628483        2.2980695601376158        3.0216974480642764      -0.46913890779454748      -0.69719269217836066       0.12325981331883784       0.18178788408763918     
         281           5   1115.21875     T  -13.995603123964631       -3.3479947112085018        189.70365800628483        2.2980695601376158        3.0216974480642764      -0.46913890779454748      -0.69719269217836066       0.12325981331883784       0.18178788408763918     
         282           5   1115.21875     T  -13.995603123964631       -3.3479947112085018        189.70365800628483        2.2980695601376158        3.0216974480642764      -0.46913890779454748      -0.69719269217836066       0.12325981331883784       0.18178788408763918     
         283           5   1115.21875     T  -13.995603123964631       -3.3479947112085018        189.70365800628483        2.2980695601376158        3.0216974480642764      -0.46913890779454748      -0.69719269217836066       0.12325981331883784       0.18178788408763918     
         284           5   1115.21875     T  -13.995603123964631       -3.3479947112085018        189.70365800628483        2.2980695601376158        3.0216974480642764      -0.46913890779454748      -0.69719269217836066       0.12325981331883784       0.18178788408763918     
         285           5   1115.21875     T  -13.995603123964631       -3.3479947112085018        189.70365800628483        2.2980695601376158        3.0216974480642764      -0.46913890779454748      -0.69719269217836066       0.12325981331883784       0.18178788408763918     
         286           5   978.593750     T  -14.044809484663078       -3.5958679736659800        189.72670428004156        2.6072838434460857        3.5289117033697699      -0.40408627999938163      -0.25614040972347552       0.12566754049155301       0.14690634391805416     
         287           5   978.593750     T  -14.044809484663078       -3.5958679736659800        189.72670428004156        2.6072838434460857        3.5289117033697699      -0.40408627999938163      -0.25614040972347552       0.12566754049155301       0.14690634391805416     
         288           5   1055.50000     T  -14.148580173409194       -3.8317877628760231        189.91459662066833        2.6216022155366336        3.5039045454216295      -0.40485075509725293      -0.29847752951970580       0.13315398462431552       0.14698719413642486     
         289           5   995.468750     T  -16.141248767999667       -5.4541517912675257        187.60173001146470        2.7733054706488351        3.3352035359201251      -0.44697657005045116       -8.4430632974075742E-002  0.11491937607897121       0.15740324348408669     
         290           5   958.437500     T  -12.852672800193835       -3.1542465177319894        162.77013648790262        1.0333935401614083        4.3630485472187654      -0.53318211941197036        4.8834923392665051       0.18446758984209535       0.11763543543750390     
         291           5   958.437500     T  -12.852672800193835       -3.1542465177319894        162.77013648790262        1.0333935401614083        4.3630485472187654      -0.53318211941197036        4.8834923392665051       0.18446758984209535       0.11763543543750390     
         292           5   958.437500     T  -12.852672800193835       -3.1542465177319894        162.77013648790262        1.0333935401614083        4.3630485472187654      -0.53318211941197036        4.8834923392665051       0.18446758984209535       0.11763543543750390     
         293           5   1114.53125     T  -12.904586549640126       -3.2162451733738098        162.72569846705056        1.0385791834544005        4.3181953993457105      -0.53402863443467075        4.7705287036702844       0.18524934490206030       0.11776921836172077     
         294           5   1114.53125     T  -12.904586549640126       -3.2162451733738098        162.72569846705056        1.0385791834544005        4.3181953993457105      -0.53402863443467075        4.7705287036702844       0.18524934490206030       0.11776921836172077     
         295           5   1114.53125     T  -12.904586549640126       -3.2162451733738098        162.72569846705056        1.0385791834544005        4.3181953993457105      -0.53402863443467075        4.7705287036702844       0.18524934490206030       0.11776921836172077     
         296           5   944.437500     T  -13.020691141871604       -3.2285414528030345        164.22938654085826        1.0411376149994596        4.3941528784784785      -0.52873687990688989        4.7665876867968100       0.17233766511319393       0.11713295095629167     
